#
# A fatal error has been detected by the Java Runtime Environment:
#
#  Internal Error (jvmciRuntime.cpp:1609), pid=29, tid=43
#  fatal error: Fatal exception in JVMCI: Error calling jdk.vm.ci.services.Services.serializeSavedProperties
#
# JRE version: OpenJDK Runtime Environment GraalVM CE 22.3.0 (17.0.5+8) (build 17.0.5+8-jvmci-22.3-b08)
# Java VM: OpenJDK 64-Bit Server VM GraalVM CE 22.3.0 (17.0.5+8-jvmci-22.3-b08, mixed mode, sharing, tiered, jvmci, jvmci compiler, compressed oops, compressed class ptrs, parallel gc, linux-amd64)
# Problematic frame:
# V  [libjvm.so+0x972714]  JVMCIRuntime::fatal_exception(JVMCIEnv*, char const*)+0x74
#
# Core dump will be written. Default location: Core dumps may be processed with "/usr/share/apport/apport -p%p -s%s -c%c -d%d -P%P -u%u -g%g -- %E" (or dumping to /home/runner/Battleship/core.29)
#
# If you would like to submit a bug report, please visit:
#   https://github.com/oracle/graal/issues
#

---------------  S U M M A R Y ------------

Command Line: -XX:ThreadPriorityPolicy=1 -XX:+UnlockExperimentalVMOptions -XX:+EnableJVMCIProduct -XX:JVMCIThreadsPerNativeLibraryRuntime=1 -XX:-UnlockExperimentalVMOptions -Declipse.application=org.eclipse.jdt.ls.core.id1 -Dosgi.bundles.defaultStartLevel=4 -Declipse.product=org.eclipse.jdt.ls.core.product -Dlog.level=ALL -Xverify:none -XX:+UseParallelGC -XX:GCTimeRatio=4 -XX:AdaptiveSizePolicyWeight=90 -Dsun.zip.disableMemoryMapping=true -Xmx512m -Xms100m /nix/store/m6gcpi1ii6rghy04cjwjddcavv7i90df-jdt-language-server-1.9.0/share/java/plugins/org.eclipse.equinox.launcher_1.6.400.v20210924-0641.jar --add-modules=ALL-SYSTEM --add-opens java.base/java.util=ALL-UNNAMED --add-opens java.base/java.lang=ALL-UNNAMED -configuration /home/runner/.cache/jdt-language-server/config -data /home/runner/.cache/jdt-language-server/data/home/runner/Battleship

Host: AMD EPYC 7B12, 8 cores, 1G, Ubuntu 20.04.2 LTS
Time: Thu Feb  2 13:44:49 2023 UTC elapsed time: 874.325641 seconds (0d 0h 14m 34s)

---------------  T H R E A D  ---------------

Current thread (0x00007fcf740b21d0):  JavaThread "JVMCI-native CompilerThread0" daemon [_thread_in_vm, id=43, stack(0x00007fcf5b1b3000,0x00007fcf5b3b3000)]


Current CompileTask:
JVMCI-native: 874329 7874       4       org.eclipse.jdt.internal.core.JavaElement::setParent (22 bytes)

Stack: [0x00007fcf5b1b3000,0x00007fcf5b3b3000],  sp=0x00007fcf5b3b1380,  free space=2040k
Native frames: (J=compiled Java code, j=interpreted, Vv=VM code, C=native code)
V  [libjvm.so+0x972714]  JVMCIRuntime::fatal_exception(JVMCIEnv*, char const*)+0x74
V  [libjvm.so+0x93e2fe]  JVMCIEnv::copy_saved_properties()+0x14e
V  [libjvm.so+0x9732a9]  JVMCIRuntime::initialize(JVMCIEnv*)+0xb19
V  [libjvm.so+0x9738a2]  JVMCIRuntime::get_HotSpotJVMCIRuntime(JVMCIEnv*)+0x12
V  [libjvm.so+0x9749f2]  JVMCIRuntime::compile_method(JVMCIEnv*, JVMCICompiler*, methodHandle const&, int)+0xd2
V  [libjvm.so+0x5b0d20]  CompileBroker::invoke_compiler_on_method(CompileTask*)+0x1470
V  [libjvm.so+0x5b12e8]  CompileBroker::compiler_thread_loop()+0x528
V  [libjvm.so+0xd82460]  JavaThread::thread_main_inner()+0xd0
V  [libjvm.so+0xd85a40]  Thread::call_run()+0xc0
V  [libjvm.so+0xbdb1e1]  thread_native_entry(Thread*)+0xe1

Register to memory mapping:

RAX=0x00007fcf7ae03000 points into unknown readable memory: 0x0000000000000058 | 58 00 00 00 00 00 00 00
RBX=0x00007fcf7befe398: <offset 0x0000000000ef5398> in /nix/store/gpxl5qgg8kicmcvivwmybwjlpf7wh20l-graalvm17-ce-22.3.0/lib/server/libjvm.so at 0x00007fcf7b009000
RCX=0x00007fcf7beb61e8: <offset 0x0000000000ead1e8> in /nix/store/gpxl5qgg8kicmcvivwmybwjlpf7wh20l-graalvm17-ce-22.3.0/lib/server/libjvm.so at 0x00007fcf7b009000
RDX=0x0000000000000649 is an unknown value
RSP=0x00007fcf5b3b1380 is pointing into the stack for thread: 0x00007fcf740b21d0
RBP=0x00007fcf5b3b13a0 is pointing into the stack for thread: 0x00007fcf740b21d0
RSI=0x00007fcf7befec48: <offset 0x0000000000ef5c48> in /nix/store/gpxl5qgg8kicmcvivwmybwjlpf7wh20l-graalvm17-ce-22.3.0/lib/server/libjvm.so at 0x00007fcf7b009000
RDI=0x00000000e0000000 is an oop: java.lang.String 
{0x00000000e0000000} - klass: 'java/lang/String'
 - string: "resolution"
R8 =0x00007fcf7befe398: <offset 0x0000000000ef5398> in /nix/store/gpxl5qgg8kicmcvivwmybwjlpf7wh20l-graalvm17-ce-22.3.0/lib/server/libjvm.so at 0x00007fcf7b009000
R9 =0x00007fcf5b3b1330 is pointing into the stack for thread: 0x00007fcf740b21d0
R10=0x00007fcf5b3b2948 is pointing into the stack for thread: 0x00007fcf740b21d0
R11=0x0000000000000293 is an unknown value
R12=0x0 is NULL
R13=0x00007fcf740b21d0 is a thread
R14=0x00007fcf74000b80 points into unknown readable memory: 0x00007fcf7c12fa38 | 38 fa 12 7c cf 7f 00 00
R15=0x00007fcf7c23de40: <offset 0x0000000001234e40> in /nix/store/gpxl5qgg8kicmcvivwmybwjlpf7wh20l-graalvm17-ce-22.3.0/lib/server/libjvm.so at 0x00007fcf7b009000


Registers:
RAX=0x00007fcf7ae03000, RBX=0x00007fcf7befe398, RCX=0x00007fcf7beb61e8, RDX=0x0000000000000649
RSP=0x00007fcf5b3b1380, RBP=0x00007fcf5b3b13a0, RSI=0x00007fcf7befec48, RDI=0x00000000e0000000
R8 =0x00007fcf7befe398, R9 =0x00007fcf5b3b1330, R10=0x00007fcf5b3b2948, R11=0x0000000000000293
R12=0x0000000000000000, R13=0x00007fcf740b21d0, R14=0x00007fcf74000b80, R15=0x00007fcf7c23de40
RIP=0x00007fcf7b97b714, EFLAGS=0x0000000000010206, CSGSFS=0x002b000000000033, ERR=0x0000000000000006
  TRAPNO=0x000000000000000e

Top of Stack: (sp=0x00007fcf5b3b1380)
0x00007fcf5b3b1380:   00007fcf5b3b1940 00007fcf740b21d0
0x00007fcf5b3b1390:   00007fcf797948c8 0000000800c417a0
0x00007fcf5b3b13a0:   00007fcf5b3b1500 00007fcf7b9472fe
0x00007fcf5b3b13b0:   00007fcf5b3b13e0 00007fcf5b3b1440 

Instructions: (pc=0x00007fcf7b97b714)
0x00007fcf7b97b614:   30 e8 f6 cf e8 ff 4c 89 e7 e8 2e 48 d1 ff 84 db
0x00007fcf7b97b624:   75 2a 4d 85 ed 74 04 4d 8b 6d 00 48 83 c4 08 44
0x00007fcf7b97b634:   89 f9 4c 89 f2 4c 89 ee 5b 4c 89 e7 41 5c 41 5d
0x00007fcf7b97b644:   41 5e 41 5f 5d e9 e2 47 d1 ff 66 90 48 83 c4 08
0x00007fcf7b97b654:   5b 41 5c 41 5d 41 5e 41 5f 5d c3 90 31 d2 be 08
0x00007fcf7b97b664:   00 00 00 4c 89 ff e8 b1 78 a3 ff 49 89 c5 e9 37
0x00007fcf7b97b674:   ff ff ff 66 0f 1f 84 00 00 00 00 00 48 8b 7a 08
0x00007fcf7b97b684:   e9 6d ff ff ff 0f 1f 80 00 00 00 00 e8 5b 48 0a
0x00007fcf7b97b694:   00 84 c0 75 89 e9 6a ff ff ff 66 90 55 48 89 e5
0x00007fcf7b97b6a4:   41 56 41 55 41 54 49 89 fc 53 48 89 f3 66 48 8d
0x00007fcf7b97b6b4:   3d 27 5e 85 00 66 66 48 e8 df 43 8d ff 4c 8b 28
0x00007fcf7b97b6c4:   8b 05 be 72 8a 00 85 c0 75 14 ba 01 00 00 00 48
0x00007fcf7b97b6d4:   8d 0d ae 72 8a 00 f0 0f b1 11 85 c0 74 4e be c8
0x00007fcf7b97b6e4:   00 00 00 4c 89 ef e8 01 0b 41 00 48 8d 05 12 ac
0x00007fcf7b97b6f4:   85 00 49 89 d8 48 8d 0d e8 aa 53 00 ba 49 06 00
0x00007fcf7b97b704:   00 48 8d 35 3c 35 58 00 bf 00 00 00 e0 48 8b 00
0x00007fcf7b97b714:   c6 00 58 31 c0 e8 e2 91 c6 ff 5b 41 5c 41 5d 41
0x00007fcf7b97b724:   5e 5d e9 55 34 26 00 0f 1f 44 00 00 48 8d 05 81
0x00007fcf7b97b734:   a3 8b 00 48 89 df 4c 8b 30 e8 9e 43 8d ff 48 89
0x00007fcf7b97b744:   de 48 89 c2 49 8b 06 4c 89 f7 ff 50 08 4c 89 f7
0x00007fcf7b97b754:   e8 a7 5c 27 00 4d 85 e4 74 12 be 01 00 00 00 4c
0x00007fcf7b97b764:   89 e7 e8 35 43 fc ff eb 82 0f 1f 00 be 01 00 00
0x00007fcf7b97b774:   00 4c 89 ef e8 d3 fd ff ff e9 6d ff ff ff 66 66
0x00007fcf7b97b784:   2e 0f 1f 84 00 00 00 00 00 0f 1f 00 55 48 89 e5
0x00007fcf7b97b794:   41 57 41 56 41 55 41 54 53 48 81 ec 08 02 00 00
0x00007fcf7b97b7a4:   64 48 8b 04 25 28 00 00 00 48 89 45 c8 8b 07 83
0x00007fcf7b97b7b4:   f8 02 0f 84 11 04 00 00 4c 8b 6f 18 49 89 ff 49
0x00007fcf7b97b7c4:   89 f4 4d 85 ed 74 14 4c 89 ef e8 5d 57 22 00 41
0x00007fcf7b97b7d4:   8b 07 83 f8 02 0f 84 19 04 00 00 48 8d 1d 9a 06
0x00007fcf7b97b7e4:   8a 00 4c 8d 35 0b 3c 58 00 eb 38 90 48 85 d2 7f
0x00007fcf7b97b7f4:   0d 48 8d 05 b4 c0 85 00 48 83 38 00 7e 0e 41 8b
0x00007fcf7b97b804:   77 2c 4c 89 f7 31 c0 e8 a0 b2 f7 ff 49 8b 7f 18 


Stack slot to memory mapping:
stack at sp + 0 slots: 0x00007fcf5b3b1940 is pointing into the stack for thread: 0x00007fcf740b21d0
stack at sp + 1 slots: 0x00007fcf740b21d0 is a thread
stack at sp + 2 slots: 0x00007fcf797948c8 points into unknown readable memory: 0x6573001880c9ffff | ff ff c9 80 18 00 73 65
stack at sp + 3 slots: 0x0000000800c417a0 is a pointer to class: 
jdk.vm.ci.services.Services {0x0000000800c417a0}
 - instance size:     2
 - klass size:        65
 - access:            public final synchronized 
 - state:             fully_initialized
 - name:              'jdk/vm/ci/services/Services'
 - super:             'java/lang/Object'
 - sub:               
 - arrays:            NULL
 - methods:           Array<T>(0x00007fcf78841c10)
 - method ordering:   Array<T>(0x0000000800928960)
 - default_methods:   Array<T>(0x0000000000000000)
 - local interfaces:  Array<T>(0x00000008005ce810)
 - trans. interfaces: Array<T>(0x00000008005ce810)
 - constants:         constant pool [427] {0x00007fcf78840cf0} for 'jdk/vm/ci/services/Services' cache=0x00007fcf78842ee0
 - class loader data:  loader data: 0x00007fcf740283f0 of 'bootstrap'
 - source file:       'Services.java'
 - class annotations:       Array<T>(0x0000000000000000)
 - class type annotations:  Array<T>(0x0000000000000000)
 - field annotations:       Array<T>(0x0000000000000000)
 - field type annotations:  Array<T>(0x0000000000000000)
 - inner classes:     Array<T>(0x00007fcf78842eb0)
 - nest members:     Array<T>(0x00007fcf78842ed0)
 - permitted subclasses:     Array<T>(0x00000008005ce7a0)
 - java mirror:       a 'java/lang/Class'{0x00000000e0148d68} = 'jdk/vm/ci/services/Services'
 - vtable length      5  (start addr: 0x0000000800c41970)
 - itable length      2 (start addr: 0x0000000800c41998)
 - ---- static fields (3 words):
 - public static final 'IS_BUILDING_NATIVE_IMAGE' 'Z' @128 
 - public static final 'IS_IN_NATIVE_IMAGE' 'Z' @129 
 - private static volatile 'savedProperties' 'Ljava/util/Map;' @112 
 - static final 'JVMCI_ENABLED' 'Z' @130 
 - private static final 'servicesCache' 'Ljava/util/Map;' @116 
 - private static final 'MAX_UNICODE_IN_UTF8_LENGTH' 'I' @120 
 - private static final 'MAX_UTF8_PROPERTY_STRING_LENGTH' 'I' @124 
 - ---- non-static fields (0 words):
 - non-static oop maps: 
stack at sp + 4 slots: 0x00007fcf5b3b1500 is pointing into the stack for thread: 0x00007fcf740b21d0
stack at sp + 5 slots: 0x00007fcf7b9472fe: <offset 0x000000000093e2fe> in /nix/store/gpxl5qgg8kicmcvivwmybwjlpf7wh20l-graalvm17-ce-22.3.0/lib/server/libjvm.so at 0x00007fcf7b009000
stack at sp + 6 slots: 0x00007fcf5b3b13e0 is pointing into the stack for thread: 0x00007fcf740b21d0
stack at sp + 7 slots: 0x00007fcf5b3b1440 is pointing into the stack for thread: 0x00007fcf740b21d0


---------------  P R O C E S S  ---------------

Threads class SMR info:
_java_thread_list=0x00007fcedc0dd6d0, length=28, elements={
0x00007fcf74026690, 0x00007fcf740a64d0, 0x00007fcf740a7910, 0x00007fcf740ae040,
0x00007fcf740af3f0, 0x00007fcf740b07e0, 0x00007fcf740b21d0, 0x00007fcf740b36e0,
0x00007fcf740b4b30, 0x00007fcf740dfcf0, 0x00007fcf74127d30, 0x00007fcf7432b8d0,
0x00007fcf7435e5d0, 0x00007fcf74360ec0, 0x00007fcf7441bbe0, 0x00007fcf0c016f80,
0x00007fcf0c2a25c0, 0x00007fcf0c304910, 0x00007fcef40010d0, 0x00007fcf0c481270,
0x00007fcf0c5ef4d0, 0x00007fcf742e3a00, 0x00007fcf74390b70, 0x00007fcedc13d7d0,
0x00007fcef43008b0, 0x00007fcee8001130, 0x00007fcedc0e0be0, 0x00007fcedc0e0660
}

Java Threads: ( => current thread )
  0x00007fcf74026690 JavaThread "main" [_thread_blocked, id=35, stack(0x00007fcf7ae24000,0x00007fcf7af24000)]
  0x00007fcf740a64d0 JavaThread "Reference Handler" daemon [_thread_blocked, id=38, stack(0x00007fcf785fe000,0x00007fcf786fe000)]
  0x00007fcf740a7910 JavaThread "Finalizer" daemon [_thread_blocked, id=39, stack(0x00007fcf784fe000,0x00007fcf785fe000)]
  0x00007fcf740ae040 JavaThread "Signal Dispatcher" daemon [_thread_blocked, id=40, stack(0x00007fcf78118000,0x00007fcf78218000)]
  0x00007fcf740af3f0 JavaThread "Service Thread" daemon [_thread_blocked, id=41, stack(0x00007fcf78018000,0x00007fcf78118000)]
  0x00007fcf740b07e0 JavaThread "Monitor Deflation Thread" daemon [_thread_blocked, id=42, stack(0x00007fcf5b3b3000,0x00007fcf5b4b3000)]
=>0x00007fcf740b21d0 JavaThread "JVMCI-native CompilerThread0" daemon [_thread_in_vm, id=43, stack(0x00007fcf5b1b3000,0x00007fcf5b3b3000)]
  0x00007fcf740b36e0 JavaThread "C1 CompilerThread0" daemon [_thread_blocked, id=44, stack(0x00007fcf5afb3000,0x00007fcf5b1b3000)]
  0x00007fcf740b4b30 JavaThread "Sweeper thread" daemon [_thread_blocked, id=45, stack(0x00007fcf5aeb3000,0x00007fcf5afb3000)]
  0x00007fcf740dfcf0 JavaThread "Common-Cleaner" daemon [_thread_blocked, id=46, stack(0x00007fcf5adb3000,0x00007fcf5aeb3000)]
  0x00007fcf74127d30 JavaThread "Notification Thread" daemon [_thread_blocked, id=48, stack(0x00007fcf5acb3000,0x00007fcf5adb3000)]
  0x00007fcf7432b8d0 JavaThread "Active Thread: Equinox Container: d0eb9184-1f51-43c1-9232-ddc85e3d8721" [_thread_blocked, id=62, stack(0x00007fcf58700000,0x00007fcf58800000)]
  0x00007fcf7435e5d0 JavaThread "Framework Event Dispatcher: Equinox Container: d0eb9184-1f51-43c1-9232-ddc85e3d8721" daemon [_thread_blocked, id=63, stack(0x00007fcf58500000,0x00007fcf58600000)]
  0x00007fcf74360ec0 JavaThread "Start Level: Equinox Container: d0eb9184-1f51-43c1-9232-ddc85e3d8721" daemon [_thread_blocked, id=64, stack(0x00007fcf58300000,0x00007fcf58400000)]
  0x00007fcf7441bbe0 JavaThread "Refresh Thread: Equinox Container: d0eb9184-1f51-43c1-9232-ddc85e3d8721" daemon [_thread_blocked, id=73, stack(0x00007fcf58100000,0x00007fcf58200000)]
  0x00007fcf0c016f80 JavaThread "SCR Component Actor" daemon [_thread_blocked, id=74, stack(0x00007fcf22d00000,0x00007fcf22e00000)]
  0x00007fcf0c2a25c0 JavaThread "Worker-JM" [_thread_blocked, id=84, stack(0x00007fcf22900000,0x00007fcf22a00000)]
  0x00007fcf0c304910 JavaThread "Worker-0" [_thread_blocked, id=85, stack(0x00007fcf22700000,0x00007fcf22800000)]
  0x00007fcef40010d0 JavaThread "Worker-1: Java indexing... " [_thread_blocked, id=86, stack(0x00007fcf22500000,0x00007fcf22600000)]
  0x00007fcf0c481270 JavaThread "Java indexing" daemon [_thread_blocked, id=95, stack(0x00007fcf22300000,0x00007fcf22400000)]
  0x00007fcf0c5ef4d0 JavaThread "Bundle File Closer" daemon [_thread_blocked, id=96, stack(0x00007fcf22100000,0x00007fcf22200000)]
  0x00007fcf742e3a00 JavaThread "pool-3-thread-1" [_thread_blocked, id=97, stack(0x00007fcf21f00000,0x00007fcf22000000)]
  0x00007fcf74390b70 JavaThread "pool-2-thread-1" [_thread_blocked, id=107, stack(0x00007fcf21b00000,0x00007fcf21c00000)]
  0x00007fcedc13d7d0 JavaThread "Thread-3" [_thread_blocked, id=606, stack(0x00007fcf21900000,0x00007fcf21a00000)]
  0x00007fcef43008b0 JavaThread "Worker-7: Publish Diagnostics" [_thread_blocked, id=608, stack(0x00007fcf21d00000,0x00007fcf21e00000)]
  0x00007fcee8001130 JavaThread "Worker-8: Compacting resource model" [_thread_blocked, id=626, stack(0x00007fcf22b00000,0x00007fcf22c00000)]
  0x00007fcedc0e0be0 JavaThread "Thread-10" [_thread_blocked, id=808, stack(0x00007fcf58600000,0x00007fcf58700000)]
  0x00007fcedc0e0660 JavaThread "Thread-11" [_thread_blocked, id=1124, stack(0x00007fcf21700000,0x00007fcf21800000)]

Other Threads:
  0x00007fcf740a1c10 VMThread "VM Thread" [stack: 0x00007fcf78700000,0x00007fcf78800000] [id=37] _threads_hazard_ptr=0x00007fcedc0dd6d0
  0x00007fcf741296d0 WatcherThread [stack: 0x00007fcf5abb3000,0x00007fcf5acb3000] [id=49]
  0x00007fcf7403df30 GCTaskThread "GC Thread#0" [stack: 0x00007fcf7a9e7000,0x00007fcf7aae7000] [id=36]

Threads with active compile tasks:
JVMCI-native CompilerThread0   874495 7874       4       org.eclipse.jdt.internal.core.JavaElement::setParent (22 bytes)

VM state: synchronizing (normal execution)

VM Mutex/Monitor currently owned by a thread:  ([mutex/lock_event])
[0x00007fcf74023840] Threads_lock - owner thread: 0x00007fcf740a1c10
[0x00007fcf74023ff0] Heap_lock - owner thread: 0x00007fcf0c481270

OutOfMemory and StackOverflow Exception counts:
OutOfMemoryError java_heap_errors=6
LinkageErrors=63

Heap address: 0x00000000e0000000, size: 512 MB, Compressed Oops mode: 32-bit

CDS archive(s) mapped at: [0x0000000800000000-0x0000000800bc8000-0x0000000800bc8000), size 12353536, SharedBaseAddress: 0x0000000800000000, ArchiveRelocationMode: 0.
Compressed class space mapped at: 0x0000000800c00000-0x0000000840c00000, reserved size: 1073741824
Narrow klass base: 0x0000000800000000, Narrow klass shift: 0, Narrow klass range: 0x100000000

GC Precious Log:
 CPUs: 8 total, 1 available
 Memory: 1024M
 Large Page Support: Disabled
 NUMA Support: Disabled
 Compressed Oops: Enabled (32-bit)
 Alignments: Space 512K, Generation 512K, Heap 2M
 Heap Min Capacity: 100M
 Heap Initial Capacity: 100M
 Heap Max Capacity: 512M
 Pre-touch: Disabled
 Parallel Workers: 1

Heap:
 PSYoungGen      total 49152K, used 34304K [0x00000000f5580000, 0x00000000f9780000, 0x0000000100000000)
  eden space 34304K, 100% used [0x00000000f5580000,0x00000000f7700000,0x00000000f7700000)
  from space 14848K, 0% used [0x00000000f8680000,0x00000000f8680000,0x00000000f9500000)
  to   space 15872K, 0% used [0x00000000f7700000,0x00000000f7700000,0x00000000f8680000)
 ParOldGen       total 349696K, used 349695K [0x00000000e0000000, 0x00000000f5580000, 0x00000000f5580000)
  object space 349696K, 99% used [0x00000000e0000000,0x00000000f557fff0,0x00000000f5580000)
 Metaspace       used 55997K, committed 56832K, reserved 1105920K
  class space    used 5518K, committed 5888K, reserved 1048576K

Card table byte_map: [0x00007fcf7aae7000,0x00007fcf7abe8000] _byte_map_base: 0x00007fcf7a3e7000

Marking Bits: (ParMarkBitMap*) 0x00007fcf7c2374c0
 Begin Bits: [0x00007fcf7993a000, 0x00007fcf7a13a000)
 End Bits:   [0x00007fcf7a13a000, 0x00007fcf7a93a000)

Polling page: 0x00007fcf7ae01000

Metaspace:

Usage:
  Non-class:     49.30 MB used.
      Class:      5.39 MB used.
       Both:     54.69 MB used.

Virtual space:
  Non-class space:       56.00 MB reserved,      49.75 MB ( 89%) committed,  7 nodes.
      Class space:        1.00 GB reserved,       5.75 MB ( <1%) committed,  1 nodes.
             Both:        1.05 GB reserved,      55.50 MB (  5%) committed. 

Chunk freelists:
   Non-Class:  2.08 MB
       Class:  2.32 MB
        Both:  4.40 MB

MaxMetaspaceSize: unlimited
CompressedClassSpaceSize: 1.00 GB
Initial GC threshold: 21.00 MB
Current GC threshold: 92.50 MB
CDS: on
MetaspaceReclaimPolicy: balanced
 - commit_granule_bytes: 65536.
 - commit_granule_words: 8192.
 - virtual_space_node_default_size: 1048576.
 - enlarge_chunks_in_place: 1.
 - new_chunks_are_fully_committed: 0.
 - uncommit_free_chunks: 1.
 - use_allocation_guard: 0.
 - handle_deallocations: 1.


Internal statistics:

num_allocs_failed_limit: 6.
num_arena_births: 374.
num_arena_deaths: 78.
num_vsnodes_births: 8.
num_vsnodes_deaths: 0.
num_space_committed: 887.
num_space_uncommitted: 0.
num_chunks_returned_to_freelist: 103.
num_chunks_taken_from_freelist: 2470.
num_chunk_merges: 37.
num_chunk_splits: 1617.
num_chunks_enlarged: 1062.
num_purges: 12.
num_inconsistent_stats: 0.

CodeHeap 'non-profiled nmethods': size=120036Kb used=2353Kb max_used=2353Kb free=117682Kb
 bounds [0x00007fcf62f7a000, 0x00007fcf631ea000, 0x00007fcf6a4b3000]
CodeHeap 'profiled nmethods': size=120032Kb used=12859Kb max_used=14364Kb free=107172Kb
 bounds [0x00007fcf5ba42000, 0x00007fcf5c852000, 0x00007fcf62f7a000]
CodeHeap 'non-nmethods': size=5692Kb used=1388Kb max_used=1392Kb free=4303Kb
 bounds [0x00007fcf5b4b3000, 0x00007fcf5b723000, 0x00007fcf5ba42000]
 total_blobs=6581 nmethods=5861 adapters=617
 compilation: enabled
              stopped_count=0, restarted_count=0
 full_count=0

JVMCI Events (20 events):
Event: 577.560 Thread 0x00007fcf740b21d0 destroyed JavaVM[5]@0x00007fcf20d9e340 for JVMCI runtime 0
Event: 577.560 Thread 0x00007fcf740b21d0 compacted oop handles in JVMCI runtime 0 from 51 to 51
Event: 577.560 Thread 0x00007fcf740b21d0 releasing handles for JVMCI runtime 0: oop handles=51, metadata handles={total=96, live=87, blocks=35}
Event: 577.560 Thread 0x00007fcf740b21d0 detached from JVMCI runtime 0
Event: 724.248 Thread 0x00007fcf740b21d0 attached to JVMCI runtime 0
Event: 724.249 Thread 0x00007fcf740b21d0 created JavaVM[6]@0x00007fcf20d9e340 for JVMCI runtime 0
Event: 724.249 Thread 0x00007fcf740b21d0 initializing JVMCI runtime 0
Event: 724.249 Thread 0x00007fcf740b21d0 done waiting for JavaVM references initialization in JVMCI runtime 0
Event: 771.841 Thread 0x00007fcf740b21d0 initialized JVMCI runtime 0
Event: 785.435 Thread 0x00007fcf740b21d0 detaching from JVMCI runtime 0: releasing idle compiler thread (0 other threads still attached)
Event: 785.435 Thread 0x00007fcf740b21d0 shutting down HotSpotJVMCIRuntime for JVMCI runtime 0
Event: 785.435 Thread 0x00007fcf740b21d0 shut down JVMCI runtime 0
Event: 785.438 Thread 0x00007fcf740b21d0 destroyed JavaVM[6]@0x00007fcf20d9e340 for JVMCI runtime 0
Event: 785.438 Thread 0x00007fcf740b21d0 compacted oop handles in JVMCI runtime 0 from 105 to 105
Event: 785.438 Thread 0x00007fcf740b21d0 releasing handles for JVMCI runtime 0: oop handles=105, metadata handles={total=160, live=136, blocks=35}
Event: 785.438 Thread 0x00007fcf740b21d0 detached from JVMCI runtime 0
Event: 800.030 Thread 0x00007fcf740b21d0 attached to JVMCI runtime 0
Event: 800.031 Thread 0x00007fcf740b21d0 created JavaVM[7]@0x00007fcf20d9e340 for JVMCI runtime 0
Event: 802.905 Thread 0x00007fcf740b21d0 initializing JVMCI runtime 0
Event: 802.905 Thread 0x00007fcf740b21d0 done waiting for JavaVM references initialization in JVMCI runtime 0

Compilation events (20 events):
Event: 722.551 Thread 0x00007fcf740b36e0 nmethod 7865 0x00007fcf5bf3c890 code [0x00007fcf5bf3ca20, 0x00007fcf5bf3cb50]
Event: 722.556 Thread 0x00007fcf740b36e0 7867       3       org.eclipse.jdt.internal.compiler.codegen.CodeStream::load (398 bytes)
Event: 724.248 Thread 0x00007fcf740b36e0 nmethod 7867 0x00007fcf5c703f10 code [0x00007fcf5c704340, 0x00007fcf5c708120]
Event: 724.248 Thread 0x00007fcf740b21d0 7869       4       org.eclipse.jdt.internal.compiler.codegen.ConstantPool::writeU1 (38 bytes)
Event: 724.249 Thread 0x00007fcf740b36e0 7868       3       org.eclipse.jdt.internal.compiler.codegen.CodeStream::popTypeBinding (22 bytes)
Event: 724.251 Thread 0x00007fcf740b36e0 nmethod 7868 0x00007fcf5c151290 code [0x00007fcf5c151460, 0x00007fcf5c151980]
Event: 726.091 Thread 0x00007fcf740b36e0 7870       3       org.eclipse.jdt.internal.compiler.lookup.LocalVariableBinding::<init> (54 bytes)
Event: 726.092 Thread 0x00007fcf740b36e0 nmethod 7870 0x00007fcf5c462010 code [0x00007fcf5c4621c0, 0x00007fcf5c4623e0]
Event: 758.929 Thread 0x00007fcf740b36e0 7873       3       org.eclipse.jdt.internal.core.JavaElement::equals (57 bytes)
Event: 760.411 Thread 0x00007fcf740b36e0 nmethod 7873 0x00007fcf5c4fcb90 code [0x00007fcf5c4fcda0, 0x00007fcf5c4fdbf0]
Event: 773.420 Thread 0x00007fcf740b21d0 nmethod 7869 0x00007fcf631c4290 code [0x00007fcf631c4420, 0x00007fcf631c4550]
Event: 773.420 Thread 0x00007fcf740b21d0 7871       4       java.lang.ThreadLocal::get (38 bytes)
Event: 777.951 Thread 0x00007fcf740b21d0 nmethod 7871 0x00007fcf631c4690 code [0x00007fcf631c48a0, 0x00007fcf631c4ac0]
Event: 777.951 Thread 0x00007fcf740b21d0 7872  s    4       org.eclipse.jdt.internal.core.JavaModelManager::getInfo (36 bytes)
Event: 783.921 Thread 0x00007fcf740b21d0 nmethod 7872 0x00007fcf631c4c90 code [0x00007fcf631c4f80, 0x00007fcf631c5d88]
Event: 800.030 Thread 0x00007fcf740b21d0 7874       4       org.eclipse.jdt.internal.core.JavaElement::setParent (22 bytes)
Event: 808.513 Thread 0x00007fcf740b36e0 7876       3       org.eclipse.jdt.internal.compiler.parser.SourceTypeConverter::convertAnnotations (147 bytes)
Event: 809.904 Thread 0x00007fcf740b36e0 nmethod 7876 0x00007fcf5c4be110 code [0x00007fcf5c4be380, 0x00007fcf5c4bf710]
Event: 867.603 Thread 0x00007fcf740b36e0 7877       3       jdk.internal.misc.Unsafe::putReferenceOpaque (9 bytes)
Event: 867.603 Thread 0x00007fcf740b36e0 nmethod 7877 0x00007fcf5bff7b90 code [0x00007fcf5bff7d20, 0x00007fcf5bff7e50]

GC Heap History (20 events):
Event: 851.589 GC heap before
{Heap before GC invocations=668 (full 527):
 PSYoungGen      total 49152K, used 34303K [0x00000000f5580000, 0x00000000f9780000, 0x0000000100000000)
  eden space 34304K, 99% used [0x00000000f5580000,0x00000000f76ffff8,0x00000000f7700000)
  from space 14848K, 0% used [0x00000000f8680000,0x00000000f8680000,0x00000000f9500000)
  to   space 15872K, 0% used [0x00000000f7700000,0x00000000f7700000,0x00000000f8680000)
 ParOldGen       total 349696K, used 349696K [0x00000000e0000000, 0x00000000f5580000, 0x00000000f5580000)
  object space 349696K, 100% used [0x00000000e0000000,0x00000000f5580000,0x00000000f5580000)
 Metaspace       used 55996K, committed 56832K, reserved 1105920K
  class space    used 5518K, committed 5888K, reserved 1048576K
}
Event: 853.092 GC heap after
{Heap after GC invocations=668 (full 527):
 PSYoungGen      total 50176K, used 34303K [0x00000000f5580000, 0x00000000f9780000, 0x0000000100000000)
  eden space 34304K, 99% used [0x00000000f5580000,0x00000000f76fff38,0x00000000f7700000)
  from space 15872K, 0% used [0x00000000f7700000,0x00000000f7700000,0x00000000f8680000)
  to   space 14848K, 0% used [0x00000000f8680000,0x00000000f8680000,0x00000000f9500000)
 ParOldGen       total 349696K, used 349695K [0x00000000e0000000, 0x00000000f5580000, 0x00000000f5580000)
  object space 349696K, 99% used [0x00000000e0000000,0x00000000f557fe80,0x00000000f5580000)
 Metaspace       used 55996K, committed 56832K, reserved 1105920K
  class space    used 5518K, committed 5888K, reserved 1048576K
}
Event: 853.092 GC heap before
{Heap before GC invocations=669 (full 528):
 PSYoungGen      total 50176K, used 34303K [0x00000000f5580000, 0x00000000f9780000, 0x0000000100000000)
  eden space 34304K, 99% used [0x00000000f5580000,0x00000000f76ffff8,0x00000000f7700000)
  from space 15872K, 0% used [0x00000000f7700000,0x00000000f7700000,0x00000000f8680000)
  to   space 14848K, 0% used [0x00000000f8680000,0x00000000f8680000,0x00000000f9500000)
 ParOldGen       total 349696K, used 349695K [0x00000000e0000000, 0x00000000f5580000, 0x00000000f5580000)
  object space 349696K, 99% used [0x00000000e0000000,0x00000000f557fe80,0x00000000f5580000)
 Metaspace       used 55996K, committed 56832K, reserved 1105920K
  class space    used 5518K, committed 5888K, reserved 1048576K
}
Event: 854.541 GC heap after
{Heap after GC invocations=669 (full 528):
 PSYoungGen      total 49152K, used 34303K [0x00000000f5580000, 0x00000000f9780000, 0x0000000100000000)
  eden space 34304K, 99% used [0x00000000f5580000,0x00000000f76fff38,0x00000000f7700000)
  from space 14848K, 0% used [0x00000000f8680000,0x00000000f8680000,0x00000000f9500000)
  to   space 15872K, 0% used [0x00000000f7700000,0x00000000f7700000,0x00000000f8680000)
 ParOldGen       total 349696K, used 349695K [0x00000000e0000000, 0x00000000f5580000, 0x00000000f5580000)
  object space 349696K, 99% used [0x00000000e0000000,0x00000000f557fe70,0x00000000f5580000)
 Metaspace       used 55996K, committed 56832K, reserved 1105920K
  class space    used 5518K, committed 5888K, reserved 1048576K
}
Event: 854.547 GC heap before
{Heap before GC invocations=670 (full 529):
 PSYoungGen      total 49152K, used 34304K [0x00000000f5580000, 0x00000000f9780000, 0x0000000100000000)
  eden space 34304K, 100% used [0x00000000f5580000,0x00000000f7700000,0x00000000f7700000)
  from space 14848K, 0% used [0x00000000f8680000,0x00000000f8680000,0x00000000f9500000)
  to   space 15872K, 0% used [0x00000000f7700000,0x00000000f7700000,0x00000000f8680000)
 ParOldGen       total 349696K, used 349695K [0x00000000e0000000, 0x00000000f5580000, 0x00000000f5580000)
  object space 349696K, 99% used [0x00000000e0000000,0x00000000f557fe70,0x00000000f5580000)
 Metaspace       used 55996K, committed 56832K, reserved 1105920K
  class space    used 5518K, committed 5888K, reserved 1048576K
}
Event: 856.128 GC heap after
{Heap after GC invocations=670 (full 529):
 PSYoungGen      total 50176K, used 34303K [0x00000000f5580000, 0x00000000f9780000, 0x0000000100000000)
  eden space 34304K, 99% used [0x00000000f5580000,0x00000000f76fff60,0x00000000f7700000)
  from space 15872K, 0% used [0x00000000f7700000,0x00000000f7700000,0x00000000f8680000)
  to   space 14848K, 0% used [0x00000000f8680000,0x00000000f8680000,0x00000000f9500000)
 ParOldGen       total 349696K, used 349695K [0x00000000e0000000, 0x00000000f5580000, 0x00000000f5580000)
  object space 349696K, 99% used [0x00000000e0000000,0x00000000f557fe18,0x00000000f5580000)
 Metaspace       used 55996K, committed 56832K, reserved 1105920K
  class space    used 5518K, committed 5888K, reserved 1048576K
}
Event: 856.133 GC heap before
{Heap before GC invocations=671 (full 530):
 PSYoungGen      total 50176K, used 34304K [0x00000000f5580000, 0x00000000f9780000, 0x0000000100000000)
  eden space 34304K, 100% used [0x00000000f5580000,0x00000000f7700000,0x00000000f7700000)
  from space 15872K, 0% used [0x00000000f7700000,0x00000000f7700000,0x00000000f8680000)
  to   space 14848K, 0% used [0x00000000f8680000,0x00000000f8680000,0x00000000f9500000)
 ParOldGen       total 349696K, used 349695K [0x00000000e0000000, 0x00000000f5580000, 0x00000000f5580000)
  object space 349696K, 99% used [0x00000000e0000000,0x00000000f557fe18,0x00000000f5580000)
 Metaspace       used 55996K, committed 56832K, reserved 1105920K
  class space    used 5518K, committed 5888K, reserved 1048576K
}
Event: 857.895 GC heap after
{Heap after GC invocations=671 (full 530):
 PSYoungGen      total 49152K, used 34304K [0x00000000f5580000, 0x00000000f9780000, 0x0000000100000000)
  eden space 34304K, 100% used [0x00000000f5580000,0x00000000f7700000,0x00000000f7700000)
  from space 14848K, 0% used [0x00000000f8680000,0x00000000f8680000,0x00000000f9500000)
  to   space 15872K, 0% used [0x00000000f7700000,0x00000000f7700000,0x00000000f8680000)
 ParOldGen       total 349696K, used 349695K [0x00000000e0000000, 0x00000000f5580000, 0x00000000f5580000)
  object space 349696K, 99% used [0x00000000e0000000,0x00000000f557fdf8,0x00000000f5580000)
 Metaspace       used 55996K, committed 56832K, reserved 1105920K
  class space    used 5518K, committed 5888K, reserved 1048576K
}
Event: 857.895 GC heap before
{Heap before GC invocations=672 (full 531):
 PSYoungGen      total 49152K, used 34304K [0x00000000f5580000, 0x00000000f9780000, 0x0000000100000000)
  eden space 34304K, 100% used [0x00000000f5580000,0x00000000f7700000,0x00000000f7700000)
  from space 14848K, 0% used [0x00000000f8680000,0x00000000f8680000,0x00000000f9500000)
  to   space 15872K, 0% used [0x00000000f7700000,0x00000000f7700000,0x00000000f8680000)
 ParOldGen       total 349696K, used 349695K [0x00000000e0000000, 0x00000000f5580000, 0x00000000f5580000)
  object space 349696K, 99% used [0x00000000e0000000,0x00000000f557ffe8,0x00000000f5580000)
 Metaspace       used 55996K, committed 56832K, reserved 1105920K
  class space    used 5518K, committed 5888K, reserved 1048576K
}
Event: 859.522 GC heap after
{Heap after GC invocations=672 (full 531):
 PSYoungGen      total 50176K, used 34303K [0x00000000f5580000, 0x00000000f9780000, 0x0000000100000000)
  eden space 34304K, 99% used [0x00000000f5580000,0x00000000f76fffd8,0x00000000f7700000)
  from space 15872K, 0% used [0x00000000f7700000,0x00000000f7700000,0x00000000f8680000)
  to   space 14848K, 0% used [0x00000000f8680000,0x00000000f8680000,0x00000000f9500000)
 ParOldGen       total 349696K, used 349695K [0x00000000e0000000, 0x00000000f5580000, 0x00000000f5580000)
  object space 349696K, 99% used [0x00000000e0000000,0x00000000f557ff78,0x00000000f5580000)
 Metaspace       used 55996K, committed 56832K, reserved 1105920K
  class space    used 5518K, committed 5888K, reserved 1048576K
}
Event: 859.522 GC heap before
{Heap before GC invocations=673 (full 532):
 PSYoungGen      total 50176K, used 34303K [0x00000000f5580000, 0x00000000f9780000, 0x0000000100000000)
  eden space 34304K, 99% used [0x00000000f5580000,0x00000000f76ffff8,0x00000000f7700000)
  from space 15872K, 0% used [0x00000000f7700000,0x00000000f7700000,0x00000000f8680000)
  to   space 14848K, 0% used [0x00000000f8680000,0x00000000f8680000,0x00000000f9500000)
 ParOldGen       total 349696K, used 349695K [0x00000000e0000000, 0x00000000f5580000, 0x00000000f5580000)
  object space 349696K, 99% used [0x00000000e0000000,0x00000000f557ff78,0x00000000f5580000)
 Metaspace       used 55996K, committed 56832K, reserved 1105920K
  class space    used 5518K, committed 5888K, reserved 1048576K
}
Event: 861.645 GC heap after
{Heap after GC invocations=673 (full 532):
 PSYoungGen      total 49152K, used 34303K [0x00000000f5580000, 0x00000000f9780000, 0x0000000100000000)
  eden space 34304K, 99% used [0x00000000f5580000,0x00000000f76ffff8,0x00000000f7700000)
  from space 14848K, 0% used [0x00000000f8680000,0x00000000f8680000,0x00000000f9500000)
  to   space 15872K, 0% used [0x00000000f7700000,0x00000000f7700000,0x00000000f8680000)
 ParOldGen       total 349696K, used 349695K [0x00000000e0000000, 0x00000000f5580000, 0x00000000f5580000)
  object space 349696K, 99% used [0x00000000e0000000,0x00000000f557ff78,0x00000000f5580000)
 Metaspace       used 55996K, committed 56832K, reserved 1105920K
  class space    used 5518K, committed 5888K, reserved 1048576K
}
Event: 861.645 GC heap before
{Heap before GC invocations=674 (full 533):
 PSYoungGen      total 49152K, used 34303K [0x00000000f5580000, 0x00000000f9780000, 0x0000000100000000)
  eden space 34304K, 99% used [0x00000000f5580000,0x00000000f76ffff8,0x00000000f7700000)
  from space 14848K, 0% used [0x00000000f8680000,0x00000000f8680000,0x00000000f9500000)
  to   space 15872K, 0% used [0x00000000f7700000,0x00000000f7700000,0x00000000f8680000)
 ParOldGen       total 349696K, used 349695K [0x00000000e0000000, 0x00000000f5580000, 0x00000000f5580000)
  object space 349696K, 99% used [0x00000000e0000000,0x00000000f557ffc8,0x00000000f5580000)
 Metaspace       used 55996K, committed 56832K, reserved 1105920K
  class space    used 5518K, committed 5888K, reserved 1048576K
}
Event: 864.612 GC heap after
{Heap after GC invocations=674 (full 533):
 PSYoungGen      total 50176K, used 34303K [0x00000000f5580000, 0x00000000f9780000, 0x0000000100000000)
  eden space 34304K, 99% used [0x00000000f5580000,0x00000000f76ffff8,0x00000000f7700000)
  from space 15872K, 0% used [0x00000000f7700000,0x00000000f7700000,0x00000000f8680000)
  to   space 14848K, 0% used [0x00000000f8680000,0x00000000f8680000,0x00000000f9500000)
 ParOldGen       total 349696K, used 349695K [0x00000000e0000000, 0x00000000f5580000, 0x00000000f5580000)
  object space 349696K, 99% used [0x00000000e0000000,0x00000000f557ff20,0x00000000f5580000)
 Metaspace       used 55996K, committed 56832K, reserved 1105920K
  class space    used 5518K, committed 5888K, reserved 1048576K
}
Event: 864.612 GC heap before
{Heap before GC invocations=675 (full 534):
 PSYoungGen      total 50176K, used 34303K [0x00000000f5580000, 0x00000000f9780000, 0x0000000100000000)
  eden space 34304K, 99% used [0x00000000f5580000,0x00000000f76ffff8,0x00000000f7700000)
  from space 15872K, 0% used [0x00000000f7700000,0x00000000f7700000,0x00000000f8680000)
  to   space 14848K, 0% used [0x00000000f8680000,0x00000000f8680000,0x00000000f9500000)
 ParOldGen       total 349696K, used 349695K [0x00000000e0000000, 0x00000000f5580000, 0x00000000f5580000)
  object space 349696K, 99% used [0x00000000e0000000,0x00000000f557ff20,0x00000000f5580000)
 Metaspace       used 55996K, committed 56832K, reserved 1105920K
  class space    used 5518K, committed 5888K, reserved 1048576K
}
Event: 867.601 GC heap after
{Heap after GC invocations=675 (full 534):
 PSYoungGen      total 49152K, used 34303K [0x00000000f5580000, 0x00000000f9780000, 0x0000000100000000)
  eden space 34304K, 99% used [0x00000000f5580000,0x00000000f76fffa8,0x00000000f7700000)
  from space 14848K, 0% used [0x00000000f8680000,0x00000000f8680000,0x00000000f9500000)
  to   space 15872K, 0% used [0x00000000f7700000,0x00000000f7700000,0x00000000f8680000)
 ParOldGen       total 349696K, used 349695K [0x00000000e0000000, 0x00000000f5580000, 0x00000000f5580000)
  object space 349696K, 99% used [0x00000000e0000000,0x00000000f557fdb0,0x00000000f5580000)
 Metaspace       used 55996K, committed 56832K, reserved 1105920K
  class space    used 5518K, committed 5888K, reserved 1048576K
}
Event: 867.608 GC heap before
{Heap before GC invocations=676 (full 535):
 PSYoungGen      total 49152K, used 34303K [0x00000000f5580000, 0x00000000f9780000, 0x0000000100000000)
  eden space 34304K, 99% used [0x00000000f5580000,0x00000000f76ffff0,0x00000000f7700000)
  from space 14848K, 0% used [0x00000000f8680000,0x00000000f8680000,0x00000000f9500000)
  to   space 15872K, 0% used [0x00000000f7700000,0x00000000f7700000,0x00000000f8680000)
 ParOldGen       total 349696K, used 349695K [0x00000000e0000000, 0x00000000f5580000, 0x00000000f5580000)
  object space 349696K, 99% used [0x00000000e0000000,0x00000000f557fdb0,0x00000000f5580000)
 Metaspace       used 55997K, committed 56832K, reserved 1105920K
  class space    used 5518K, committed 5888K, reserved 1048576K
}
Event: 871.029 GC heap after
{Heap after GC invocations=676 (full 535):
 PSYoungGen      total 50176K, used 34303K [0x00000000f5580000, 0x00000000f9780000, 0x0000000100000000)
  eden space 34304K, 99% used [0x00000000f5580000,0x00000000f76fffb0,0x00000000f7700000)
  from space 15872K, 0% used [0x00000000f7700000,0x00000000f7700000,0x00000000f8680000)
  to   space 14848K, 0% used [0x00000000f8680000,0x00000000f8680000,0x00000000f9500000)
 ParOldGen       total 349696K, used 349695K [0x00000000e0000000, 0x00000000f5580000, 0x00000000f5580000)
  object space 349696K, 99% used [0x00000000e0000000,0x00000000f557fdb0,0x00000000f5580000)
 Metaspace       used 55997K, committed 56832K, reserved 1105920K
  class space    used 5518K, committed 5888K, reserved 1048576K
}
Event: 871.029 GC heap before
{Heap before GC invocations=677 (full 536):
 PSYoungGen      total 50176K, used 34303K [0x00000000f5580000, 0x00000000f9780000, 0x0000000100000000)
  eden space 34304K, 99% used [0x00000000f5580000,0x00000000f76fffb0,0x00000000f7700000)
  from space 15872K, 0% used [0x00000000f7700000,0x00000000f7700000,0x00000000f8680000)
  to   space 14848K, 0% used [0x00000000f8680000,0x00000000f8680000,0x00000000f9500000)
 ParOldGen       total 349696K, used 349695K [0x00000000e0000000, 0x00000000f5580000, 0x00000000f5580000)
  object space 349696K, 99% used [0x00000000e0000000,0x00000000f557fdb0,0x00000000f5580000)
 Metaspace       used 55997K, committed 56832K, reserved 1105920K
  class space    used 5518K, committed 5888K, reserved 1048576K
}
Event: 874.278 GC heap after
{Heap after GC invocations=677 (full 536):
 PSYoungGen      total 49152K, used 34303K [0x00000000f5580000, 0x00000000f9780000, 0x0000000100000000)
  eden space 34304K, 99% used [0x00000000f5580000,0x00000000f76fffb0,0x00000000f7700000)
  from space 14848K, 0% used [0x00000000f8680000,0x00000000f8680000,0x00000000f9500000)
  to   space 15872K, 0% used [0x00000000f7700000,0x00000000f7700000,0x00000000f8680000)
 ParOldGen       total 349696K, used 349695K [0x00000000e0000000, 0x00000000f5580000, 0x00000000f5580000)
  object space 349696K, 99% used [0x00000000e0000000,0x00000000f557fdb0,0x00000000f5580000)
 Metaspace       used 55997K, committed 56832K, reserved 1105920K
  class space    used 5518K, committed 5888K, reserved 1048576K
}

Dll operation events (9 events):
Event: 0.002 Loaded shared library /nix/store/gpxl5qgg8kicmcvivwmybwjlpf7wh20l-graalvm17-ce-22.3.0/lib/libjava.so
Event: 0.007 Loaded shared library /nix/store/gpxl5qgg8kicmcvivwmybwjlpf7wh20l-graalvm17-ce-22.3.0/lib/libjsvml.so
Event: 0.399 Loaded shared library /nix/store/gpxl5qgg8kicmcvivwmybwjlpf7wh20l-graalvm17-ce-22.3.0/lib/libnio.so
Event: 0.409 Loaded shared library /nix/store/gpxl5qgg8kicmcvivwmybwjlpf7wh20l-graalvm17-ce-22.3.0/lib/libzip.so
Event: 0.412 Loaded shared library /nix/store/gpxl5qgg8kicmcvivwmybwjlpf7wh20l-graalvm17-ce-22.3.0/lib/libjvmcicompiler.so
Event: 0.991 Loaded shared library /nix/store/gpxl5qgg8kicmcvivwmybwjlpf7wh20l-graalvm17-ce-22.3.0/lib/libjimage.so
Event: 1.598 Loaded shared library /nix/store/gpxl5qgg8kicmcvivwmybwjlpf7wh20l-graalvm17-ce-22.3.0/lib/libnet.so
Event: 5.108 Loaded shared library /home/runner/.cache/jdt-language-server/config/org.eclipse.equinox.launcher/org.eclipse.equinox.launcher.gtk.linux.x86_64_1.2.400.v20211117-0650/eclipse_11600.so
Event: 13.817 Loaded shared library /nix/store/gpxl5qgg8kicmcvivwmybwjlpf7wh20l-graalvm17-ce-22.3.0/lib/libextnet.so

Deoptimization events (20 events):
Event: 162.925 Thread 0x00007fcedc13d7d0 DEOPT PACKING pc=0x00007fcf63131d1c sp=0x00007fcf219fe5c0
Event: 162.925 Thread 0x00007fcedc13d7d0 DEOPT UNPACKING pc=0x00007fcf5b505325 sp=0x00007fcf219fd9c0 mode 3
Event: 162.926 Thread 0x00007fcedc0dcd10 Uncommon trap: trap_request=0xfffffff5 fr.pc=0x00007fcf6315113c relative=0x000000000000003c
Event: 162.926 Thread 0x00007fcedc0dcd10 Uncommon trap: reason=null_check action=reinterpret pc=0x00007fcf6315113c method=org.eclipse.jdt.internal.compiler.ast.CompilationUnitDeclaration.getMainTypeName()[C @ 0 jvmci
Event: 162.926 Thread 0x00007fcedc0dcd10 DEOPT PACKING pc=0x00007fcf6315113c sp=0x00007fcf217fd520
Event: 162.926 Thread 0x00007fcedc0dcd10 DEOPT UNPACKING pc=0x00007fcf5b505325 sp=0x00007fcf217fc9a8 mode 3
Event: 168.991 Thread 0x00007fcedc0dd800 Uncommon trap: trap_request=0xffffffed fr.pc=0x00007fcf6303b0d2 relative=0x00000000000000b2
Event: 168.991 Thread 0x00007fcedc0dd800 Uncommon trap: reason=null_assert_or_unreached0 action=reinterpret pc=0x00007fcf6303b0d2 method=java.util.concurrent.locks.AbstractQueuedSynchronizer.signalNext(Ljava/util/concurrent/locks/AbstractQueuedSynchronizer$Node;)V @ 17 jvmci
Event: 168.991 Thread 0x00007fcedc0dd800 DEOPT PACKING pc=0x00007fcf6303b0d2 sp=0x00007fcf215f92e0
Event: 168.991 Thread 0x00007fcedc0dd800 DEOPT UNPACKING pc=0x00007fcf5b505325 sp=0x00007fcf215f8770 mode 3
Event: 191.336 Thread 0x00007fcedc0e0660 Uncommon trap: trap_request=0xffffffed fr.pc=0x00007fcf62ffb3b6 relative=0x0000000000000596
Event: 191.336 Thread 0x00007fcedc0e0660 Uncommon trap: reason=null_assert_or_unreached0 action=reinterpret pc=0x00007fcf62ffb3b6 method=java.util.concurrent.ConcurrentHashMap.get(Ljava/lang/Object;)Ljava/lang/Object; @ 152 jvmci
Event: 191.336 Thread 0x00007fcedc0e0660 DEOPT PACKING pc=0x00007fcf62ffb3b6 sp=0x00007fcf213fd410
Event: 191.336 Thread 0x00007fcedc0e0660 DEOPT UNPACKING pc=0x00007fcf5b505325 sp=0x00007fcf213fc8a8 mode 3
Event: 639.917 Thread 0x00007fcedc0e0660 DEOPT PACKING pc=0x00007fcf6315d43c sp=0x00007fcf217fde00
Event: 639.917 Thread 0x00007fcedc0e0660 DEOPT UNPACKING pc=0x00007fcf5b505325 sp=0x00007fcf217fd288 mode 1
Event: 867.608 Thread 0x00007fcf740b21d0 Uncommon trap: trap_request=0xffffff8f fr.pc=0x00007fcf6303ff1b relative=0x000000000000017b
Event: 867.608 Thread 0x00007fcf740b21d0 Uncommon trap: reason=constraint action=none pc=0x00007fcf6303ff1b method=java.io.ByteArrayOutputStream.<init>(I)V @ 0 jvmci
Event: 867.608 Thread 0x00007fcf740b21d0 DEOPT PACKING pc=0x00007fcf6303ff1b sp=0x00007fcf5b3b1020
Event: 867.608 Thread 0x00007fcf740b21d0 DEOPT UNPACKING pc=0x00007fcf5b505325 sp=0x00007fcf5b3b04c8 mode 3

Classes unloaded (20 events):
Event: 153.677 Thread 0x00007fcf740a1c10 Unloading class 0x0000000800ee8400 'jdk/internal/reflect/GeneratedConstructorAccessor9'
Event: 153.677 Thread 0x00007fcf740a1c10 Unloading class 0x0000000800ee8000 'jdk/internal/reflect/GeneratedConstructorAccessor8'
Event: 157.128 Thread 0x00007fcf740a1c10 Unloading class 0x000000080105d400 'java/lang/invoke/LambdaForm$MH+0x000000080105d400'
Event: 157.128 Thread 0x00007fcf740a1c10 Unloading class 0x000000080105d000 'java/lang/invoke/LambdaForm$MH+0x000000080105d000'
Event: 157.128 Thread 0x00007fcf740a1c10 Unloading class 0x000000080105cc00 'java/lang/invoke/LambdaForm$MH+0x000000080105cc00'
Event: 157.128 Thread 0x00007fcf740a1c10 Unloading class 0x000000080105c800 'java/lang/invoke/LambdaForm$MH+0x000000080105c800'
Event: 157.128 Thread 0x00007fcf740a1c10 Unloading class 0x000000080105c400 'java/lang/invoke/LambdaForm$MH+0x000000080105c400'
Event: 157.128 Thread 0x00007fcf740a1c10 Unloading class 0x000000080105c000 'java/lang/invoke/LambdaForm$MH+0x000000080105c000'
Event: 157.128 Thread 0x00007fcf740a1c10 Unloading class 0x0000000800d98400 'java/lang/invoke/LambdaForm$MH+0x0000000800d98400'
Event: 157.128 Thread 0x00007fcf740a1c10 Unloading class 0x0000000800d04000 'java/lang/invoke/LambdaForm$MH+0x0000000800d04000'
Event: 165.834 Thread 0x00007fcf740a1c10 Unloading class 0x0000000801091400 'jdk/internal/reflect/GeneratedSerializationConstructorAccessor4'
Event: 165.834 Thread 0x00007fcf740a1c10 Unloading class 0x0000000801091000 'jdk/internal/reflect/GeneratedSerializationConstructorAccessor3'
Event: 165.834 Thread 0x00007fcf740a1c10 Unloading class 0x0000000801090c00 'jdk/internal/reflect/GeneratedSerializationConstructorAccessor2'
Event: 165.834 Thread 0x00007fcf740a1c10 Unloading class 0x0000000801090800 'jdk/internal/reflect/GeneratedSerializationConstructorAccessor1'
Event: 330.033 Thread 0x00007fcf740a1c10 Unloading class 0x0000000800d06000 'java/lang/invoke/LambdaForm$MH+0x0000000800d06000'
Event: 330.033 Thread 0x00007fcf740a1c10 Unloading class 0x0000000800d06800 'java/lang/invoke/LambdaForm$MH+0x0000000800d06800'
Event: 330.033 Thread 0x00007fcf740a1c10 Unloading class 0x0000000800d99000 'java/lang/invoke/LambdaForm$MH+0x0000000800d99000'
Event: 330.033 Thread 0x00007fcf740a1c10 Unloading class 0x0000000800ee8800 'java/lang/invoke/LambdaForm$MH+0x0000000800ee8800'
Event: 330.033 Thread 0x00007fcf740a1c10 Unloading class 0x0000000800ee9000 'java/lang/invoke/LambdaForm$MH+0x0000000800ee9000'
Event: 330.033 Thread 0x00007fcf740a1c10 Unloading class 0x0000000800d04000 'java/lang/invoke/LambdaForm$MH+0x0000000800d04000'

Classes redefined (0 events):
No events

Internal exceptions (20 events):
Event: 37.891 Thread 0x00007fcf0c481270 Implicit null exception at 0x00007fcf631138c6 to 0x00007fcf63118629
Event: 37.905 Thread 0x00007fcedc1955b0 Exception <a 'java/lang/ArrayIndexOutOfBoundsException'{0x00000000f57e58d0}: Index 39 out of bounds for length 39> (0x00000000f57e58d0) 
thrown [src/hotspot/share/interpreter/interpreterRuntime.cpp, line 428]
Event: 38.113 Thread 0x00007fcedc1955b0 Exception <a 'java/lang/ArrayIndexOutOfBoundsException'{0x00000000f5822a90}: Index 39 out of bounds for length 39> (0x00000000f5822a90) 
thrown [src/hotspot/share/interpreter/interpreterRuntime.cpp, line 428]
Event: 38.310 Thread 0x00007fcedc1955b0 Exception <a 'java/lang/ArrayIndexOutOfBoundsException'{0x00000000f5c39d18}: Index 39 out of bounds for length 39> (0x00000000f5c39d18) 
thrown [src/hotspot/share/interpreter/interpreterRuntime.cpp, line 428]
Event: 38.416 Thread 0x00007fcedc1955b0 Exception <a 'java/lang/ArrayIndexOutOfBoundsException'{0x00000000f59bbf30}: Index 39 out of bounds for length 39> (0x00000000f59bbf30) 
thrown [src/hotspot/share/interpreter/interpreterRuntime.cpp, line 428]
Event: 38.491 Thread 0x00007fcedc1955b0 Exception <a 'java/lang/ArrayIndexOutOfBoundsException'{0x00000000f5ab2e40}: Index 39 out of bounds for length 39> (0x00000000f5ab2e40) 
thrown [src/hotspot/share/interpreter/interpreterRuntime.cpp, line 428]
Event: 38.504 Thread 0x00007fcedc1955b0 Exception <a 'java/lang/ArrayIndexOutOfBoundsException'{0x00000000f5b7ccd0}: Index 39 out of bounds for length 39> (0x00000000f5b7ccd0) 
thrown [src/hotspot/share/interpreter/interpreterRuntime.cpp, line 428]
Event: 38.597 Thread 0x00007fcedc1955b0 Exception <a 'java/lang/NoSuchMethodError'{0x00000000f56cd770}: 'java.lang.Object java.lang.invoke.DirectMethodHandle$Holder.invokeStatic(java.lang.Object, int, java.lang.Object, java.lang.Object, java.lang.Object, java.lang.Object)'> (0x00000000f56cd770) 
thrown [src/hotspot/share/interpreter/linkResolver.cpp, line 758]
Event: 38.902 Thread 0x00007fcedc1955b0 Exception <a 'java/lang/NoSuchMethodError'{0x00000000f5b98550}: 'void java.lang.invoke.DirectMethodHandle$Holder.invokeSpecial(java.lang.Object, java.lang.Object, int)'> (0x00000000f5b98550) 
thrown [src/hotspot/share/interpreter/linkResolver.cpp, line 758]
Event: 39.999 Thread 0x00007fcedc1955b0 Exception <a 'java/lang/NoSuchMethodError'{0x00000000f59a5d08}: 'int java.lang.invoke.DirectMethodHandle$Holder.invokeSpecialIFC(java.lang.Object, java.lang.Object, java.lang.Object, java.lang.Object)'> (0x00000000f59a5d08) 
thrown [src/hotspot/share/interpreter/linkResolver.cpp, line 758]
Event: 47.597 Thread 0x00007fcf0c481270 Implicit null exception at 0x00007fcf6315b14d to 0x00007fcf6315b7d0
Event: 162.926 Thread 0x00007fcedc0dcd10 Implicit null exception at 0x00007fcf6315113c to 0x00007fcf5b504f68
Event: 183.911 Thread 0x00007fcedc0e0660 Exception <a 'java/lang/OutOfMemoryError'{0x00000000e0003e90}> (0x00000000e0003e90) 
thrown [src/hotspot/share/gc/shared/memAllocator.cpp, line 136]
Event: 188.396 Thread 0x00007fcedc0dcd10 Exception <a 'java/lang/OutOfMemoryError'{0x00000000e0004160}> (0x00000000e0004160) 
thrown [src/hotspot/share/gc/shared/memAllocator.cpp, line 136]
Event: 191.403 Thread 0x00007fcedc0dd800 Exception <a 'java/lang/OutOfMemoryError'{0x00000000e0004750}> (0x00000000e0004750) 
thrown [src/hotspot/share/gc/shared/memAllocator.cpp, line 136]
Event: 193.114 Thread 0x00007fcedc0e0660 Exception <a 'java/lang/ClassNotFoundException'{0x00000000f766ca78}: sun/util/logging/resources/spi/loggingProvider> (0x00000000f766ca78) 
thrown [src/hotspot/share/classfile/systemDictionary.cpp, line 256]
Event: 638.339 Thread 0x00007fcedc0e0660 Exception <a 'java/lang/OutOfMemoryError'{0x00000000e00041b0}> (0x00000000e00041b0) 
thrown [src/hotspot/share/gc/shared/memAllocator.cpp, line 136]
Event: 867.608 Thread 0x00007fcf740b21d0 Exception <a 'java/lang/OutOfMemoryError'{0x00000000e0003e90}> (0x00000000e0003e90) 
thrown [src/hotspot/share/gc/shared/memAllocator.cpp, line 138]
Event: 867.608 Thread 0x00007fcf740b21d0 Implicit null exception at 0x00007fcf6303fed1 to 0x00007fcf6303ff00
Event: 874.279 Thread 0x00007fcf740b21d0 Exception <a 'java/lang/OutOfMemoryError'{0x00000000e00041b0}> (0x00000000e00041b0) 
thrown [src/hotspot/share/gc/shared/memAllocator.cpp, line 136]

VM Operations (20 events):
Event: 848.794 Executing VM operation: ParallelGCFailedAllocation
Event: 850.125 Executing VM operation: ParallelGCFailedAllocation done
Event: 850.125 Executing VM operation: ParallelGCFailedAllocation
Event: 851.541 Executing VM operation: ParallelGCFailedAllocation done
Event: 851.541 Executing VM operation: ParallelGCFailedAllocation
Event: 853.092 Executing VM operation: ParallelGCFailedAllocation done
Event: 853.092 Executing VM operation: ParallelGCFailedAllocation
Event: 854.541 Executing VM operation: ParallelGCFailedAllocation done
Event: 854.542 Executing VM operation: ParallelGCFailedAllocation
Event: 856.128 Executing VM operation: ParallelGCFailedAllocation done
Event: 856.128 Executing VM operation: ParallelGCFailedAllocation
Event: 857.895 Executing VM operation: ParallelGCFailedAllocation done
Event: 857.895 Executing VM operation: ParallelGCFailedAllocation
Event: 859.522 Executing VM operation: ParallelGCFailedAllocation done
Event: 859.522 Executing VM operation: ParallelGCFailedAllocation
Event: 861.645 Executing VM operation: ParallelGCFailedAllocation done
Event: 861.645 Executing VM operation: ParallelGCFailedAllocation
Event: 867.607 Executing VM operation: ParallelGCFailedAllocation done
Event: 867.608 Executing VM operation: ParallelGCFailedAllocation
Event: 874.279 Executing VM operation: ParallelGCFailedAllocation done

Events (20 events):
Event: 193.114 loading class sun/util/logging/resources/logging done
Event: 193.114 loading class sun/util/logging/resources/logging_en
Event: 193.114 loading class sun/util/logging/resources/logging_en done
Event: 193.114 loading class sun/util/logging/resources/logging_en
Event: 193.114 loading class sun/util/logging/resources/logging_en done
Event: 193.114 loading class sun/util/logging/resources/logging_en_US
Event: 193.114 loading class sun/util/logging/resources/logging_en_US done
Event: 193.114 loading class sun/util/logging/resources/logging_en_US
Event: 193.114 loading class sun/util/logging/resources/logging_en_US done
Event: 193.114 loading class java/util/Formatter$DateTime
Event: 193.114 loading class java/util/Formatter$DateTime done
Event: 193.115 loading class java/time/ZonedDateTime$1
Event: 193.115 loading class java/time/ZonedDateTime$1 done
Event: 193.115 Thread 0x00007fcedc0e0be0 Thread added: 0x00007fcedc0e0be0
Event: 193.116 Protecting memory [0x00007fcf58600000,0x00007fcf58604000] with protection modes 0
Event: 194.904 Thread 0x00007fcedc0e0660 Thread exited: 0x00007fcedc0e0660
Event: 194.908 Thread 0x00007fcedc0dd800 Thread exited: 0x00007fcedc0dd800
Event: 199.605 Thread 0x00007fcedc0dcd10 Thread exited: 0x00007fcedc0dcd10
Event: 278.836 Thread 0x00007fcedc0e0660 Thread added: 0x00007fcedc0e0660
Event: 278.836 Protecting memory [0x00007fcf21700000,0x00007fcf21704000] with protection modes 0


Dynamic libraries:
e0000000-f5580000 rw-p 00000000 00:00 0 
f5580000-f9780000 rw-p 00000000 00:00 0 
f9780000-100000000 ---p 00000000 00:00 0 
800000000-800449000 rw-p 00001000 00:16dc 9223372037562745673            /nix/store/gpxl5qgg8kicmcvivwmybwjlpf7wh20l-graalvm17-ce-22.3.0/lib/server/classes.jsa
800449000-800bc8000 r--p 0044a000 00:16dc 9223372037562745673            /nix/store/gpxl5qgg8kicmcvivwmybwjlpf7wh20l-graalvm17-ce-22.3.0/lib/server/classes.jsa
800bc8000-800c00000 ---p 00000000 00:00 0 
800c00000-800c20000 rw-p 00000000 00:00 0 
800c20000-800c40000 rw-p 00000000 00:00 0 
800c40000-800cc0000 rw-p 00000000 00:00 0 
800cc0000-800d00000 rw-p 00000000 00:00 0 
800d00000-800dc0000 rw-p 00000000 00:00 0 
800dc0000-800e00000 rw-p 00000000 00:00 0 
800e00000-800f40000 rw-p 00000000 00:00 0 
800f40000-800fc0000 rw-p 00000000 00:00 0 
800fc0000-801000000 rw-p 00000000 00:00 0 
801000000-8011c0000 rw-p 00000000 00:00 0 
8011c0000-840c00000 ---p 00000000 00:00 0 
555617d36000-555617d37000 r-xp 00000000 00:16dc 9223372037526805748      /nix/store/gpxl5qgg8kicmcvivwmybwjlpf7wh20l-graalvm17-ce-22.3.0/bin/.java-wrapped
555617d38000-555617d39000 r--p 00001000 00:16dc 9223372037526805748      /nix/store/gpxl5qgg8kicmcvivwmybwjlpf7wh20l-graalvm17-ce-22.3.0/bin/.java-wrapped
555617d39000-555617d3a000 rw-p 00002000 00:16dc 9223372037526805748      /nix/store/gpxl5qgg8kicmcvivwmybwjlpf7wh20l-graalvm17-ce-22.3.0/bin/.java-wrapped
555617d3a000-555617d3b000 rw-p 00004000 00:16dc 9223372037526805748      /nix/store/gpxl5qgg8kicmcvivwmybwjlpf7wh20l-graalvm17-ce-22.3.0/bin/.java-wrapped
555617d3b000-555617d3c000 rw-p 00005000 00:16dc 9223372037526805748      /nix/store/gpxl5qgg8kicmcvivwmybwjlpf7wh20l-graalvm17-ce-22.3.0/bin/.java-wrapped
555617fad000-555617ff5000 rw-p 00000000 00:00 0                          [heap]
7fcebc000000-7fcebc053000 rw-p 00000000 00:00 0 
7fcebc053000-7fcec0000000 ---p 00000000 00:00 0 
7fcec4000000-7fcec4203000 rw-p 00000000 00:00 0 
7fcec4203000-7fcec8000000 ---p 00000000 00:00 0 
7fceca4b3000-7fced4000000 r--s 00000000 00:16dc 9223372037562580485      /nix/store/gpxl5qgg8kicmcvivwmybwjlpf7wh20l-graalvm17-ce-22.3.0/lib/modules
7fced4000000-7fced402b000 rw-p 00000000 00:00 0 
7fced402b000-7fced8000000 ---p 00000000 00:00 0 
7fced8000000-7fced803c000 rw-p 00000000 00:00 0 
7fced803c000-7fcedc000000 ---p 00000000 00:00 0 
7fcedc000000-7fcedc1a7000 rw-p 00000000 00:00 0 
7fcedc1a7000-7fcee0000000 ---p 00000000 00:00 0 
7fcee0000000-7fcee00d6000 rw-p 00000000 00:00 0 
7fcee00d6000-7fcee4000000 ---p 00000000 00:00 0 
7fcee4000000-7fcee4021000 rw-p 00000000 00:00 0 
7fcee4021000-7fcee8000000 ---p 00000000 00:00 0 
7fcee8000000-7fcee8170000 rw-p 00000000 00:00 0 
7fcee8170000-7fceec000000 ---p 00000000 00:00 0 
7fceec000000-7fceec075000 rw-p 00000000 00:00 0 
7fceec075000-7fcef0000000 ---p 00000000 00:00 0 
7fcef0000000-7fcef0021000 rw-p 00000000 00:00 0 
7fcef0021000-7fcef4000000 ---p 00000000 00:00 0 
7fcef4000000-7fcef432b000 rw-p 00000000 00:00 0 
7fcef432b000-7fcef8000000 ---p 00000000 00:00 0 
7fcef8000000-7fcef803e000 rw-p 00000000 00:00 0 
7fcef803e000-7fcefc000000 ---p 00000000 00:00 0 
7fcefc000000-7fcefc021000 rw-p 00000000 00:00 0 
7fcefc021000-7fcf00000000 ---p 00000000 00:00 0 
7fcf00000000-7fcf00021000 rw-p 00000000 00:00 0 
7fcf00021000-7fcf04000000 ---p 00000000 00:00 0 
7fcf04000000-7fcf04021000 rw-p 00000000 00:00 0 
7fcf04021000-7fcf08000000 ---p 00000000 00:00 0 
7fcf08400000-7fcf08c00000 rw-p 00000000 00:00 0 
7fcf08c00000-7fcf08d80000 rw-p 00000000 00:00 0 
7fcf08d80000-7fcf08e00000 rw-p 00000000 00:00 0 
7fcf08e00000-7fcf09100000 rw-p 00000000 00:00 0 
7fcf09100000-7fcf091d0000 rw-p 00000000 00:00 0 
7fcf091d0000-7fcf09200000 ---p 00000000 00:00 0 
7fcf09200000-7fcf09400000 rw-p 00000000 00:00 0 
7fcf09400000-7fcf09480000 rw-p 00000000 00:00 0 
7fcf09480000-7fcf09500000 rw-p 00000000 00:00 0 
7fcf09500000-7fcf09700000 rw-p 00000000 00:00 0 
7fcf09700000-7fcf09900000 rw-p 00000000 00:00 0 
7fcf09900000-7fcf09a00000 rw-p 00000000 00:00 0 
7fcf09a00000-7fcf09c00000 rw-p 00000000 00:00 0 
7fcf09c00000-7fcf09d00000 rw-p 00000000 00:00 0 
7fcf09d00000-7fcf09e00000 rw-p 00000000 00:00 0 
7fcf09e00000-7fcf0a3c0000 rw-p 00000000 00:00 0 
7fcf0a3c0000-7fcf0a400000 rw-p 00000000 00:00 0 
7fcf0a400000-7fcf0a500000 rw-p 00000000 00:00 0 
7fcf0a500000-7fcf0a600000 rw-p 00000000 00:00 0 
7fcf0a600000-7fcf0a900000 rw-p 00000000 00:00 0 
7fcf0a900000-7fcf0aa00000 rw-p 00000000 00:00 0 
7fcf0aa00000-7fcf0ac00000 rw-p 00000000 00:00 0 
7fcf0b000000-7fcf0b1f0000 rw-p 00000000 00:00 0 
7fcf0b1f0000-7fcf0b800000 ---p 00000000 00:00 0 
7fcf0bc00000-7fcf0bc10000 r-xp 00000000 00:1187 353                      /home/runner/.cache/jdt-language-server/config/org.eclipse.equinox.launcher/org.eclipse.equinox.launcher.gtk.linux.x86_64_1.2.400.v20211117-0650/eclipse_11600.so
7fcf0bc10000-7fcf0be0f000 ---p 00010000 00:1187 353                      /home/runner/.cache/jdt-language-server/config/org.eclipse.equinox.launcher/org.eclipse.equinox.launcher.gtk.linux.x86_64_1.2.400.v20211117-0650/eclipse_11600.so
7fcf0be0f000-7fcf0be10000 r--p 0000f000 00:1187 353                      /home/runner/.cache/jdt-language-server/config/org.eclipse.equinox.launcher/org.eclipse.equinox.launcher.gtk.linux.x86_64_1.2.400.v20211117-0650/eclipse_11600.so
7fcf0be10000-7fcf0be11000 rw-p 00010000 00:1187 353                      /home/runner/.cache/jdt-language-server/config/org.eclipse.equinox.launcher/org.eclipse.equinox.launcher.gtk.linux.x86_64_1.2.400.v20211117-0650/eclipse_11600.so
7fcf0c000000-7fcf0c8ba000 rw-p 00000000 00:00 0 
7fcf0c8ba000-7fcf10000000 ---p 00000000 00:00 0 
7fcf10000000-7fcf10022000 rw-p 00000000 00:00 0 
7fcf10022000-7fcf14000000 ---p 00000000 00:00 0 
7fcf14000000-7fcf14021000 rw-p 00000000 00:00 0 
7fcf14021000-7fcf18000000 ---p 00000000 00:00 0 
7fcf18000000-7fcf18021000 rw-p 00000000 00:00 0 
7fcf18021000-7fcf1c000000 ---p 00000000 00:00 0 
7fcf1c000000-7fcf1c052000 rw-p 00000000 00:00 0 
7fcf1c052000-7fcf20000000 ---p 00000000 00:00 0 
7fcf20100000-7fcf20200000 ---p 00000000 00:00 0 
7fcf20200000-7fcf207af000 r--p 01122000 00:16dc 9223372037562577944      /nix/store/gpxl5qgg8kicmcvivwmybwjlpf7wh20l-graalvm17-ce-22.3.0/lib/libjvmcicompiler.so
7fcf207af000-7fcf20900000 r--p 00000000 00:00 0 
7fcf20900000-7fcf2093d000 rw-p 00000000 00:00 0 
7fcf2093d000-7fcf20e5d000 rw-p 0185f000 00:16dc 9223372037562577944      /nix/store/gpxl5qgg8kicmcvivwmybwjlpf7wh20l-graalvm17-ce-22.3.0/lib/libjvmcicompiler.so
7fcf20e5d000-7fcf21244000 r--p 01d7f000 00:16dc 9223372037562577944      /nix/store/gpxl5qgg8kicmcvivwmybwjlpf7wh20l-graalvm17-ce-22.3.0/lib/libjvmcicompiler.so
7fcf21300000-7fcf21304000 ---p 00000000 00:00 0 
7fcf21304000-7fcf21400000 rw-p 00000000 00:00 0 
7fcf21500000-7fcf21504000 ---p 00000000 00:00 0 
7fcf21504000-7fcf21600000 rw-p 00000000 00:00 0 
7fcf21700000-7fcf21704000 ---p 00000000 00:00 0 
7fcf21704000-7fcf21800000 rw-p 00000000 00:00 0 
7fcf21900000-7fcf21904000 ---p 00000000 00:00 0 
7fcf21904000-7fcf21a00000 rw-p 00000000 00:00 0 
7fcf21b00000-7fcf21b04000 ---p 00000000 00:00 0 
7fcf21b04000-7fcf21c00000 rw-p 00000000 00:00 0 
7fcf21d00000-7fcf21d04000 ---p 00000000 00:00 0 
7fcf21d04000-7fcf21e00000 rw-p 00000000 00:00 0 
7fcf21f00000-7fcf21f04000 ---p 00000000 00:00 0 
7fcf21f04000-7fcf22000000 rw-p 00000000 00:00 0 
7fcf22000000-7fcf22004000 ---p 00000000 00:00 0 
7fcf22004000-7fcf22100000 rw-p 00000000 00:00 0 
7fcf22100000-7fcf22104000 ---p 00000000 00:00 0 
7fcf22104000-7fcf22200000 rw-p 00000000 00:00 0 
7fcf22300000-7fcf22304000 ---p 00000000 00:00 0 
7fcf22304000-7fcf22400000 rw-p 00000000 00:00 0 
7fcf22500000-7fcf22504000 ---p 00000000 00:00 0 
7fcf22504000-7fcf22600000 rw-p 00000000 00:00 0 
7fcf22700000-7fcf22704000 ---p 00000000 00:00 0 
7fcf22704000-7fcf22800000 rw-p 00000000 00:00 0 
7fcf22900000-7fcf22904000 ---p 00000000 00:00 0 
7fcf22904000-7fcf22a00000 rw-p 00000000 00:00 0 
7fcf22b00000-7fcf22b04000 ---p 00000000 00:00 0 
7fcf22b04000-7fcf22c00000 rw-p 00000000 00:00 0 
7fcf22d00000-7fcf22d04000 ---p 00000000 00:00 0 
7fcf22d04000-7fcf22e00000 rw-p 00000000 00:00 0 
7fcf23a68000-7fcf23f00000 rw-p 00000000 00:00 0 
7fcf24000000-7fcf24021000 rw-p 00000000 00:00 0 
7fcf24021000-7fcf28000000 ---p 00000000 00:00 0 
7fcf28000000-7fcf28021000 rw-p 00000000 00:00 0 
7fcf28021000-7fcf2c000000 ---p 00000000 00:00 0 
7fcf2c000000-7fcf2c021000 rw-p 00000000 00:00 0 
7fcf2c021000-7fcf30000000 ---p 00000000 00:00 0 
7fcf30000000-7fcf30021000 rw-p 00000000 00:00 0 
7fcf30021000-7fcf34000000 ---p 00000000 00:00 0 
7fcf34000000-7fcf340d0000 rw-p 00000000 00:00 0 
7fcf340d0000-7fcf38000000 ---p 00000000 00:00 0 
7fcf38000000-7fcf38aff000 rw-p 00000000 00:00 0 
7fcf38aff000-7fcf3c000000 ---p 00000000 00:00 0 
7fcf3c000000-7fcf3c021000 rw-p 00000000 00:00 0 
7fcf3c021000-7fcf40000000 ---p 00000000 00:00 0 
7fcf40000000-7fcf40021000 rw-p 00000000 00:00 0 
7fcf40021000-7fcf44000000 ---p 00000000 00:00 0 
7fcf44000000-7fcf44021000 rw-p 00000000 00:00 0 
7fcf44021000-7fcf48000000 ---p 00000000 00:00 0 
7fcf48000000-7fcf48021000 rw-p 00000000 00:00 0 
7fcf48021000-7fcf4c000000 ---p 00000000 00:00 0 
7fcf4c000000-7fcf4c021000 rw-p 00000000 00:00 0 
7fcf4c021000-7fcf50000000 ---p 00000000 00:00 0 
7fcf50000000-7fcf50021000 rw-p 00000000 00:00 0 
7fcf50021000-7fcf54000000 ---p 00000000 00:00 0 
7fcf54000000-7fcf5410f000 rw-p 00000000 00:00 0 
7fcf5410f000-7fcf58000000 ---p 00000000 00:00 0 
7fcf58100000-7fcf58104000 ---p 00000000 00:00 0 
7fcf58104000-7fcf58200000 rw-p 00000000 00:00 0 
7fcf58300000-7fcf58304000 ---p 00000000 00:00 0 
7fcf58304000-7fcf58400000 rw-p 00000000 00:00 0 
7fcf58500000-7fcf58504000 ---p 00000000 00:00 0 
7fcf58504000-7fcf58600000 rw-p 00000000 00:00 0 
7fcf58600000-7fcf58604000 ---p 00000000 00:00 0 
7fcf58604000-7fcf58700000 rw-p 00000000 00:00 0 
7fcf58700000-7fcf58704000 ---p 00000000 00:00 0 
7fcf58704000-7fcf58800000 rw-p 00000000 00:00 0 
7fcf58800000-7fcf5a96a000 r-xp 00000000 00:16dc 9223372037562577944      /nix/store/gpxl5qgg8kicmcvivwmybwjlpf7wh20l-graalvm17-ce-22.3.0/lib/libjvmcicompiler.so
7fcf5a96a000-7fcf5ab69000 ---p 0216a000 00:16dc 9223372037562577944      /nix/store/gpxl5qgg8kicmcvivwmybwjlpf7wh20l-graalvm17-ce-22.3.0/lib/libjvmcicompiler.so
7fcf5ab69000-7fcf5ab6a000 r--p 02169000 00:16dc 9223372037562577944      /nix/store/gpxl5qgg8kicmcvivwmybwjlpf7wh20l-graalvm17-ce-22.3.0/lib/libjvmcicompiler.so
7fcf5ab6a000-7fcf5ab6c000 rw-p 0216a000 00:16dc 9223372037562577944      /nix/store/gpxl5qgg8kicmcvivwmybwjlpf7wh20l-graalvm17-ce-22.3.0/lib/libjvmcicompiler.so
7fcf5ab6c000-7fcf5ab6d000 rw-p 00000000 00:00 0 
7fcf5ab6d000-7fcf5ab72000 rw-p 023c3000 00:16dc 9223372037562577944      /nix/store/gpxl5qgg8kicmcvivwmybwjlpf7wh20l-graalvm17-ce-22.3.0/lib/libjvmcicompiler.so
7fcf5ab8f000-7fcf5ab93000 ---p 00000000 00:00 0 
7fcf5ab93000-7fcf5abb1000 rw-p 00000000 00:00 0 
7fcf5abb1000-7fcf5abb2000 ---p 00000000 00:00 0 
7fcf5abb2000-7fcf5acb3000 rw-p 00000000 00:00 0 
7fcf5acb3000-7fcf5acb7000 ---p 00000000 00:00 0 
7fcf5acb7000-7fcf5adb3000 rw-p 00000000 00:00 0 
7fcf5adb3000-7fcf5adb7000 ---p 00000000 00:00 0 
7fcf5adb7000-7fcf5aeb3000 rw-p 00000000 00:00 0 
7fcf5aeb3000-7fcf5aeb7000 ---p 00000000 00:00 0 
7fcf5aeb7000-7fcf5afb3000 rw-p 00000000 00:00 0 
7fcf5afb3000-7fcf5afb7000 ---p 00000000 00:00 0 
7fcf5afb7000-7fcf5b1b3000 rw-p 00000000 00:00 0 
7fcf5b1b3000-7fcf5b1b7000 ---p 00000000 00:00 0 
7fcf5b1b7000-7fcf5b3b3000 rw-p 00000000 00:00 0 
7fcf5b3b3000-7fcf5b3b7000 ---p 00000000 00:00 0 
7fcf5b3b7000-7fcf5b4b3000 rw-p 00000000 00:00 0 
7fcf5b4b3000-7fcf5b723000 rwxp 00000000 00:00 0 
7fcf5b723000-7fcf5ba42000 ---p 00000000 00:00 0 
7fcf5ba42000-7fcf5c852000 rwxp 00000000 00:00 0 
7fcf5c852000-7fcf62f7a000 ---p 00000000 00:00 0 
7fcf62f7a000-7fcf631ea000 rwxp 00000000 00:00 0 
7fcf631ea000-7fcf6a4b3000 ---p 00000000 00:00 0 
7fcf6a4b3000-7fcf74000000 r--s 00000000 00:16dc 9223372037562580485      /nix/store/gpxl5qgg8kicmcvivwmybwjlpf7wh20l-graalvm17-ce-22.3.0/lib/modules
7fcf74000000-7fcf7462f000 rw-p 00000000 00:00 0 
7fcf7462f000-7fcf78000000 ---p 00000000 00:00 0 
7fcf7800c000-7fcf78013000 r-xp 00000000 00:16dc 9223372037562580484      /nix/store/gpxl5qgg8kicmcvivwmybwjlpf7wh20l-graalvm17-ce-22.3.0/lib/libzip.so
7fcf78013000-7fcf78014000 ---p 00007000 00:16dc 9223372037562580484      /nix/store/gpxl5qgg8kicmcvivwmybwjlpf7wh20l-graalvm17-ce-22.3.0/lib/libzip.so
7fcf78014000-7fcf78015000 r--p 00007000 00:16dc 9223372037562580484      /nix/store/gpxl5qgg8kicmcvivwmybwjlpf7wh20l-graalvm17-ce-22.3.0/lib/libzip.so
7fcf78015000-7fcf78016000 rw-p 00008000 00:16dc 9223372037562580484      /nix/store/gpxl5qgg8kicmcvivwmybwjlpf7wh20l-graalvm17-ce-22.3.0/lib/libzip.so
7fcf78016000-7fcf78018000 rw-p 0000b000 00:16dc 9223372037562580484      /nix/store/gpxl5qgg8kicmcvivwmybwjlpf7wh20l-graalvm17-ce-22.3.0/lib/libzip.so
7fcf78018000-7fcf7801c000 ---p 00000000 00:00 0 
7fcf7801c000-7fcf78118000 rw-p 00000000 00:00 0 
7fcf78118000-7fcf7811c000 ---p 00000000 00:00 0 
7fcf7811c000-7fcf78218000 rw-p 00000000 00:00 0 
7fcf78218000-7fcf784fe000 r--p 00000000 00:12ca 28444448                 /usr/lib/locale/locale-archive
7fcf784fe000-7fcf78502000 ---p 00000000 00:00 0 
7fcf78502000-7fcf785fe000 rw-p 00000000 00:00 0 
7fcf785fe000-7fcf78602000 ---p 00000000 00:00 0 
7fcf78602000-7fcf786fe000 rw-p 00000000 00:00 0 
7fcf786fe000-7fcf786ff000 ---p 00000000 00:00 0 
7fcf786ff000-7fcf78c00000 rw-p 00000000 00:00 0 
7fcf78c00000-7fcf78e00000 rw-p 00000000 00:00 0 
7fcf78e00000-7fcf78f00000 rw-p 00000000 00:00 0 
7fcf78f00000-7fcf79000000 rw-p 00000000 00:00 0 
7fcf79003000-7fcf79005000 r-xp 00000000 00:16dc 9223372037562577921      /nix/store/gpxl5qgg8kicmcvivwmybwjlpf7wh20l-graalvm17-ce-22.3.0/lib/libextnet.so
7fcf79005000-7fcf79006000 r--p 00001000 00:16dc 9223372037562577921      /nix/store/gpxl5qgg8kicmcvivwmybwjlpf7wh20l-graalvm17-ce-22.3.0/lib/libextnet.so
7fcf79006000-7fcf79007000 rw-p 00002000 00:16dc 9223372037562577921      /nix/store/gpxl5qgg8kicmcvivwmybwjlpf7wh20l-graalvm17-ce-22.3.0/lib/libextnet.so
7fcf79007000-7fcf79008000 rw-p 00004000 00:16dc 9223372037562577921      /nix/store/gpxl5qgg8kicmcvivwmybwjlpf7wh20l-graalvm17-ce-22.3.0/lib/libextnet.so
7fcf79008000-7fcf7901d000 r-xp 00000000 00:16dc 9223372037562580474      /nix/store/gpxl5qgg8kicmcvivwmybwjlpf7wh20l-graalvm17-ce-22.3.0/lib/libnet.so
7fcf7901d000-7fcf7901e000 ---p 00015000 00:16dc 9223372037562580474      /nix/store/gpxl5qgg8kicmcvivwmybwjlpf7wh20l-graalvm17-ce-22.3.0/lib/libnet.so
7fcf7901e000-7fcf7901f000 r--p 00015000 00:16dc 9223372037562580474      /nix/store/gpxl5qgg8kicmcvivwmybwjlpf7wh20l-graalvm17-ce-22.3.0/lib/libnet.so
7fcf7901f000-7fcf79020000 rw-p 00016000 00:16dc 9223372037562580474      /nix/store/gpxl5qgg8kicmcvivwmybwjlpf7wh20l-graalvm17-ce-22.3.0/lib/libnet.so
7fcf79020000-7fcf79023000 rw-p 0001b000 00:16dc 9223372037562580474      /nix/store/gpxl5qgg8kicmcvivwmybwjlpf7wh20l-graalvm17-ce-22.3.0/lib/libnet.so
7fcf79023000-7fcf79036000 r-xp 00000000 00:16dc 9223372037562580475      /nix/store/gpxl5qgg8kicmcvivwmybwjlpf7wh20l-graalvm17-ce-22.3.0/lib/libnio.so
7fcf79036000-7fcf79037000 r--p 00012000 00:16dc 9223372037562580475      /nix/store/gpxl5qgg8kicmcvivwmybwjlpf7wh20l-graalvm17-ce-22.3.0/lib/libnio.so
7fcf79037000-7fcf79038000 rw-p 00013000 00:16dc 9223372037562580475      /nix/store/gpxl5qgg8kicmcvivwmybwjlpf7wh20l-graalvm17-ce-22.3.0/lib/libnio.so
7fcf79038000-7fcf7903d000 rw-p 00019000 00:16dc 9223372037562580475      /nix/store/gpxl5qgg8kicmcvivwmybwjlpf7wh20l-graalvm17-ce-22.3.0/lib/libnio.so
7fcf7903d000-7fcf7910b000 r-xp 00000000 00:16dc 9223372037562577940      /nix/store/gpxl5qgg8kicmcvivwmybwjlpf7wh20l-graalvm17-ce-22.3.0/lib/libjsvml.so
7fcf7910b000-7fcf7910c000 r--p 000cd000 00:16dc 9223372037562577940      /nix/store/gpxl5qgg8kicmcvivwmybwjlpf7wh20l-graalvm17-ce-22.3.0/lib/libjsvml.so
7fcf7910c000-7fcf7910d000 rw-p 000ce000 00:16dc 9223372037562577940      /nix/store/gpxl5qgg8kicmcvivwmybwjlpf7wh20l-graalvm17-ce-22.3.0/lib/libjsvml.so
7fcf7910d000-7fcf7a9e5000 rw-p 00000000 00:00 0 
7fcf7a9e5000-7fcf7a9e6000 ---p 00000000 00:00 0 
7fcf7a9e6000-7fcf7ab91000 rw-p 00000000 00:00 0 
7fcf7ab91000-7fcf7abb3000 rw-p 00000000 00:00 0 
7fcf7abb3000-7fcf7abe7000 ---p 00000000 00:00 0 
7fcf7abe7000-7fcf7abed000 rw-p 00000000 00:00 0 
7fcf7abed000-7fcf7acd3000 ---p 00000000 00:00 0 
7fcf7acd3000-7fcf7acf0000 rw-p 00000000 00:00 0 
7fcf7acf0000-7fcf7adbe000 ---p 00000000 00:00 0 
7fcf7adbe000-7fcf7adc3000 rw-p 00000000 00:00 0 
7fcf7adc3000-7fcf7adca000 ---p 00000000 00:00 0 
7fcf7adca000-7fcf7adee000 r-xp 00000000 00:16dc 9223372037562577932      /nix/store/gpxl5qgg8kicmcvivwmybwjlpf7wh20l-graalvm17-ce-22.3.0/lib/libjava.so
7fcf7adee000-7fcf7adef000 ---p 00024000 00:16dc 9223372037562577932      /nix/store/gpxl5qgg8kicmcvivwmybwjlpf7wh20l-graalvm17-ce-22.3.0/lib/libjava.so
7fcf7adef000-7fcf7adf0000 r--p 00024000 00:16dc 9223372037562577932      /nix/store/gpxl5qgg8kicmcvivwmybwjlpf7wh20l-graalvm17-ce-22.3.0/lib/libjava.so
7fcf7adf0000-7fcf7adf1000 rw-p 00025000 00:16dc 9223372037562577932      /nix/store/gpxl5qgg8kicmcvivwmybwjlpf7wh20l-graalvm17-ce-22.3.0/lib/libjava.so
7fcf7adf1000-7fcf7adf2000 rw-p 00000000 00:00 0 
7fcf7adf2000-7fcf7adf9000 rw-p 0002f000 00:16dc 9223372037562577932      /nix/store/gpxl5qgg8kicmcvivwmybwjlpf7wh20l-graalvm17-ce-22.3.0/lib/libjava.so
7fcf7adf9000-7fcf7ae01000 rw-s 00000000 00:1bf 350                       /tmp/hsperfdata_runner/29
7fcf7ae01000-7fcf7ae02000 ---p 00000000 00:00 0 
7fcf7ae02000-7fcf7ae03000 r--p 00000000 00:00 0 
7fcf7ae03000-7fcf7ae04000 rwxp 00000000 00:00 0 
7fcf7ae04000-7fcf7ae1f000 r-xp 00000000 00:16dc 9223372037562577936      /nix/store/gpxl5qgg8kicmcvivwmybwjlpf7wh20l-graalvm17-ce-22.3.0/lib/libjimage.so
7fcf7ae1f000-7fcf7ae20000 ---p 0001b000 00:16dc 9223372037562577936      /nix/store/gpxl5qgg8kicmcvivwmybwjlpf7wh20l-graalvm17-ce-22.3.0/lib/libjimage.so
7fcf7ae20000-7fcf7ae22000 r--p 0001b000 00:16dc 9223372037562577936      /nix/store/gpxl5qgg8kicmcvivwmybwjlpf7wh20l-graalvm17-ce-22.3.0/lib/libjimage.so
7fcf7ae22000-7fcf7ae23000 rw-p 0001d000 00:16dc 9223372037562577936      /nix/store/gpxl5qgg8kicmcvivwmybwjlpf7wh20l-graalvm17-ce-22.3.0/lib/libjimage.so
7fcf7ae23000-7fcf7ae24000 rw-p 00024000 00:16dc 9223372037562577936      /nix/store/gpxl5qgg8kicmcvivwmybwjlpf7wh20l-graalvm17-ce-22.3.0/lib/libjimage.so
7fcf7ae24000-7fcf7ae28000 ---p 00000000 00:00 0 
7fcf7ae28000-7fcf7af24000 rw-p 00000000 00:00 0 
7fcf7af24000-7fcf7af32000 r--p 00000000 00:16dc 9223372037455367831      /nix/store/4nlgxhb09sdr51nc9hdm8az5b08vzkgx-glibc-2.35-163/lib/libm.so.6
7fcf7af32000-7fcf7afa5000 r-xp 0000e000 00:16dc 9223372037455367831      /nix/store/4nlgxhb09sdr51nc9hdm8az5b08vzkgx-glibc-2.35-163/lib/libm.so.6
7fcf7afa5000-7fcf7b002000 r--p 00081000 00:16dc 9223372037455367831      /nix/store/4nlgxhb09sdr51nc9hdm8az5b08vzkgx-glibc-2.35-163/lib/libm.so.6
7fcf7b002000-7fcf7b003000 r--p 000dd000 00:16dc 9223372037455367831      /nix/store/4nlgxhb09sdr51nc9hdm8az5b08vzkgx-glibc-2.35-163/lib/libm.so.6
7fcf7b003000-7fcf7b004000 rw-p 000de000 00:16dc 9223372037455367831      /nix/store/4nlgxhb09sdr51nc9hdm8az5b08vzkgx-glibc-2.35-163/lib/libm.so.6
7fcf7b004000-7fcf7b005000 r--p 00000000 00:16dc 9223372037455367850      /nix/store/4nlgxhb09sdr51nc9hdm8az5b08vzkgx-glibc-2.35-163/lib/librt.so.1
7fcf7b005000-7fcf7b006000 r-xp 00001000 00:16dc 9223372037455367850      /nix/store/4nlgxhb09sdr51nc9hdm8az5b08vzkgx-glibc-2.35-163/lib/librt.so.1
7fcf7b006000-7fcf7b007000 r--p 00002000 00:16dc 9223372037455367850      /nix/store/4nlgxhb09sdr51nc9hdm8az5b08vzkgx-glibc-2.35-163/lib/librt.so.1
7fcf7b007000-7fcf7b008000 r--p 00002000 00:16dc 9223372037455367850      /nix/store/4nlgxhb09sdr51nc9hdm8az5b08vzkgx-glibc-2.35-163/lib/librt.so.1
7fcf7b008000-7fcf7b009000 rw-p 00003000 00:16dc 9223372037455367850      /nix/store/4nlgxhb09sdr51nc9hdm8az5b08vzkgx-glibc-2.35-163/lib/librt.so.1
7fcf7b009000-7fcf7c11c000 r-xp 00000000 00:16dc 9223372037562748770      /nix/store/gpxl5qgg8kicmcvivwmybwjlpf7wh20l-graalvm17-ce-22.3.0/lib/server/libjvm.so
7fcf7c11c000-7fcf7c11d000 ---p 01113000 00:16dc 9223372037562748770      /nix/store/gpxl5qgg8kicmcvivwmybwjlpf7wh20l-graalvm17-ce-22.3.0/lib/server/libjvm.so
7fcf7c11d000-7fcf7c1d2000 r--p 01113000 00:16dc 9223372037562748770      /nix/store/gpxl5qgg8kicmcvivwmybwjlpf7wh20l-graalvm17-ce-22.3.0/lib/server/libjvm.so
7fcf7c1d2000-7fcf7c206000 rw-p 011c8000 00:16dc 9223372037562748770      /nix/store/gpxl5qgg8kicmcvivwmybwjlpf7wh20l-graalvm17-ce-22.3.0/lib/server/libjvm.so
7fcf7c206000-7fcf7c262000 rw-p 00000000 00:00 0 
7fcf7c262000-7fcf7c28a000 r--p 00000000 00:16dc 9223372037455367822      /nix/store/4nlgxhb09sdr51nc9hdm8az5b08vzkgx-glibc-2.35-163/lib/libc.so.6
7fcf7c28a000-7fcf7c400000 r-xp 00028000 00:16dc 9223372037455367822      /nix/store/4nlgxhb09sdr51nc9hdm8az5b08vzkgx-glibc-2.35-163/lib/libc.so.6
7fcf7c400000-7fcf7c458000 r--p 0019e000 00:16dc 9223372037455367822      /nix/store/4nlgxhb09sdr51nc9hdm8az5b08vzkgx-glibc-2.35-163/lib/libc.so.6
7fcf7c458000-7fcf7c45c000 r--p 001f6000 00:16dc 9223372037455367822      /nix/store/4nlgxhb09sdr51nc9hdm8az5b08vzkgx-glibc-2.35-163/lib/libc.so.6
7fcf7c45c000-7fcf7c45e000 rw-p 001fa000 00:16dc 9223372037455367822      /nix/store/4nlgxhb09sdr51nc9hdm8az5b08vzkgx-glibc-2.35-163/lib/libc.so.6
7fcf7c45e000-7fcf7c46d000 rw-p 00000000 00:00 0 
7fcf7c46d000-7fcf7c46e000 r--p 00000000 00:16dc 9223372037455367827      /nix/store/4nlgxhb09sdr51nc9hdm8az5b08vzkgx-glibc-2.35-163/lib/libdl.so.2
7fcf7c46e000-7fcf7c46f000 r-xp 00001000 00:16dc 9223372037455367827      /nix/store/4nlgxhb09sdr51nc9hdm8az5b08vzkgx-glibc-2.35-163/lib/libdl.so.2
7fcf7c46f000-7fcf7c470000 r--p 00002000 00:16dc 9223372037455367827      /nix/store/4nlgxhb09sdr51nc9hdm8az5b08vzkgx-glibc-2.35-163/lib/libdl.so.2
7fcf7c470000-7fcf7c471000 r--p 00002000 00:16dc 9223372037455367827      /nix/store/4nlgxhb09sdr51nc9hdm8az5b08vzkgx-glibc-2.35-163/lib/libdl.so.2
7fcf7c471000-7fcf7c472000 rw-p 00003000 00:16dc 9223372037455367827      /nix/store/4nlgxhb09sdr51nc9hdm8az5b08vzkgx-glibc-2.35-163/lib/libdl.so.2
7fcf7c472000-7fcf7c473000 r--p 00000000 00:16dc 9223372037455367846      /nix/store/4nlgxhb09sdr51nc9hdm8az5b08vzkgx-glibc-2.35-163/lib/libpthread.so.0
7fcf7c473000-7fcf7c474000 r-xp 00001000 00:16dc 9223372037455367846      /nix/store/4nlgxhb09sdr51nc9hdm8az5b08vzkgx-glibc-2.35-163/lib/libpthread.so.0
7fcf7c474000-7fcf7c475000 r--p 00002000 00:16dc 9223372037455367846      /nix/store/4nlgxhb09sdr51nc9hdm8az5b08vzkgx-glibc-2.35-163/lib/libpthread.so.0
7fcf7c475000-7fcf7c476000 r--p 00002000 00:16dc 9223372037455367846      /nix/store/4nlgxhb09sdr51nc9hdm8az5b08vzkgx-glibc-2.35-163/lib/libpthread.so.0
7fcf7c476000-7fcf7c477000 rw-p 00003000 00:16dc 9223372037455367846      /nix/store/4nlgxhb09sdr51nc9hdm8az5b08vzkgx-glibc-2.35-163/lib/libpthread.so.0
7fcf7c477000-7fcf7c485000 r-xp 00000000 00:16dc 9223372037562577937      /nix/store/gpxl5qgg8kicmcvivwmybwjlpf7wh20l-graalvm17-ce-22.3.0/lib/libjli.so
7fcf7c485000-7fcf7c486000 ---p 0000e000 00:16dc 9223372037562577937      /nix/store/gpxl5qgg8kicmcvivwmybwjlpf7wh20l-graalvm17-ce-22.3.0/lib/libjli.so
7fcf7c486000-7fcf7c487000 r--p 0000e000 00:16dc 9223372037562577937      /nix/store/gpxl5qgg8kicmcvivwmybwjlpf7wh20l-graalvm17-ce-22.3.0/lib/libjli.so
7fcf7c487000-7fcf7c488000 rw-p 0000f000 00:16dc 9223372037562577937      /nix/store/gpxl5qgg8kicmcvivwmybwjlpf7wh20l-graalvm17-ce-22.3.0/lib/libjli.so
7fcf7c488000-7fcf7c489000 rw-p 00012000 00:16dc 9223372037562577937      /nix/store/gpxl5qgg8kicmcvivwmybwjlpf7wh20l-graalvm17-ce-22.3.0/lib/libjli.so
7fcf7c489000-7fcf7c48c000 r--p 00000000 00:16dc 9223372037533597975      /nix/store/026hln0aq1hyshaxsdvhg0kmcm6yf45r-zlib-1.2.13/lib/libz.so.1.2.13
7fcf7c48c000-7fcf7c49e000 r-xp 00003000 00:16dc 9223372037533597975      /nix/store/026hln0aq1hyshaxsdvhg0kmcm6yf45r-zlib-1.2.13/lib/libz.so.1.2.13
7fcf7c49e000-7fcf7c4a5000 r--p 00015000 00:16dc 9223372037533597975      /nix/store/026hln0aq1hyshaxsdvhg0kmcm6yf45r-zlib-1.2.13/lib/libz.so.1.2.13
7fcf7c4a5000-7fcf7c4a6000 r--p 0001b000 00:16dc 9223372037533597975      /nix/store/026hln0aq1hyshaxsdvhg0kmcm6yf45r-zlib-1.2.13/lib/libz.so.1.2.13
7fcf7c4a6000-7fcf7c4a7000 rw-p 0001c000 00:16dc 9223372037533597975      /nix/store/026hln0aq1hyshaxsdvhg0kmcm6yf45r-zlib-1.2.13/lib/libz.so.1.2.13
7fcf7c4a7000-7fcf7c4a9000 rw-p 00000000 00:00 0 
7fcf7c4a9000-7fcf7c4ab000 r--p 00000000 00:16dc 9223372037455367816      /nix/store/4nlgxhb09sdr51nc9hdm8az5b08vzkgx-glibc-2.35-163/lib/ld-linux-x86-64.so.2
7fcf7c4ab000-7fcf7c4d2000 r-xp 00002000 00:16dc 9223372037455367816      /nix/store/4nlgxhb09sdr51nc9hdm8az5b08vzkgx-glibc-2.35-163/lib/ld-linux-x86-64.so.2
7fcf7c4d2000-7fcf7c4de000 r--p 00029000 00:16dc 9223372037455367816      /nix/store/4nlgxhb09sdr51nc9hdm8az5b08vzkgx-glibc-2.35-163/lib/ld-linux-x86-64.so.2
7fcf7c4de000-7fcf7c4e0000 r--p 00034000 00:16dc 9223372037455367816      /nix/store/4nlgxhb09sdr51nc9hdm8az5b08vzkgx-glibc-2.35-163/lib/ld-linux-x86-64.so.2
7fcf7c4e0000-7fcf7c4e2000 rw-p 00036000 00:16dc 9223372037455367816      /nix/store/4nlgxhb09sdr51nc9hdm8az5b08vzkgx-glibc-2.35-163/lib/ld-linux-x86-64.so.2
7ffcc2e1c000-7ffcc2e40000 rw-p 00000000 00:00 0                          [stack]
7ffcc2eb8000-7ffcc2ebc000 r--p 00000000 00:00 0                          [vvar]
7ffcc2ebc000-7ffcc2ebe000 r-xp 00000000 00:00 0                          [vdso]
ffffffffff600000-ffffffffff601000 --xp 00000000 00:00 0                  [vsyscall]


VM Arguments:
jvm_args: -XX:ThreadPriorityPolicy=1 -XX:+UnlockExperimentalVMOptions -XX:+EnableJVMCIProduct -XX:JVMCIThreadsPerNativeLibraryRuntime=1 -XX:-UnlockExperimentalVMOptions -Declipse.application=org.eclipse.jdt.ls.core.id1 -Dosgi.bundles.defaultStartLevel=4 -Declipse.product=org.eclipse.jdt.ls.core.product -Dlog.level=ALL -Xverify:none -XX:+UseParallelGC -XX:GCTimeRatio=4 -XX:AdaptiveSizePolicyWeight=90 -Dsun.zip.disableMemoryMapping=true -Xmx512m -Xms100m 
java_command: /nix/store/m6gcpi1ii6rghy04cjwjddcavv7i90df-jdt-language-server-1.9.0/share/java/plugins/org.eclipse.equinox.launcher_1.6.400.v20210924-0641.jar --add-modules=ALL-SYSTEM --add-opens java.base/java.util=ALL-UNNAMED --add-opens java.base/java.lang=ALL-UNNAMED -configuration /home/runner/.cache/jdt-language-server/config -data /home/runner/.cache/jdt-language-server/data/home/runner/Battleship
java_class_path (initial): /nix/store/m6gcpi1ii6rghy04cjwjddcavv7i90df-jdt-language-server-1.9.0/share/java/plugins/org.eclipse.equinox.launcher_1.6.400.v20210924-0641.jar
Launcher Type: SUN_STANDARD

[Global flags]
    uintx AdaptiveSizePolicyWeight                 = 90                                        {product} {command line}
     intx CICompilerCount                          = 2                                         {product} {ergonomic}
     bool EnableJVMCIProduct                       = true                                {JVMCI product} {jimage}
    uintx GCTimeRatio                              = 4                                         {product} {command line}
   size_t InitialHeapSize                          = 104857600                                 {product} {command line}
     uint JVMCIThreadsPerNativeLibraryRuntime      = 1                                   {JVMCI product} {jimage}
   size_t MaxHeapSize                              = 536870912                                 {product} {command line}
   size_t MaxNewSize                               = 178782208                                 {product} {ergonomic}
   size_t MinHeapDeltaBytes                        = 524288                                    {product} {ergonomic}
   size_t MinHeapSize                              = 104857600                                 {product} {command line}
   size_t NewSize                                  = 34603008                                  {product} {ergonomic}
    uintx NonNMethodCodeHeapSize                   = 5826188                                {pd product} {ergonomic}
    uintx NonProfiledCodeHeapSize                  = 122916026                              {pd product} {ergonomic}
   size_t OldSize                                  = 70254592                                  {product} {ergonomic}
    uintx ProfiledCodeHeapSize                     = 122916026                              {pd product} {ergonomic}
    uintx ReservedCodeCacheSize                    = 251658240                              {pd product} {ergonomic}
     bool SegmentedCodeCache                       = true                                      {product} {ergonomic}
   size_t SoftMaxHeapSize                          = 536870912                              {manageable} {ergonomic}
     intx ThreadPriorityPolicy                     = 1                                         {product} {jimage}
     bool UseCompressedClassPointers               = true                           {product lp64_product} {ergonomic}
     bool UseCompressedOops                        = true                           {product lp64_product} {ergonomic}
     bool UseParallelGC                            = true                                      {product} {command line}

Logging:
Log output configuration:
 #0: stdout all=warning uptime,level,tags
 #1: stderr all=off uptime,level,tags

Environment Variables:
JAVA_HOME=/nix/store/gpxl5qgg8kicmcvivwmybwjlpf7wh20l-graalvm17-ce-22.3.0
PATH=/nix/store/1d6ian3r8kdzspw8hacjhl3xkp40g1lj-binutils-wrapper-2.39/bin:/nix/store/dq0xwmsk1g0i2ayg6pb7y87na2knzylh-gcc-wrapper-11.3.0/bin:/nix/store/bap4d0lpcrhpwmpb8ayjcgkmvfj62lnq-bash-interactive-5.1-p16/bin:/nix/store/pr5n59mb4jzmfx6kanwxly0l07p861fg-patchelf-0.15.0/bin:/nix/store/1gf2flfqnpqbr1b4p4qz2f72y42bs56r-gcc-11.3.0/bin:/nix/store/57xv61c5zi8pphjbcwxxjlgc34p61ic9-glibc-2.35-163-bin/bin:/nix/store/a7gvj343m05j2s32xcnwr35v31ynlypr-coreutils-9.1/bin:/nix/store/039g378vc3pc3dvi9dzdlrd0i4q93qwf-binutils-2.39/bin:/nix/store/gpxl5qgg8kicmcvivwmybwjlpf7wh20l-graalvm17-ce-22.3.0/bin:/nix/store/6z9ag3ihc8mq2hzsw48lhbznvzny65nz-apache-maven-3.8.6/bin:/nix/store/m6gcpi1ii6rghy04cjwjddcavv7i90df-jdt-language-server-1.9.0/bin:/nix/store/84xs5alhs01zrbr4ywm05kxbjbp5590l-java-debug/bin:/nix/store/mydc6f4k2z73xlcz7ilif3v2lcaiqvza-findutils-4.9.0/bin:/nix/store/j9p3g8472iijd50vhdprx0nmk2fqn5gv-diffutils-3.8/bin:/nix/store/89zs7rms6x00xfq4dq6m7mjnhkr8a6r4-gnused-4.8/bin:/nix/store/86bp03jkmsl6f92w0yzg4s59g5mhxwmy-gnugrep-3.7/bin:/nix/store/hwcdqw4jrjnd37wxqgsd47hd0j8bnj09-gawk-5.1.1/bin:/nix/store/cfbhw8r8ags41vwqaz47r583d0p4h4a1-gnutar-1.34/bin:/nix/store/p3m1ndl1lapwrlh698bnb5lvvxh67378-gzip-1.12/bin:/nix/store/a8mhcagrsly7c7mpjrpsnaahk4aax056-bzip2-1.0.8-bin/bin:/nix/store/mblgz65m3zv9x548a3d5m96fj2pbwr09-gnumake-4.3/bin:/nix/store/dsd5gz46hdbdk2rfdimqddhq6m8m8fqs-bash-5.1-p16/bin:/nix/store/v7ljksji50mg3w61dykaa3n3y79n6nil-patch-2.7.6/bin:/nix/store/zlcnmqq14jz5x9439jf937mvayyl63da-xz-5.2.7-bin/bin:/nix/store/y6aj732zm9m87c82fpvf103a1xb22blp-file-5.43/bin:/nix/store/sgqd0ajghcv2axfl1lad0b1alyavp0dc-prybar-elisp-0.0.0-67f7a00/bin:/nix/store/p3hsvljpgs68jqwar41lc0jqhjj734lf-prybar-lua-0.0.0-67f7a00/bin:/nix/store/qzxs2gybds3s9kb1vkaflpgm2nwr85fh-prybar-python3-0.0.0-67f7a00/bin:/nix/store/km94z9mxp8w4m8gxxp5mbfpdf3nkfvd8-prybar-sqlite-0.0.0-67f7a00/bin:/nix/store/2pnc7b76asw0z59c4l6h6qy8arwqrii1-prybar-tcl-0.0.0-67f7a00/bin:/nix/store/hpbvrlwd5viqmvcaisb3x0118i913a9n-st
LD_LIBRARY_PATH=/nix/store/a4pff549sk2idnkpzk5nsfps3mdkdnvm-cups-2.4.2-lib/lib:/nix/store/72mqxxhh3cy5yifh92wh2yb8cl2hikyy-cairo-1.16.0/lib:/nix/store/2k366jrbsra97gjfxwvrhvixjfxdach5-glib-2.74.1/lib:/nix/store/2j2znigd8ak37rlwh9khz0ry3clqlw1l-gtk+3-3.24.34/lib:/nix/store/hisqvx32cd57apbpcsnkpx6k3549wql1-libglvnd-1.4.0/lib:/nix/store/p36pgcv991mq5srvg765b78yqpxvk3qs-mesa-21.3.3-drivers/lib:/nix/store/mav4251if1ahjq5vkpwycyyvnmy459c4-pulseaudio-14.2/lib
DISPLAY=:0
LANG=en_US.UTF-8

Signal Handlers:
   SIGSEGV: crash_handler in libjvm.so, mask=11100100010111111101111111111110, flags=SA_RESTART|SA_SIGINFO
    SIGBUS: crash_handler in libjvm.so, mask=11100100010111111101111111111110, flags=SA_RESTART|SA_SIGINFO
    SIGFPE: crash_handler in libjvm.so, mask=11100100010111111101111111111110, flags=SA_RESTART|SA_SIGINFO
   SIGPIPE: IsolateEnterStub_IgnoreSIGPIPEStartupHook_noopSignalHandler_8f19bff2f35b5f630d83b364d6b2339320d4ec70_216e8361c6bc87a8f89f58cc10d3b2fd4415bf87 in libjvmcicompiler.so, mask=00000000000000000000000000000000, flags=SA_RESTART
  *** Handler was modified!
  *** Expected: javaSignalHandler in libjvm.so, mask=11100100110111111111111111111110, flags=SA_RESTART|SA_SIGINFO
   SIGXFSZ: javaSignalHandler in libjvm.so, mask=11100100010111111101111111111110, flags=SA_RESTART|SA_SIGINFO
    SIGILL: crash_handler in libjvm.so, mask=11100100010111111101111111111110, flags=SA_RESTART|SA_SIGINFO
   SIGUSR2: SR_handler in libjvm.so, mask=00000000000000000000000000000000, flags=SA_RESTART|SA_SIGINFO
    SIGHUP: UserHandler in libjvm.so, mask=11100100010111111101111111111110, flags=SA_RESTART|SA_SIGINFO
    SIGINT: UserHandler in libjvm.so, mask=11100100010111111101111111111110, flags=SA_RESTART|SA_SIGINFO
   SIGTERM: UserHandler in libjvm.so, mask=11100100010111111101111111111110, flags=SA_RESTART|SA_SIGINFO
   SIGQUIT: UserHandler in libjvm.so, mask=11100100010111111101111111111110, flags=SA_RESTART|SA_SIGINFO
  *** Handler was modified!
  *** Expected: javaSignalHandler in libjvm.so, mask=11100100110111111111111111111110, flags=SA_RESTART|SA_SIGINFO
   SIGTRAP: crash_handler in libjvm.so, mask=11100100010111111101111111111110, flags=SA_RESTART|SA_SIGINFO


---------------  S Y S T E M  ---------------

OS:
DISTRIB_ID=Ubuntu
DISTRIB_RELEASE=20.04
DISTRIB_CODENAME=focal
DISTRIB_DESCRIPTION="Ubuntu 20.04.2 LTS"
uname: Linux 5.15.0-1027-gcp #34~20.04.1-Ubuntu SMP Mon Jan 9 18:40:09 UTC 2023 x86_64
OS uptime: 0 days 3:39 hours
libc: glibc 2.35 NPTL 2.35 
rlimit (soft/hard): STACK 8192k/infinity , CORE infinity/infinity , NPROC infinity/infinity , NOFILE 5242/5242 , AS infinity/infinity , CPU infinity/infinity , DATA infinity/infinity , FSIZE infinity/infinity , MEMLOCK 64k/64k
load average: 18.77 20.38 17.05

/proc/meminfo:
MemTotal:       65852740 kB
MemFree:        26253412 kB
MemAvailable:   47649824 kB
Buffers:         1836108 kB
Cached:         18390116 kB
SwapCached:            0 kB
Active:          7475632 kB
Inactive:       28479544 kB
Active(anon):      15096 kB
Inactive(anon): 15280352 kB
Active(file):    7460536 kB
Inactive(file): 13199192 kB
Unevictable:       44508 kB
Mlocked:           44508 kB
SwapTotal:             0 kB
SwapFree:              0 kB
Dirty:              1812 kB
Writeback:            96 kB
AnonPages:      14567136 kB
Mapped:          1789656 kB
Shmem:             37848 kB
KReclaimable:    1463288 kB
Slab:            2622284 kB
SReclaimable:    1463288 kB
SUnreclaim:      1158996 kB
KernelStack:      406532 kB
PageTables:       170236 kB
NFS_Unstable:          0 kB
Bounce:                0 kB
WritebackTmp:          0 kB
CommitLimit:    32926368 kB
Committed_AS:   77728344 kB
VmallocTotal:   34359738367 kB
VmallocUsed:      443800 kB
VmallocChunk:          0 kB
Percpu:            55936 kB
HardwareCorrupted:     0 kB
AnonHugePages:    401408 kB
ShmemHugePages:        0 kB
ShmemPmdMapped:        0 kB
FileHugePages:         0 kB
FilePmdMapped:         0 kB
HugePages_Total:       0
HugePages_Free:        0
HugePages_Rsvd:        0
HugePages_Surp:        0
Hugepagesize:       2048 kB
Hugetlb:               0 kB
DirectMap4k:     3621696 kB
DirectMap2M:    41463808 kB
DirectMap1G:    24117248 kB

/sys/kernel/mm/transparent_hugepage/enabled: always [madvise] never
/sys/kernel/mm/transparent_hugepage/defrag (defrag/compaction efforts parameter): always defer defer+madvise [madvise] never

Process Memory:
Virtual Size: 4589656K (peak: 4673340K)
Resident Set Size: 752896K (peak: 787652K) (anon: 559496K, file: 193400K, shmem: 0K)
Swapped out: 0K
C-Heap outstanding allocations: 40893K, retained: 14590K
glibc malloc tunables: (default)

/proc/sys/kernel/threads-max (system-wide limit on the number of threads): 514406
/proc/sys/vm/max_map_count (maximum number of memory map areas a process may have): 65530
/proc/sys/kernel/pid_max (system-wide limit on number of process identifiers): 4194304

container (cgroup) information:
container_type: cgroupv1
cpu_cpuset_cpus: 2-7
cpu_memory_nodes: 0
active_processor_count: 1
cpu_quota: 50000
cpu_period: 100000
cpu_shares: 512
memory_limit_in_bytes: 1048576 k
memory_and_swap_limit_in_bytes: 1048576 k
memory_soft_limit_in_bytes: 524288 k
memory_usage_in_bytes: 624420 k
memory_max_usage_in_bytes: 698540 k
maximum number of tasks: 1000
current number of tasks: 64

KVM virtualization detected
Steal ticks since vm start: 0
Steal ticks percentage since vm start:  0.000

CPU: total 8 (initial active 1) (8 cores per cpu, 2 threads per core) family 23 model 49 stepping 0 microcode 0xffffffff, cx8, cmov, fxsr, ht, mmx, 3dnowpref, sse, sse2, sse3, ssse3, sse4a, sse4.1, sse4.2, popcnt, lzcnt, tsc, tscinvbit, avx, avx2, aes, clmul, bmi1, bmi2, adx, sha, fma, vzeroupper, clflush, clflushopt, hv
CPU Model and flags from /proc/cpuinfo:
model name	: AMD EPYC 7B12
flags		: fpu vme de pse tsc msr pae mce cx8 apic sep mtrr pge mca cmov pat pse36 clflush mmx fxsr sse sse2 ht syscall nx mmxext fxsr_opt pdpe1gb rdtscp lm constant_tsc rep_good nopl nonstop_tsc cpuid extd_apicid tsc_known_freq pni pclmulqdq ssse3 fma cx16 sse4_1 sse4_2 movbe popcnt aes xsave avx f16c rdrand hypervisor lahf_lm cmp_legacy cr8_legacy abm sse4a misalignsse 3dnowprefetch osvw topoext ssbd ibrs ibpb stibp vmmcall fsgsbase tsc_adjust bmi1 avx2 smep bmi2 rdseed adx smap clflushopt clwb sha_ni xsaveopt xsavec xgetbv1 clzero xsaveerptr arat npt nrip_save umip rdpid

Online cpus: 0-7
Offline cpus: 
BIOS frequency limitation: <Not Available>
Frequency switch latency (ns): <Not Available>
Available cpu frequencies: <Not Available>
Current governor: <Not Available>
Core performance/turbo boost: <Not Available>

Memory: 4k page, physical 1048576k(424144k free), swap 0k(0k free)
Page Sizes: 4k

vm_info: OpenJDK 64-Bit Server VM (17.0.5+8-jvmci-22.3-b08) for linux-amd64 JRE (17.0.5+8-jvmci-22.3-b08), built on Oct 19 2022 09:01:27 by "buildslave" with gcc 10.3.0

END.
