#
# A fatal error has been detected by the Java Runtime Environment:
#
#  Internal Error (jvmciRuntime.cpp:1609), pid=30, tid=44
#  fatal error: Fatal exception in JVMCI: Error calling jdk.vm.ci.services.Services.serializeSavedProperties
#
# JRE version: OpenJDK Runtime Environment GraalVM CE 22.3.0 (17.0.5+8) (build 17.0.5+8-jvmci-22.3-b08)
# Java VM: OpenJDK 64-Bit Server VM GraalVM CE 22.3.0 (17.0.5+8-jvmci-22.3-b08, mixed mode, sharing, tiered, jvmci, jvmci compiler, compressed oops, compressed class ptrs, parallel gc, linux-amd64)
# Problematic frame:
# V  [libjvm.so+0x972714]  JVMCIRuntime::fatal_exception(JVMCIEnv*, char const*)+0x74
#
# Core dump will be written. Default location: Core dumps may be processed with "/usr/share/apport/apport -p%p -s%s -c%c -d%d -P%P -u%u -g%g -- %E" (or dumping to /home/runner/Battleship/core.30)
#
# If you would like to submit a bug report, please visit:
#   https://github.com/oracle/graal/issues
#

---------------  S U M M A R Y ------------

Command Line: -XX:ThreadPriorityPolicy=1 -XX:+UnlockExperimentalVMOptions -XX:+EnableJVMCIProduct -XX:JVMCIThreadsPerNativeLibraryRuntime=1 -XX:-UnlockExperimentalVMOptions -Declipse.application=org.eclipse.jdt.ls.core.id1 -Dosgi.bundles.defaultStartLevel=4 -Declipse.product=org.eclipse.jdt.ls.core.product -Dlog.level=ALL -Xverify:none -XX:+UseParallelGC -XX:GCTimeRatio=4 -XX:AdaptiveSizePolicyWeight=90 -Dsun.zip.disableMemoryMapping=true -Xmx512m -Xms100m /nix/store/m6gcpi1ii6rghy04cjwjddcavv7i90df-jdt-language-server-1.9.0/share/java/plugins/org.eclipse.equinox.launcher_1.6.400.v20210924-0641.jar --add-modules=ALL-SYSTEM --add-opens java.base/java.util=ALL-UNNAMED --add-opens java.base/java.lang=ALL-UNNAMED -configuration /home/runner/.cache/jdt-language-server/config -data /home/runner/.cache/jdt-language-server/data/home/runner/Battleship

Host: AMD EPYC 7B12, 8 cores, 1G, Ubuntu 20.04.2 LTS
Time: Sun Jan 29 18:03:22 2023 UTC elapsed time: 1114.044980 seconds (0d 0h 18m 34s)

---------------  T H R E A D  ---------------

Current thread (0x00007f46500b21d0):  JavaThread "JVMCI-native CompilerThread0" daemon [_thread_in_vm, id=44, stack(0x00007f463621a000,0x00007f463641a000)]


Current CompileTask:
JVMCI-native:1114046 10224 % !   4       jdk.internal.reflect.UTF8::encode @ 17 (191 bytes)

Stack: [0x00007f463621a000,0x00007f463641a000],  sp=0x00007f4636418380,  free space=2040k
Native frames: (J=compiled Java code, j=interpreted, Vv=VM code, C=native code)
V  [libjvm.so+0x972714]  JVMCIRuntime::fatal_exception(JVMCIEnv*, char const*)+0x74
V  [libjvm.so+0x93e2fe]  JVMCIEnv::copy_saved_properties()+0x14e
V  [libjvm.so+0x9732a9]  JVMCIRuntime::initialize(JVMCIEnv*)+0xb19
V  [libjvm.so+0x9738a2]  JVMCIRuntime::get_HotSpotJVMCIRuntime(JVMCIEnv*)+0x12
V  [libjvm.so+0x9749f2]  JVMCIRuntime::compile_method(JVMCIEnv*, JVMCICompiler*, methodHandle const&, int)+0xd2
V  [libjvm.so+0x5b0d20]  CompileBroker::invoke_compiler_on_method(CompileTask*)+0x1470
V  [libjvm.so+0x5b12e8]  CompileBroker::compiler_thread_loop()+0x528
V  [libjvm.so+0xd82460]  JavaThread::thread_main_inner()+0xd0
V  [libjvm.so+0xd85a40]  Thread::call_run()+0xc0
V  [libjvm.so+0xbdb1e1]  thread_native_entry(Thread*)+0xe1

Register to memory mapping:

RAX=0x00007f4655f6f000 points into unknown readable memory: 0x0000000000000058 | 58 00 00 00 00 00 00 00
RBX=0x00007f465706a398: <offset 0x0000000000ef5398> in /nix/store/gpxl5qgg8kicmcvivwmybwjlpf7wh20l-graalvm17-ce-22.3.0/lib/server/libjvm.so at 0x00007f4656175000
RCX=0x00007f46570221e8: <offset 0x0000000000ead1e8> in /nix/store/gpxl5qgg8kicmcvivwmybwjlpf7wh20l-graalvm17-ce-22.3.0/lib/server/libjvm.so at 0x00007f4656175000
RDX=0x0000000000000649 is an unknown value
RSP=0x00007f4636418380 is pointing into the stack for thread: 0x00007f46500b21d0
RBP=0x00007f46364183a0 is pointing into the stack for thread: 0x00007f46500b21d0
RSI=0x00007f465706ac48: <offset 0x0000000000ef5c48> in /nix/store/gpxl5qgg8kicmcvivwmybwjlpf7wh20l-graalvm17-ce-22.3.0/lib/server/libjvm.so at 0x00007f4656175000
RDI=0x00000000e0000000 is an oop: java.lang.String 
{0x00000000e0000000} - klass: 'java/lang/String'
 - string: "resolution"
R8 =0x00007f465706a398: <offset 0x0000000000ef5398> in /nix/store/gpxl5qgg8kicmcvivwmybwjlpf7wh20l-graalvm17-ce-22.3.0/lib/server/libjvm.so at 0x00007f4656175000
R9 =0x0000000000000003 is an unknown value
R10=0x00007f46573bbda0: <offset 0x0000000001246da0> in /nix/store/gpxl5qgg8kicmcvivwmybwjlpf7wh20l-graalvm17-ce-22.3.0/lib/server/libjvm.so at 0x00007f4656175000
R11=0x000000080044f048 is pointing into metadata
R12=0x0 is NULL
R13=0x00007f46500b21d0 is a thread
R14=0x00007f4650000b80 points into unknown readable memory: 0x00007f465729ba38 | 38 ba 29 57 46 7f 00 00
R15=0x00007f46573a9e40: <offset 0x0000000001234e40> in /nix/store/gpxl5qgg8kicmcvivwmybwjlpf7wh20l-graalvm17-ce-22.3.0/lib/server/libjvm.so at 0x00007f4656175000


Registers:
RAX=0x00007f4655f6f000, RBX=0x00007f465706a398, RCX=0x00007f46570221e8, RDX=0x0000000000000649
RSP=0x00007f4636418380, RBP=0x00007f46364183a0, RSI=0x00007f465706ac48, RDI=0x00000000e0000000
R8 =0x00007f465706a398, R9 =0x0000000000000003, R10=0x00007f46573bbda0, R11=0x000000080044f048
R12=0x0000000000000000, R13=0x00007f46500b21d0, R14=0x00007f4650000b80, R15=0x00007f46573a9e40
RIP=0x00007f4656ae7714, EFLAGS=0x0000000000010206, CSGSFS=0x002b000000000033, ERR=0x0000000000000006
  TRAPNO=0x000000000000000e

Top of Stack: (sp=0x00007f4636418380)
0x00007f4636418380:   00007f4636418940 00007f46500b21d0
0x00007f4636418390:   00007f46549008c8 0000000800c417a0
0x00007f46364183a0:   00007f4636418500 00007f4656ab32fe
0x00007f46364183b0:   00007f46364183e0 00007f4636418440 

Instructions: (pc=0x00007f4656ae7714)
0x00007f4656ae7614:   30 e8 f6 cf e8 ff 4c 89 e7 e8 2e 48 d1 ff 84 db
0x00007f4656ae7624:   75 2a 4d 85 ed 74 04 4d 8b 6d 00 48 83 c4 08 44
0x00007f4656ae7634:   89 f9 4c 89 f2 4c 89 ee 5b 4c 89 e7 41 5c 41 5d
0x00007f4656ae7644:   41 5e 41 5f 5d e9 e2 47 d1 ff 66 90 48 83 c4 08
0x00007f4656ae7654:   5b 41 5c 41 5d 41 5e 41 5f 5d c3 90 31 d2 be 08
0x00007f4656ae7664:   00 00 00 4c 89 ff e8 b1 78 a3 ff 49 89 c5 e9 37
0x00007f4656ae7674:   ff ff ff 66 0f 1f 84 00 00 00 00 00 48 8b 7a 08
0x00007f4656ae7684:   e9 6d ff ff ff 0f 1f 80 00 00 00 00 e8 5b 48 0a
0x00007f4656ae7694:   00 84 c0 75 89 e9 6a ff ff ff 66 90 55 48 89 e5
0x00007f4656ae76a4:   41 56 41 55 41 54 49 89 fc 53 48 89 f3 66 48 8d
0x00007f4656ae76b4:   3d 27 5e 85 00 66 66 48 e8 df 43 8d ff 4c 8b 28
0x00007f4656ae76c4:   8b 05 be 72 8a 00 85 c0 75 14 ba 01 00 00 00 48
0x00007f4656ae76d4:   8d 0d ae 72 8a 00 f0 0f b1 11 85 c0 74 4e be c8
0x00007f4656ae76e4:   00 00 00 4c 89 ef e8 01 0b 41 00 48 8d 05 12 ac
0x00007f4656ae76f4:   85 00 49 89 d8 48 8d 0d e8 aa 53 00 ba 49 06 00
0x00007f4656ae7704:   00 48 8d 35 3c 35 58 00 bf 00 00 00 e0 48 8b 00
0x00007f4656ae7714:   c6 00 58 31 c0 e8 e2 91 c6 ff 5b 41 5c 41 5d 41
0x00007f4656ae7724:   5e 5d e9 55 34 26 00 0f 1f 44 00 00 48 8d 05 81
0x00007f4656ae7734:   a3 8b 00 48 89 df 4c 8b 30 e8 9e 43 8d ff 48 89
0x00007f4656ae7744:   de 48 89 c2 49 8b 06 4c 89 f7 ff 50 08 4c 89 f7
0x00007f4656ae7754:   e8 a7 5c 27 00 4d 85 e4 74 12 be 01 00 00 00 4c
0x00007f4656ae7764:   89 e7 e8 35 43 fc ff eb 82 0f 1f 00 be 01 00 00
0x00007f4656ae7774:   00 4c 89 ef e8 d3 fd ff ff e9 6d ff ff ff 66 66
0x00007f4656ae7784:   2e 0f 1f 84 00 00 00 00 00 0f 1f 00 55 48 89 e5
0x00007f4656ae7794:   41 57 41 56 41 55 41 54 53 48 81 ec 08 02 00 00
0x00007f4656ae77a4:   64 48 8b 04 25 28 00 00 00 48 89 45 c8 8b 07 83
0x00007f4656ae77b4:   f8 02 0f 84 11 04 00 00 4c 8b 6f 18 49 89 ff 49
0x00007f4656ae77c4:   89 f4 4d 85 ed 74 14 4c 89 ef e8 5d 57 22 00 41
0x00007f4656ae77d4:   8b 07 83 f8 02 0f 84 19 04 00 00 48 8d 1d 9a 06
0x00007f4656ae77e4:   8a 00 4c 8d 35 0b 3c 58 00 eb 38 90 48 85 d2 7f
0x00007f4656ae77f4:   0d 48 8d 05 b4 c0 85 00 48 83 38 00 7e 0e 41 8b
0x00007f4656ae7804:   77 2c 4c 89 f7 31 c0 e8 a0 b2 f7 ff 49 8b 7f 18 


Stack slot to memory mapping:
stack at sp + 0 slots: 0x00007f4636418940 is pointing into the stack for thread: 0x00007f46500b21d0
stack at sp + 1 slots: 0x00007f46500b21d0 is a thread
stack at sp + 2 slots: 0x00007f46549008c8 points into unknown readable memory: 0x6573001880c9ffff | ff ff c9 80 18 00 73 65
stack at sp + 3 slots: 0x0000000800c417a0 is a pointer to class: 
jdk.vm.ci.services.Services {0x0000000800c417a0}
 - instance size:     2
 - klass size:        65
 - access:            public final synchronized 
 - state:             fully_initialized
 - name:              'jdk/vm/ci/services/Services'
 - super:             'java/lang/Object'
 - sub:               
 - arrays:            NULL
 - methods:           Array<T>(0x00007f4636c43d70)
 - method ordering:   Array<T>(0x0000000800928960)
 - default_methods:   Array<T>(0x0000000000000000)
 - local interfaces:  Array<T>(0x00000008005ce810)
 - trans. interfaces: Array<T>(0x00000008005ce810)
 - constants:         constant pool [427] {0x00007f4636c42e50} for 'jdk/vm/ci/services/Services' cache=0x00007f4636c45040
 - class loader data:  loader data: 0x00007f46500283f0 of 'bootstrap'
 - source file:       'Services.java'
 - class annotations:       Array<T>(0x0000000000000000)
 - class type annotations:  Array<T>(0x0000000000000000)
 - field annotations:       Array<T>(0x0000000000000000)
 - field type annotations:  Array<T>(0x0000000000000000)
 - inner classes:     Array<T>(0x00007f4636c45010)
 - nest members:     Array<T>(0x00007f4636c45030)
 - permitted subclasses:     Array<T>(0x00000008005ce7a0)
 - java mirror:       a 'java/lang/Class'{0x00000000e0148720} = 'jdk/vm/ci/services/Services'
 - vtable length      5  (start addr: 0x0000000800c41970)
 - itable length      2 (start addr: 0x0000000800c41998)
 - ---- static fields (3 words):
 - public static final 'IS_BUILDING_NATIVE_IMAGE' 'Z' @128 
 - public static final 'IS_IN_NATIVE_IMAGE' 'Z' @129 
 - private static volatile 'savedProperties' 'Ljava/util/Map;' @112 
 - static final 'JVMCI_ENABLED' 'Z' @130 
 - private static final 'servicesCache' 'Ljava/util/Map;' @116 
 - private static final 'MAX_UNICODE_IN_UTF8_LENGTH' 'I' @120 
 - private static final 'MAX_UTF8_PROPERTY_STRING_LENGTH' 'I' @124 
 - ---- non-static fields (0 words):
 - non-static oop maps: 
stack at sp + 4 slots: 0x00007f4636418500 is pointing into the stack for thread: 0x00007f46500b21d0
stack at sp + 5 slots: 0x00007f4656ab32fe: <offset 0x000000000093e2fe> in /nix/store/gpxl5qgg8kicmcvivwmybwjlpf7wh20l-graalvm17-ce-22.3.0/lib/server/libjvm.so at 0x00007f4656175000
stack at sp + 6 slots: 0x00007f46364183e0 is pointing into the stack for thread: 0x00007f46500b21d0
stack at sp + 7 slots: 0x00007f4636418440 is pointing into the stack for thread: 0x00007f46500b21d0


---------------  P R O C E S S  ---------------

Threads class SMR info:
_java_thread_list=0x00007f45c00ab4e0, length=26, elements={
0x00007f4650026690, 0x00007f46500a64d0, 0x00007f46500a7910, 0x00007f46500ae040,
0x00007f46500af3f0, 0x00007f46500b07e0, 0x00007f46500b21d0, 0x00007f46500b36e0,
0x00007f46500b4740, 0x00007f46500d7300, 0x00007f465011ea60, 0x00007f465031cac0,
0x00007f4650350290, 0x00007f46503522d0, 0x00007f46501d60e0, 0x00007f45e4016d40,
0x00007f45e42a2a70, 0x00007f45e4304b50, 0x00007f45e4484900, 0x00007f45e465a0f0,
0x00007f45d8007830, 0x00007f465039eb00, 0x00007f46503bcc90, 0x00007f45c0000ff0,
0x00007f45e016fe00, 0x00007f45c8001130
}

Java Threads: ( => current thread )
  0x00007f4650026690 JavaThread "main" [_thread_blocked, id=36, stack(0x00007f4655f90000,0x00007f4656090000)]
  0x00007f46500a64d0 JavaThread "Reference Handler" daemon [_thread_blocked, id=39, stack(0x00007f4636b00000,0x00007f4636c00000)]
  0x00007f46500a7910 JavaThread "Finalizer" daemon [_thread_blocked, id=40, stack(0x00007f4636a00000,0x00007f4636b00000)]
  0x00007f46500ae040 JavaThread "Signal Dispatcher" daemon [_thread_blocked, id=41, stack(0x00007f463661a000,0x00007f463671a000)]
  0x00007f46500af3f0 JavaThread "Service Thread" daemon [_thread_blocked, id=42, stack(0x00007f463651a000,0x00007f463661a000)]
  0x00007f46500b07e0 JavaThread "Monitor Deflation Thread" daemon [_thread_blocked, id=43, stack(0x00007f463641a000,0x00007f463651a000)]
=>0x00007f46500b21d0 JavaThread "JVMCI-native CompilerThread0" daemon [_thread_in_vm, id=44, stack(0x00007f463621a000,0x00007f463641a000)]
  0x00007f46500b36e0 JavaThread "C1 CompilerThread0" daemon [_thread_blocked, id=45, stack(0x00007f463601a000,0x00007f463621a000)]
  0x00007f46500b4740 JavaThread "Sweeper thread" daemon [_thread_blocked, id=46, stack(0x00007f4635f1a000,0x00007f463601a000)]
  0x00007f46500d7300 JavaThread "Common-Cleaner" daemon [_thread_blocked, id=47, stack(0x00007f4635e1a000,0x00007f4635f1a000)]
  0x00007f465011ea60 JavaThread "Notification Thread" daemon [_thread_blocked, id=49, stack(0x00007f4635d1a000,0x00007f4635e1a000)]
  0x00007f465031cac0 JavaThread "Active Thread: Equinox Container: 79300629-6a10-4618-bb06-0f22e6be8156" [_thread_blocked, id=63, stack(0x00007f4634900000,0x00007f4634a00000)]
  0x00007f4650350290 JavaThread "Framework Event Dispatcher: Equinox Container: 79300629-6a10-4618-bb06-0f22e6be8156" daemon [_thread_blocked, id=64, stack(0x00007f4634700000,0x00007f4634800000)]
  0x00007f46503522d0 JavaThread "Start Level: Equinox Container: 79300629-6a10-4618-bb06-0f22e6be8156" daemon [_thread_blocked, id=65, stack(0x00007f4634500000,0x00007f4634600000)]
  0x00007f46501d60e0 JavaThread "Refresh Thread: Equinox Container: 79300629-6a10-4618-bb06-0f22e6be8156" daemon [_thread_blocked, id=74, stack(0x00007f4634300000,0x00007f4634400000)]
  0x00007f45e4016d40 JavaThread "SCR Component Actor" daemon [_thread_blocked, id=83, stack(0x00007f4634100000,0x00007f4634200000)]
  0x00007f45e42a2a70 JavaThread "Worker-JM" [_thread_blocked, id=88, stack(0x00007f45fd900000,0x00007f45fda00000)]
  0x00007f45e4304b50 JavaThread "Worker-0: Java indexing... " [_thread_blocked, id=94, stack(0x00007f45fd700000,0x00007f45fd800000)]
  0x00007f45e4484900 JavaThread "Java indexing" daemon [_thread_blocked, id=96, stack(0x00007f45fd300000,0x00007f45fd400000)]
  0x00007f45e465a0f0 JavaThread "Bundle File Closer" daemon [_thread_blocked, id=97, stack(0x00007f45fd100000,0x00007f45fd200000)]
  0x00007f45d8007830 JavaThread "Worker-2: Periodic workspace save." [_thread_blocked, id=106, stack(0x00007f45fcf00000,0x00007f45fd000000)]
  0x00007f465039eb00 JavaThread "pool-3-thread-1" [_thread_blocked, id=107, stack(0x00007f45fcd00000,0x00007f45fce00000)]
  0x00007f46503bcc90 JavaThread "pool-2-thread-1" [_thread_blocked, id=116, stack(0x00007f45fdb00000,0x00007f45fdc00000)]
  0x00007f45c0000ff0 JavaThread "Worker-4: Compacting resource model" [_thread_blocked, id=118, stack(0x00007f45fc900000,0x00007f45fca00000)]
  0x00007f45e016fe00 JavaThread "Thread-13" [_thread_blocked, id=444, stack(0x00007f45fc700000,0x00007f45fc800000)]
  0x00007f45c8001130 JavaThread "Worker-5" [_thread_blocked, id=1678, stack(0x00007f45fd500000,0x00007f45fd600000)]

Other Threads:
  0x00007f46500a1c10 VMThread "VM Thread" [stack: 0x00007f46540a9000,0x00007f46541a9000] [id=38] _threads_hazard_ptr=0x00007f45c00ab4e0
  0x00007f4650120400 WatcherThread [stack: 0x00007f4635c1a000,0x00007f4635d1a000] [id=50]
  0x00007f465003df30 GCTaskThread "GC Thread#0" [stack: 0x00007f4655b53000,0x00007f4655c53000] [id=37]

Threads with active compile tasks:
JVMCI-native CompilerThread0  1114100 10224 % !   4       jdk.internal.reflect.UTF8::encode @ 17 (191 bytes)

VM state: synchronizing (normal execution)

VM Mutex/Monitor currently owned by a thread:  ([mutex/lock_event])
[0x00007f4650023840] Threads_lock - owner thread: 0x00007f46500a1c10
[0x00007f4650023ff0] Heap_lock - owner thread: 0x00007f45e4484900

OutOfMemory and StackOverflow Exception counts:
OutOfMemoryError java_heap_errors=2
LinkageErrors=48

Heap address: 0x00000000e0000000, size: 512 MB, Compressed Oops mode: 32-bit

CDS archive(s) mapped at: [0x0000000800000000-0x0000000800bc8000-0x0000000800bc8000), size 12353536, SharedBaseAddress: 0x0000000800000000, ArchiveRelocationMode: 0.
Compressed class space mapped at: 0x0000000800c00000-0x0000000840c00000, reserved size: 1073741824
Narrow klass base: 0x0000000800000000, Narrow klass shift: 0, Narrow klass range: 0x100000000

GC Precious Log:
 CPUs: 8 total, 1 available
 Memory: 1024M
 Large Page Support: Disabled
 NUMA Support: Disabled
 Compressed Oops: Enabled (32-bit)
 Alignments: Space 512K, Generation 512K, Heap 2M
 Heap Min Capacity: 100M
 Heap Initial Capacity: 100M
 Heap Max Capacity: 512M
 Pre-touch: Disabled
 Parallel Workers: 1

Heap:
 PSYoungGen      total 47616K, used 34815K [0x00000000f5580000, 0x00000000f9280000, 0x0000000100000000)
  eden space 34816K, 99% used [0x00000000f5580000,0x00000000f777fff8,0x00000000f7780000)
  from space 12800K, 0% used [0x00000000f8400000,0x00000000f8400000,0x00000000f9080000)
  to   space 512K, 0% used [0x00000000f7880000,0x00000000f7880000,0x00000000f7900000)
 ParOldGen       total 349696K, used 349693K [0x00000000e0000000, 0x00000000f5580000, 0x00000000f5580000)
  object space 349696K, 99% used [0x00000000e0000000,0x00000000f557f6c8,0x00000000f5580000)
 Metaspace       used 59720K, committed 60544K, reserved 1105920K
  class space    used 5779K, committed 6144K, reserved 1048576K

Card table byte_map: [0x00007f4655c53000,0x00007f4655d54000] _byte_map_base: 0x00007f4655553000

Marking Bits: (ParMarkBitMap*) 0x00007f46573a34c0
 Begin Bits: [0x00007f4654aa6000, 0x00007f46552a6000)
 End Bits:   [0x00007f46552a6000, 0x00007f4655aa6000)

Polling page: 0x00007f4655f6d000

Metaspace:

Usage:
  Non-class:     52.68 MB used.
      Class:      5.64 MB used.
       Both:     58.32 MB used.

Virtual space:
  Non-class space:       56.00 MB reserved,      53.12 MB ( 95%) committed,  7 nodes.
      Class space:        1.00 GB reserved,       6.00 MB ( <1%) committed,  1 nodes.
             Both:        1.05 GB reserved,      59.12 MB (  5%) committed. 

Chunk freelists:
   Non-Class:  1.98 MB
       Class:  2.03 MB
        Both:  4.02 MB

MaxMetaspaceSize: unlimited
CompressedClassSpaceSize: 1.00 GB
Initial GC threshold: 21.00 MB
Current GC threshold: 98.56 MB
CDS: on
MetaspaceReclaimPolicy: balanced
 - commit_granule_bytes: 65536.
 - commit_granule_words: 8192.
 - virtual_space_node_default_size: 1048576.
 - enlarge_chunks_in_place: 1.
 - new_chunks_are_fully_committed: 0.
 - uncommit_free_chunks: 1.
 - use_allocation_guard: 0.
 - handle_deallocations: 1.


Internal statistics:

num_allocs_failed_limit: 6.
num_arena_births: 390.
num_arena_deaths: 82.
num_vsnodes_births: 8.
num_vsnodes_deaths: 0.
num_space_committed: 942.
num_space_uncommitted: 0.
num_chunks_returned_to_freelist: 112.
num_chunks_taken_from_freelist: 2700.
num_chunk_merges: 43.
num_chunk_splits: 1741.
num_chunks_enlarged: 1081.
num_purges: 4.
num_inconsistent_stats: 0.

CodeHeap 'non-profiled nmethods': size=120036Kb used=2475Kb max_used=2475Kb free=117560Kb
 bounds [0x00007f463ef7a000, 0x00007f463f1ea000, 0x00007f46464b3000]
CodeHeap 'profiled nmethods': size=120032Kb used=17837Kb max_used=17837Kb free=102194Kb
 bounds [0x00007f4637a42000, 0x00007f4638bb2000, 0x00007f463ef7a000]
CodeHeap 'non-nmethods': size=5692Kb used=1393Kb max_used=1396Kb free=4298Kb
 bounds [0x00007f46374b3000, 0x00007f4637723000, 0x00007f4637a42000]
 total_blobs=8255 nmethods=7530 adapters=619
 compilation: enabled
              stopped_count=0, restarted_count=0
 full_count=0

JVMCI Events (20 events):
Event: 681.963 Thread 0x00007f46500b21d0 compacted oop handles in JVMCI runtime 0 from 44 to 44
Event: 681.963 Thread 0x00007f46500b21d0 releasing handles for JVMCI runtime 0: oop handles=44, metadata handles={total=94, live=81, blocks=40}
Event: 681.963 Thread 0x00007f46500b21d0 detached from JVMCI runtime 0
Event: 935.859 Thread 0x00007f46500b21d0 attached to JVMCI runtime 0
Event: 935.860 Thread 0x00007f46500b21d0 created JavaVM[7]@0x00007f45fbf9e340 for JVMCI runtime 0
Event: 935.860 Thread 0x00007f46500b21d0 initializing JVMCI runtime 0
Event: 935.860 Thread 0x00007f46500b21d0 done waiting for JavaVM references initialization in JVMCI runtime 0
Event: 960.104 Thread 0x00007f46500b21d0 initialized JVMCI runtime 0
Event: 973.651 Thread 0x00007f46500b21d0 compacted oop handles in JVMCI runtime 0 from 59 to 53
Event: 975.476 Thread 0x00007f46500b21d0 detaching from JVMCI runtime 0: releasing idle compiler thread (0 other threads still attached)
Event: 975.476 Thread 0x00007f46500b21d0 shutting down HotSpotJVMCIRuntime for JVMCI runtime 0
Event: 975.476 Thread 0x00007f46500b21d0 shut down JVMCI runtime 0
Event: 977.441 Thread 0x00007f46500b21d0 destroyed JavaVM[7]@0x00007f45fbf9e340 for JVMCI runtime 0
Event: 977.441 Thread 0x00007f46500b21d0 compacted oop handles in JVMCI runtime 0 from 55 to 55
Event: 977.441 Thread 0x00007f46500b21d0 releasing handles for JVMCI runtime 0: oop handles=55, metadata handles={total=96, live=92, blocks=40}
Event: 977.441 Thread 0x00007f46500b21d0 detached from JVMCI runtime 0
Event: 1044.856 Thread 0x00007f46500b21d0 attached to JVMCI runtime 0
Event: 1044.857 Thread 0x00007f46500b21d0 created JavaVM[8]@0x00007f45fbf9e340 for JVMCI runtime 0
Event: 1046.358 Thread 0x00007f46500b21d0 initializing JVMCI runtime 0
Event: 1046.358 Thread 0x00007f46500b21d0 done waiting for JavaVM references initialization in JVMCI runtime 0

Compilation events (20 events):
Event: 699.064 Thread 0x00007f46500b36e0 nmethod 10214 0x00007f4638ba7c10 code [0x00007f4638ba7de0, 0x00007f4638ba7fc0]
Event: 699.064 Thread 0x00007f46500b36e0 10215   !   3       org.eclipse.core.internal.jobs.ImplicitJobs::begin (310 bytes)
Event: 712.562 Thread 0x00007f46500b36e0 nmethod 10215 0x00007f4638ba8110 code [0x00007f4638ba84c0, 0x00007f4638baa630]
Event: 728.566 Thread 0x00007f46500b36e0 10216       3       java.util.concurrent.TimeUnit::convert (77 bytes)
Event: 730.271 Thread 0x00007f46500b36e0 nmethod 10216 0x00007f4638bab190 code [0x00007f4638bab3a0, 0x00007f4638bab760]
Event: 741.793 Thread 0x00007f46500b36e0 10217       3       java.util.ImmutableCollections$ListItr::hasNext (17 bytes)
Event: 741.793 Thread 0x00007f46500b36e0 nmethod 10217 0x00007f4638bab910 code [0x00007f4638babaa0, 0x00007f4638babc10]
Event: 804.163 Thread 0x00007f46500b36e0 10218       3       java.lang.CompoundEnumeration::next (58 bytes)
Event: 804.164 Thread 0x00007f46500b36e0 nmethod 10218 0x00007f4638babc90 code [0x00007f4638babe60, 0x00007f4638bac300]
Event: 826.237 Thread 0x00007f46500b36e0 10219       1       org.eclipse.osgi.internal.framework.EquinoxContainer::getStorage (5 bytes)
Event: 826.237 Thread 0x00007f46500b36e0 nmethod 10219 0x00007f463f1e4090 code [0x00007f463f1e4220, 0x00007f463f1e42f0]
Event: 935.859 Thread 0x00007f46500b21d0 10220       4       java.lang.invoke.VarHandle::checkExactAccessMode (28 bytes)
Event: 973.651 Thread 0x00007f46500b21d0 nmethod 10220 0x00007f463f1e4390 code [0x00007f463f1e4540, 0x00007f463f1e48b0]
Event: 973.651 Thread 0x00007f46500b21d0 10221       4       java.io.DataOutputStream::writeUTF (7 bytes)
Event: 973.654 Thread 0x00007f46500b21d0 nmethod 10221 0x00007f463f1e4b90 code [0x00007f463f1e4d20, 0x00007f463f1e4d90]
Event: 1000.453 Thread 0x00007f46500b36e0 10222       3       java.util.concurrent.ThreadPoolExecutor::isShutdown (12 bytes)
Event: 1000.454 Thread 0x00007f46500b36e0 nmethod 10222 0x00007f4638bac410 code [0x00007f4638bac5c0, 0x00007f4638bac7b0]
Event: 1002.068 Thread 0x00007f46500b36e0 10223       3       java.util.concurrent.ScheduledThreadPoolExecutor::canRunInCurrentRunState (61 bytes)
Event: 1002.069 Thread 0x00007f46500b36e0 nmethod 10223 0x00007f4638bac890 code [0x00007f4638bacaa0, 0x00007f4638bad540]
Event: 1044.856 Thread 0x00007f46500b21d0 10224 % !   4       jdk.internal.reflect.UTF8::encode @ 17 (191 bytes)

GC Heap History (20 events):
Event: 1094.785 GC heap before
{Heap before GC invocations=629 (full 530):
 PSYoungGen      total 47616K, used 34816K [0x00000000f5580000, 0x00000000f9280000, 0x0000000100000000)
  eden space 34816K, 100% used [0x00000000f5580000,0x00000000f7780000,0x00000000f7780000)
  from space 12800K, 0% used [0x00000000f8400000,0x00000000f8400000,0x00000000f9080000)
  to   space 512K, 0% used [0x00000000f7880000,0x00000000f7880000,0x00000000f7900000)
 ParOldGen       total 349696K, used 349695K [0x00000000e0000000, 0x00000000f5580000, 0x00000000f5580000)
  object space 349696K, 99% used [0x00000000e0000000,0x00000000f557ffd0,0x00000000f5580000)
 Metaspace       used 59720K, committed 60544K, reserved 1105920K
  class space    used 5779K, committed 6144K, reserved 1048576K
}
Event: 1096.491 GC heap after
{Heap after GC invocations=629 (full 530):
 PSYoungGen      total 35328K, used 34816K [0x00000000f5580000, 0x00000000f9280000, 0x0000000100000000)
  eden space 34816K, 100% used [0x00000000f5580000,0x00000000f7780000,0x00000000f7780000)
  from space 512K, 0% used [0x00000000f7880000,0x00000000f7880000,0x00000000f7900000)
  to   space 12800K, 0% used [0x00000000f8400000,0x00000000f8400000,0x00000000f9080000)
 ParOldGen       total 349696K, used 349695K [0x00000000e0000000, 0x00000000f5580000, 0x00000000f5580000)
  object space 349696K, 99% used [0x00000000e0000000,0x00000000f557ff50,0x00000000f5580000)
 Metaspace       used 59720K, committed 60544K, reserved 1105920K
  class space    used 5779K, committed 6144K, reserved 1048576K
}
Event: 1096.491 GC heap before
{Heap before GC invocations=630 (full 531):
 PSYoungGen      total 35328K, used 34816K [0x00000000f5580000, 0x00000000f9280000, 0x0000000100000000)
  eden space 34816K, 100% used [0x00000000f5580000,0x00000000f7780000,0x00000000f7780000)
  from space 512K, 0% used [0x00000000f7880000,0x00000000f7880000,0x00000000f7900000)
  to   space 12800K, 0% used [0x00000000f8400000,0x00000000f8400000,0x00000000f9080000)
 ParOldGen       total 349696K, used 349696K [0x00000000e0000000, 0x00000000f5580000, 0x00000000f5580000)
  object space 349696K, 100% used [0x00000000e0000000,0x00000000f5580000,0x00000000f5580000)
 Metaspace       used 59720K, committed 60544K, reserved 1105920K
  class space    used 5779K, committed 6144K, reserved 1048576K
}
Event: 1098.220 GC heap after
{Heap after GC invocations=630 (full 531):
 PSYoungGen      total 47616K, used 34816K [0x00000000f5580000, 0x00000000f9280000, 0x0000000100000000)
  eden space 34816K, 100% used [0x00000000f5580000,0x00000000f7780000,0x00000000f7780000)
  from space 12800K, 0% used [0x00000000f8400000,0x00000000f8400000,0x00000000f9080000)
  to   space 512K, 0% used [0x00000000f7880000,0x00000000f7880000,0x00000000f7900000)
 ParOldGen       total 349696K, used 349695K [0x00000000e0000000, 0x00000000f5580000, 0x00000000f5580000)
  object space 349696K, 99% used [0x00000000e0000000,0x00000000f557ff80,0x00000000f5580000)
 Metaspace       used 59720K, committed 60544K, reserved 1105920K
  class space    used 5779K, committed 6144K, reserved 1048576K
}
Event: 1098.221 GC heap before
{Heap before GC invocations=631 (full 532):
 PSYoungGen      total 47616K, used 34816K [0x00000000f5580000, 0x00000000f9280000, 0x0000000100000000)
  eden space 34816K, 100% used [0x00000000f5580000,0x00000000f7780000,0x00000000f7780000)
  from space 12800K, 0% used [0x00000000f8400000,0x00000000f8400000,0x00000000f9080000)
  to   space 512K, 0% used [0x00000000f7880000,0x00000000f7880000,0x00000000f7900000)
 ParOldGen       total 349696K, used 349695K [0x00000000e0000000, 0x00000000f5580000, 0x00000000f5580000)
  object space 349696K, 99% used [0x00000000e0000000,0x00000000f557ffc0,0x00000000f5580000)
 Metaspace       used 59720K, committed 60544K, reserved 1105920K
  class space    used 5779K, committed 6144K, reserved 1048576K
}
Event: 1099.871 GC heap after
{Heap after GC invocations=631 (full 532):
 PSYoungGen      total 35328K, used 34816K [0x00000000f5580000, 0x00000000f9280000, 0x0000000100000000)
  eden space 34816K, 100% used [0x00000000f5580000,0x00000000f7780000,0x00000000f7780000)
  from space 512K, 0% used [0x00000000f7880000,0x00000000f7880000,0x00000000f7900000)
  to   space 12800K, 0% used [0x00000000f8400000,0x00000000f8400000,0x00000000f9080000)
 ParOldGen       total 349696K, used 349695K [0x00000000e0000000, 0x00000000f5580000, 0x00000000f5580000)
  object space 349696K, 99% used [0x00000000e0000000,0x00000000f557ffb0,0x00000000f5580000)
 Metaspace       used 59720K, committed 60544K, reserved 1105920K
  class space    used 5779K, committed 6144K, reserved 1048576K
}
Event: 1099.871 GC heap before
{Heap before GC invocations=632 (full 533):
 PSYoungGen      total 35328K, used 34816K [0x00000000f5580000, 0x00000000f9280000, 0x0000000100000000)
  eden space 34816K, 100% used [0x00000000f5580000,0x00000000f7780000,0x00000000f7780000)
  from space 512K, 0% used [0x00000000f7880000,0x00000000f7880000,0x00000000f7900000)
  to   space 12800K, 0% used [0x00000000f8400000,0x00000000f8400000,0x00000000f9080000)
 ParOldGen       total 349696K, used 349695K [0x00000000e0000000, 0x00000000f5580000, 0x00000000f5580000)
  object space 349696K, 99% used [0x00000000e0000000,0x00000000f557ffb0,0x00000000f5580000)
 Metaspace       used 59720K, committed 60544K, reserved 1105920K
  class space    used 5779K, committed 6144K, reserved 1048576K
}
Event: 1101.642 GC heap after
{Heap after GC invocations=632 (full 533):
 PSYoungGen      total 47616K, used 34816K [0x00000000f5580000, 0x00000000f9280000, 0x0000000100000000)
  eden space 34816K, 100% used [0x00000000f5580000,0x00000000f7780000,0x00000000f7780000)
  from space 12800K, 0% used [0x00000000f8400000,0x00000000f8400000,0x00000000f9080000)
  to   space 512K, 0% used [0x00000000f7880000,0x00000000f7880000,0x00000000f7900000)
 ParOldGen       total 349696K, used 349695K [0x00000000e0000000, 0x00000000f5580000, 0x00000000f5580000)
  object space 349696K, 99% used [0x00000000e0000000,0x00000000f557ff58,0x00000000f5580000)
 Metaspace       used 59720K, committed 60544K, reserved 1105920K
  class space    used 5779K, committed 6144K, reserved 1048576K
}
Event: 1101.643 GC heap before
{Heap before GC invocations=633 (full 534):
 PSYoungGen      total 47616K, used 34816K [0x00000000f5580000, 0x00000000f9280000, 0x0000000100000000)
  eden space 34816K, 100% used [0x00000000f5580000,0x00000000f7780000,0x00000000f7780000)
  from space 12800K, 0% used [0x00000000f8400000,0x00000000f8400000,0x00000000f9080000)
  to   space 512K, 0% used [0x00000000f7880000,0x00000000f7880000,0x00000000f7900000)
 ParOldGen       total 349696K, used 349695K [0x00000000e0000000, 0x00000000f5580000, 0x00000000f5580000)
  object space 349696K, 99% used [0x00000000e0000000,0x00000000f557ff78,0x00000000f5580000)
 Metaspace       used 59720K, committed 60544K, reserved 1105920K
  class space    used 5779K, committed 6144K, reserved 1048576K
}
Event: 1103.494 GC heap after
{Heap after GC invocations=633 (full 534):
 PSYoungGen      total 35328K, used 34815K [0x00000000f5580000, 0x00000000f9280000, 0x0000000100000000)
  eden space 34816K, 99% used [0x00000000f5580000,0x00000000f777ffe0,0x00000000f7780000)
  from space 512K, 0% used [0x00000000f7880000,0x00000000f7880000,0x00000000f7900000)
  to   space 12800K, 0% used [0x00000000f8400000,0x00000000f8400000,0x00000000f9080000)
 ParOldGen       total 349696K, used 349694K [0x00000000e0000000, 0x00000000f5580000, 0x00000000f5580000)
  object space 349696K, 99% used [0x00000000e0000000,0x00000000f557f9d8,0x00000000f5580000)
 Metaspace       used 59720K, committed 60544K, reserved 1105920K
  class space    used 5779K, committed 6144K, reserved 1048576K
}
Event: 1103.495 GC heap before
{Heap before GC invocations=634 (full 535):
 PSYoungGen      total 35328K, used 34816K [0x00000000f5580000, 0x00000000f9280000, 0x0000000100000000)
  eden space 34816K, 100% used [0x00000000f5580000,0x00000000f7780000,0x00000000f7780000)
  from space 512K, 0% used [0x00000000f7880000,0x00000000f7880000,0x00000000f7900000)
  to   space 12800K, 0% used [0x00000000f8400000,0x00000000f8400000,0x00000000f9080000)
 ParOldGen       total 349696K, used 349695K [0x00000000e0000000, 0x00000000f5580000, 0x00000000f5580000)
  object space 349696K, 99% used [0x00000000e0000000,0x00000000f557ff40,0x00000000f5580000)
 Metaspace       used 59720K, committed 60544K, reserved 1105920K
  class space    used 5779K, committed 6144K, reserved 1048576K
}
Event: 1105.482 GC heap after
{Heap after GC invocations=634 (full 535):
 PSYoungGen      total 47616K, used 34816K [0x00000000f5580000, 0x00000000f9280000, 0x0000000100000000)
  eden space 34816K, 100% used [0x00000000f5580000,0x00000000f7780000,0x00000000f7780000)
  from space 12800K, 0% used [0x00000000f8400000,0x00000000f8400000,0x00000000f9080000)
  to   space 512K, 0% used [0x00000000f7880000,0x00000000f7880000,0x00000000f7900000)
 ParOldGen       total 349696K, used 349695K [0x00000000e0000000, 0x00000000f5580000, 0x00000000f5580000)
  object space 349696K, 99% used [0x00000000e0000000,0x00000000f557fc38,0x00000000f5580000)
 Metaspace       used 59720K, committed 60544K, reserved 1105920K
  class space    used 5779K, committed 6144K, reserved 1048576K
}
Event: 1105.485 GC heap before
{Heap before GC invocations=635 (full 536):
 PSYoungGen      total 47616K, used 34816K [0x00000000f5580000, 0x00000000f9280000, 0x0000000100000000)
  eden space 34816K, 100% used [0x00000000f5580000,0x00000000f7780000,0x00000000f7780000)
  from space 12800K, 0% used [0x00000000f8400000,0x00000000f8400000,0x00000000f9080000)
  to   space 512K, 0% used [0x00000000f7880000,0x00000000f7880000,0x00000000f7900000)
 ParOldGen       total 349696K, used 349695K [0x00000000e0000000, 0x00000000f5580000, 0x00000000f5580000)
  object space 349696K, 99% used [0x00000000e0000000,0x00000000f557ff70,0x00000000f5580000)
 Metaspace       used 59720K, committed 60544K, reserved 1105920K
  class space    used 5779K, committed 6144K, reserved 1048576K
}
Event: 1107.725 GC heap after
{Heap after GC invocations=635 (full 536):
 PSYoungGen      total 35328K, used 34815K [0x00000000f5580000, 0x00000000f9280000, 0x0000000100000000)
  eden space 34816K, 99% used [0x00000000f5580000,0x00000000f777ff60,0x00000000f7780000)
  from space 512K, 0% used [0x00000000f7880000,0x00000000f7880000,0x00000000f7900000)
  to   space 12800K, 0% used [0x00000000f8400000,0x00000000f8400000,0x00000000f9080000)
 ParOldGen       total 349696K, used 349692K [0x00000000e0000000, 0x00000000f5580000, 0x00000000f5580000)
  object space 349696K, 99% used [0x00000000e0000000,0x00000000f557f258,0x00000000f5580000)
 Metaspace       used 59720K, committed 60544K, reserved 1105920K
  class space    used 5779K, committed 6144K, reserved 1048576K
}
Event: 1107.725 GC heap before
{Heap before GC invocations=636 (full 537):
 PSYoungGen      total 35328K, used 34815K [0x00000000f5580000, 0x00000000f9280000, 0x0000000100000000)
  eden space 34816K, 99% used [0x00000000f5580000,0x00000000f777ffd0,0x00000000f7780000)
  from space 512K, 0% used [0x00000000f7880000,0x00000000f7880000,0x00000000f7900000)
  to   space 12800K, 0% used [0x00000000f8400000,0x00000000f8400000,0x00000000f9080000)
 ParOldGen       total 349696K, used 349692K [0x00000000e0000000, 0x00000000f5580000, 0x00000000f5580000)
  object space 349696K, 99% used [0x00000000e0000000,0x00000000f557f258,0x00000000f5580000)
 Metaspace       used 59720K, committed 60544K, reserved 1105920K
  class space    used 5779K, committed 6144K, reserved 1048576K
}
Event: 1109.958 GC heap after
{Heap after GC invocations=636 (full 537):
 PSYoungGen      total 47616K, used 34815K [0x00000000f5580000, 0x00000000f9280000, 0x0000000100000000)
  eden space 34816K, 99% used [0x00000000f5580000,0x00000000f777ffd0,0x00000000f7780000)
  from space 12800K, 0% used [0x00000000f8400000,0x00000000f8400000,0x00000000f9080000)
  to   space 512K, 0% used [0x00000000f7880000,0x00000000f7880000,0x00000000f7900000)
 ParOldGen       total 349696K, used 349692K [0x00000000e0000000, 0x00000000f5580000, 0x00000000f5580000)
  object space 349696K, 99% used [0x00000000e0000000,0x00000000f557f258,0x00000000f5580000)
 Metaspace       used 59720K, committed 60544K, reserved 1105920K
  class space    used 5779K, committed 6144K, reserved 1048576K
}
Event: 1109.959 GC heap before
{Heap before GC invocations=637 (full 538):
 PSYoungGen      total 47616K, used 34815K [0x00000000f5580000, 0x00000000f9280000, 0x0000000100000000)
  eden space 34816K, 99% used [0x00000000f5580000,0x00000000f777fff8,0x00000000f7780000)
  from space 12800K, 0% used [0x00000000f8400000,0x00000000f8400000,0x00000000f9080000)
  to   space 512K, 0% used [0x00000000f7880000,0x00000000f7880000,0x00000000f7900000)
 ParOldGen       total 349696K, used 349694K [0x00000000e0000000, 0x00000000f5580000, 0x00000000f5580000)
  object space 349696K, 99% used [0x00000000e0000000,0x00000000f557f990,0x00000000f5580000)
 Metaspace       used 59720K, committed 60544K, reserved 1105920K
  class space    used 5779K, committed 6144K, reserved 1048576K
}
Event: 1112.076 GC heap after
{Heap after GC invocations=637 (full 538):
 PSYoungGen      total 35328K, used 34815K [0x00000000f5580000, 0x00000000f9280000, 0x0000000100000000)
  eden space 34816K, 99% used [0x00000000f5580000,0x00000000f777fff8,0x00000000f7780000)
  from space 512K, 0% used [0x00000000f7880000,0x00000000f7880000,0x00000000f7900000)
  to   space 12800K, 0% used [0x00000000f8400000,0x00000000f8400000,0x00000000f9080000)
 ParOldGen       total 349696K, used 349693K [0x00000000e0000000, 0x00000000f5580000, 0x00000000f5580000)
  object space 349696K, 99% used [0x00000000e0000000,0x00000000f557f560,0x00000000f5580000)
 Metaspace       used 59720K, committed 60544K, reserved 1105920K
  class space    used 5779K, committed 6144K, reserved 1048576K
}
Event: 1112.076 GC heap before
{Heap before GC invocations=638 (full 539):
 PSYoungGen      total 35328K, used 34815K [0x00000000f5580000, 0x00000000f9280000, 0x0000000100000000)
  eden space 34816K, 99% used [0x00000000f5580000,0x00000000f777fff8,0x00000000f7780000)
  from space 512K, 0% used [0x00000000f7880000,0x00000000f7880000,0x00000000f7900000)
  to   space 12800K, 0% used [0x00000000f8400000,0x00000000f8400000,0x00000000f9080000)
 ParOldGen       total 349696K, used 349693K [0x00000000e0000000, 0x00000000f5580000, 0x00000000f5580000)
  object space 349696K, 99% used [0x00000000e0000000,0x00000000f557f560,0x00000000f5580000)
 Metaspace       used 59720K, committed 60544K, reserved 1105920K
  class space    used 5779K, committed 6144K, reserved 1048576K
}
Event: 1114.035 GC heap after
{Heap after GC invocations=638 (full 539):
 PSYoungGen      total 47616K, used 34815K [0x00000000f5580000, 0x00000000f9280000, 0x0000000100000000)
  eden space 34816K, 99% used [0x00000000f5580000,0x00000000f777fff8,0x00000000f7780000)
  from space 12800K, 0% used [0x00000000f8400000,0x00000000f8400000,0x00000000f9080000)
  to   space 512K, 0% used [0x00000000f7880000,0x00000000f7880000,0x00000000f7900000)
 ParOldGen       total 349696K, used 349693K [0x00000000e0000000, 0x00000000f5580000, 0x00000000f5580000)
  object space 349696K, 99% used [0x00000000e0000000,0x00000000f557f560,0x00000000f5580000)
 Metaspace       used 59720K, committed 60544K, reserved 1105920K
  class space    used 5779K, committed 6144K, reserved 1048576K
}

Dll operation events (9 events):
Event: 0.002 Loaded shared library /nix/store/gpxl5qgg8kicmcvivwmybwjlpf7wh20l-graalvm17-ce-22.3.0/lib/libjava.so
Event: 0.046 Loaded shared library /nix/store/gpxl5qgg8kicmcvivwmybwjlpf7wh20l-graalvm17-ce-22.3.0/lib/libjsvml.so
Event: 0.450 Loaded shared library /nix/store/gpxl5qgg8kicmcvivwmybwjlpf7wh20l-graalvm17-ce-22.3.0/lib/libnio.so
Event: 0.454 Loaded shared library /nix/store/gpxl5qgg8kicmcvivwmybwjlpf7wh20l-graalvm17-ce-22.3.0/lib/libzip.so
Event: 0.456 Loaded shared library /nix/store/gpxl5qgg8kicmcvivwmybwjlpf7wh20l-graalvm17-ce-22.3.0/lib/libjvmcicompiler.so
Event: 1.144 Loaded shared library /nix/store/gpxl5qgg8kicmcvivwmybwjlpf7wh20l-graalvm17-ce-22.3.0/lib/libjimage.so
Event: 1.746 Loaded shared library /nix/store/gpxl5qgg8kicmcvivwmybwjlpf7wh20l-graalvm17-ce-22.3.0/lib/libnet.so
Event: 5.640 Loaded shared library /home/runner/.cache/jdt-language-server/config/org.eclipse.equinox.launcher/org.eclipse.equinox.launcher.gtk.linux.x86_64_1.2.400.v20211117-0650/eclipse_11600.so
Event: 17.243 Loaded shared library /nix/store/gpxl5qgg8kicmcvivwmybwjlpf7wh20l-graalvm17-ce-22.3.0/lib/libextnet.so

Deoptimization events (20 events):
Event: 86.640 Thread 0x00007f45e4484900 DEOPT PACKING pc=0x00007f4638b8d085 sp=0x00007f45fd3fe530
Event: 86.640 Thread 0x00007f45e4484900 DEOPT UNPACKING pc=0x00007f4637505325 sp=0x00007f45fd3fda20 mode 0
Event: 86.642 Thread 0x00007f45e4484900 DEOPT PACKING pc=0x00007f4638b8d085 sp=0x00007f45fd3fe530
Event: 86.642 Thread 0x00007f45e4484900 DEOPT UNPACKING pc=0x00007f4637505325 sp=0x00007f45fd3fda20 mode 0
Event: 98.194 Thread 0x00007f46503bcc90 Uncommon trap: trap_request=0xffffffcd fr.pc=0x00007f463f1c0c17 relative=0x00000000000019d7
Event: 98.194 Thread 0x00007f46503bcc90 Uncommon trap: reason=intrinsic_or_type_checked_inlining action=reinterpret pc=0x00007f463f1c0c17 method=java.util.concurrent.ConcurrentHashMap.computeIfAbsent(Ljava/lang/Object;Ljava/util/function/Function;)Ljava/lang/Object; @ 20 jvmci
Event: 98.194 Thread 0x00007f46503bcc90 DEOPT PACKING pc=0x00007f463f1c0c17 sp=0x00007f45fdbfd930
Event: 98.194 Thread 0x00007f46503bcc90 DEOPT UNPACKING pc=0x00007f4637505325 sp=0x00007f45fdbfcde0 mode 3
Event: 100.284 Thread 0x00007f45e016fe00 Uncommon trap: trap_request=0xffffff1c fr.pc=0x00007f463f1afd1c relative=0x00000000000001fc
Event: 100.284 Thread 0x00007f45e016fe00 Uncommon trap: reason=not_compiled_exception_handler action=make_not_entrant pc=0x00007f463f1afd1c method=java.lang.Integer.parseInt(Ljava/lang/String;I)I @ 166 jvmci
Event: 100.284 Thread 0x00007f45e016fe00 DEOPT PACKING pc=0x00007f463f1afd1c sp=0x00007f45fc7fe5c0
Event: 100.284 Thread 0x00007f45e016fe00 DEOPT UNPACKING pc=0x00007f4637505325 sp=0x00007f45fc7fd9c0 mode 3
Event: 100.292 Thread 0x00007f45e016fe00 Uncommon trap: trap_request=0xffffffcd fr.pc=0x00007f463f1582e2 relative=0x0000000000000c42
Event: 100.292 Thread 0x00007f45e016fe00 Uncommon trap: reason=intrinsic_or_type_checked_inlining action=reinterpret pc=0x00007f463f1582e2 method=org.eclipse.jdt.internal.compiler.util.SimpleLookupTable.put(Ljava/lang/Object;Ljava/lang/Object;)Ljava/lang/Object; @ 10 jvmci
Event: 100.292 Thread 0x00007f45e016fe00 DEOPT PACKING pc=0x00007f463f1582e2 sp=0x00007f45fc7fd7e0
Event: 100.292 Thread 0x00007f45e016fe00 DEOPT UNPACKING pc=0x00007f4637505325 sp=0x00007f45fc7fccc8 mode 3
Event: 1101.643 Thread 0x00007f46500b21d0 Uncommon trap: trap_request=0xffffff8f fr.pc=0x00007f463f1dde0d relative=0x000000000000122d
Event: 1101.643 Thread 0x00007f46500b21d0 Uncommon trap: reason=constraint action=none pc=0x00007f463f1dde0d method=java.io.DataOutputStream.writeUTF(Ljava/lang/String;Ljava/io/DataOutput;)I @ 116 jvmci
Event: 1101.643 Thread 0x00007f46500b21d0 DEOPT PACKING pc=0x00007f463f1dde0d sp=0x00007f4636417fb0
Event: 1101.643 Thread 0x00007f46500b21d0 DEOPT UNPACKING pc=0x00007f4637505325 sp=0x00007f4636417478 mode 3

Classes unloaded (20 events):
Event: 97.481 Thread 0x00007f46500a1c10 Unloading class 0x0000000800f04000 'jdk/internal/reflect/GeneratedConstructorAccessor10'
Event: 97.481 Thread 0x00007f46500a1c10 Unloading class 0x0000000800d99000 'java/lang/invoke/LambdaForm$MH+0x0000000800d99000'
Event: 97.482 Thread 0x00007f46500a1c10 Unloading class 0x0000000800d98c00 'java/lang/invoke/LambdaForm$MH+0x0000000800d98c00'
Event: 97.482 Thread 0x00007f46500a1c10 Unloading class 0x0000000800d98800 'java/lang/invoke/LambdaForm$MH+0x0000000800d98800'
Event: 97.482 Thread 0x00007f46500a1c10 Unloading class 0x0000000800d98400 'java/lang/invoke/LambdaForm$MH+0x0000000800d98400'
Event: 97.482 Thread 0x00007f46500a1c10 Unloading class 0x0000000800d98000 'jdk/internal/reflect/GeneratedConstructorAccessor3'
Event: 97.482 Thread 0x00007f46500a1c10 Unloading class 0x0000000800d06800 'java/lang/invoke/LambdaForm$MH+0x0000000800d06800'
Event: 97.482 Thread 0x00007f46500a1c10 Unloading class 0x0000000800d06000 'java/lang/invoke/LambdaForm$MH+0x0000000800d06000'
Event: 97.482 Thread 0x00007f46500a1c10 Unloading class 0x0000000800d05c00 'java/lang/invoke/LambdaForm$MH+0x0000000800d05c00'
Event: 97.482 Thread 0x00007f46500a1c10 Unloading class 0x0000000800d05800 'java/lang/invoke/LambdaForm$MH+0x0000000800d05800'
Event: 97.482 Thread 0x00007f46500a1c10 Unloading class 0x0000000800d05000 'java/lang/invoke/LambdaForm$MH+0x0000000800d05000'
Event: 97.482 Thread 0x00007f46500a1c10 Unloading class 0x0000000800d04c00 'java/lang/invoke/LambdaForm$MH+0x0000000800d04c00'
Event: 97.482 Thread 0x00007f46500a1c10 Unloading class 0x0000000800d04800 'java/lang/invoke/LambdaForm$MH+0x0000000800d04800'
Event: 97.482 Thread 0x00007f46500a1c10 Unloading class 0x0000000800d04000 'java/lang/invoke/LambdaForm$MH+0x0000000800d04000'
Event: 97.482 Thread 0x00007f46500a1c10 Unloading class 0x0000000800c1d000 'jdk/internal/reflect/GeneratedMethodAccessor5'
Event: 97.482 Thread 0x00007f46500a1c10 Unloading class 0x0000000800c1cc00 'jdk/internal/reflect/GeneratedMethodAccessor4'
Event: 97.482 Thread 0x00007f46500a1c10 Unloading class 0x0000000800c1c800 'jdk/internal/reflect/GeneratedMethodAccessor3'
Event: 97.482 Thread 0x00007f46500a1c10 Unloading class 0x0000000800c1c400 'jdk/internal/reflect/GeneratedMethodAccessor2'
Event: 97.482 Thread 0x00007f46500a1c10 Unloading class 0x0000000800c1c000 'jdk/internal/reflect/GeneratedMethodAccessor1'
Event: 97.482 Thread 0x00007f46500a1c10 Unloading class 0x0000000800c01c00 'java/lang/invoke/LambdaForm$DMH+0x0000000800c01c00'

Classes redefined (0 events):
No events

Internal exceptions (20 events):
Event: 76.642 Thread 0x00007f45e01d64a0 Exception <a 'java/lang/ArrayIndexOutOfBoundsException'{0x00000000f703b5e8}> (0x00000000f703b5e8) 
thrown [src/hotspot/share/runtime/sharedRuntime.cpp, line 628]
Event: 78.140 Thread 0x00007f45e01d64a0 Exception <a 'java/lang/ArrayIndexOutOfBoundsException'{0x00000000f56ee2c0}> (0x00000000f56ee2c0) 
thrown [src/hotspot/share/runtime/sharedRuntime.cpp, line 628]
Event: 78.179 Thread 0x00007f45e01d64a0 Exception <a 'java/lang/ArrayIndexOutOfBoundsException'{0x00000000f5b7f178}> (0x00000000f5b7f178) 
thrown [src/hotspot/share/runtime/sharedRuntime.cpp, line 628]
Event: 78.244 Thread 0x00007f45e01d64a0 Exception <a 'java/lang/ArrayIndexOutOfBoundsException'{0x00000000f5d46c50}> (0x00000000f5d46c50) 
thrown [src/hotspot/share/runtime/sharedRuntime.cpp, line 628]
Event: 78.284 Thread 0x00007f45e01d64a0 Exception <a 'java/lang/ArrayIndexOutOfBoundsException'{0x00000000f61d8628}> (0x00000000f61d8628) 
thrown [src/hotspot/share/runtime/sharedRuntime.cpp, line 628]
Event: 78.374 Thread 0x00007f45e01d64a0 Exception <a 'java/lang/ArrayIndexOutOfBoundsException'{0x00000000f65586f8}> (0x00000000f65586f8) 
thrown [src/hotspot/share/runtime/sharedRuntime.cpp, line 628]
Event: 78.491 Thread 0x00007f45e01d64a0 Exception <a 'java/lang/ArrayIndexOutOfBoundsException'{0x00000000f6cf5270}> (0x00000000f6cf5270) 
thrown [src/hotspot/share/runtime/sharedRuntime.cpp, line 628]
Event: 78.701 Thread 0x00007f45e01d64a0 Exception <a 'java/lang/ArrayIndexOutOfBoundsException'{0x00000000f57e6448}> (0x00000000f57e6448) 
thrown [src/hotspot/share/runtime/sharedRuntime.cpp, line 628]
Event: 78.796 Thread 0x00007f45e01d64a0 Exception <a 'java/lang/ArrayIndexOutOfBoundsException'{0x00000000f5f2f078}> (0x00000000f5f2f078) 
thrown [src/hotspot/share/runtime/sharedRuntime.cpp, line 628]
Event: 78.862 Thread 0x00007f45e01d64a0 Exception <a 'java/lang/ArrayIndexOutOfBoundsException'{0x00000000f62c1b88}> (0x00000000f62c1b88) 
thrown [src/hotspot/share/runtime/sharedRuntime.cpp, line 628]
Event: 78.962 Thread 0x00007f45e01d64a0 Exception <a 'java/lang/ArrayIndexOutOfBoundsException'{0x00000000f66883e8}> (0x00000000f66883e8) 
thrown [src/hotspot/share/runtime/sharedRuntime.cpp, line 628]
Event: 79.040 Thread 0x00007f45e01d64a0 Exception <a 'java/lang/ArrayIndexOutOfBoundsException'{0x00000000f6a87450}> (0x00000000f6a87450) 
thrown [src/hotspot/share/runtime/sharedRuntime.cpp, line 628]
Event: 79.165 Thread 0x00007f45e01d64a0 Exception <a 'java/lang/ArrayIndexOutOfBoundsException'{0x00000000f7248a70}> (0x00000000f7248a70) 
thrown [src/hotspot/share/runtime/sharedRuntime.cpp, line 628]
Event: 79.311 Thread 0x00007f45e01d64a0 Exception <a 'java/lang/ArrayIndexOutOfBoundsException'{0x00000000f58c4b40}> (0x00000000f58c4b40) 
thrown [src/hotspot/share/runtime/sharedRuntime.cpp, line 628]
Event: 79.382 Thread 0x00007f45e01d64a0 Exception <a 'java/lang/ArrayIndexOutOfBoundsException'{0x00000000f5efbb20}> (0x00000000f5efbb20) 
thrown [src/hotspot/share/runtime/sharedRuntime.cpp, line 628]
Event: 79.424 Thread 0x00007f45e01d64a0 Exception <a 'java/lang/ArrayIndexOutOfBoundsException'{0x00000000f61b7d68}> (0x00000000f61b7d68) 
thrown [src/hotspot/share/runtime/sharedRuntime.cpp, line 628]
Event: 79.506 Thread 0x00007f45e01d64a0 Exception <a 'java/lang/ArrayIndexOutOfBoundsException'{0x00000000f65be358}> (0x00000000f65be358) 
thrown [src/hotspot/share/runtime/sharedRuntime.cpp, line 628]
Event: 1101.643 Thread 0x00007f46500b21d0 Exception <a 'java/lang/OutOfMemoryError'{0x00000000e0004c68}> (0x00000000e0004c68) 
thrown [src/hotspot/share/gc/shared/memAllocator.cpp, line 138]
Event: 1101.643 Thread 0x00007f46500b21d0 Implicit null exception at 0x00007f463f1dd80b to 0x00007f463f1dddf2
Event: 1114.035 Thread 0x00007f46500b21d0 Exception <a 'java/lang/OutOfMemoryError'{0x00000000e0004128}> (0x00000000e0004128) 
thrown [src/hotspot/share/gc/shared/memAllocator.cpp, line 136]

VM Operations (20 events):
Event: 1091.298 Executing VM operation: ParallelGCFailedAllocation
Event: 1093.116 Executing VM operation: ParallelGCFailedAllocation done
Event: 1093.116 Executing VM operation: ParallelGCFailedAllocation
Event: 1094.785 Executing VM operation: ParallelGCFailedAllocation done
Event: 1094.785 Executing VM operation: ParallelGCFailedAllocation
Event: 1096.491 Executing VM operation: ParallelGCFailedAllocation done
Event: 1096.491 Executing VM operation: ParallelGCFailedAllocation
Event: 1098.220 Executing VM operation: ParallelGCFailedAllocation done
Event: 1098.220 Executing VM operation: ParallelGCFailedAllocation
Event: 1101.643 Executing VM operation: ParallelGCFailedAllocation done
Event: 1101.643 Executing VM operation: ParallelGCFailedAllocation
Event: 1103.495 Executing VM operation: ParallelGCFailedAllocation done
Event: 1103.495 Executing VM operation: ParallelGCFailedAllocation
Event: 1105.482 Executing VM operation: ParallelGCFailedAllocation done
Event: 1105.482 Executing VM operation: ParallelGCFailedAllocation
Event: 1107.725 Executing VM operation: ParallelGCFailedAllocation done
Event: 1107.725 Executing VM operation: ParallelGCFailedAllocation
Event: 1109.958 Executing VM operation: ParallelGCFailedAllocation done
Event: 1109.959 Executing VM operation: ParallelGCFailedAllocation
Event: 1114.035 Executing VM operation: ParallelGCFailedAllocation done

Events (20 events):
Event: 70.442 loading class java/util/regex/Pattern$Bound
Event: 70.443 loading class java/util/regex/Pattern$Bound done
Event: 71.251 Thread 0x00007f45e016fe00 Thread exited: 0x00007f45e016fe00
Event: 75.470 Thread 0x00007f46500b4740 flushing nmethod 0x00007f4638722110
Event: 82.201 Thread 0x00007f45e01d64a0 Thread exited: 0x00007f45e01d64a0
Event: 98.266 Thread 0x00007f45e016fe00 Thread added: 0x00007f45e016fe00
Event: 98.268 Protecting memory [0x00007f45fc700000,0x00007f45fc704000] with protection modes 0
Event: 100.363 loading class java/util/stream/Streams$ConcatSpliterator$OfRef
Event: 100.363 loading class java/util/stream/Streams$ConcatSpliterator
Event: 100.363 loading class java/util/stream/Streams$ConcatSpliterator done
Event: 100.363 loading class java/util/stream/Streams$ConcatSpliterator$OfRef done
Event: 100.370 loading class java/util/stream/Streams$2
Event: 100.370 loading class java/util/stream/Streams$2 done
Event: 149.395 Thread 0x00007f45c8001130 Thread exited: 0x00007f45c8001130
Event: 149.395 Thread 0x00007f45d80010d0 Thread exited: 0x00007f45d80010d0
Event: 409.073 Thread 0x00007f45c8001130 Thread added: 0x00007f45c8001130
Event: 409.073 Protecting memory [0x00007f45fd500000,0x00007f45fd504000] with protection modes 0
Event: 920.915 Thread 0x00007f45c804f880 Thread added: 0x00007f45c804f880
Event: 920.915 Protecting memory [0x00007f45fcb00000,0x00007f45fcb04000] with protection modes 0
Event: 935.861 Thread 0x00007f45c804f880 Thread exited: 0x00007f45c804f880


Dynamic libraries:
e0000000-f5580000 rw-p 00000000 00:00 0 
f5580000-f9280000 rw-p 00000000 00:00 0 
f9280000-100000000 ---p 00000000 00:00 0 
800000000-800449000 rw-p 00001000 00:1651 9223372037562745673            /nix/store/gpxl5qgg8kicmcvivwmybwjlpf7wh20l-graalvm17-ce-22.3.0/lib/server/classes.jsa
800449000-800bc8000 r--p 0044a000 00:1651 9223372037562745673            /nix/store/gpxl5qgg8kicmcvivwmybwjlpf7wh20l-graalvm17-ce-22.3.0/lib/server/classes.jsa
800bc8000-800c00000 ---p 00000000 00:00 0 
800c00000-800c20000 rw-p 00000000 00:00 0 
800c20000-800c40000 rw-p 00000000 00:00 0 
800c40000-800cc0000 rw-p 00000000 00:00 0 
800cc0000-800d00000 rw-p 00000000 00:00 0 
800d00000-800dc0000 rw-p 00000000 00:00 0 
800dc0000-800e00000 rw-p 00000000 00:00 0 
800e00000-800f40000 rw-p 00000000 00:00 0 
800f40000-800fc0000 rw-p 00000000 00:00 0 
800fc0000-801000000 rw-p 00000000 00:00 0 
801000000-801200000 rw-p 00000000 00:00 0 
801200000-840c00000 ---p 00000000 00:00 0 
55f6e9808000-55f6e9809000 r-xp 00000000 00:1651 9223372037526805748      /nix/store/gpxl5qgg8kicmcvivwmybwjlpf7wh20l-graalvm17-ce-22.3.0/bin/.java-wrapped
55f6e980a000-55f6e980b000 r--p 00001000 00:1651 9223372037526805748      /nix/store/gpxl5qgg8kicmcvivwmybwjlpf7wh20l-graalvm17-ce-22.3.0/bin/.java-wrapped
55f6e980b000-55f6e980c000 rw-p 00002000 00:1651 9223372037526805748      /nix/store/gpxl5qgg8kicmcvivwmybwjlpf7wh20l-graalvm17-ce-22.3.0/bin/.java-wrapped
55f6e980c000-55f6e980d000 rw-p 00004000 00:1651 9223372037526805748      /nix/store/gpxl5qgg8kicmcvivwmybwjlpf7wh20l-graalvm17-ce-22.3.0/bin/.java-wrapped
55f6e980d000-55f6e980e000 rw-p 00005000 00:1651 9223372037526805748      /nix/store/gpxl5qgg8kicmcvivwmybwjlpf7wh20l-graalvm17-ce-22.3.0/bin/.java-wrapped
55f6ea3d7000-55f6ea41f000 rw-p 00000000 00:00 0                          [heap]
7f458c000000-7f458c021000 rw-p 00000000 00:00 0 
7f458c021000-7f4590000000 ---p 00000000 00:00 0 
7f4594000000-7f4594043000 rw-p 00000000 00:00 0 
7f4594043000-7f4598000000 ---p 00000000 00:00 0 
7f4598000000-7f4598038000 rw-p 00000000 00:00 0 
7f4598038000-7f459c000000 ---p 00000000 00:00 0 
7f459c000000-7f459c0d7000 rw-p 00000000 00:00 0 
7f459c0d7000-7f45a0000000 ---p 00000000 00:00 0 
7f45a4000000-7f45a4051000 rw-p 00000000 00:00 0 
7f45a4051000-7f45a8000000 ---p 00000000 00:00 0 
7f45a8400000-7f45a88e0000 rw-p 00000000 00:00 0 
7f45a88e0000-7f45a8910000 rw-p 00000000 00:00 0 
7f45a8910000-7f45a8a00000 ---p 00000000 00:00 0 
7f45a8a00000-7f45a8a10000 rw-p 00000000 00:00 0 
7f45a8a10000-7f45a8c00000 ---p 00000000 00:00 0 
7f45a9400000-7f45a9580000 rw-p 00000000 00:00 0 
7f45a9580000-7f45a9600000 rw-p 00000000 00:00 0 
7f45a9600000-7f45a9c00000 rw-p 00000000 00:00 0 
7f45a9cb3000-7f45b3800000 r--s 00000000 00:1651 9223372037562580485      /nix/store/gpxl5qgg8kicmcvivwmybwjlpf7wh20l-graalvm17-ce-22.3.0/lib/modules
7f45b3800000-7f45b4000000 rw-p 00000000 00:00 0 
7f45b4000000-7f45b4021000 rw-p 00000000 00:00 0 
7f45b4021000-7f45b8000000 ---p 00000000 00:00 0 
7f45b8000000-7f45b808e000 rw-p 00000000 00:00 0 
7f45b808e000-7f45bc000000 ---p 00000000 00:00 0 
7f45bc000000-7f45bc021000 rw-p 00000000 00:00 0 
7f45bc021000-7f45c0000000 ---p 00000000 00:00 0 
7f45c0000000-7f45c012b000 rw-p 00000000 00:00 0 
7f45c012b000-7f45c4000000 ---p 00000000 00:00 0 
7f45c4000000-7f45c4021000 rw-p 00000000 00:00 0 
7f45c4021000-7f45c8000000 ---p 00000000 00:00 0 
7f45c8000000-7f45c8127000 rw-p 00000000 00:00 0 
7f45c8127000-7f45cc000000 ---p 00000000 00:00 0 
7f45cc000000-7f45cc089000 rw-p 00000000 00:00 0 
7f45cc089000-7f45d0000000 ---p 00000000 00:00 0 
7f45d0000000-7f45d0061000 rw-p 00000000 00:00 0 
7f45d0061000-7f45d4000000 ---p 00000000 00:00 0 
7f45d4000000-7f45d4021000 rw-p 00000000 00:00 0 
7f45d4021000-7f45d8000000 ---p 00000000 00:00 0 
7f45d8000000-7f45d8303000 rw-p 00000000 00:00 0 
7f45d8303000-7f45dc000000 ---p 00000000 00:00 0 
7f45dc000000-7f45dc021000 rw-p 00000000 00:00 0 
7f45dc021000-7f45e0000000 ---p 00000000 00:00 0 
7f45e0000000-7f45e01f0000 rw-p 00000000 00:00 0 
7f45e01f0000-7f45e4000000 ---p 00000000 00:00 0 
7f45e4000000-7f45e48c2000 rw-p 00000000 00:00 0 
7f45e48c2000-7f45e8000000 ---p 00000000 00:00 0 
7f45e8000000-7f45e803d000 rw-p 00000000 00:00 0 
7f45e803d000-7f45ec000000 ---p 00000000 00:00 0 
7f45ec000000-7f45ec021000 rw-p 00000000 00:00 0 
7f45ec021000-7f45f0000000 ---p 00000000 00:00 0 
7f45f0000000-7f45f0021000 rw-p 00000000 00:00 0 
7f45f0021000-7f45f4000000 ---p 00000000 00:00 0 
7f45f4000000-7f45f4065000 rw-p 00000000 00:00 0 
7f45f4065000-7f45f8000000 ---p 00000000 00:00 0 
7f45f8400000-7f45f84c0000 rw-p 00000000 00:00 0 
7f45f84c0000-7f45f8500000 rw-p 00000000 00:00 0 
7f45f8500000-7f45f8700000 rw-p 00000000 00:00 0 
7f45f8700000-7f45f8900000 rw-p 00000000 00:00 0 
7f45f8900000-7f45f8a00000 rw-p 00000000 00:00 0 
7f45f8a00000-7f45f8b00000 rw-p 00000000 00:00 0 
7f45f8b00000-7f45f8c00000 rw-p 00000000 00:00 0 
7f45f8c00000-7f45f8d00000 rw-p 00000000 00:00 0 
7f45f8d00000-7f45f8e00000 rw-p 00000000 00:00 0 
7f45f8e00000-7f45f93c0000 rw-p 00000000 00:00 0 
7f45f93c0000-7f45f9400000 rw-p 00000000 00:00 0 
7f45f9400000-7f45f9500000 rw-p 00000000 00:00 0 
7f45f9500000-7f45f9600000 rw-p 00000000 00:00 0 
7f45f9600000-7f45f9b00000 rw-p 00000000 00:00 0 
7f45f9b00000-7f45f9c00000 rw-p 00000000 00:00 0 
7f45fa200000-7f45fa210000 r-xp 00000000 00:1646 353                      /home/runner/.cache/jdt-language-server/config/org.eclipse.equinox.launcher/org.eclipse.equinox.launcher.gtk.linux.x86_64_1.2.400.v20211117-0650/eclipse_11600.so
7f45fa210000-7f45fa40f000 ---p 00010000 00:1646 353                      /home/runner/.cache/jdt-language-server/config/org.eclipse.equinox.launcher/org.eclipse.equinox.launcher.gtk.linux.x86_64_1.2.400.v20211117-0650/eclipse_11600.so
7f45fa40f000-7f45fa410000 r--p 0000f000 00:1646 353                      /home/runner/.cache/jdt-language-server/config/org.eclipse.equinox.launcher/org.eclipse.equinox.launcher.gtk.linux.x86_64_1.2.400.v20211117-0650/eclipse_11600.so
7f45fa410000-7f45fa411000 rw-p 00010000 00:1646 353                      /home/runner/.cache/jdt-language-server/config/org.eclipse.equinox.launcher/org.eclipse.equinox.launcher.gtk.linux.x86_64_1.2.400.v20211117-0650/eclipse_11600.so
7f45fb300000-7f45fb400000 ---p 00000000 00:00 0 
7f45fb400000-7f45fb9af000 r--p 01122000 00:1651 9223372037562577944      /nix/store/gpxl5qgg8kicmcvivwmybwjlpf7wh20l-graalvm17-ce-22.3.0/lib/libjvmcicompiler.so
7f45fb9af000-7f45fbb00000 r--p 00000000 00:00 0 
7f45fbb00000-7f45fbb3d000 rw-p 00000000 00:00 0 
7f45fbb3d000-7f45fc05d000 rw-p 0185f000 00:1651 9223372037562577944      /nix/store/gpxl5qgg8kicmcvivwmybwjlpf7wh20l-graalvm17-ce-22.3.0/lib/libjvmcicompiler.so
7f45fc05d000-7f45fc444000 r--p 01d7f000 00:1651 9223372037562577944      /nix/store/gpxl5qgg8kicmcvivwmybwjlpf7wh20l-graalvm17-ce-22.3.0/lib/libjvmcicompiler.so
7f45fc500000-7f45fc504000 ---p 00000000 00:00 0 
7f45fc504000-7f45fc600000 rw-p 00000000 00:00 0 
7f45fc700000-7f45fc704000 ---p 00000000 00:00 0 
7f45fc704000-7f45fc800000 rw-p 00000000 00:00 0 
7f45fc900000-7f45fc904000 ---p 00000000 00:00 0 
7f45fc904000-7f45fca00000 rw-p 00000000 00:00 0 
7f45fcb00000-7f45fcb04000 ---p 00000000 00:00 0 
7f45fcb04000-7f45fcc00000 rw-p 00000000 00:00 0 
7f45fcd00000-7f45fcd04000 ---p 00000000 00:00 0 
7f45fcd04000-7f45fce00000 rw-p 00000000 00:00 0 
7f45fcf00000-7f45fcf04000 ---p 00000000 00:00 0 
7f45fcf04000-7f45fd000000 rw-p 00000000 00:00 0 
7f45fd000000-7f45fd004000 ---p 00000000 00:00 0 
7f45fd004000-7f45fd100000 rw-p 00000000 00:00 0 
7f45fd100000-7f45fd104000 ---p 00000000 00:00 0 
7f45fd104000-7f45fd200000 rw-p 00000000 00:00 0 
7f45fd300000-7f45fd304000 ---p 00000000 00:00 0 
7f45fd304000-7f45fd400000 rw-p 00000000 00:00 0 
7f45fd400000-7f45fd404000 ---p 00000000 00:00 0 
7f45fd404000-7f45fd500000 rw-p 00000000 00:00 0 
7f45fd500000-7f45fd504000 ---p 00000000 00:00 0 
7f45fd504000-7f45fd600000 rw-p 00000000 00:00 0 
7f45fd600000-7f45fd604000 ---p 00000000 00:00 0 
7f45fd604000-7f45fd700000 rw-p 00000000 00:00 0 
7f45fd700000-7f45fd704000 ---p 00000000 00:00 0 
7f45fd704000-7f45fd800000 rw-p 00000000 00:00 0 
7f45fd900000-7f45fd904000 ---p 00000000 00:00 0 
7f45fd904000-7f45fda00000 rw-p 00000000 00:00 0 
7f45fdb00000-7f45fdb04000 ---p 00000000 00:00 0 
7f45fdb04000-7f45fdc00000 rw-p 00000000 00:00 0 
7f45fdc00000-7f45ffd6a000 r-xp 00000000 00:1651 9223372037562577944      /nix/store/gpxl5qgg8kicmcvivwmybwjlpf7wh20l-graalvm17-ce-22.3.0/lib/libjvmcicompiler.so
7f45ffd6a000-7f45fff69000 ---p 0216a000 00:1651 9223372037562577944      /nix/store/gpxl5qgg8kicmcvivwmybwjlpf7wh20l-graalvm17-ce-22.3.0/lib/libjvmcicompiler.so
7f45fff69000-7f45fff6a000 r--p 02169000 00:1651 9223372037562577944      /nix/store/gpxl5qgg8kicmcvivwmybwjlpf7wh20l-graalvm17-ce-22.3.0/lib/libjvmcicompiler.so
7f45fff6a000-7f45fff6c000 rw-p 0216a000 00:1651 9223372037562577944      /nix/store/gpxl5qgg8kicmcvivwmybwjlpf7wh20l-graalvm17-ce-22.3.0/lib/libjvmcicompiler.so
7f45fff6c000-7f45fff6d000 rw-p 00000000 00:00 0 
7f45fff6d000-7f45fff72000 rw-p 023c3000 00:1651 9223372037562577944      /nix/store/gpxl5qgg8kicmcvivwmybwjlpf7wh20l-graalvm17-ce-22.3.0/lib/libjvmcicompiler.so
7f4600000000-7f4600021000 rw-p 00000000 00:00 0 
7f4600021000-7f4604000000 ---p 00000000 00:00 0 
7f4604000000-7f4604021000 rw-p 00000000 00:00 0 
7f4604021000-7f4608000000 ---p 00000000 00:00 0 
7f4608000000-7f4608021000 rw-p 00000000 00:00 0 
7f4608021000-7f460c000000 ---p 00000000 00:00 0 
7f460c000000-7f460c021000 rw-p 00000000 00:00 0 
7f460c021000-7f4610000000 ---p 00000000 00:00 0 
7f4610000000-7f46100d3000 rw-p 00000000 00:00 0 
7f46100d3000-7f4614000000 ---p 00000000 00:00 0 
7f4614000000-7f4614b38000 rw-p 00000000 00:00 0 
7f4614b38000-7f4618000000 ---p 00000000 00:00 0 
7f4618000000-7f4618021000 rw-p 00000000 00:00 0 
7f4618021000-7f461c000000 ---p 00000000 00:00 0 
7f461c000000-7f461c021000 rw-p 00000000 00:00 0 
7f461c021000-7f4620000000 ---p 00000000 00:00 0 
7f4620000000-7f4620021000 rw-p 00000000 00:00 0 
7f4620021000-7f4624000000 ---p 00000000 00:00 0 
7f4624000000-7f4624021000 rw-p 00000000 00:00 0 
7f4624021000-7f4628000000 ---p 00000000 00:00 0 
7f4628000000-7f4628021000 rw-p 00000000 00:00 0 
7f4628021000-7f462c000000 ---p 00000000 00:00 0 
7f462c000000-7f462c021000 rw-p 00000000 00:00 0 
7f462c021000-7f4630000000 ---p 00000000 00:00 0 
7f4630000000-7f4630067000 rw-p 00000000 00:00 0 
7f4630067000-7f4634000000 ---p 00000000 00:00 0 
7f4634100000-7f4634104000 ---p 00000000 00:00 0 
7f4634104000-7f4634200000 rw-p 00000000 00:00 0 
7f4634300000-7f4634304000 ---p 00000000 00:00 0 
7f4634304000-7f4634400000 rw-p 00000000 00:00 0 
7f4634500000-7f4634504000 ---p 00000000 00:00 0 
7f4634504000-7f4634600000 rw-p 00000000 00:00 0 
7f4634600000-7f4634604000 ---p 00000000 00:00 0 
7f4634604000-7f4634700000 rw-p 00000000 00:00 0 
7f4634700000-7f4634704000 ---p 00000000 00:00 0 
7f4634704000-7f4634800000 rw-p 00000000 00:00 0 
7f4634900000-7f4634904000 ---p 00000000 00:00 0 
7f4634904000-7f4634a00000 rw-p 00000000 00:00 0 
7f4635768000-7f4635c00000 rw-p 00000000 00:00 0 
7f4635c18000-7f4635c19000 ---p 00000000 00:00 0 
7f4635c19000-7f4635d1a000 rw-p 00000000 00:00 0 
7f4635d1a000-7f4635d1e000 ---p 00000000 00:00 0 
7f4635d1e000-7f4635e1a000 rw-p 00000000 00:00 0 
7f4635e1a000-7f4635e1e000 ---p 00000000 00:00 0 
7f4635e1e000-7f4635f1a000 rw-p 00000000 00:00 0 
7f4635f1a000-7f4635f1e000 ---p 00000000 00:00 0 
7f4635f1e000-7f463601a000 rw-p 00000000 00:00 0 
7f463601a000-7f463601e000 ---p 00000000 00:00 0 
7f463601e000-7f463621a000 rw-p 00000000 00:00 0 
7f463621a000-7f463621e000 ---p 00000000 00:00 0 
7f463621e000-7f463641a000 rw-p 00000000 00:00 0 
7f463641a000-7f463641e000 ---p 00000000 00:00 0 
7f463641e000-7f463651a000 rw-p 00000000 00:00 0 
7f463651a000-7f463651e000 ---p 00000000 00:00 0 
7f463651e000-7f463661a000 rw-p 00000000 00:00 0 
7f463661a000-7f463661e000 ---p 00000000 00:00 0 
7f463661e000-7f463671a000 rw-p 00000000 00:00 0 
7f463671a000-7f4636a00000 r--p 00000000 00:1636 28444448                 /usr/lib/locale/locale-archive
7f4636a00000-7f4636a04000 ---p 00000000 00:00 0 
7f4636a04000-7f4636b00000 rw-p 00000000 00:00 0 
7f4636b00000-7f4636b04000 ---p 00000000 00:00 0 
7f4636b04000-7f4637000000 rw-p 00000000 00:00 0 
7f4637000000-7f4637300000 rw-p 00000000 00:00 0 
7f4637300000-7f4637400000 rw-p 00000000 00:00 0 
7f46374b3000-7f4637723000 rwxp 00000000 00:00 0 
7f4637723000-7f4637a42000 ---p 00000000 00:00 0 
7f4637a42000-7f4638bb2000 rwxp 00000000 00:00 0 
7f4638bb2000-7f463ef7a000 ---p 00000000 00:00 0 
7f463ef7a000-7f463f1ea000 rwxp 00000000 00:00 0 
7f463f1ea000-7f46464b3000 ---p 00000000 00:00 0 
7f46464b3000-7f4650000000 r--s 00000000 00:1651 9223372037562580485      /nix/store/gpxl5qgg8kicmcvivwmybwjlpf7wh20l-graalvm17-ce-22.3.0/lib/modules
7f4650000000-7f465061b000 rw-p 00000000 00:00 0 
7f465061b000-7f4654000000 ---p 00000000 00:00 0 
7f465403f000-7f4654041000 r-xp 00000000 00:1651 9223372037562577921      /nix/store/gpxl5qgg8kicmcvivwmybwjlpf7wh20l-graalvm17-ce-22.3.0/lib/libextnet.so
7f4654041000-7f4654042000 r--p 00001000 00:1651 9223372037562577921      /nix/store/gpxl5qgg8kicmcvivwmybwjlpf7wh20l-graalvm17-ce-22.3.0/lib/libextnet.so
7f4654042000-7f4654043000 rw-p 00002000 00:1651 9223372037562577921      /nix/store/gpxl5qgg8kicmcvivwmybwjlpf7wh20l-graalvm17-ce-22.3.0/lib/libextnet.so
7f4654043000-7f4654044000 rw-p 00004000 00:1651 9223372037562577921      /nix/store/gpxl5qgg8kicmcvivwmybwjlpf7wh20l-graalvm17-ce-22.3.0/lib/libextnet.so
7f4654044000-7f4654048000 ---p 00000000 00:00 0 
7f4654048000-7f4654066000 rw-p 00000000 00:00 0 
7f4654066000-7f465406d000 r-xp 00000000 00:1651 9223372037562580484      /nix/store/gpxl5qgg8kicmcvivwmybwjlpf7wh20l-graalvm17-ce-22.3.0/lib/libzip.so
7f465406d000-7f465406e000 ---p 00007000 00:1651 9223372037562580484      /nix/store/gpxl5qgg8kicmcvivwmybwjlpf7wh20l-graalvm17-ce-22.3.0/lib/libzip.so
7f465406e000-7f465406f000 r--p 00007000 00:1651 9223372037562580484      /nix/store/gpxl5qgg8kicmcvivwmybwjlpf7wh20l-graalvm17-ce-22.3.0/lib/libzip.so
7f465406f000-7f4654070000 rw-p 00008000 00:1651 9223372037562580484      /nix/store/gpxl5qgg8kicmcvivwmybwjlpf7wh20l-graalvm17-ce-22.3.0/lib/libzip.so
7f4654070000-7f4654072000 rw-p 0000b000 00:1651 9223372037562580484      /nix/store/gpxl5qgg8kicmcvivwmybwjlpf7wh20l-graalvm17-ce-22.3.0/lib/libzip.so
7f4654072000-7f4654087000 r-xp 00000000 00:1651 9223372037562580474      /nix/store/gpxl5qgg8kicmcvivwmybwjlpf7wh20l-graalvm17-ce-22.3.0/lib/libnet.so
7f4654087000-7f4654088000 ---p 00015000 00:1651 9223372037562580474      /nix/store/gpxl5qgg8kicmcvivwmybwjlpf7wh20l-graalvm17-ce-22.3.0/lib/libnet.so
7f4654088000-7f4654089000 r--p 00015000 00:1651 9223372037562580474      /nix/store/gpxl5qgg8kicmcvivwmybwjlpf7wh20l-graalvm17-ce-22.3.0/lib/libnet.so
7f4654089000-7f465408a000 rw-p 00016000 00:1651 9223372037562580474      /nix/store/gpxl5qgg8kicmcvivwmybwjlpf7wh20l-graalvm17-ce-22.3.0/lib/libnet.so
7f465408a000-7f465408d000 rw-p 0001b000 00:1651 9223372037562580474      /nix/store/gpxl5qgg8kicmcvivwmybwjlpf7wh20l-graalvm17-ce-22.3.0/lib/libnet.so
7f465408d000-7f46540a0000 r-xp 00000000 00:1651 9223372037562580475      /nix/store/gpxl5qgg8kicmcvivwmybwjlpf7wh20l-graalvm17-ce-22.3.0/lib/libnio.so
7f46540a0000-7f46540a1000 r--p 00012000 00:1651 9223372037562580475      /nix/store/gpxl5qgg8kicmcvivwmybwjlpf7wh20l-graalvm17-ce-22.3.0/lib/libnio.so
7f46540a1000-7f46540a2000 rw-p 00013000 00:1651 9223372037562580475      /nix/store/gpxl5qgg8kicmcvivwmybwjlpf7wh20l-graalvm17-ce-22.3.0/lib/libnio.so
7f46540a2000-7f46540a7000 rw-p 00019000 00:1651 9223372037562580475      /nix/store/gpxl5qgg8kicmcvivwmybwjlpf7wh20l-graalvm17-ce-22.3.0/lib/libnio.so
7f46540a7000-7f46540a8000 ---p 00000000 00:00 0 
7f46540a8000-7f46541a9000 rw-p 00000000 00:00 0 
7f46541a9000-7f4654277000 r-xp 00000000 00:1651 9223372037562577940      /nix/store/gpxl5qgg8kicmcvivwmybwjlpf7wh20l-graalvm17-ce-22.3.0/lib/libjsvml.so
7f4654277000-7f4654278000 r--p 000cd000 00:1651 9223372037562577940      /nix/store/gpxl5qgg8kicmcvivwmybwjlpf7wh20l-graalvm17-ce-22.3.0/lib/libjsvml.so
7f4654278000-7f4654279000 rw-p 000ce000 00:1651 9223372037562577940      /nix/store/gpxl5qgg8kicmcvivwmybwjlpf7wh20l-graalvm17-ce-22.3.0/lib/libjsvml.so
7f4654279000-7f4655b51000 rw-p 00000000 00:00 0 
7f4655b51000-7f4655b52000 ---p 00000000 00:00 0 
7f4655b52000-7f4655cfd000 rw-p 00000000 00:00 0 
7f4655cfd000-7f4655d1d000 rw-p 00000000 00:00 0 
7f4655d1d000-7f4655d53000 ---p 00000000 00:00 0 
7f4655d53000-7f4655d59000 rw-p 00000000 00:00 0 
7f4655d59000-7f4655e3f000 ---p 00000000 00:00 0 
7f4655e3f000-7f4655e62000 rw-p 00000000 00:00 0 
7f4655e62000-7f4655f2a000 ---p 00000000 00:00 0 
7f4655f2a000-7f4655f2f000 rw-p 00000000 00:00 0 
7f4655f2f000-7f4655f36000 ---p 00000000 00:00 0 
7f4655f36000-7f4655f5a000 r-xp 00000000 00:1651 9223372037562577932      /nix/store/gpxl5qgg8kicmcvivwmybwjlpf7wh20l-graalvm17-ce-22.3.0/lib/libjava.so
7f4655f5a000-7f4655f5b000 ---p 00024000 00:1651 9223372037562577932      /nix/store/gpxl5qgg8kicmcvivwmybwjlpf7wh20l-graalvm17-ce-22.3.0/lib/libjava.so
7f4655f5b000-7f4655f5c000 r--p 00024000 00:1651 9223372037562577932      /nix/store/gpxl5qgg8kicmcvivwmybwjlpf7wh20l-graalvm17-ce-22.3.0/lib/libjava.so
7f4655f5c000-7f4655f5d000 rw-p 00025000 00:1651 9223372037562577932      /nix/store/gpxl5qgg8kicmcvivwmybwjlpf7wh20l-graalvm17-ce-22.3.0/lib/libjava.so
7f4655f5d000-7f4655f5e000 rw-p 00000000 00:00 0 
7f4655f5e000-7f4655f65000 rw-p 0002f000 00:1651 9223372037562577932      /nix/store/gpxl5qgg8kicmcvivwmybwjlpf7wh20l-graalvm17-ce-22.3.0/lib/libjava.so
7f4655f65000-7f4655f6d000 rw-s 00000000 00:344 350                       /tmp/hsperfdata_runner/30
7f4655f6d000-7f4655f6e000 ---p 00000000 00:00 0 
7f4655f6e000-7f4655f6f000 r--p 00000000 00:00 0 
7f4655f6f000-7f4655f70000 rwxp 00000000 00:00 0 
7f4655f70000-7f4655f8b000 r-xp 00000000 00:1651 9223372037562577936      /nix/store/gpxl5qgg8kicmcvivwmybwjlpf7wh20l-graalvm17-ce-22.3.0/lib/libjimage.so
7f4655f8b000-7f4655f8c000 ---p 0001b000 00:1651 9223372037562577936      /nix/store/gpxl5qgg8kicmcvivwmybwjlpf7wh20l-graalvm17-ce-22.3.0/lib/libjimage.so
7f4655f8c000-7f4655f8e000 r--p 0001b000 00:1651 9223372037562577936      /nix/store/gpxl5qgg8kicmcvivwmybwjlpf7wh20l-graalvm17-ce-22.3.0/lib/libjimage.so
7f4655f8e000-7f4655f8f000 rw-p 0001d000 00:1651 9223372037562577936      /nix/store/gpxl5qgg8kicmcvivwmybwjlpf7wh20l-graalvm17-ce-22.3.0/lib/libjimage.so
7f4655f8f000-7f4655f90000 rw-p 00024000 00:1651 9223372037562577936      /nix/store/gpxl5qgg8kicmcvivwmybwjlpf7wh20l-graalvm17-ce-22.3.0/lib/libjimage.so
7f4655f90000-7f4655f94000 ---p 00000000 00:00 0 
7f4655f94000-7f4656090000 rw-p 00000000 00:00 0 
7f4656090000-7f465609e000 r--p 00000000 00:1651 9223372037455367831      /nix/store/4nlgxhb09sdr51nc9hdm8az5b08vzkgx-glibc-2.35-163/lib/libm.so.6
7f465609e000-7f4656111000 r-xp 0000e000 00:1651 9223372037455367831      /nix/store/4nlgxhb09sdr51nc9hdm8az5b08vzkgx-glibc-2.35-163/lib/libm.so.6
7f4656111000-7f465616e000 r--p 00081000 00:1651 9223372037455367831      /nix/store/4nlgxhb09sdr51nc9hdm8az5b08vzkgx-glibc-2.35-163/lib/libm.so.6
7f465616e000-7f465616f000 r--p 000dd000 00:1651 9223372037455367831      /nix/store/4nlgxhb09sdr51nc9hdm8az5b08vzkgx-glibc-2.35-163/lib/libm.so.6
7f465616f000-7f4656170000 rw-p 000de000 00:1651 9223372037455367831      /nix/store/4nlgxhb09sdr51nc9hdm8az5b08vzkgx-glibc-2.35-163/lib/libm.so.6
7f4656170000-7f4656171000 r--p 00000000 00:1651 9223372037455367850      /nix/store/4nlgxhb09sdr51nc9hdm8az5b08vzkgx-glibc-2.35-163/lib/librt.so.1
7f4656171000-7f4656172000 r-xp 00001000 00:1651 9223372037455367850      /nix/store/4nlgxhb09sdr51nc9hdm8az5b08vzkgx-glibc-2.35-163/lib/librt.so.1
7f4656172000-7f4656173000 r--p 00002000 00:1651 9223372037455367850      /nix/store/4nlgxhb09sdr51nc9hdm8az5b08vzkgx-glibc-2.35-163/lib/librt.so.1
7f4656173000-7f4656174000 r--p 00002000 00:1651 9223372037455367850      /nix/store/4nlgxhb09sdr51nc9hdm8az5b08vzkgx-glibc-2.35-163/lib/librt.so.1
7f4656174000-7f4656175000 rw-p 00003000 00:1651 9223372037455367850      /nix/store/4nlgxhb09sdr51nc9hdm8az5b08vzkgx-glibc-2.35-163/lib/librt.so.1
7f4656175000-7f4657288000 r-xp 00000000 00:1651 9223372037562748770      /nix/store/gpxl5qgg8kicmcvivwmybwjlpf7wh20l-graalvm17-ce-22.3.0/lib/server/libjvm.so
7f4657288000-7f4657289000 ---p 01113000 00:1651 9223372037562748770      /nix/store/gpxl5qgg8kicmcvivwmybwjlpf7wh20l-graalvm17-ce-22.3.0/lib/server/libjvm.so
7f4657289000-7f465733e000 r--p 01113000 00:1651 9223372037562748770      /nix/store/gpxl5qgg8kicmcvivwmybwjlpf7wh20l-graalvm17-ce-22.3.0/lib/server/libjvm.so
7f465733e000-7f4657372000 rw-p 011c8000 00:1651 9223372037562748770      /nix/store/gpxl5qgg8kicmcvivwmybwjlpf7wh20l-graalvm17-ce-22.3.0/lib/server/libjvm.so
7f4657372000-7f46573ce000 rw-p 00000000 00:00 0 
7f46573ce000-7f46573f6000 r--p 00000000 00:1651 9223372037455367822      /nix/store/4nlgxhb09sdr51nc9hdm8az5b08vzkgx-glibc-2.35-163/lib/libc.so.6
7f46573f6000-7f465756c000 r-xp 00028000 00:1651 9223372037455367822      /nix/store/4nlgxhb09sdr51nc9hdm8az5b08vzkgx-glibc-2.35-163/lib/libc.so.6
7f465756c000-7f46575c4000 r--p 0019e000 00:1651 9223372037455367822      /nix/store/4nlgxhb09sdr51nc9hdm8az5b08vzkgx-glibc-2.35-163/lib/libc.so.6
7f46575c4000-7f46575c8000 r--p 001f6000 00:1651 9223372037455367822      /nix/store/4nlgxhb09sdr51nc9hdm8az5b08vzkgx-glibc-2.35-163/lib/libc.so.6
7f46575c8000-7f46575ca000 rw-p 001fa000 00:1651 9223372037455367822      /nix/store/4nlgxhb09sdr51nc9hdm8az5b08vzkgx-glibc-2.35-163/lib/libc.so.6
7f46575ca000-7f46575d9000 rw-p 00000000 00:00 0 
7f46575d9000-7f46575da000 r--p 00000000 00:1651 9223372037455367827      /nix/store/4nlgxhb09sdr51nc9hdm8az5b08vzkgx-glibc-2.35-163/lib/libdl.so.2
7f46575da000-7f46575db000 r-xp 00001000 00:1651 9223372037455367827      /nix/store/4nlgxhb09sdr51nc9hdm8az5b08vzkgx-glibc-2.35-163/lib/libdl.so.2
7f46575db000-7f46575dc000 r--p 00002000 00:1651 9223372037455367827      /nix/store/4nlgxhb09sdr51nc9hdm8az5b08vzkgx-glibc-2.35-163/lib/libdl.so.2
7f46575dc000-7f46575dd000 r--p 00002000 00:1651 9223372037455367827      /nix/store/4nlgxhb09sdr51nc9hdm8az5b08vzkgx-glibc-2.35-163/lib/libdl.so.2
7f46575dd000-7f46575de000 rw-p 00003000 00:1651 9223372037455367827      /nix/store/4nlgxhb09sdr51nc9hdm8az5b08vzkgx-glibc-2.35-163/lib/libdl.so.2
7f46575de000-7f46575df000 r--p 00000000 00:1651 9223372037455367846      /nix/store/4nlgxhb09sdr51nc9hdm8az5b08vzkgx-glibc-2.35-163/lib/libpthread.so.0
7f46575df000-7f46575e0000 r-xp 00001000 00:1651 9223372037455367846      /nix/store/4nlgxhb09sdr51nc9hdm8az5b08vzkgx-glibc-2.35-163/lib/libpthread.so.0
7f46575e0000-7f46575e1000 r--p 00002000 00:1651 9223372037455367846      /nix/store/4nlgxhb09sdr51nc9hdm8az5b08vzkgx-glibc-2.35-163/lib/libpthread.so.0
7f46575e1000-7f46575e2000 r--p 00002000 00:1651 9223372037455367846      /nix/store/4nlgxhb09sdr51nc9hdm8az5b08vzkgx-glibc-2.35-163/lib/libpthread.so.0
7f46575e2000-7f46575e3000 rw-p 00003000 00:1651 9223372037455367846      /nix/store/4nlgxhb09sdr51nc9hdm8az5b08vzkgx-glibc-2.35-163/lib/libpthread.so.0
7f46575e3000-7f46575f1000 r-xp 00000000 00:1651 9223372037562577937      /nix/store/gpxl5qgg8kicmcvivwmybwjlpf7wh20l-graalvm17-ce-22.3.0/lib/libjli.so
7f46575f1000-7f46575f2000 ---p 0000e000 00:1651 9223372037562577937      /nix/store/gpxl5qgg8kicmcvivwmybwjlpf7wh20l-graalvm17-ce-22.3.0/lib/libjli.so
7f46575f2000-7f46575f3000 r--p 0000e000 00:1651 9223372037562577937      /nix/store/gpxl5qgg8kicmcvivwmybwjlpf7wh20l-graalvm17-ce-22.3.0/lib/libjli.so
7f46575f3000-7f46575f4000 rw-p 0000f000 00:1651 9223372037562577937      /nix/store/gpxl5qgg8kicmcvivwmybwjlpf7wh20l-graalvm17-ce-22.3.0/lib/libjli.so
7f46575f4000-7f46575f5000 rw-p 00012000 00:1651 9223372037562577937      /nix/store/gpxl5qgg8kicmcvivwmybwjlpf7wh20l-graalvm17-ce-22.3.0/lib/libjli.so
7f46575f5000-7f46575f8000 r--p 00000000 00:1651 9223372037533597975      /nix/store/026hln0aq1hyshaxsdvhg0kmcm6yf45r-zlib-1.2.13/lib/libz.so.1.2.13
7f46575f8000-7f465760a000 r-xp 00003000 00:1651 9223372037533597975      /nix/store/026hln0aq1hyshaxsdvhg0kmcm6yf45r-zlib-1.2.13/lib/libz.so.1.2.13
7f465760a000-7f4657611000 r--p 00015000 00:1651 9223372037533597975      /nix/store/026hln0aq1hyshaxsdvhg0kmcm6yf45r-zlib-1.2.13/lib/libz.so.1.2.13
7f4657611000-7f4657612000 r--p 0001b000 00:1651 9223372037533597975      /nix/store/026hln0aq1hyshaxsdvhg0kmcm6yf45r-zlib-1.2.13/lib/libz.so.1.2.13
7f4657612000-7f4657613000 rw-p 0001c000 00:1651 9223372037533597975      /nix/store/026hln0aq1hyshaxsdvhg0kmcm6yf45r-zlib-1.2.13/lib/libz.so.1.2.13
7f4657613000-7f4657615000 rw-p 00000000 00:00 0 
7f4657615000-7f4657617000 r--p 00000000 00:1651 9223372037455367816      /nix/store/4nlgxhb09sdr51nc9hdm8az5b08vzkgx-glibc-2.35-163/lib/ld-linux-x86-64.so.2
7f4657617000-7f465763e000 r-xp 00002000 00:1651 9223372037455367816      /nix/store/4nlgxhb09sdr51nc9hdm8az5b08vzkgx-glibc-2.35-163/lib/ld-linux-x86-64.so.2
7f465763e000-7f465764a000 r--p 00029000 00:1651 9223372037455367816      /nix/store/4nlgxhb09sdr51nc9hdm8az5b08vzkgx-glibc-2.35-163/lib/ld-linux-x86-64.so.2
7f465764a000-7f465764c000 r--p 00034000 00:1651 9223372037455367816      /nix/store/4nlgxhb09sdr51nc9hdm8az5b08vzkgx-glibc-2.35-163/lib/ld-linux-x86-64.so.2
7f465764c000-7f465764e000 rw-p 00036000 00:1651 9223372037455367816      /nix/store/4nlgxhb09sdr51nc9hdm8az5b08vzkgx-glibc-2.35-163/lib/ld-linux-x86-64.so.2
7ffcd5493000-7ffcd54b7000 rw-p 00000000 00:00 0                          [stack]
7ffcd55cd000-7ffcd55d1000 r--p 00000000 00:00 0                          [vvar]
7ffcd55d1000-7ffcd55d3000 r-xp 00000000 00:00 0                          [vdso]
ffffffffff600000-ffffffffff601000 --xp 00000000 00:00 0                  [vsyscall]


VM Arguments:
jvm_args: -XX:ThreadPriorityPolicy=1 -XX:+UnlockExperimentalVMOptions -XX:+EnableJVMCIProduct -XX:JVMCIThreadsPerNativeLibraryRuntime=1 -XX:-UnlockExperimentalVMOptions -Declipse.application=org.eclipse.jdt.ls.core.id1 -Dosgi.bundles.defaultStartLevel=4 -Declipse.product=org.eclipse.jdt.ls.core.product -Dlog.level=ALL -Xverify:none -XX:+UseParallelGC -XX:GCTimeRatio=4 -XX:AdaptiveSizePolicyWeight=90 -Dsun.zip.disableMemoryMapping=true -Xmx512m -Xms100m 
java_command: /nix/store/m6gcpi1ii6rghy04cjwjddcavv7i90df-jdt-language-server-1.9.0/share/java/plugins/org.eclipse.equinox.launcher_1.6.400.v20210924-0641.jar --add-modules=ALL-SYSTEM --add-opens java.base/java.util=ALL-UNNAMED --add-opens java.base/java.lang=ALL-UNNAMED -configuration /home/runner/.cache/jdt-language-server/config -data /home/runner/.cache/jdt-language-server/data/home/runner/Battleship
java_class_path (initial): /nix/store/m6gcpi1ii6rghy04cjwjddcavv7i90df-jdt-language-server-1.9.0/share/java/plugins/org.eclipse.equinox.launcher_1.6.400.v20210924-0641.jar
Launcher Type: SUN_STANDARD

[Global flags]
    uintx AdaptiveSizePolicyWeight                 = 90                                        {product} {command line}
     intx CICompilerCount                          = 2                                         {product} {ergonomic}
     bool EnableJVMCIProduct                       = true                                {JVMCI product} {jimage}
    uintx GCTimeRatio                              = 4                                         {product} {command line}
   size_t InitialHeapSize                          = 104857600                                 {product} {command line}
     uint JVMCIThreadsPerNativeLibraryRuntime      = 1                                   {JVMCI product} {jimage}
   size_t MaxHeapSize                              = 536870912                                 {product} {command line}
   size_t MaxNewSize                               = 178782208                                 {product} {ergonomic}
   size_t MinHeapDeltaBytes                        = 524288                                    {product} {ergonomic}
   size_t MinHeapSize                              = 104857600                                 {product} {command line}
   size_t NewSize                                  = 34603008                                  {product} {ergonomic}
    uintx NonNMethodCodeHeapSize                   = 5826188                                {pd product} {ergonomic}
    uintx NonProfiledCodeHeapSize                  = 122916026                              {pd product} {ergonomic}
   size_t OldSize                                  = 70254592                                  {product} {ergonomic}
    uintx ProfiledCodeHeapSize                     = 122916026                              {pd product} {ergonomic}
    uintx ReservedCodeCacheSize                    = 251658240                              {pd product} {ergonomic}
     bool SegmentedCodeCache                       = true                                      {product} {ergonomic}
   size_t SoftMaxHeapSize                          = 536870912                              {manageable} {ergonomic}
     intx ThreadPriorityPolicy                     = 1                                         {product} {jimage}
     bool UseCompressedClassPointers               = true                           {product lp64_product} {ergonomic}
     bool UseCompressedOops                        = true                           {product lp64_product} {ergonomic}
     bool UseParallelGC                            = true                                      {product} {command line}

Logging:
Log output configuration:
 #0: stdout all=warning uptime,level,tags
 #1: stderr all=off uptime,level,tags

Environment Variables:
JAVA_HOME=/nix/store/gpxl5qgg8kicmcvivwmybwjlpf7wh20l-graalvm17-ce-22.3.0
PATH=/nix/store/1d6ian3r8kdzspw8hacjhl3xkp40g1lj-binutils-wrapper-2.39/bin:/nix/store/dq0xwmsk1g0i2ayg6pb7y87na2knzylh-gcc-wrapper-11.3.0/bin:/nix/store/bap4d0lpcrhpwmpb8ayjcgkmvfj62lnq-bash-interactive-5.1-p16/bin:/nix/store/pr5n59mb4jzmfx6kanwxly0l07p861fg-patchelf-0.15.0/bin:/nix/store/1gf2flfqnpqbr1b4p4qz2f72y42bs56r-gcc-11.3.0/bin:/nix/store/57xv61c5zi8pphjbcwxxjlgc34p61ic9-glibc-2.35-163-bin/bin:/nix/store/a7gvj343m05j2s32xcnwr35v31ynlypr-coreutils-9.1/bin:/nix/store/039g378vc3pc3dvi9dzdlrd0i4q93qwf-binutils-2.39/bin:/nix/store/gpxl5qgg8kicmcvivwmybwjlpf7wh20l-graalvm17-ce-22.3.0/bin:/nix/store/6z9ag3ihc8mq2hzsw48lhbznvzny65nz-apache-maven-3.8.6/bin:/nix/store/m6gcpi1ii6rghy04cjwjddcavv7i90df-jdt-language-server-1.9.0/bin:/nix/store/84xs5alhs01zrbr4ywm05kxbjbp5590l-java-debug/bin:/nix/store/mydc6f4k2z73xlcz7ilif3v2lcaiqvza-findutils-4.9.0/bin:/nix/store/j9p3g8472iijd50vhdprx0nmk2fqn5gv-diffutils-3.8/bin:/nix/store/89zs7rms6x00xfq4dq6m7mjnhkr8a6r4-gnused-4.8/bin:/nix/store/86bp03jkmsl6f92w0yzg4s59g5mhxwmy-gnugrep-3.7/bin:/nix/store/hwcdqw4jrjnd37wxqgsd47hd0j8bnj09-gawk-5.1.1/bin:/nix/store/cfbhw8r8ags41vwqaz47r583d0p4h4a1-gnutar-1.34/bin:/nix/store/p3m1ndl1lapwrlh698bnb5lvvxh67378-gzip-1.12/bin:/nix/store/a8mhcagrsly7c7mpjrpsnaahk4aax056-bzip2-1.0.8-bin/bin:/nix/store/mblgz65m3zv9x548a3d5m96fj2pbwr09-gnumake-4.3/bin:/nix/store/dsd5gz46hdbdk2rfdimqddhq6m8m8fqs-bash-5.1-p16/bin:/nix/store/v7ljksji50mg3w61dykaa3n3y79n6nil-patch-2.7.6/bin:/nix/store/zlcnmqq14jz5x9439jf937mvayyl63da-xz-5.2.7-bin/bin:/nix/store/y6aj732zm9m87c82fpvf103a1xb22blp-file-5.43/bin:/nix/store/sgqd0ajghcv2axfl1lad0b1alyavp0dc-prybar-elisp-0.0.0-67f7a00/bin:/nix/store/p3hsvljpgs68jqwar41lc0jqhjj734lf-prybar-lua-0.0.0-67f7a00/bin:/nix/store/qzxs2gybds3s9kb1vkaflpgm2nwr85fh-prybar-python3-0.0.0-67f7a00/bin:/nix/store/km94z9mxp8w4m8gxxp5mbfpdf3nkfvd8-prybar-sqlite-0.0.0-67f7a00/bin:/nix/store/2pnc7b76asw0z59c4l6h6qy8arwqrii1-prybar-tcl-0.0.0-67f7a00/bin:/nix/store/hpbvrlwd5viqmvcaisb3x0118i913a9n-st
LD_LIBRARY_PATH=/nix/store/a4pff549sk2idnkpzk5nsfps3mdkdnvm-cups-2.4.2-lib/lib:/nix/store/72mqxxhh3cy5yifh92wh2yb8cl2hikyy-cairo-1.16.0/lib:/nix/store/2k366jrbsra97gjfxwvrhvixjfxdach5-glib-2.74.1/lib:/nix/store/2j2znigd8ak37rlwh9khz0ry3clqlw1l-gtk+3-3.24.34/lib:/nix/store/hisqvx32cd57apbpcsnkpx6k3549wql1-libglvnd-1.4.0/lib:/nix/store/p36pgcv991mq5srvg765b78yqpxvk3qs-mesa-21.3.3-drivers/lib:/nix/store/mav4251if1ahjq5vkpwycyyvnmy459c4-pulseaudio-14.2/lib
DISPLAY=:0
LANG=en_US.UTF-8

Signal Handlers:
   SIGSEGV: crash_handler in libjvm.so, mask=11100100010111111101111111111110, flags=SA_RESTART|SA_SIGINFO
    SIGBUS: crash_handler in libjvm.so, mask=11100100010111111101111111111110, flags=SA_RESTART|SA_SIGINFO
    SIGFPE: crash_handler in libjvm.so, mask=11100100010111111101111111111110, flags=SA_RESTART|SA_SIGINFO
   SIGPIPE: IsolateEnterStub_IgnoreSIGPIPEStartupHook_noopSignalHandler_8f19bff2f35b5f630d83b364d6b2339320d4ec70_216e8361c6bc87a8f89f58cc10d3b2fd4415bf87 in libjvmcicompiler.so, mask=00000000000000000000000000000000, flags=SA_RESTART
  *** Handler was modified!
  *** Expected: javaSignalHandler in libjvm.so, mask=11100100110111111111111111111110, flags=SA_RESTART|SA_SIGINFO
   SIGXFSZ: javaSignalHandler in libjvm.so, mask=11100100010111111101111111111110, flags=SA_RESTART|SA_SIGINFO
    SIGILL: crash_handler in libjvm.so, mask=11100100010111111101111111111110, flags=SA_RESTART|SA_SIGINFO
   SIGUSR2: SR_handler in libjvm.so, mask=00000000000000000000000000000000, flags=SA_RESTART|SA_SIGINFO
    SIGHUP: UserHandler in libjvm.so, mask=11100100010111111101111111111110, flags=SA_RESTART|SA_SIGINFO
    SIGINT: UserHandler in libjvm.so, mask=11100100010111111101111111111110, flags=SA_RESTART|SA_SIGINFO
   SIGTERM: UserHandler in libjvm.so, mask=11100100010111111101111111111110, flags=SA_RESTART|SA_SIGINFO
   SIGQUIT: UserHandler in libjvm.so, mask=11100100010111111101111111111110, flags=SA_RESTART|SA_SIGINFO
  *** Handler was modified!
  *** Expected: javaSignalHandler in libjvm.so, mask=11100100110111111111111111111110, flags=SA_RESTART|SA_SIGINFO
   SIGTRAP: crash_handler in libjvm.so, mask=11100100010111111101111111111110, flags=SA_RESTART|SA_SIGINFO


---------------  S Y S T E M  ---------------

OS:
DISTRIB_ID=Ubuntu
DISTRIB_RELEASE=20.04
DISTRIB_CODENAME=focal
DISTRIB_DESCRIPTION="Ubuntu 20.04.2 LTS"
uname: Linux 5.15.0-1027-gcp #34~20.04.1-Ubuntu SMP Mon Jan 9 18:40:09 UTC 2023 x86_64
OS uptime: 0 days 12:03 hours
libc: glibc 2.35 NPTL 2.35 
rlimit (soft/hard): STACK 8192k/infinity , CORE infinity/infinity , NPROC infinity/infinity , NOFILE 5242/5242 , AS infinity/infinity , CPU infinity/infinity , DATA infinity/infinity , FSIZE infinity/infinity , MEMLOCK 64k/64k
load average: 15.77 14.54 13.54

/proc/meminfo:
MemTotal:       65852736 kB
MemFree:        19244876 kB
MemAvailable:   45611188 kB
Buffers:         2666168 kB
Cached:         22059200 kB
SwapCached:            0 kB
Active:         10175248 kB
Inactive:       32388512 kB
Active(anon):      14748 kB
Inactive(anon): 17226592 kB
Active(file):   10160500 kB
Inactive(file): 15161920 kB
Unevictable:       42980 kB
Mlocked:           42980 kB
SwapTotal:             0 kB
SwapFree:              0 kB
Dirty:            208664 kB
Writeback:           232 kB
AnonPages:      16737872 kB
Mapped:          1568120 kB
Shmem:             40000 kB
KReclaimable:    1770492 kB
Slab:            2997116 kB
SReclaimable:    1770492 kB
SUnreclaim:      1226624 kB
KernelStack:      403304 kB
PageTables:       195768 kB
NFS_Unstable:          0 kB
Bounce:                0 kB
WritebackTmp:          0 kB
CommitLimit:    32926368 kB
Committed_AS:   69727436 kB
VmallocTotal:   34359738367 kB
VmallocUsed:      440952 kB
VmallocChunk:          0 kB
Percpu:            58688 kB
HardwareCorrupted:     0 kB
AnonHugePages:    636928 kB
ShmemHugePages:        0 kB
ShmemPmdMapped:        0 kB
FileHugePages:         0 kB
FilePmdMapped:         0 kB
HugePages_Total:       0
HugePages_Free:        0
HugePages_Rsvd:        0
HugePages_Surp:        0
Hugepagesize:       2048 kB
Hugetlb:               0 kB
DirectMap4k:     4346688 kB
DirectMap2M:    43884544 kB
DirectMap1G:    20971520 kB

/sys/kernel/mm/transparent_hugepage/enabled: always [madvise] never
/sys/kernel/mm/transparent_hugepage/defrag (defrag/compaction efforts parameter): always defer defer+madvise [madvise] never

Process Memory:
Virtual Size: 4721752K (peak: 4811580K)
Resident Set Size: 747432K (peak: 782060K) (anon: 550740K, file: 196692K, shmem: 0K)
Swapped out: 0K
C-Heap outstanding allocations: 42009K, retained: 9634K
glibc malloc tunables: (default)

/proc/sys/kernel/threads-max (system-wide limit on the number of threads): 514406
/proc/sys/vm/max_map_count (maximum number of memory map areas a process may have): 65530
/proc/sys/kernel/pid_max (system-wide limit on number of process identifiers): 4194304

container (cgroup) information:
container_type: cgroupv1
cpu_cpuset_cpus: 2-7
cpu_memory_nodes: 0
active_processor_count: 1
cpu_quota: 50000
cpu_period: 100000
cpu_shares: 512
memory_limit_in_bytes: 1048576 k
memory_and_swap_limit_in_bytes: 1048576 k
memory_soft_limit_in_bytes: 524288 k
memory_usage_in_bytes: 594572 k
memory_max_usage_in_bytes: 662756 k
maximum number of tasks: 1000
current number of tasks: 49

KVM virtualization detected
Steal ticks since vm start: 0
Steal ticks percentage since vm start:  0.000

CPU: total 8 (initial active 1) (8 cores per cpu, 2 threads per core) family 23 model 49 stepping 0 microcode 0xffffffff, cx8, cmov, fxsr, ht, mmx, 3dnowpref, sse, sse2, sse3, ssse3, sse4a, sse4.1, sse4.2, popcnt, lzcnt, tsc, tscinvbit, avx, avx2, aes, clmul, bmi1, bmi2, adx, sha, fma, vzeroupper, clflush, clflushopt, hv
CPU Model and flags from /proc/cpuinfo:
model name	: AMD EPYC 7B12
flags		: fpu vme de pse tsc msr pae mce cx8 apic sep mtrr pge mca cmov pat pse36 clflush mmx fxsr sse sse2 ht syscall nx mmxext fxsr_opt pdpe1gb rdtscp lm constant_tsc rep_good nopl nonstop_tsc cpuid extd_apicid tsc_known_freq pni pclmulqdq ssse3 fma cx16 sse4_1 sse4_2 movbe popcnt aes xsave avx f16c rdrand hypervisor lahf_lm cmp_legacy cr8_legacy abm sse4a misalignsse 3dnowprefetch osvw topoext ssbd ibrs ibpb stibp vmmcall fsgsbase tsc_adjust bmi1 avx2 smep bmi2 rdseed adx smap clflushopt clwb sha_ni xsaveopt xsavec xgetbv1 clzero xsaveerptr arat npt nrip_save umip rdpid

Online cpus: 0-7
Offline cpus: 
BIOS frequency limitation: <Not Available>
Frequency switch latency (ns): <Not Available>
Available cpu frequencies: <Not Available>
Current governor: <Not Available>
Core performance/turbo boost: <Not Available>

Memory: 4k page, physical 1048576k(453996k free), swap 0k(0k free)
Page Sizes: 4k

vm_info: OpenJDK 64-Bit Server VM (17.0.5+8-jvmci-22.3-b08) for linux-amd64 JRE (17.0.5+8-jvmci-22.3-b08), built on Oct 19 2022 09:01:27 by "buildslave" with gcc 10.3.0

END.
