#
# A fatal error has been detected by the Java Runtime Environment:
#
#  Internal Error (jvmciRuntime.cpp:1609), pid=11217, tid=11234
#  fatal error: Fatal exception in JVMCI: Error calling jdk.vm.ci.services.Services.serializeSavedProperties
#
# JRE version: OpenJDK Runtime Environment GraalVM CE 22.3.0 (17.0.5+8) (build 17.0.5+8-jvmci-22.3-b08)
# Java VM: OpenJDK 64-Bit Server VM GraalVM CE 22.3.0 (17.0.5+8-jvmci-22.3-b08, mixed mode, sharing, tiered, jvmci, jvmci compiler, compressed oops, compressed class ptrs, parallel gc, linux-amd64)
# Problematic frame:
# V  [libjvm.so+0x972714]  JVMCIRuntime::fatal_exception(JVMCIEnv*, char const*)+0x74
#
# Core dump will be written. Default location: Core dumps may be processed with "/usr/share/apport/apport -p%p -s%s -c%c -d%d -P%P -u%u -g%g -- %E" (or dumping to /home/runner/Calculator/core.11217)
#
# If you would like to submit a bug report, please visit:
#   https://github.com/oracle/graal/issues
#

---------------  S U M M A R Y ------------

Command Line: -XX:ThreadPriorityPolicy=1 -XX:+UnlockExperimentalVMOptions -XX:+EnableJVMCIProduct -XX:JVMCIThreadsPerNativeLibraryRuntime=1 -XX:-UnlockExperimentalVMOptions -Declipse.application=org.eclipse.jdt.ls.core.id1 -Dosgi.bundles.defaultStartLevel=4 -Declipse.product=org.eclipse.jdt.ls.core.product -Dlog.level=ALL -Xverify:none -XX:+UseParallelGC -XX:GCTimeRatio=4 -XX:AdaptiveSizePolicyWeight=90 -Dsun.zip.disableMemoryMapping=true -Xmx512m -Xms100m /nix/store/m6gcpi1ii6rghy04cjwjddcavv7i90df-jdt-language-server-1.9.0/share/java/plugins/org.eclipse.equinox.launcher_1.6.400.v20210924-0641.jar --add-modules=ALL-SYSTEM --add-opens java.base/java.util=ALL-UNNAMED --add-opens java.base/java.lang=ALL-UNNAMED -configuration /home/runner/.cache/jdt-language-server/config -data /home/runner/.cache/jdt-language-server/data/home/runner/Calculator

Host: AMD EPYC 7B12, 8 cores, 1G, Ubuntu 20.04.2 LTS
Time: Mon Apr  3 02:53:11 2023 UTC elapsed time: 2414.865983 seconds (0d 0h 40m 14s)

---------------  T H R E A D  ---------------

Current thread (0x00007efc040b21d0):  JavaThread "JVMCI-native CompilerThread0" daemon [_thread_in_vm, id=11234, stack(0x00007efbe9048000,0x00007efbe9248000)]


Current CompileTask:
JVMCI-native:2414866 12738       4       jdk.internal.org.objectweb.asm.SymbolTable::addConstantClass (8 bytes)

Stack: [0x00007efbe9048000,0x00007efbe9248000],  sp=0x00007efbe9246380,  free space=2040k
Native frames: (J=compiled Java code, j=interpreted, Vv=VM code, C=native code)
V  [libjvm.so+0x972714]  JVMCIRuntime::fatal_exception(JVMCIEnv*, char const*)+0x74
V  [libjvm.so+0x93e2fe]  JVMCIEnv::copy_saved_properties()+0x14e
V  [libjvm.so+0x9732a9]  JVMCIRuntime::initialize(JVMCIEnv*)+0xb19
V  [libjvm.so+0x9738a2]  JVMCIRuntime::get_HotSpotJVMCIRuntime(JVMCIEnv*)+0x12
V  [libjvm.so+0x9749f2]  JVMCIRuntime::compile_method(JVMCIEnv*, JVMCICompiler*, methodHandle const&, int)+0xd2
V  [libjvm.so+0x5b0d20]  CompileBroker::invoke_compiler_on_method(CompileTask*)+0x1470
V  [libjvm.so+0x5b12e8]  CompileBroker::compiler_thread_loop()+0x528
V  [libjvm.so+0xd82460]  JavaThread::thread_main_inner()+0xd0
V  [libjvm.so+0xd85a40]  Thread::call_run()+0xc0
V  [libjvm.so+0xbdb1e1]  thread_native_entry(Thread*)+0xe1

Register to memory mapping:

RAX=0x00007efc08dc4000 points into unknown readable memory: 0x0000000000000058 | 58 00 00 00 00 00 00 00
RBX=0x00007efc09ebf398: <offset 0x0000000000ef5398> in /nix/store/gpxl5qgg8kicmcvivwmybwjlpf7wh20l-graalvm17-ce-22.3.0/lib/server/libjvm.so at 0x00007efc08fca000
RCX=0x00007efc09e771e8: <offset 0x0000000000ead1e8> in /nix/store/gpxl5qgg8kicmcvivwmybwjlpf7wh20l-graalvm17-ce-22.3.0/lib/server/libjvm.so at 0x00007efc08fca000
RDX=0x0000000000000649 is an unknown value
RSP=0x00007efbe9246380 is pointing into the stack for thread: 0x00007efc040b21d0
RBP=0x00007efbe92463a0 is pointing into the stack for thread: 0x00007efc040b21d0
RSI=0x00007efc09ebfc48: <offset 0x0000000000ef5c48> in /nix/store/gpxl5qgg8kicmcvivwmybwjlpf7wh20l-graalvm17-ce-22.3.0/lib/server/libjvm.so at 0x00007efc08fca000
RDI=0x00000000e0000000 is an oop: java.util.jar.Attributes 
{0x00000000e0000000} - klass: 'java/util/jar/Attributes'
 - ---- fields (total size 2 words):
 - protected 'map' 'Ljava/util/Map;' @12  a 'java/util/LinkedHashMap'{0x00000000e0000010} (e0000010)
R8 =0x00007efc09ebf398: <offset 0x0000000000ef5398> in /nix/store/gpxl5qgg8kicmcvivwmybwjlpf7wh20l-graalvm17-ce-22.3.0/lib/server/libjvm.so at 0x00007efc08fca000
R9 =0x00007efbe9246330 is pointing into the stack for thread: 0x00007efc040b21d0
R10=0x00007efbe9247948 is pointing into the stack for thread: 0x00007efc040b21d0
R11=0x0000000000000293 is an unknown value
R12=0x0 is NULL
R13=0x00007efc040b21d0 is a thread
R14=0x00007efc04000b80 points into unknown readable memory: 0x00007efc0a0f0a38 | 38 0a 0f 0a fc 7e 00 00
R15=0x00007efc0a1fee40: <offset 0x0000000001234e40> in /nix/store/gpxl5qgg8kicmcvivwmybwjlpf7wh20l-graalvm17-ce-22.3.0/lib/server/libjvm.so at 0x00007efc08fca000


Registers:
RAX=0x00007efc08dc4000, RBX=0x00007efc09ebf398, RCX=0x00007efc09e771e8, RDX=0x0000000000000649
RSP=0x00007efbe9246380, RBP=0x00007efbe92463a0, RSI=0x00007efc09ebfc48, RDI=0x00000000e0000000
R8 =0x00007efc09ebf398, R9 =0x00007efbe9246330, R10=0x00007efbe9247948, R11=0x0000000000000293
R12=0x0000000000000000, R13=0x00007efc040b21d0, R14=0x00007efc04000b80, R15=0x00007efc0a1fee40
RIP=0x00007efc0993c714, EFLAGS=0x0000000000010206, CSGSFS=0x002b000000000033, ERR=0x0000000000000006
  TRAPNO=0x000000000000000e

Top of Stack: (sp=0x00007efbe9246380)
0x00007efbe9246380:   00007efbe9246940 00007efc040b21d0
0x00007efbe9246390:   00007efc08757888 0000000800c426d8
0x00007efbe92463a0:   00007efbe9246500 00007efc099082fe
0x00007efbe92463b0:   00007efbe92463e0 00007efbe9246440 

Instructions: (pc=0x00007efc0993c714)
0x00007efc0993c614:   30 e8 f6 cf e8 ff 4c 89 e7 e8 2e 48 d1 ff 84 db
0x00007efc0993c624:   75 2a 4d 85 ed 74 04 4d 8b 6d 00 48 83 c4 08 44
0x00007efc0993c634:   89 f9 4c 89 f2 4c 89 ee 5b 4c 89 e7 41 5c 41 5d
0x00007efc0993c644:   41 5e 41 5f 5d e9 e2 47 d1 ff 66 90 48 83 c4 08
0x00007efc0993c654:   5b 41 5c 41 5d 41 5e 41 5f 5d c3 90 31 d2 be 08
0x00007efc0993c664:   00 00 00 4c 89 ff e8 b1 78 a3 ff 49 89 c5 e9 37
0x00007efc0993c674:   ff ff ff 66 0f 1f 84 00 00 00 00 00 48 8b 7a 08
0x00007efc0993c684:   e9 6d ff ff ff 0f 1f 80 00 00 00 00 e8 5b 48 0a
0x00007efc0993c694:   00 84 c0 75 89 e9 6a ff ff ff 66 90 55 48 89 e5
0x00007efc0993c6a4:   41 56 41 55 41 54 49 89 fc 53 48 89 f3 66 48 8d
0x00007efc0993c6b4:   3d 27 5e 85 00 66 66 48 e8 df 43 8d ff 4c 8b 28
0x00007efc0993c6c4:   8b 05 be 72 8a 00 85 c0 75 14 ba 01 00 00 00 48
0x00007efc0993c6d4:   8d 0d ae 72 8a 00 f0 0f b1 11 85 c0 74 4e be c8
0x00007efc0993c6e4:   00 00 00 4c 89 ef e8 01 0b 41 00 48 8d 05 12 ac
0x00007efc0993c6f4:   85 00 49 89 d8 48 8d 0d e8 aa 53 00 ba 49 06 00
0x00007efc0993c704:   00 48 8d 35 3c 35 58 00 bf 00 00 00 e0 48 8b 00
0x00007efc0993c714:   c6 00 58 31 c0 e8 e2 91 c6 ff 5b 41 5c 41 5d 41
0x00007efc0993c724:   5e 5d e9 55 34 26 00 0f 1f 44 00 00 48 8d 05 81
0x00007efc0993c734:   a3 8b 00 48 89 df 4c 8b 30 e8 9e 43 8d ff 48 89
0x00007efc0993c744:   de 48 89 c2 49 8b 06 4c 89 f7 ff 50 08 4c 89 f7
0x00007efc0993c754:   e8 a7 5c 27 00 4d 85 e4 74 12 be 01 00 00 00 4c
0x00007efc0993c764:   89 e7 e8 35 43 fc ff eb 82 0f 1f 00 be 01 00 00
0x00007efc0993c774:   00 4c 89 ef e8 d3 fd ff ff e9 6d ff ff ff 66 66
0x00007efc0993c784:   2e 0f 1f 84 00 00 00 00 00 0f 1f 00 55 48 89 e5
0x00007efc0993c794:   41 57 41 56 41 55 41 54 53 48 81 ec 08 02 00 00
0x00007efc0993c7a4:   64 48 8b 04 25 28 00 00 00 48 89 45 c8 8b 07 83
0x00007efc0993c7b4:   f8 02 0f 84 11 04 00 00 4c 8b 6f 18 49 89 ff 49
0x00007efc0993c7c4:   89 f4 4d 85 ed 74 14 4c 89 ef e8 5d 57 22 00 41
0x00007efc0993c7d4:   8b 07 83 f8 02 0f 84 19 04 00 00 48 8d 1d 9a 06
0x00007efc0993c7e4:   8a 00 4c 8d 35 0b 3c 58 00 eb 38 90 48 85 d2 7f
0x00007efc0993c7f4:   0d 48 8d 05 b4 c0 85 00 48 83 38 00 7e 0e 41 8b
0x00007efc0993c804:   77 2c 4c 89 f7 31 c0 e8 a0 b2 f7 ff 49 8b 7f 18 


Stack slot to memory mapping:
stack at sp + 0 slots: 0x00007efbe9246940 is pointing into the stack for thread: 0x00007efc040b21d0
stack at sp + 1 slots: 0x00007efc040b21d0 is a thread
stack at sp + 2 slots: 0x00007efc08757888 points into unknown readable memory: 0x65730018d23fffff | ff ff 3f d2 18 00 73 65
stack at sp + 3 slots: 0x0000000800c426d8 is a pointer to class: 
jdk.vm.ci.services.Services {0x0000000800c426d8}
 - instance size:     2
 - klass size:        65
 - access:            public final synchronized 
 - state:             fully_initialized
 - name:              'jdk/vm/ci/services/Services'
 - super:             'java/lang/Object'
 - sub:               
 - arrays:            NULL
 - methods:           Array<T>(0x00007efbe9c52cf0)
 - method ordering:   Array<T>(0x0000000800928960)
 - default_methods:   Array<T>(0x0000000000000000)
 - local interfaces:  Array<T>(0x00000008005ce810)
 - trans. interfaces: Array<T>(0x00000008005ce810)
 - constants:         constant pool [427] {0x00007efbe9c51dd0} for 'jdk/vm/ci/services/Services' cache=0x00007efbe9c53fc0
 - class loader data:  loader data: 0x00007efc040283f0 of 'bootstrap'
 - source file:       'Services.java'
 - class annotations:       Array<T>(0x0000000000000000)
 - class type annotations:  Array<T>(0x0000000000000000)
 - field annotations:       Array<T>(0x0000000000000000)
 - field type annotations:  Array<T>(0x0000000000000000)
 - inner classes:     Array<T>(0x00007efbe9c53f90)
 - nest members:     Array<T>(0x00007efbe9c53fb0)
 - permitted subclasses:     Array<T>(0x00000008005ce7a0)
 - java mirror:       a 'java/lang/Class'{0x00000000e029d588} = 'jdk/vm/ci/services/Services'
 - vtable length      5  (start addr: 0x0000000800c428a8)
 - itable length      2 (start addr: 0x0000000800c428d0)
 - ---- static fields (3 words):
 - public static final 'IS_BUILDING_NATIVE_IMAGE' 'Z' @128 
 - public static final 'IS_IN_NATIVE_IMAGE' 'Z' @129 
 - private static volatile 'savedProperties' 'Ljava/util/Map;' @112 
 - static final 'JVMCI_ENABLED' 'Z' @130 
 - private static final 'servicesCache' 'Ljava/util/Map;' @116 
 - private static final 'MAX_UNICODE_IN_UTF8_LENGTH' 'I' @120 
 - private static final 'MAX_UTF8_PROPERTY_STRING_LENGTH' 'I' @124 
 - ---- non-static fields (0 words):
 - non-static oop maps: 
stack at sp + 4 slots: 0x00007efbe9246500 is pointing into the stack for thread: 0x00007efc040b21d0
stack at sp + 5 slots: 0x00007efc099082fe: <offset 0x000000000093e2fe> in /nix/store/gpxl5qgg8kicmcvivwmybwjlpf7wh20l-graalvm17-ce-22.3.0/lib/server/libjvm.so at 0x00007efc08fca000
stack at sp + 6 slots: 0x00007efbe92463e0 is pointing into the stack for thread: 0x00007efc040b21d0
stack at sp + 7 slots: 0x00007efbe9246440 is pointing into the stack for thread: 0x00007efc040b21d0


---------------  P R O C E S S  ---------------

Threads class SMR info:
_java_thread_list=0x00007efb6c233a60, length=35, elements={
0x00007efc04026690, 0x00007efc040a64d0, 0x00007efc040a7910, 0x00007efc040ae040,
0x00007efc040af3f0, 0x00007efc040b07e0, 0x00007efc040b21d0, 0x00007efc040b36e0,
0x00007efc040b4b30, 0x00007efc040d7700, 0x00007efc0411f830, 0x00007efc042dc9d0,
0x00007efc04325020, 0x00007efc04327c80, 0x00007efb9802f460, 0x00007efb983fbc80,
0x00007efb9847d0f0, 0x00007efb98621a60, 0x00007efb987cc770, 0x00007efc04360b40,
0x00007efc043f3bd0, 0x00007efb80000ff0, 0x00007efb8003db90, 0x00007efb74176fa0,
0x00007efb74195240, 0x00007efb741ba480, 0x00007efb74194250, 0x00007efb74175ec0,
0x00007efb741bb990, 0x00007efb6c231b90, 0x00007efb7418efd0, 0x00007efb74149d50,
0x00007efb741b95e0, 0x00007efb7418a070, 0x00007efb6c232890
}

Java Threads: ( => current thread )
  0x00007efc04026690 JavaThread "main" [_thread_blocked, id=11226, stack(0x00007efc08de5000,0x00007efc08ee5000)]
  0x00007efc040a64d0 JavaThread "Reference Handler" daemon [_thread_blocked, id=11229, stack(0x00007efbe992e000,0x00007efbe9a2e000)]
  0x00007efc040a7910 JavaThread "Finalizer" daemon [_thread_blocked, id=11230, stack(0x00007efbe982e000,0x00007efbe992e000)]
  0x00007efc040ae040 JavaThread "Signal Dispatcher" daemon [_thread_blocked, id=11231, stack(0x00007efbe9448000,0x00007efbe9548000)]
  0x00007efc040af3f0 JavaThread "Service Thread" daemon [_thread_blocked, id=11232, stack(0x00007efbe9348000,0x00007efbe9448000)]
  0x00007efc040b07e0 JavaThread "Monitor Deflation Thread" daemon [_thread_blocked, id=11233, stack(0x00007efbe9248000,0x00007efbe9348000)]
=>0x00007efc040b21d0 JavaThread "JVMCI-native CompilerThread0" daemon [_thread_in_vm, id=11234, stack(0x00007efbe9048000,0x00007efbe9248000)]
  0x00007efc040b36e0 JavaThread "C1 CompilerThread0" daemon [_thread_blocked, id=11235, stack(0x00007efbe8e48000,0x00007efbe9048000)]
  0x00007efc040b4b30 JavaThread "Sweeper thread" daemon [_thread_blocked, id=11236, stack(0x00007efbe8d48000,0x00007efbe8e48000)]
  0x00007efc040d7700 JavaThread "Common-Cleaner" daemon [_thread_blocked, id=11238, stack(0x00007efbe8c48000,0x00007efbe8d48000)]
  0x00007efc0411f830 JavaThread "Notification Thread" daemon [_thread_blocked, id=11240, stack(0x00007efbe8b48000,0x00007efbe8c48000)]
  0x00007efc042dc9d0 JavaThread "Active Thread: Equinox Container: 2a788704-ef13-4cdb-b733-9ded31d1f036" [_thread_blocked, id=11256, stack(0x00007efbe8800000,0x00007efbe8900000)]
  0x00007efc04325020 JavaThread "Framework Event Dispatcher: Equinox Container: 2a788704-ef13-4cdb-b733-9ded31d1f036" daemon [_thread_blocked, id=11260, stack(0x00007efbe8600000,0x00007efbe8700000)]
  0x00007efc04327c80 JavaThread "Start Level: Equinox Container: 2a788704-ef13-4cdb-b733-9ded31d1f036" daemon [_thread_blocked, id=11261, stack(0x00007efbe8400000,0x00007efbe8500000)]
  0x00007efb9802f460 JavaThread "SCR Component Actor" daemon [_thread_blocked, id=11263, stack(0x00007efbe8200000,0x00007efbe8300000)]
  0x00007efb983fbc80 JavaThread "Worker-JM" [_thread_blocked, id=11273, stack(0x00007efbb0900000,0x00007efbb0a00000)]
  0x00007efb9847d0f0 JavaThread "Worker-0: Java indexing... " [_thread_blocked, id=11277, stack(0x00007efbb0700000,0x00007efbb0800000)]
  0x00007efb98621a60 JavaThread "Java indexing" daemon [_thread_blocked, id=11285, stack(0x00007efbb0100000,0x00007efbb0200000)]
  0x00007efb987cc770 JavaThread "Bundle File Closer" daemon [_thread_blocked, id=11286, stack(0x00007efbaff00000,0x00007efbb0000000)]
  0x00007efc04360b40 JavaThread "pool-3-thread-1" [_thread_blocked, id=11295, stack(0x00007efbe8000000,0x00007efbe8100000)]
  0x00007efc043f3bd0 JavaThread "pool-2-thread-1" [_thread_blocked, id=11300, stack(0x00007efbe8300000,0x00007efbe8400000)]
  0x00007efb80000ff0 JavaThread "Worker-3: Periodic workspace save." [_thread_blocked, id=11305, stack(0x00007efbafd00000,0x00007efbafe00000)]
  0x00007efb8003db90 JavaThread "Worker-4: Compacting resource model" [_thread_blocked, id=11625, stack(0x00007efbae700000,0x00007efbae800000)]
  0x00007efb74176fa0 JavaThread "Thread-114" [_thread_blocked, id=12176, stack(0x00007efbaf900000,0x00007efbafa00000)]
  0x00007efb74195240 JavaThread "Thread-117" [_thread_blocked, id=12194, stack(0x00007efbb0500000,0x00007efbb0600000)]
  0x00007efb741ba480 JavaThread "Thread-118" [_thread_blocked, id=12247, stack(0x00007efb7da00000,0x00007efb7db00000)]
  0x00007efb74194250 JavaThread "Thread-119" [_thread_blocked, id=12252, stack(0x00007efbaeb00000,0x00007efbaec00000)]
  0x00007efb74175ec0 JavaThread "Thread-120" [_thread_blocked, id=12268, stack(0x00007efbae100000,0x00007efbae200000)]
  0x00007efb741bb990 JavaThread "Thread-121" [_thread_blocked, id=12463, stack(0x00007efbb0300000,0x00007efbb0400000)]
  0x00007efb6c231b90 JavaThread "Worker-5" [_thread_blocked, id=12464, stack(0x00007efb7e100000,0x00007efb7e200000)]
  0x00007efb7418efd0 JavaThread "Thread-122" [_thread_blocked, id=12725, stack(0x00007efb7e000000,0x00007efb7e100000)]
  0x00007efb74149d50 JavaThread "Thread-126" [_thread_blocked, id=15482, stack(0x00007efbadf00000,0x00007efbae000000)]
  0x00007efb741b95e0 JavaThread "Thread-130" [_thread_blocked, id=17730, stack(0x00007efbae500000,0x00007efbae600000)]
  0x00007efb7418a070 JavaThread "Thread-131" [_thread_blocked, id=18692, stack(0x00007efbac900000,0x00007efbaca00000)]
  0x00007efb6c232890 JavaThread "ForkJoinPool-1-worker-1" daemon [_thread_blocked, id=18752, stack(0x00007efbae900000,0x00007efbaea00000)]

Other Threads:
  0x00007efc040a1c10 VMThread "VM Thread" [stack: 0x00007efbe9a30000,0x00007efbe9b30000] [id=11228] _threads_hazard_ptr=0x00007efb6c233a60
  0x00007efc041211d0 WatcherThread [stack: 0x00007efbe8a48000,0x00007efbe8b48000] [id=11241]
  0x00007efc0403df30 GCTaskThread "GC Thread#0" [stack: 0x00007efc089a8000,0x00007efc08aa8000] [id=11227]

Threads with active compile tasks:
JVMCI-native CompilerThread0  2414939 12738       4       jdk.internal.org.objectweb.asm.SymbolTable::addConstantClass (8 bytes)

VM state: synchronizing (normal execution)

VM Mutex/Monitor currently owned by a thread:  ([mutex/lock_event])
[0x00007efc04023840] Threads_lock - owner thread: 0x00007efc040a1c10
[0x00007efc04023ff0] Heap_lock - owner thread: 0x00007efb9847d0f0

OutOfMemory and StackOverflow Exception counts:
OutOfMemoryError java_heap_errors=3
LinkageErrors=56

Heap address: 0x00000000e0000000, size: 512 MB, Compressed Oops mode: 32-bit

CDS archive(s) mapped at: [0x0000000800000000-0x0000000800bc8000-0x0000000800bc8000), size 12353536, SharedBaseAddress: 0x0000000800000000, ArchiveRelocationMode: 0.
Compressed class space mapped at: 0x0000000800c00000-0x0000000840c00000, reserved size: 1073741824
Narrow klass base: 0x0000000800000000, Narrow klass shift: 0, Narrow klass range: 0x100000000

GC Precious Log:
 CPUs: 8 total, 1 available
 Memory: 1024M
 Large Page Support: Disabled
 NUMA Support: Disabled
 Compressed Oops: Enabled (32-bit)
 Alignments: Space 512K, Generation 512K, Heap 2M
 Heap Min Capacity: 100M
 Heap Initial Capacity: 100M
 Heap Max Capacity: 512M
 Pre-touch: Disabled
 Parallel Workers: 1

Heap:
 PSYoungGen      total 58368K, used 39988K [0x00000000f5580000, 0x00000000fd480000, 0x0000000100000000)
  eden space 36864K, 100% used [0x00000000f5580000,0x00000000f7980000,0x00000000f7980000)
  from space 21504K, 14% used [0x00000000fa680000,0x00000000fa98d198,0x00000000fbb80000)
  to   space 46080K, 0% used [0x00000000f7980000,0x00000000f7980000,0x00000000fa680000)
 ParOldGen       total 349696K, used 349695K [0x00000000e0000000, 0x00000000f5580000, 0x00000000f5580000)
  object space 349696K, 99% used [0x00000000e0000000,0x00000000f557fff8,0x00000000f5580000)
 Metaspace       used 61152K, committed 62208K, reserved 1105920K
  class space    used 5577K, committed 6016K, reserved 1048576K

Card table byte_map: [0x00007efc08aa8000,0x00007efc08ba9000] _byte_map_base: 0x00007efc083a8000

Marking Bits: (ParMarkBitMap*) 0x00007efc0a1f84c0
 Begin Bits: [0x00007efbea4b3000, 0x00007efbeacb3000)
 End Bits:   [0x00007efbeacb3000, 0x00007efbeb4b3000)

Polling page: 0x00007efc08dc2000

Metaspace:

Usage:
  Non-class:     54.27 MB used.
      Class:      5.45 MB used.
       Both:     59.72 MB used.

Virtual space:
  Non-class space:       56.00 MB reserved,      54.88 MB ( 98%) committed,  7 nodes.
      Class space:        1.00 GB reserved,       5.88 MB ( <1%) committed,  1 nodes.
             Both:        1.05 GB reserved,      60.75 MB (  6%) committed. 

Chunk freelists:
   Non-Class:  421.00 KB
       Class:  1.99 MB
        Both:  2.40 MB

MaxMetaspaceSize: unlimited
CompressedClassSpaceSize: 1.00 GB
Initial GC threshold: 21.00 MB
Current GC threshold: 101.06 MB
CDS: on
MetaspaceReclaimPolicy: balanced
 - commit_granule_bytes: 65536.
 - commit_granule_words: 8192.
 - virtual_space_node_default_size: 1048576.
 - enlarge_chunks_in_place: 1.
 - new_chunks_are_fully_committed: 0.
 - uncommit_free_chunks: 1.
 - use_allocation_guard: 0.
 - handle_deallocations: 1.


Internal statistics:

num_allocs_failed_limit: 6.
num_arena_births: 486.
num_arena_deaths: 136.
num_vsnodes_births: 8.
num_vsnodes_deaths: 0.
num_space_committed: 968.
num_space_uncommitted: 0.
num_chunks_returned_to_freelist: 191.
num_chunks_taken_from_freelist: 3059.
num_chunk_merges: 79.
num_chunk_splits: 1990.
num_chunks_enlarged: 1238.
num_purges: 12.
num_inconsistent_stats: 0.

CodeHeap 'non-profiled nmethods': size=120036Kb used=3785Kb max_used=3785Kb free=116250Kb
 bounds [0x00007efbf2f7a000, 0x00007efbf333a000, 0x00007efbfa4b3000]
CodeHeap 'profiled nmethods': size=120032Kb used=19205Kb max_used=21253Kb free=100826Kb
 bounds [0x00007efbeba42000, 0x00007efbecf12000, 0x00007efbf2f7a000]
CodeHeap 'non-nmethods': size=5692Kb used=1455Kb max_used=1478Kb free=4236Kb
 bounds [0x00007efbeb4b3000, 0x00007efbeb723000, 0x00007efbeba42000]
 total_blobs=9437 nmethods=8623 adapters=590
 compilation: enabled
              stopped_count=0, restarted_count=0
 full_count=0

JVMCI Events (20 events):
Event: 1759.824 Thread 0x00007efc040b21d0 releasing handles for JVMCI runtime 0: oop handles=63, metadata handles={total=160, live=135, blocks=33}
Event: 1759.824 Thread 0x00007efc040b21d0 detached from JVMCI runtime 0
Event: 1952.730 Thread 0x00007efc040b21d0 attached to JVMCI runtime 0
Event: 1952.732 Thread 0x00007efc040b21d0 created JavaVM[24]@0x00007efb61f9e340 for JVMCI runtime 0
Event: 1954.465 Thread 0x00007efc040b21d0 initializing JVMCI runtime 0
Event: 1954.465 Thread 0x00007efc040b21d0 done waiting for JavaVM references initialization in JVMCI runtime 0
Event: 2011.331 Thread 0x00007efc040b21d0 initialized JVMCI runtime 0
Event: 2139.700 Thread 0x00007efc040b21d0 compacted oop handles in JVMCI runtime 0 from 242 to 158
Event: 2139.700 Thread 0x00007efc040b21d0 compacted oop handles in JVMCI runtime 0 from 159 to 129
Event: 2143.324 Thread 0x00007efc040b21d0 detaching from JVMCI runtime 0: releasing idle compiler thread (0 other threads still attached)
Event: 2143.324 Thread 0x00007efc040b21d0 shutting down HotSpotJVMCIRuntime for JVMCI runtime 0
Event: 2143.324 Thread 0x00007efc040b21d0 shut down JVMCI runtime 0
Event: 2143.333 Thread 0x00007efc040b21d0 destroyed JavaVM[24]@0x00007efb61f9e340 for JVMCI runtime 0
Event: 2143.333 Thread 0x00007efc040b21d0 compacted oop handles in JVMCI runtime 0 from 168 to 168
Event: 2143.333 Thread 0x00007efc040b21d0 releasing handles for JVMCI runtime 0: oop handles=168, metadata handles={total=390, live=385, blocks=33}
Event: 2143.333 Thread 0x00007efc040b21d0 detached from JVMCI runtime 0
Event: 2302.578 Thread 0x00007efc040b21d0 attached to JVMCI runtime 0
Event: 2302.580 Thread 0x00007efc040b21d0 created JavaVM[25]@0x00007efb61f9e340 for JVMCI runtime 0
Event: 2302.580 Thread 0x00007efc040b21d0 initializing JVMCI runtime 0
Event: 2302.580 Thread 0x00007efc040b21d0 done waiting for JavaVM references initialization in JVMCI runtime 0

Compilation events (20 events):
Event: 2139.700 Thread 0x00007efc040b21d0 nmethod 12723 0x00007efbf3320a10 code [0x00007efbf3321060, 0x00007efbf3326c98]
Event: 2139.700 Thread 0x00007efc040b21d0 12724       4       org.eclipse.jdt.internal.compiler.util.HashtableOfObjectToInt::put (104 bytes)
Event: 2141.635 Thread 0x00007efc040b21d0 nmethod 12724 0x00007efbf332b410 code [0x00007efbf332b5a0, 0x00007efbf332ba30]
Event: 2188.082 Thread 0x00007efc040b36e0 12731       3       org.eclipse.jdt.internal.compiler.lookup.WildcardBinding::initialize (97 bytes)
Event: 2188.082 Thread 0x00007efc040b36e0 nmethod 12731 0x00007efbecc02090 code [0x00007efbecc02240, 0x00007efbecc02770]
Event: 2205.107 Thread 0x00007efc040b36e0 12733       3       java.lang.String::<init> (10 bytes)
Event: 2205.107 Thread 0x00007efc040b36e0 nmethod 12733 0x00007efbec4ae890 code [0x00007efbec4aea40, 0x00007efbec4aeb80]
Event: 2215.064 Thread 0x00007efc040b36e0 12734       3       org.eclipse.core.internal.resources.AliasManager$LocationMap$$Lambda$115/0x0000000800d5e000::compare (14 bytes)
Event: 2215.065 Thread 0x00007efc040b36e0 nmethod 12734 0x00007efbebaa6e90 code [0x00007efbebaa7140, 0x00007efbebaa8b90]
Event: 2229.841 Thread 0x00007efc040b36e0 12735       3       java.lang.ThreadLocal$ThreadLocalMap::cleanSomeSlots (61 bytes)
Event: 2231.652 Thread 0x00007efc040b36e0 nmethod 12735 0x00007efbec44d010 code [0x00007efbec44d200, 0x00007efbec44d870]
Event: 2291.827 Thread 0x00007efc040b36e0 12736       3       java.util.concurrent.locks.ReentrantLock$NonfairSync::tryAcquire (27 bytes)
Event: 2293.528 Thread 0x00007efc040b36e0 nmethod 12736 0x00007efbec3feb10 code [0x00007efbec3fecc0, 0x00007efbec3fef20]
Event: 2295.063 Thread 0x00007efc040b36e0 12737 %     3       org.eclipse.jdt.internal.compiler.problem.ProblemReporter::validateRestrictedKeywords @ 69 (253 bytes)
Event: 2298.242 Thread 0x00007efc040b36e0 nmethod 12737% 0x00007efbec7a8790 code [0x00007efbec7a8a40, 0x00007efbec7aa030]
Event: 2302.578 Thread 0x00007efc040b21d0 12738       4       jdk.internal.org.objectweb.asm.SymbolTable::addConstantClass (8 bytes)
Event: 2351.256 Thread 0x00007efc040b36e0 12741       3       java.util.concurrent.locks.AbstractQueuedSynchronizer::acquire (20 bytes)
Event: 2351.257 Thread 0x00007efc040b36e0 nmethod 12741 0x00007efbec635910 code [0x00007efbec635ac0, 0x00007efbec635e90]
Event: 2411.930 Thread 0x00007efc040b36e0 12743       1       org.eclipse.jdt.ls.core.internal.LanguageServer::getParentProcessId (5 bytes)
Event: 2411.930 Thread 0x00007efc040b36e0 nmethod 12743 0x00007efbf332c410 code [0x00007efbf332c5a0, 0x00007efbf332c670]

GC Heap History (20 events):
Event: 2399.351 GC heap before
{Heap before GC invocations=1358 (full 1219):
 PSYoungGen      total 58368K, used 39988K [0x00000000f5580000, 0x00000000fd480000, 0x0000000100000000)
  eden space 36864K, 100% used [0x00000000f5580000,0x00000000f7980000,0x00000000f7980000)
  from space 21504K, 14% used [0x00000000fa680000,0x00000000fa98d198,0x00000000fbb80000)
  to   space 46080K, 0% used [0x00000000f7980000,0x00000000f7980000,0x00000000fa680000)
 ParOldGen       total 349696K, used 349694K [0x00000000e0000000, 0x00000000f5580000, 0x00000000f5580000)
  object space 349696K, 99% used [0x00000000e0000000,0x00000000f557f960,0x00000000f5580000)
 Metaspace       used 61152K, committed 62208K, reserved 1105920K
  class space    used 5577K, committed 6016K, reserved 1048576K
}
Event: 2400.923 GC heap after
{Heap after GC invocations=1358 (full 1219):
 PSYoungGen      total 58368K, used 39988K [0x00000000f5580000, 0x00000000fd480000, 0x0000000100000000)
  eden space 36864K, 99% used [0x00000000f5580000,0x00000000f797fff0,0x00000000f7980000)
  from space 21504K, 14% used [0x00000000fa680000,0x00000000fa98d198,0x00000000fbb80000)
  to   space 46080K, 0% used [0x00000000f7980000,0x00000000f7980000,0x00000000fa680000)
 ParOldGen       total 349696K, used 349694K [0x00000000e0000000, 0x00000000f5580000, 0x00000000f5580000)
  object space 349696K, 99% used [0x00000000e0000000,0x00000000f557f960,0x00000000f5580000)
 Metaspace       used 61152K, committed 62208K, reserved 1105920K
  class space    used 5577K, committed 6016K, reserved 1048576K
}
Event: 2400.924 GC heap before
{Heap before GC invocations=1359 (full 1220):
 PSYoungGen      total 58368K, used 39988K [0x00000000f5580000, 0x00000000fd480000, 0x0000000100000000)
  eden space 36864K, 100% used [0x00000000f5580000,0x00000000f7980000,0x00000000f7980000)
  from space 21504K, 14% used [0x00000000fa680000,0x00000000fa98d198,0x00000000fbb80000)
  to   space 46080K, 0% used [0x00000000f7980000,0x00000000f7980000,0x00000000fa680000)
 ParOldGen       total 349696K, used 349695K [0x00000000e0000000, 0x00000000f5580000, 0x00000000f5580000)
  object space 349696K, 99% used [0x00000000e0000000,0x00000000f557ff98,0x00000000f5580000)
 Metaspace       used 61152K, committed 62208K, reserved 1105920K
  class space    used 5577K, committed 6016K, reserved 1048576K
}
Event: 2402.431 GC heap after
{Heap after GC invocations=1359 (full 1220):
 PSYoungGen      total 58368K, used 39988K [0x00000000f5580000, 0x00000000fd480000, 0x0000000100000000)
  eden space 36864K, 99% used [0x00000000f5580000,0x00000000f797ffe0,0x00000000f7980000)
  from space 21504K, 14% used [0x00000000fa680000,0x00000000fa98d198,0x00000000fbb80000)
  to   space 46080K, 0% used [0x00000000f7980000,0x00000000f7980000,0x00000000fa680000)
 ParOldGen       total 349696K, used 349695K [0x00000000e0000000, 0x00000000f5580000, 0x00000000f5580000)
  object space 349696K, 99% used [0x00000000e0000000,0x00000000f557fca0,0x00000000f5580000)
 Metaspace       used 61152K, committed 62208K, reserved 1105920K
  class space    used 5577K, committed 6016K, reserved 1048576K
}
Event: 2402.431 GC heap before
{Heap before GC invocations=1360 (full 1221):
 PSYoungGen      total 58368K, used 39988K [0x00000000f5580000, 0x00000000fd480000, 0x0000000100000000)
  eden space 36864K, 99% used [0x00000000f5580000,0x00000000f797ffe0,0x00000000f7980000)
  from space 21504K, 14% used [0x00000000fa680000,0x00000000fa98d198,0x00000000fbb80000)
  to   space 46080K, 0% used [0x00000000f7980000,0x00000000f7980000,0x00000000fa680000)
 ParOldGen       total 349696K, used 349695K [0x00000000e0000000, 0x00000000f5580000, 0x00000000f5580000)
  object space 349696K, 99% used [0x00000000e0000000,0x00000000f557fca0,0x00000000f5580000)
 Metaspace       used 61152K, committed 62208K, reserved 1105920K
  class space    used 5577K, committed 6016K, reserved 1048576K
}
Event: 2403.973 GC heap after
{Heap after GC invocations=1360 (full 1221):
 PSYoungGen      total 58368K, used 39988K [0x00000000f5580000, 0x00000000fd480000, 0x0000000100000000)
  eden space 36864K, 99% used [0x00000000f5580000,0x00000000f797ffe0,0x00000000f7980000)
  from space 21504K, 14% used [0x00000000fa680000,0x00000000fa98d198,0x00000000fbb80000)
  to   space 46080K, 0% used [0x00000000f7980000,0x00000000f7980000,0x00000000fa680000)
 ParOldGen       total 349696K, used 349695K [0x00000000e0000000, 0x00000000f5580000, 0x00000000f5580000)
  object space 349696K, 99% used [0x00000000e0000000,0x00000000f557fca0,0x00000000f5580000)
 Metaspace       used 61152K, committed 62208K, reserved 1105920K
  class space    used 5577K, committed 6016K, reserved 1048576K
}
Event: 2403.975 GC heap before
{Heap before GC invocations=1361 (full 1222):
 PSYoungGen      total 58368K, used 39988K [0x00000000f5580000, 0x00000000fd480000, 0x0000000100000000)
  eden space 36864K, 100% used [0x00000000f5580000,0x00000000f7980000,0x00000000f7980000)
  from space 21504K, 14% used [0x00000000fa680000,0x00000000fa98d198,0x00000000fbb80000)
  to   space 46080K, 0% used [0x00000000f7980000,0x00000000f7980000,0x00000000fa680000)
 ParOldGen       total 349696K, used 349695K [0x00000000e0000000, 0x00000000f5580000, 0x00000000f5580000)
  object space 349696K, 99% used [0x00000000e0000000,0x00000000f557fe80,0x00000000f5580000)
 Metaspace       used 61152K, committed 62208K, reserved 1105920K
  class space    used 5577K, committed 6016K, reserved 1048576K
}
Event: 2405.649 GC heap after
{Heap after GC invocations=1361 (full 1222):
 PSYoungGen      total 58368K, used 39988K [0x00000000f5580000, 0x00000000fd480000, 0x0000000100000000)
  eden space 36864K, 99% used [0x00000000f5580000,0x00000000f797ffe0,0x00000000f7980000)
  from space 21504K, 14% used [0x00000000fa680000,0x00000000fa98d198,0x00000000fbb80000)
  to   space 46080K, 0% used [0x00000000f7980000,0x00000000f7980000,0x00000000fa680000)
 ParOldGen       total 349696K, used 349694K [0x00000000e0000000, 0x00000000f5580000, 0x00000000f5580000)
  object space 349696K, 99% used [0x00000000e0000000,0x00000000f557fb90,0x00000000f5580000)
 Metaspace       used 61152K, committed 62208K, reserved 1105920K
  class space    used 5577K, committed 6016K, reserved 1048576K
}
Event: 2405.651 GC heap before
{Heap before GC invocations=1362 (full 1223):
 PSYoungGen      total 58368K, used 39988K [0x00000000f5580000, 0x00000000fd480000, 0x0000000100000000)
  eden space 36864K, 100% used [0x00000000f5580000,0x00000000f7980000,0x00000000f7980000)
  from space 21504K, 14% used [0x00000000fa680000,0x00000000fa98d198,0x00000000fbb80000)
  to   space 46080K, 0% used [0x00000000f7980000,0x00000000f7980000,0x00000000fa680000)
 ParOldGen       total 349696K, used 349694K [0x00000000e0000000, 0x00000000f5580000, 0x00000000f5580000)
  object space 349696K, 99% used [0x00000000e0000000,0x00000000f557fb90,0x00000000f5580000)
 Metaspace       used 61152K, committed 62208K, reserved 1105920K
  class space    used 5577K, committed 6016K, reserved 1048576K
}
Event: 2407.165 GC heap after
{Heap after GC invocations=1362 (full 1223):
 PSYoungGen      total 58368K, used 39988K [0x00000000f5580000, 0x00000000fd480000, 0x0000000100000000)
  eden space 36864K, 99% used [0x00000000f5580000,0x00000000f797ffe0,0x00000000f7980000)
  from space 21504K, 14% used [0x00000000fa680000,0x00000000fa98d198,0x00000000fbb80000)
  to   space 46080K, 0% used [0x00000000f7980000,0x00000000f7980000,0x00000000fa680000)
 ParOldGen       total 349696K, used 349694K [0x00000000e0000000, 0x00000000f5580000, 0x00000000f5580000)
  object space 349696K, 99% used [0x00000000e0000000,0x00000000f557fb90,0x00000000f5580000)
 Metaspace       used 61152K, committed 62208K, reserved 1105920K
  class space    used 5577K, committed 6016K, reserved 1048576K
}
Event: 2407.166 GC heap before
{Heap before GC invocations=1363 (full 1224):
 PSYoungGen      total 58368K, used 39988K [0x00000000f5580000, 0x00000000fd480000, 0x0000000100000000)
  eden space 36864K, 100% used [0x00000000f5580000,0x00000000f7980000,0x00000000f7980000)
  from space 21504K, 14% used [0x00000000fa680000,0x00000000fa98d198,0x00000000fbb80000)
  to   space 46080K, 0% used [0x00000000f7980000,0x00000000f7980000,0x00000000fa680000)
 ParOldGen       total 349696K, used 349694K [0x00000000e0000000, 0x00000000f5580000, 0x00000000f5580000)
  object space 349696K, 99% used [0x00000000e0000000,0x00000000f557fb90,0x00000000f5580000)
 Metaspace       used 61152K, committed 62208K, reserved 1105920K
  class space    used 5577K, committed 6016K, reserved 1048576K
}
Event: 2408.742 GC heap after
{Heap after GC invocations=1363 (full 1224):
 PSYoungGen      total 58368K, used 39988K [0x00000000f5580000, 0x00000000fd480000, 0x0000000100000000)
  eden space 36864K, 100% used [0x00000000f5580000,0x00000000f7980000,0x00000000f7980000)
  from space 21504K, 14% used [0x00000000fa680000,0x00000000fa98d198,0x00000000fbb80000)
  to   space 46080K, 0% used [0x00000000f7980000,0x00000000f7980000,0x00000000fa680000)
 ParOldGen       total 349696K, used 349694K [0x00000000e0000000, 0x00000000f5580000, 0x00000000f5580000)
  object space 349696K, 99% used [0x00000000e0000000,0x00000000f557fb90,0x00000000f5580000)
 Metaspace       used 61152K, committed 62208K, reserved 1105920K
  class space    used 5577K, committed 6016K, reserved 1048576K
}
Event: 2408.742 GC heap before
{Heap before GC invocations=1364 (full 1225):
 PSYoungGen      total 58368K, used 39988K [0x00000000f5580000, 0x00000000fd480000, 0x0000000100000000)
  eden space 36864K, 100% used [0x00000000f5580000,0x00000000f7980000,0x00000000f7980000)
  from space 21504K, 14% used [0x00000000fa680000,0x00000000fa98d198,0x00000000fbb80000)
  to   space 46080K, 0% used [0x00000000f7980000,0x00000000f7980000,0x00000000fa680000)
 ParOldGen       total 349696K, used 349695K [0x00000000e0000000, 0x00000000f5580000, 0x00000000f5580000)
  object space 349696K, 99% used [0x00000000e0000000,0x00000000f557fff8,0x00000000f5580000)
 Metaspace       used 61152K, committed 62208K, reserved 1105920K
  class space    used 5577K, committed 6016K, reserved 1048576K
}
Event: 2410.374 GC heap after
{Heap after GC invocations=1364 (full 1225):
 PSYoungGen      total 58368K, used 39988K [0x00000000f5580000, 0x00000000fd480000, 0x0000000100000000)
  eden space 36864K, 99% used [0x00000000f5580000,0x00000000f797ffb8,0x00000000f7980000)
  from space 21504K, 14% used [0x00000000fa680000,0x00000000fa98d198,0x00000000fbb80000)
  to   space 46080K, 0% used [0x00000000f7980000,0x00000000f7980000,0x00000000fa680000)
 ParOldGen       total 349696K, used 349695K [0x00000000e0000000, 0x00000000f5580000, 0x00000000f5580000)
  object space 349696K, 99% used [0x00000000e0000000,0x00000000f557ff68,0x00000000f5580000)
 Metaspace       used 61152K, committed 62208K, reserved 1105920K
  class space    used 5577K, committed 6016K, reserved 1048576K
}
Event: 2410.375 GC heap before
{Heap before GC invocations=1365 (full 1226):
 PSYoungGen      total 58368K, used 39988K [0x00000000f5580000, 0x00000000fd480000, 0x0000000100000000)
  eden space 36864K, 100% used [0x00000000f5580000,0x00000000f7980000,0x00000000f7980000)
  from space 21504K, 14% used [0x00000000fa680000,0x00000000fa98d198,0x00000000fbb80000)
  to   space 46080K, 0% used [0x00000000f7980000,0x00000000f7980000,0x00000000fa680000)
 ParOldGen       total 349696K, used 349695K [0x00000000e0000000, 0x00000000f5580000, 0x00000000f5580000)
  object space 349696K, 99% used [0x00000000e0000000,0x00000000f557ff68,0x00000000f5580000)
 Metaspace       used 61152K, committed 62208K, reserved 1105920K
  class space    used 5577K, committed 6016K, reserved 1048576K
}
Event: 2411.929 GC heap after
{Heap after GC invocations=1365 (full 1226):
 PSYoungGen      total 58368K, used 39988K [0x00000000f5580000, 0x00000000fd480000, 0x0000000100000000)
  eden space 36864K, 100% used [0x00000000f5580000,0x00000000f7980000,0x00000000f7980000)
  from space 21504K, 14% used [0x00000000fa680000,0x00000000fa98d198,0x00000000fbb80000)
  to   space 46080K, 0% used [0x00000000f7980000,0x00000000f7980000,0x00000000fa680000)
 ParOldGen       total 349696K, used 349695K [0x00000000e0000000, 0x00000000f5580000, 0x00000000f5580000)
  object space 349696K, 99% used [0x00000000e0000000,0x00000000f557ff68,0x00000000f5580000)
 Metaspace       used 61152K, committed 62208K, reserved 1105920K
  class space    used 5577K, committed 6016K, reserved 1048576K
}
Event: 2411.930 GC heap before
{Heap before GC invocations=1366 (full 1227):
 PSYoungGen      total 58368K, used 39988K [0x00000000f5580000, 0x00000000fd480000, 0x0000000100000000)
  eden space 36864K, 100% used [0x00000000f5580000,0x00000000f7980000,0x00000000f7980000)
  from space 21504K, 14% used [0x00000000fa680000,0x00000000fa98d198,0x00000000fbb80000)
  to   space 46080K, 0% used [0x00000000f7980000,0x00000000f7980000,0x00000000fa680000)
 ParOldGen       total 349696K, used 349695K [0x00000000e0000000, 0x00000000f5580000, 0x00000000f5580000)
  object space 349696K, 99% used [0x00000000e0000000,0x00000000f557ff88,0x00000000f5580000)
 Metaspace       used 61152K, committed 62208K, reserved 1105920K
  class space    used 5577K, committed 6016K, reserved 1048576K
}
Event: 2413.381 GC heap after
{Heap after GC invocations=1366 (full 1227):
 PSYoungGen      total 58368K, used 39988K [0x00000000f5580000, 0x00000000fd480000, 0x0000000100000000)
  eden space 36864K, 100% used [0x00000000f5580000,0x00000000f7980000,0x00000000f7980000)
  from space 21504K, 14% used [0x00000000fa680000,0x00000000fa98d198,0x00000000fbb80000)
  to   space 46080K, 0% used [0x00000000f7980000,0x00000000f7980000,0x00000000fa680000)
 ParOldGen       total 349696K, used 349695K [0x00000000e0000000, 0x00000000f5580000, 0x00000000f5580000)
  object space 349696K, 99% used [0x00000000e0000000,0x00000000f557ff68,0x00000000f5580000)
 Metaspace       used 61152K, committed 62208K, reserved 1105920K
  class space    used 5577K, committed 6016K, reserved 1048576K
}
Event: 2413.381 GC heap before
{Heap before GC invocations=1367 (full 1228):
 PSYoungGen      total 58368K, used 39988K [0x00000000f5580000, 0x00000000fd480000, 0x0000000100000000)
  eden space 36864K, 100% used [0x00000000f5580000,0x00000000f7980000,0x00000000f7980000)
  from space 21504K, 14% used [0x00000000fa680000,0x00000000fa98d198,0x00000000fbb80000)
  to   space 46080K, 0% used [0x00000000f7980000,0x00000000f7980000,0x00000000fa680000)
 ParOldGen       total 349696K, used 349695K [0x00000000e0000000, 0x00000000f5580000, 0x00000000f5580000)
  object space 349696K, 99% used [0x00000000e0000000,0x00000000f557ff68,0x00000000f5580000)
 Metaspace       used 61152K, committed 62208K, reserved 1105920K
  class space    used 5577K, committed 6016K, reserved 1048576K
}
Event: 2414.859 GC heap after
{Heap after GC invocations=1367 (full 1228):
 PSYoungGen      total 58368K, used 39988K [0x00000000f5580000, 0x00000000fd480000, 0x0000000100000000)
  eden space 36864K, 100% used [0x00000000f5580000,0x00000000f7980000,0x00000000f7980000)
  from space 21504K, 14% used [0x00000000fa680000,0x00000000fa98d198,0x00000000fbb80000)
  to   space 46080K, 0% used [0x00000000f7980000,0x00000000f7980000,0x00000000fa680000)
 ParOldGen       total 349696K, used 349695K [0x00000000e0000000, 0x00000000f5580000, 0x00000000f5580000)
  object space 349696K, 99% used [0x00000000e0000000,0x00000000f557ff68,0x00000000f5580000)
 Metaspace       used 61152K, committed 62208K, reserved 1105920K
  class space    used 5577K, committed 6016K, reserved 1048576K
}

Dll operation events (8 events):
Event: 0.023 Loaded shared library /nix/store/gpxl5qgg8kicmcvivwmybwjlpf7wh20l-graalvm17-ce-22.3.0/lib/libjava.so
Event: 0.044 Loaded shared library /nix/store/gpxl5qgg8kicmcvivwmybwjlpf7wh20l-graalvm17-ce-22.3.0/lib/libjsvml.so
Event: 0.332 Loaded shared library /nix/store/gpxl5qgg8kicmcvivwmybwjlpf7wh20l-graalvm17-ce-22.3.0/lib/libnio.so
Event: 0.337 Loaded shared library /nix/store/gpxl5qgg8kicmcvivwmybwjlpf7wh20l-graalvm17-ce-22.3.0/lib/libzip.so
Event: 0.355 Loaded shared library /nix/store/gpxl5qgg8kicmcvivwmybwjlpf7wh20l-graalvm17-ce-22.3.0/lib/libjvmcicompiler.so
Event: 0.820 Loaded shared library /nix/store/gpxl5qgg8kicmcvivwmybwjlpf7wh20l-graalvm17-ce-22.3.0/lib/libjimage.so
Event: 3.196 Loaded shared library /nix/store/gpxl5qgg8kicmcvivwmybwjlpf7wh20l-graalvm17-ce-22.3.0/lib/libnet.so
Event: 4.944 Loaded shared library /home/runner/.cache/jdt-language-server/config/org.eclipse.equinox.launcher/org.eclipse.equinox.launcher.gtk.linux.x86_64_1.2.400.v20211117-0650/eclipse_11600.so

Deoptimization events (20 events):
Event: 286.542 Thread 0x00007efb98621a60 DEOPT PACKING pc=0x00007efbebfcfd1b sp=0x00007efbb01fe4b0
Event: 286.542 Thread 0x00007efb98621a60 DEOPT UNPACKING pc=0x00007efbeb505325 sp=0x00007efbb01fd968 mode 0
Event: 286.573 Thread 0x00007efb98621a60 DEOPT PACKING pc=0x00007efbebfcfd1b sp=0x00007efbb01fe4b0
Event: 286.573 Thread 0x00007efb98621a60 DEOPT UNPACKING pc=0x00007efbeb505325 sp=0x00007efbb01fd968 mode 0
Event: 1905.871 Thread 0x00007efb80000ff0 Uncommon trap: trap_request=0xffffffed fr.pc=0x00007efbf326046b relative=0x000000000000042b
Event: 1905.871 Thread 0x00007efb80000ff0 Uncommon trap: reason=null_assert_or_unreached0 action=reinterpret pc=0x00007efbf326046b method=org.eclipse.core.runtime.Path.equals(Ljava/lang/Object;)Z @ 0 jvmci
Event: 1905.871 Thread 0x00007efb80000ff0 DEOPT PACKING pc=0x00007efbf326046b sp=0x00007efbafdfe2b0
Event: 1905.871 Thread 0x00007efb80000ff0 DEOPT UNPACKING pc=0x00007efbeb505325 sp=0x00007efbafdfd750 mode 3
Event: 2298.242 Thread 0x00007efb74149d50 Uncommon trap: trap_request=0xffffffcd fr.pc=0x00007efbf32652f6 relative=0x0000000000001ad6
Event: 2298.242 Thread 0x00007efb74149d50 Uncommon trap: reason=intrinsic_or_type_checked_inlining action=reinterpret pc=0x00007efbf32652f6 method=org.eclipse.jdt.internal.compiler.parser.Parser.consumeRule(I)V @ 0 jvmci
Event: 2298.242 Thread 0x00007efb74149d50 DEOPT PACKING pc=0x00007efbf32652f6 sp=0x00007efbadffded0
Event: 2298.242 Thread 0x00007efb74149d50 DEOPT UNPACKING pc=0x00007efbeb505325 sp=0x00007efbadffd368 mode 3
Event: 2315.729 Thread 0x00007efb6c232890 Uncommon trap: trap_request=0xffffffed fr.pc=0x00007efbf31886f0 relative=0x00000000000000d0
Event: 2315.729 Thread 0x00007efb6c232890 Uncommon trap: reason=null_assert_or_unreached0 action=reinterpret pc=0x00007efbf31886f0 method=java.util.stream.AbstractPipeline.sourceSpliterator(I)Ljava/util/Spliterator; @ 0 jvmci
Event: 2315.729 Thread 0x00007efb6c232890 DEOPT PACKING pc=0x00007efbf31886f0 sp=0x00007efbae9fe4b0
Event: 2315.729 Thread 0x00007efb6c232890 DEOPT UNPACKING pc=0x00007efbeb505325 sp=0x00007efbae9fd928 mode 3
Event: 2403.975 Thread 0x00007efc040b21d0 Uncommon trap: trap_request=0xffffff8f fr.pc=0x00007efbf31a7b3f relative=0x000000000000019f
Event: 2403.975 Thread 0x00007efc040b21d0 Uncommon trap: reason=constraint action=none pc=0x00007efbf31a7b3f method=java.util.Arrays.copyOf([BI)[B @ 0 jvmci
Event: 2403.975 Thread 0x00007efc040b21d0 DEOPT PACKING pc=0x00007efbf31a7b3f sp=0x00007efbe9245fc0
Event: 2403.975 Thread 0x00007efc040b21d0 DEOPT UNPACKING pc=0x00007efbeb505325 sp=0x00007efbe9245460 mode 3

Classes unloaded (20 events):
Event: 280.449 Thread 0x00007efc040a1c10 Unloading class 0x0000000800cb1000 'java/lang/invoke/LambdaForm$MH+0x0000000800cb1000'
Event: 280.449 Thread 0x00007efc040a1c10 Unloading class 0x0000000800cb0c00 'java/lang/invoke/LambdaForm$MH+0x0000000800cb0c00'
Event: 280.449 Thread 0x00007efc040a1c10 Unloading class 0x0000000800cb0800 'java/lang/invoke/LambdaForm$MH+0x0000000800cb0800'
Event: 280.449 Thread 0x00007efc040a1c10 Unloading class 0x0000000800cb0000 'java/lang/invoke/LambdaForm$MH+0x0000000800cb0000'
Event: 280.449 Thread 0x00007efc040a1c10 Unloading class 0x0000000800c85000 'jdk/internal/reflect/GeneratedMethodAccessor5'
Event: 280.449 Thread 0x00007efc040a1c10 Unloading class 0x0000000800c84c00 'jdk/internal/reflect/GeneratedMethodAccessor4'
Event: 280.449 Thread 0x00007efc040a1c10 Unloading class 0x0000000800c84800 'jdk/internal/reflect/GeneratedMethodAccessor3'
Event: 280.449 Thread 0x00007efc040a1c10 Unloading class 0x0000000800c84400 'jdk/internal/reflect/GeneratedMethodAccessor2'
Event: 280.449 Thread 0x00007efc040a1c10 Unloading class 0x0000000800c84000 'jdk/internal/reflect/GeneratedMethodAccessor1'
Event: 280.449 Thread 0x00007efc040a1c10 Unloading class 0x0000000800c01c00 'java/lang/invoke/LambdaForm$DMH+0x0000000800c01c00'
Event: 285.367 Thread 0x00007efc040a1c10 Unloading class 0x0000000801098400 'jdk/internal/reflect/GeneratedMethodAccessor12'
Event: 285.367 Thread 0x00007efc040a1c10 Unloading class 0x0000000801098000 'jdk/internal/reflect/GeneratedMethodAccessor11'
Event: 285.367 Thread 0x00007efc040a1c10 Unloading class 0x0000000801088000 'jdk/internal/reflect/GeneratedMethodAccessor9'
Event: 285.367 Thread 0x00007efc040a1c10 Unloading class 0x0000000800e14000 'jdk/internal/reflect/GeneratedMethodAccessor8'
Event: 285.367 Thread 0x00007efc040a1c10 Unloading class 0x0000000800e11000 'jdk/internal/reflect/GeneratedMethodAccessor7'
Event: 294.353 Thread 0x00007efc040a1c10 Unloading class 0x00000008011fc400 'jdk/internal/reflect/GeneratedMethodAccessor17'
Event: 294.353 Thread 0x00007efc040a1c10 Unloading class 0x0000000801088400 'jdk/internal/reflect/GeneratedMethodAccessor10'
Event: 363.052 Thread 0x00007efc040a1c10 Unloading class 0x00000008011ea000 'jdk/internal/reflect/GeneratedConstructorAccessor31'
Event: 365.449 Thread 0x00007efc040a1c10 Unloading class 0x00000008011e4000 'jdk/internal/reflect/GeneratedConstructorAccessor30'
Event: 394.861 Thread 0x00007efc040a1c10 Unloading class 0x0000000800ffc800 'jdk/internal/reflect/GeneratedConstructorAccessor14'

Classes redefined (0 events):
No events

Internal exceptions (20 events):
Event: 120.749 Thread 0x00007efb741b4640 Exception <a 'java/lang/ArrayIndexOutOfBoundsException'{0x00000000f67eb050}: Index 12 out of bounds for length 12> (0x00000000f67eb050) 
thrown [src/hotspot/share/interpreter/interpreterRuntime.cpp, line 428]
Event: 120.749 Thread 0x00007efb741b4640 Exception <a 'java/lang/ArrayIndexOutOfBoundsException'{0x00000000f67eb618}: Index 12 out of bounds for length 12> (0x00000000f67eb618) 
thrown [src/hotspot/share/interpreter/interpreterRuntime.cpp, line 428]
Event: 120.751 Thread 0x00007efb741b4640 Exception <a 'java/lang/ArrayIndexOutOfBoundsException'{0x00000000f67ebbe0}: Index 12 out of bounds for length 12> (0x00000000f67ebbe0) 
thrown [src/hotspot/share/interpreter/interpreterRuntime.cpp, line 428]
Event: 120.751 Thread 0x00007efb741b4640 Exception <a 'java/lang/ArrayIndexOutOfBoundsException'{0x00000000f67ec1a8}: Index 12 out of bounds for length 12> (0x00000000f67ec1a8) 
thrown [src/hotspot/share/interpreter/interpreterRuntime.cpp, line 428]
Event: 120.751 Thread 0x00007efb741b4640 Exception <a 'java/lang/ArrayIndexOutOfBoundsException'{0x00000000f67ec770}> (0x00000000f67ec770) 
thrown [src/hotspot/share/runtime/sharedRuntime.cpp, line 628]
Event: 120.751 Thread 0x00007efb741b4640 Exception <a 'java/lang/ArrayIndexOutOfBoundsException'{0x00000000f67ecf90}: Index 12 out of bounds for length 12> (0x00000000f67ecf90) 
thrown [src/hotspot/share/interpreter/interpreterRuntime.cpp, line 428]
Event: 120.751 Thread 0x00007efb741b4640 Exception <a 'java/lang/ArrayIndexOutOfBoundsException'{0x00000000f67ed558}: Index 12 out of bounds for length 12> (0x00000000f67ed558) 
thrown [src/hotspot/share/interpreter/interpreterRuntime.cpp, line 428]
Event: 120.751 Thread 0x00007efb741b4640 Exception <a 'java/lang/ArrayIndexOutOfBoundsException'{0x00000000f67edb20}: Index 12 out of bounds for length 12> (0x00000000f67edb20) 
thrown [src/hotspot/share/interpreter/interpreterRuntime.cpp, line 428]
Event: 120.751 Thread 0x00007efb741b4640 Exception <a 'java/lang/ArrayIndexOutOfBoundsException'{0x00000000f67ee0e8}: Index 12 out of bounds for length 12> (0x00000000f67ee0e8) 
thrown [src/hotspot/share/interpreter/interpreterRuntime.cpp, line 428]
Event: 120.751 Thread 0x00007efb741b4640 Exception <a 'java/lang/ArrayIndexOutOfBoundsException'{0x00000000f67ee6b0}: Index 12 out of bounds for length 12> (0x00000000f67ee6b0) 
thrown [src/hotspot/share/interpreter/interpreterRuntime.cpp, line 428]
Event: 220.265 Thread 0x00007efb74195240 Exception <a 'java/io/FileNotFoundException'{0x00000000f68494a0}> (0x00000000f68494a0) 
thrown [src/hotspot/share/prims/jni.cpp, line 516]
Event: 220.544 Thread 0x00007efb74195240 Exception <a 'java/lang/NoSuchMethodError'{0x00000000f5877500}: 'void java.lang.invoke.DirectMethodHandle$Holder.invokeVirtual(java.lang.Object, java.lang.Object)'> (0x00000000f5877500) 
thrown [src/hotspot/share/interpreter/linkResolver.cpp, line 758]
Event: 238.721 Thread 0x00007efb98621a60 Implicit null exception at 0x00007efbf32742b9 to 0x00007efbf32746ed
Event: 252.261 Thread 0x00007efb98621a60 Implicit null exception at 0x00007efbf32c0f62 to 0x00007efbf32c39d5
Event: 261.064 Thread 0x00007efb98621a60 Implicit null exception at 0x00007efbf31cd495 to 0x00007efbf31cdb7e
Event: 1905.871 Thread 0x00007efb80000ff0 Implicit null exception at 0x00007efbf326007f to 0x00007efbf3260450
Event: 2392.949 Thread 0x00007efb6c232890 Exception <a 'java/lang/OutOfMemoryError'{0x00000000e00bcf50}> (0x00000000e00bcf50) 
thrown [src/hotspot/share/gc/shared/memAllocator.cpp, line 136]
Event: 2403.975 Thread 0x00007efc040b21d0 Exception <a 'java/lang/OutOfMemoryError'{0x00000000e00bd4f0}> (0x00000000e00bd4f0) 
thrown [src/hotspot/share/gc/shared/memAllocator.cpp, line 138]
Event: 2403.975 Thread 0x00007efc040b21d0 Implicit null exception at 0x00007efbf31a7ad9 to 0x00007efbf31a7b24
Event: 2414.859 Thread 0x00007efc040b21d0 Exception <a 'java/lang/OutOfMemoryError'{0x00000000e00bd540}> (0x00000000e00bd540) 
thrown [src/hotspot/share/gc/shared/memAllocator.cpp, line 136]

VM Operations (20 events):
Event: 2396.160 Executing VM operation: ParallelGCFailedAllocation
Event: 2397.736 Executing VM operation: ParallelGCFailedAllocation done
Event: 2397.736 Executing VM operation: ParallelGCFailedAllocation
Event: 2399.350 Executing VM operation: ParallelGCFailedAllocation done
Event: 2399.350 Executing VM operation: ParallelGCFailedAllocation
Event: 2400.923 Executing VM operation: ParallelGCFailedAllocation done
Event: 2400.924 Executing VM operation: ParallelGCFailedAllocation
Event: 2403.973 Executing VM operation: ParallelGCFailedAllocation done
Event: 2403.975 Executing VM operation: ParallelGCFailedAllocation
Event: 2405.649 Executing VM operation: ParallelGCFailedAllocation done
Event: 2405.649 Executing VM operation: ParallelGCFailedAllocation
Event: 2407.166 Executing VM operation: ParallelGCFailedAllocation done
Event: 2407.166 Executing VM operation: ParallelGCFailedAllocation
Event: 2408.742 Executing VM operation: ParallelGCFailedAllocation done
Event: 2408.742 Executing VM operation: ParallelGCFailedAllocation
Event: 2410.375 Executing VM operation: ParallelGCFailedAllocation done
Event: 2410.375 Executing VM operation: ParallelGCFailedAllocation
Event: 2411.930 Executing VM operation: ParallelGCFailedAllocation done
Event: 2411.930 Executing VM operation: ParallelGCFailedAllocation
Event: 2414.859 Executing VM operation: ParallelGCFailedAllocation done

Events (20 events):
Event: 1720.723 Thread 0x00007efb741b95e0 Thread exited: 0x00007efb741b95e0
Event: 1746.449 Thread 0x00007efb7418a070 Thread added: 0x00007efb7418a070
Event: 1746.450 Protecting memory [0x00007efbac900000,0x00007efbac904000] with protection modes 0
Event: 1865.627 Thread 0x00007efb741b95e0 Thread added: 0x00007efb741b95e0
Event: 1865.627 Protecting memory [0x00007efbae500000,0x00007efbae504000] with protection modes 0
Event: 2101.895 Thread 0x00007efb7418a070 Thread exited: 0x00007efb7418a070
Event: 2131.253 loading class java/util/concurrent/ForkJoinTask$AdaptedCallable
Event: 2137.732 loading class java/util/concurrent/ForkJoinTask$AdaptedCallable done
Event: 2147.238 Thread 0x00007efb7418a070 Thread added: 0x00007efb7418a070
Event: 2147.238 Protecting memory [0x00007efbac900000,0x00007efbac904000] with protection modes 0
Event: 2160.450 loading class java/util/concurrent/ForkJoinPool$DefaultForkJoinWorkerThreadFactory$1
Event: 2160.450 loading class java/util/concurrent/ForkJoinPool$DefaultForkJoinWorkerThreadFactory$1 done
Event: 2163.971 Thread 0x00007efb6c232890 Thread added: 0x00007efb6c232890
Event: 2163.971 Protecting memory [0x00007efbae900000,0x00007efbae904000] with protection modes 0
Event: 2315.729 loading class java/util/stream/Nodes$CollectorTask$OfRef
Event: 2315.730 loading class java/util/stream/Nodes$CollectorTask
Event: 2315.730 loading class java/util/stream/Nodes$CollectorTask done
Event: 2315.730 loading class java/util/stream/Nodes$CollectorTask$OfRef done
Event: 2348.121 loading class java/util/function/LongFunction
Event: 2348.121 loading class java/util/function/LongFunction done


Dynamic libraries:
e0000000-f5580000 rw-p 00000000 00:00 0 
f5580000-fd480000 rw-p 00000000 00:00 0 
fd480000-100000000 ---p 00000000 00:00 0 
800000000-800449000 rw-p 00001000 00:1d6a 4611686019135357769            /nix/store/gpxl5qgg8kicmcvivwmybwjlpf7wh20l-graalvm17-ce-22.3.0/lib/server/classes.jsa
800449000-800bc8000 r--p 0044a000 00:1d6a 4611686019135357769            /nix/store/gpxl5qgg8kicmcvivwmybwjlpf7wh20l-graalvm17-ce-22.3.0/lib/server/classes.jsa
800bc8000-800c00000 ---p 00000000 00:00 0 
800c00000-800c20000 rw-p 00000000 00:00 0 
800c20000-800c40000 rw-p 00000000 00:00 0 
800c40000-800cc0000 rw-p 00000000 00:00 0 
800cc0000-800d00000 rw-p 00000000 00:00 0 
800d00000-800dc0000 rw-p 00000000 00:00 0 
800dc0000-800e00000 rw-p 00000000 00:00 0 
800e00000-801140000 rw-p 00000000 00:00 0 
801140000-801150000 rw-p 00000000 00:00 0 
801150000-801180000 ---p 00000000 00:00 0 
801180000-801210000 rw-p 00000000 00:00 0 
801210000-840c00000 ---p 00000000 00:00 0 
5589defb2000-5589defb3000 r-xp 00000000 00:1d6a 4611686019099417844      /nix/store/gpxl5qgg8kicmcvivwmybwjlpf7wh20l-graalvm17-ce-22.3.0/bin/.java-wrapped
5589defb4000-5589defb5000 r--p 00001000 00:1d6a 4611686019099417844      /nix/store/gpxl5qgg8kicmcvivwmybwjlpf7wh20l-graalvm17-ce-22.3.0/bin/.java-wrapped
5589defb5000-5589defb6000 rw-p 00002000 00:1d6a 4611686019099417844      /nix/store/gpxl5qgg8kicmcvivwmybwjlpf7wh20l-graalvm17-ce-22.3.0/bin/.java-wrapped
5589defb6000-5589defb7000 rw-p 00004000 00:1d6a 4611686019099417844      /nix/store/gpxl5qgg8kicmcvivwmybwjlpf7wh20l-graalvm17-ce-22.3.0/bin/.java-wrapped
5589defb7000-5589defb8000 rw-p 00005000 00:1d6a 4611686019099417844      /nix/store/gpxl5qgg8kicmcvivwmybwjlpf7wh20l-graalvm17-ce-22.3.0/bin/.java-wrapped
5589df57d000-5589df5c5000 rw-p 00000000 00:00 0                          [heap]
7efb14000000-7efb1402b000 rw-p 00000000 00:00 0 
7efb1402b000-7efb18000000 ---p 00000000 00:00 0 
7efb1c000000-7efb1c021000 rw-p 00000000 00:00 0 
7efb1c021000-7efb20000000 ---p 00000000 00:00 0 
7efb20000000-7efb20021000 rw-p 00000000 00:00 0 
7efb20021000-7efb24000000 ---p 00000000 00:00 0 
7efb24000000-7efb24021000 rw-p 00000000 00:00 0 
7efb24021000-7efb28000000 ---p 00000000 00:00 0 
7efb28000000-7efb28021000 rw-p 00000000 00:00 0 
7efb28021000-7efb2c000000 ---p 00000000 00:00 0 
7efb2c000000-7efb2c026000 rw-p 00000000 00:00 0 
7efb2c026000-7efb30000000 ---p 00000000 00:00 0 
7efb30000000-7efb30021000 rw-p 00000000 00:00 0 
7efb30021000-7efb34000000 ---p 00000000 00:00 0 
7efb34000000-7efb340a0000 rw-p 00000000 00:00 0 
7efb340a0000-7efb38000000 ---p 00000000 00:00 0 
7efb38000000-7efb38021000 rw-p 00000000 00:00 0 
7efb38021000-7efb3c000000 ---p 00000000 00:00 0 
7efb3c000000-7efb3c036000 rw-p 00000000 00:00 0 
7efb3c036000-7efb40000000 ---p 00000000 00:00 0 
7efb40000000-7efb40021000 rw-p 00000000 00:00 0 
7efb40021000-7efb44000000 ---p 00000000 00:00 0 
7efb44000000-7efb44023000 rw-p 00000000 00:00 0 
7efb44023000-7efb48000000 ---p 00000000 00:00 0 
7efb48000000-7efb48021000 rw-p 00000000 00:00 0 
7efb48021000-7efb4c000000 ---p 00000000 00:00 0 
7efb4c000000-7efb4c021000 rw-p 00000000 00:00 0 
7efb4c021000-7efb50000000 ---p 00000000 00:00 0 
7efb50000000-7efb5009b000 rw-p 00000000 00:00 0 
7efb5009b000-7efb54000000 ---p 00000000 00:00 0 
7efb54000000-7efb54023000 rw-p 00000000 00:00 0 
7efb54023000-7efb58000000 ---p 00000000 00:00 0 
7efb58000000-7efb58021000 rw-p 00000000 00:00 0 
7efb58021000-7efb5c000000 ---p 00000000 00:00 0 
7efb5c000000-7efb5c1a4000 rw-p 00000000 00:00 0 
7efb5c1a4000-7efb60000000 ---p 00000000 00:00 0 
7efb61300000-7efb61400000 ---p 00000000 00:00 0 
7efb61400000-7efb619af000 r--p 01122000 00:1d6a 4611686019135190040      /nix/store/gpxl5qgg8kicmcvivwmybwjlpf7wh20l-graalvm17-ce-22.3.0/lib/libjvmcicompiler.so
7efb619af000-7efb61b00000 r--p 00000000 00:00 0 
7efb61b00000-7efb61b3d000 rw-p 00000000 00:00 0 
7efb61b3d000-7efb6205d000 rw-p 0185f000 00:1d6a 4611686019135190040      /nix/store/gpxl5qgg8kicmcvivwmybwjlpf7wh20l-graalvm17-ce-22.3.0/lib/libjvmcicompiler.so
7efb6205d000-7efb62444000 r--p 01d7f000 00:1d6a 4611686019135190040      /nix/store/gpxl5qgg8kicmcvivwmybwjlpf7wh20l-graalvm17-ce-22.3.0/lib/libjvmcicompiler.so
7efb624b3000-7efb6c000000 r--s 00000000 00:1d6a 4611686019135192581      /nix/store/gpxl5qgg8kicmcvivwmybwjlpf7wh20l-graalvm17-ce-22.3.0/lib/modules
7efb6c000000-7efb6c312000 rw-p 00000000 00:00 0 
7efb6c312000-7efb70000000 ---p 00000000 00:00 0 
7efb70000000-7efb70027000 rw-p 00000000 00:00 0 
7efb70027000-7efb74000000 ---p 00000000 00:00 0 
7efb74000000-7efb741df000 rw-p 00000000 00:00 0 
7efb741df000-7efb78000000 ---p 00000000 00:00 0 
7efb78000000-7efb78021000 rw-p 00000000 00:00 0 
7efb78021000-7efb7c000000 ---p 00000000 00:00 0 
7efb7c800000-7efb7ca20000 rw-p 00000000 00:00 0 
7efb7ca20000-7efb7cae0000 rw-p 00000000 00:00 0 
7efb7cae0000-7efb7cb20000 rw-p 00000000 00:00 0 
7efb7cb20000-7efb7cec0000 rw-p 00000000 00:00 0 
7efb7cec0000-7efb7cf00000 ---p 00000000 00:00 0 
7efb7cf00000-7efb7cf20000 rw-p 00000000 00:00 0 
7efb7cf20000-7efb7d000000 ---p 00000000 00:00 0 
7efb7d000000-7efb7d800000 rw-p 00000000 00:00 0 
7efb7d800000-7efb7d804000 ---p 00000000 00:00 0 
7efb7d804000-7efb7d900000 rw-p 00000000 00:00 0 
7efb7d900000-7efb7d904000 ---p 00000000 00:00 0 
7efb7d904000-7efb7da00000 rw-p 00000000 00:00 0 
7efb7da00000-7efb7da04000 ---p 00000000 00:00 0 
7efb7da04000-7efb7db00000 rw-p 00000000 00:00 0 
7efb7db00000-7efb7db04000 ---p 00000000 00:00 0 
7efb7db04000-7efb7dc00000 rw-p 00000000 00:00 0 
7efb7dc00000-7efb7dc04000 ---p 00000000 00:00 0 
7efb7dc04000-7efb7dd00000 rw-p 00000000 00:00 0 
7efb7dd00000-7efb7dd04000 ---p 00000000 00:00 0 
7efb7dd04000-7efb7de00000 rw-p 00000000 00:00 0 
7efb7de00000-7efb7de04000 ---p 00000000 00:00 0 
7efb7de04000-7efb7df00000 rw-p 00000000 00:00 0 
7efb7df00000-7efb7df04000 ---p 00000000 00:00 0 
7efb7df04000-7efb7e000000 rw-p 00000000 00:00 0 
7efb7e000000-7efb7e004000 ---p 00000000 00:00 0 
7efb7e004000-7efb7e100000 rw-p 00000000 00:00 0 
7efb7e100000-7efb7e104000 ---p 00000000 00:00 0 
7efb7e104000-7efb7e200000 rw-p 00000000 00:00 0 
7efb7e200000-7efb7e204000 ---p 00000000 00:00 0 
7efb7e204000-7efb7e300000 rw-p 00000000 00:00 0 
7efb7e300000-7efb7e304000 ---p 00000000 00:00 0 
7efb7e304000-7efb7e400000 rw-p 00000000 00:00 0 
7efb7e400000-7efb7e404000 ---p 00000000 00:00 0 
7efb7e404000-7efb7e500000 rw-p 00000000 00:00 0 
7efb7e500000-7efb7e504000 ---p 00000000 00:00 0 
7efb7e504000-7efb7e600000 rw-p 00000000 00:00 0 
7efb7e600000-7efb7e604000 ---p 00000000 00:00 0 
7efb7e604000-7efb7e700000 rw-p 00000000 00:00 0 
7efb7e700000-7efb7e704000 ---p 00000000 00:00 0 
7efb7e704000-7efb7e800000 rw-p 00000000 00:00 0 
7efb7e900000-7efb7e904000 ---p 00000000 00:00 0 
7efb7e904000-7efb7ea00000 rw-p 00000000 00:00 0 
7efb7eb00000-7efb7eb04000 ---p 00000000 00:00 0 
7efb7eb04000-7efb7ec00000 rw-p 00000000 00:00 0 
7efb7ec00000-7efb7ed00000 rw-p 00000000 00:00 0 
7efb7ed00000-7efb7ee00000 rw-p 00000000 00:00 0 
7efb7ee00000-7efb7ef80000 rw-p 00000000 00:00 0 
7efb7ef80000-7efb7f400000 rw-p 00000000 00:00 0 
7efb7f400000-7efb7f5c0000 rw-p 00000000 00:00 0 
7efb7f5c0000-7efb7f600000 rw-p 00000000 00:00 0 
7efb7f600000-7efb7f9c0000 rw-p 00000000 00:00 0 
7efb7f9c0000-7efb7fa00000 rw-p 00000000 00:00 0 
7efb7fa00000-7efb7fc00000 rw-p 00000000 00:00 0 
7efb7fd00000-7efb7fd04000 ---p 00000000 00:00 0 
7efb7fd04000-7efb7fe00000 rw-p 00000000 00:00 0 
7efb7ff00000-7efb7ff04000 ---p 00000000 00:00 0 
7efb7ff04000-7efb80000000 rw-p 00000000 00:00 0 
7efb80000000-7efb80055000 rw-p 00000000 00:00 0 
7efb80055000-7efb84000000 ---p 00000000 00:00 0 
7efb84000000-7efb84021000 rw-p 00000000 00:00 0 
7efb84021000-7efb88000000 ---p 00000000 00:00 0 
7efb88000000-7efb8831d000 rw-p 00000000 00:00 0 
7efb8831d000-7efb8c000000 ---p 00000000 00:00 0 
7efb8c000000-7efb8c10c000 rw-p 00000000 00:00 0 
7efb8c10c000-7efb90000000 ---p 00000000 00:00 0 
7efb90000000-7efb90021000 rw-p 00000000 00:00 0 
7efb90021000-7efb94000000 ---p 00000000 00:00 0 
7efb94000000-7efb94021000 rw-p 00000000 00:00 0 
7efb94021000-7efb98000000 ---p 00000000 00:00 0 
7efb98000000-7efb988da000 rw-p 00000000 00:00 0 
7efb988da000-7efb9c000000 ---p 00000000 00:00 0 
7efb9c000000-7efb9c021000 rw-p 00000000 00:00 0 
7efb9c021000-7efba0000000 ---p 00000000 00:00 0 
7efba0000000-7efba0021000 rw-p 00000000 00:00 0 
7efba0021000-7efba4000000 ---p 00000000 00:00 0 
7efba4000000-7efba4021000 rw-p 00000000 00:00 0 
7efba4021000-7efba8000000 ---p 00000000 00:00 0 
7efba8000000-7efba80a9000 rw-p 00000000 00:00 0 
7efba80a9000-7efbac000000 ---p 00000000 00:00 0 
7efbac300000-7efbac304000 ---p 00000000 00:00 0 
7efbac304000-7efbac400000 rw-p 00000000 00:00 0 
7efbac500000-7efbac504000 ---p 00000000 00:00 0 
7efbac504000-7efbac600000 rw-p 00000000 00:00 0 
7efbac700000-7efbac704000 ---p 00000000 00:00 0 
7efbac704000-7efbac800000 rw-p 00000000 00:00 0 
7efbac900000-7efbac904000 ---p 00000000 00:00 0 
7efbac904000-7efbaca00000 rw-p 00000000 00:00 0 
7efbacb00000-7efbacb04000 ---p 00000000 00:00 0 
7efbacb04000-7efbacc00000 rw-p 00000000 00:00 0 
7efbacc00000-7efbacd00000 rw-p 00000000 00:00 0 
7efbacd00000-7efbad180000 rw-p 00000000 00:00 0 
7efbad180000-7efbad200000 rw-p 00000000 00:00 0 
7efbad200000-7efbad400000 rw-p 00000000 00:00 0 
7efbad400000-7efbad500000 rw-p 00000000 00:00 0 
7efbad500000-7efbad600000 rw-p 00000000 00:00 0 
7efbad600000-7efbadb80000 rw-p 00000000 00:00 0 
7efbadb80000-7efbadc00000 rw-p 00000000 00:00 0 
7efbadc00000-7efbadc10000 r-xp 00000000 00:1d67 353                      /home/runner/.cache/jdt-language-server/config/org.eclipse.equinox.launcher/org.eclipse.equinox.launcher.gtk.linux.x86_64_1.2.400.v20211117-0650/eclipse_11600.so
7efbadc10000-7efbade0f000 ---p 00010000 00:1d67 353                      /home/runner/.cache/jdt-language-server/config/org.eclipse.equinox.launcher/org.eclipse.equinox.launcher.gtk.linux.x86_64_1.2.400.v20211117-0650/eclipse_11600.so
7efbade0f000-7efbade10000 r--p 0000f000 00:1d67 353                      /home/runner/.cache/jdt-language-server/config/org.eclipse.equinox.launcher/org.eclipse.equinox.launcher.gtk.linux.x86_64_1.2.400.v20211117-0650/eclipse_11600.so
7efbade10000-7efbade11000 rw-p 00010000 00:1d67 353                      /home/runner/.cache/jdt-language-server/config/org.eclipse.equinox.launcher/org.eclipse.equinox.launcher.gtk.linux.x86_64_1.2.400.v20211117-0650/eclipse_11600.so
7efbadf00000-7efbadf04000 ---p 00000000 00:00 0 
7efbadf04000-7efbae000000 rw-p 00000000 00:00 0 
7efbae100000-7efbae104000 ---p 00000000 00:00 0 
7efbae104000-7efbae200000 rw-p 00000000 00:00 0 
7efbae300000-7efbae304000 ---p 00000000 00:00 0 
7efbae304000-7efbae400000 rw-p 00000000 00:00 0 
7efbae500000-7efbae504000 ---p 00000000 00:00 0 
7efbae504000-7efbae600000 rw-p 00000000 00:00 0 
7efbae700000-7efbae704000 ---p 00000000 00:00 0 
7efbae704000-7efbae800000 rw-p 00000000 00:00 0 
7efbae900000-7efbae904000 ---p 00000000 00:00 0 
7efbae904000-7efbaea00000 rw-p 00000000 00:00 0 
7efbaeb00000-7efbaeb04000 ---p 00000000 00:00 0 
7efbaeb04000-7efbaec00000 rw-p 00000000 00:00 0 
7efbaed00000-7efbaed04000 ---p 00000000 00:00 0 
7efbaed04000-7efbaee00000 rw-p 00000000 00:00 0 
7efbaef00000-7efbaef04000 ---p 00000000 00:00 0 
7efbaef04000-7efbaf000000 rw-p 00000000 00:00 0 
7efbaf100000-7efbaf104000 ---p 00000000 00:00 0 
7efbaf104000-7efbaf200000 rw-p 00000000 00:00 0 
7efbaf300000-7efbaf304000 ---p 00000000 00:00 0 
7efbaf304000-7efbaf400000 rw-p 00000000 00:00 0 
7efbaf500000-7efbaf504000 ---p 00000000 00:00 0 
7efbaf504000-7efbaf600000 rw-p 00000000 00:00 0 
7efbaf900000-7efbaf904000 ---p 00000000 00:00 0 
7efbaf904000-7efbafa00000 rw-p 00000000 00:00 0 
7efbafb00000-7efbafb04000 ---p 00000000 00:00 0 
7efbafb04000-7efbafc00000 rw-p 00000000 00:00 0 
7efbafd00000-7efbafd04000 ---p 00000000 00:00 0 
7efbafd04000-7efbafe00000 rw-p 00000000 00:00 0 
7efbaff00000-7efbaff04000 ---p 00000000 00:00 0 
7efbaff04000-7efbb0000000 rw-p 00000000 00:00 0 
7efbb0100000-7efbb0104000 ---p 00000000 00:00 0 
7efbb0104000-7efbb0200000 rw-p 00000000 00:00 0 
7efbb0300000-7efbb0304000 ---p 00000000 00:00 0 
7efbb0304000-7efbb0400000 rw-p 00000000 00:00 0 
7efbb0500000-7efbb0504000 ---p 00000000 00:00 0 
7efbb0504000-7efbb0600000 rw-p 00000000 00:00 0 
7efbb0700000-7efbb0704000 ---p 00000000 00:00 0 
7efbb0704000-7efbb0800000 rw-p 00000000 00:00 0 
7efbb0900000-7efbb0904000 ---p 00000000 00:00 0 
7efbb0904000-7efbb0a00000 rw-p 00000000 00:00 0 
7efbb17a9000-7efbb1b00000 rw-p 00000000 00:00 0 
7efbb1c00000-7efbb3d6a000 r-xp 00000000 00:1d6a 4611686019135190040      /nix/store/gpxl5qgg8kicmcvivwmybwjlpf7wh20l-graalvm17-ce-22.3.0/lib/libjvmcicompiler.so
7efbb3d6a000-7efbb3f69000 ---p 0216a000 00:1d6a 4611686019135190040      /nix/store/gpxl5qgg8kicmcvivwmybwjlpf7wh20l-graalvm17-ce-22.3.0/lib/libjvmcicompiler.so
7efbb3f69000-7efbb3f6a000 r--p 02169000 00:1d6a 4611686019135190040      /nix/store/gpxl5qgg8kicmcvivwmybwjlpf7wh20l-graalvm17-ce-22.3.0/lib/libjvmcicompiler.so
7efbb3f6a000-7efbb3f6c000 rw-p 0216a000 00:1d6a 4611686019135190040      /nix/store/gpxl5qgg8kicmcvivwmybwjlpf7wh20l-graalvm17-ce-22.3.0/lib/libjvmcicompiler.so
7efbb3f6c000-7efbb3f6d000 rw-p 00000000 00:00 0 
7efbb3f6d000-7efbb3f72000 rw-p 023c3000 00:1d6a 4611686019135190040      /nix/store/gpxl5qgg8kicmcvivwmybwjlpf7wh20l-graalvm17-ce-22.3.0/lib/libjvmcicompiler.so
7efbb4000000-7efbb4021000 rw-p 00000000 00:00 0 
7efbb4021000-7efbb8000000 ---p 00000000 00:00 0 
7efbb8000000-7efbb8021000 rw-p 00000000 00:00 0 
7efbb8021000-7efbbc000000 ---p 00000000 00:00 0 
7efbbc000000-7efbbc021000 rw-p 00000000 00:00 0 
7efbbc021000-7efbc0000000 ---p 00000000 00:00 0 
7efbc0000000-7efbc0021000 rw-p 00000000 00:00 0 
7efbc0021000-7efbc4000000 ---p 00000000 00:00 0 
7efbc4000000-7efbc4122000 rw-p 00000000 00:00 0 
7efbc4122000-7efbc8000000 ---p 00000000 00:00 0 
7efbc8000000-7efbc8b2c000 rw-p 00000000 00:00 0 
7efbc8b2c000-7efbcc000000 ---p 00000000 00:00 0 
7efbcc000000-7efbcc021000 rw-p 00000000 00:00 0 
7efbcc021000-7efbd0000000 ---p 00000000 00:00 0 
7efbd0000000-7efbd0021000 rw-p 00000000 00:00 0 
7efbd0021000-7efbd4000000 ---p 00000000 00:00 0 
7efbd4000000-7efbd4021000 rw-p 00000000 00:00 0 
7efbd4021000-7efbd8000000 ---p 00000000 00:00 0 
7efbd8000000-7efbd8021000 rw-p 00000000 00:00 0 
7efbd8021000-7efbdc000000 ---p 00000000 00:00 0 
7efbdc000000-7efbdc021000 rw-p 00000000 00:00 0 
7efbdc021000-7efbe0000000 ---p 00000000 00:00 0 
7efbe0000000-7efbe0021000 rw-p 00000000 00:00 0 
7efbe0021000-7efbe4000000 ---p 00000000 00:00 0 
7efbe4000000-7efbe4066000 rw-p 00000000 00:00 0 
7efbe4066000-7efbe8000000 ---p 00000000 00:00 0 
7efbe8000000-7efbe8004000 ---p 00000000 00:00 0 
7efbe8004000-7efbe8100000 rw-p 00000000 00:00 0 
7efbe8200000-7efbe8204000 ---p 00000000 00:00 0 
7efbe8204000-7efbe8300000 rw-p 00000000 00:00 0 
7efbe8300000-7efbe8304000 ---p 00000000 00:00 0 
7efbe8304000-7efbe8400000 rw-p 00000000 00:00 0 
7efbe8400000-7efbe8404000 ---p 00000000 00:00 0 
7efbe8404000-7efbe8500000 rw-p 00000000 00:00 0 
7efbe8600000-7efbe8604000 ---p 00000000 00:00 0 
7efbe8604000-7efbe8700000 rw-p 00000000 00:00 0 
7efbe8800000-7efbe8804000 ---p 00000000 00:00 0 
7efbe8804000-7efbe8900000 rw-p 00000000 00:00 0 
7efbe8905000-7efbe8a46000 rw-p 00000000 00:00 0 
7efbe8a46000-7efbe8a47000 ---p 00000000 00:00 0 
7efbe8a47000-7efbe8b48000 rw-p 00000000 00:00 0 
7efbe8b48000-7efbe8b4c000 ---p 00000000 00:00 0 
7efbe8b4c000-7efbe8c48000 rw-p 00000000 00:00 0 
7efbe8c48000-7efbe8c4c000 ---p 00000000 00:00 0 
7efbe8c4c000-7efbe8d48000 rw-p 00000000 00:00 0 
7efbe8d48000-7efbe8d4c000 ---p 00000000 00:00 0 
7efbe8d4c000-7efbe8e48000 rw-p 00000000 00:00 0 
7efbe8e48000-7efbe8e4c000 ---p 00000000 00:00 0 
7efbe8e4c000-7efbe9048000 rw-p 00000000 00:00 0 
7efbe9048000-7efbe904c000 ---p 00000000 00:00 0 
7efbe904c000-7efbe9248000 rw-p 00000000 00:00 0 
7efbe9248000-7efbe924c000 ---p 00000000 00:00 0 
7efbe924c000-7efbe9348000 rw-p 00000000 00:00 0 
7efbe9348000-7efbe934c000 ---p 00000000 00:00 0 
7efbe934c000-7efbe9448000 rw-p 00000000 00:00 0 
7efbe9448000-7efbe944c000 ---p 00000000 00:00 0 
7efbe944c000-7efbe9548000 rw-p 00000000 00:00 0 
7efbe9548000-7efbe982e000 r--p 00000000 00:8be 28444448                  /usr/lib/locale/locale-archive
7efbe982e000-7efbe9832000 ---p 00000000 00:00 0 
7efbe9832000-7efbe992e000 rw-p 00000000 00:00 0 
7efbe992e000-7efbe9932000 ---p 00000000 00:00 0 
7efbe9932000-7efbe9a2e000 rw-p 00000000 00:00 0 
7efbe9a2e000-7efbe9a2f000 ---p 00000000 00:00 0 
7efbe9a2f000-7efbe9b30000 rw-p 00000000 00:00 0 
7efbe9b30000-7efbe9bfe000 r-xp 00000000 00:1d6a 4611686019135190036      /nix/store/gpxl5qgg8kicmcvivwmybwjlpf7wh20l-graalvm17-ce-22.3.0/lib/libjsvml.so
7efbe9bfe000-7efbe9bff000 r--p 000cd000 00:1d6a 4611686019135190036      /nix/store/gpxl5qgg8kicmcvivwmybwjlpf7wh20l-graalvm17-ce-22.3.0/lib/libjsvml.so
7efbe9bff000-7efbe9c00000 rw-p 000ce000 00:1d6a 4611686019135190036      /nix/store/gpxl5qgg8kicmcvivwmybwjlpf7wh20l-graalvm17-ce-22.3.0/lib/libjsvml.so
7efbe9c00000-7efbea000000 rw-p 00000000 00:00 0 
7efbea000000-7efbea300000 rw-p 00000000 00:00 0 
7efbea300000-7efbea400000 rw-p 00000000 00:00 0 
7efbea4b3000-7efbeb4b3000 rw-p 00000000 00:00 0 
7efbeb4b3000-7efbeb723000 rwxp 00000000 00:00 0 
7efbeb723000-7efbeba42000 ---p 00000000 00:00 0 
7efbeba42000-7efbecf12000 rwxp 00000000 00:00 0 
7efbecf12000-7efbf2f7a000 ---p 00000000 00:00 0 
7efbf2f7a000-7efbf333a000 rwxp 00000000 00:00 0 
7efbf333a000-7efbfa4b3000 ---p 00000000 00:00 0 
7efbfa4b3000-7efc04000000 r--s 00000000 00:1d6a 4611686019135192581      /nix/store/gpxl5qgg8kicmcvivwmybwjlpf7wh20l-graalvm17-ce-22.3.0/lib/modules
7efc04000000-7efc043fb000 rw-p 00000000 00:00 0 
7efc043fb000-7efc08000000 ---p 00000000 00:00 0 
7efc0806b000-7efc0806f000 ---p 00000000 00:00 0 
7efc0806f000-7efc0808d000 rw-p 00000000 00:00 0 
7efc0808d000-7efc08094000 r-xp 00000000 00:1d6a 4611686019135192580      /nix/store/gpxl5qgg8kicmcvivwmybwjlpf7wh20l-graalvm17-ce-22.3.0/lib/libzip.so
7efc08094000-7efc08095000 ---p 00007000 00:1d6a 4611686019135192580      /nix/store/gpxl5qgg8kicmcvivwmybwjlpf7wh20l-graalvm17-ce-22.3.0/lib/libzip.so
7efc08095000-7efc08096000 r--p 00007000 00:1d6a 4611686019135192580      /nix/store/gpxl5qgg8kicmcvivwmybwjlpf7wh20l-graalvm17-ce-22.3.0/lib/libzip.so
7efc08096000-7efc08097000 rw-p 00008000 00:1d6a 4611686019135192580      /nix/store/gpxl5qgg8kicmcvivwmybwjlpf7wh20l-graalvm17-ce-22.3.0/lib/libzip.so
7efc08097000-7efc08099000 rw-p 0000b000 00:1d6a 4611686019135192580      /nix/store/gpxl5qgg8kicmcvivwmybwjlpf7wh20l-graalvm17-ce-22.3.0/lib/libzip.so
7efc08099000-7efc080ae000 r-xp 00000000 00:1d6a 4611686019135192570      /nix/store/gpxl5qgg8kicmcvivwmybwjlpf7wh20l-graalvm17-ce-22.3.0/lib/libnet.so
7efc080ae000-7efc080af000 ---p 00015000 00:1d6a 4611686019135192570      /nix/store/gpxl5qgg8kicmcvivwmybwjlpf7wh20l-graalvm17-ce-22.3.0/lib/libnet.so
7efc080af000-7efc080b0000 r--p 00015000 00:1d6a 4611686019135192570      /nix/store/gpxl5qgg8kicmcvivwmybwjlpf7wh20l-graalvm17-ce-22.3.0/lib/libnet.so
7efc080b0000-7efc080b1000 rw-p 00016000 00:1d6a 4611686019135192570      /nix/store/gpxl5qgg8kicmcvivwmybwjlpf7wh20l-graalvm17-ce-22.3.0/lib/libnet.so
7efc080b1000-7efc080b4000 rw-p 0001b000 00:1d6a 4611686019135192570      /nix/store/gpxl5qgg8kicmcvivwmybwjlpf7wh20l-graalvm17-ce-22.3.0/lib/libnet.so
7efc080b4000-7efc080c7000 r-xp 00000000 00:1d6a 4611686019135192571      /nix/store/gpxl5qgg8kicmcvivwmybwjlpf7wh20l-graalvm17-ce-22.3.0/lib/libnio.so
7efc080c7000-7efc080c8000 r--p 00012000 00:1d6a 4611686019135192571      /nix/store/gpxl5qgg8kicmcvivwmybwjlpf7wh20l-graalvm17-ce-22.3.0/lib/libnio.so
7efc080c8000-7efc080c9000 rw-p 00013000 00:1d6a 4611686019135192571      /nix/store/gpxl5qgg8kicmcvivwmybwjlpf7wh20l-graalvm17-ce-22.3.0/lib/libnio.so
7efc080c9000-7efc080ce000 rw-p 00019000 00:1d6a 4611686019135192571      /nix/store/gpxl5qgg8kicmcvivwmybwjlpf7wh20l-graalvm17-ce-22.3.0/lib/libnio.so
7efc080ce000-7efc089a6000 rw-p 00000000 00:00 0 
7efc089a6000-7efc089a7000 ---p 00000000 00:00 0 
7efc089a7000-7efc08b52000 rw-p 00000000 00:00 0 
7efc08b52000-7efc08b93000 rw-p 00000000 00:00 0 
7efc08b93000-7efc08ba8000 ---p 00000000 00:00 0 
7efc08ba8000-7efc08bb1000 rw-p 00000000 00:00 0 
7efc08bb1000-7efc08c94000 ---p 00000000 00:00 0 
7efc08c94000-7efc08cbe000 rw-p 00000000 00:00 0 
7efc08cbe000-7efc08d7f000 ---p 00000000 00:00 0 
7efc08d7f000-7efc08d84000 rw-p 00000000 00:00 0 
7efc08d84000-7efc08d8b000 ---p 00000000 00:00 0 
7efc08d8b000-7efc08daf000 r-xp 00000000 00:1d6a 4611686019135190028      /nix/store/gpxl5qgg8kicmcvivwmybwjlpf7wh20l-graalvm17-ce-22.3.0/lib/libjava.so
7efc08daf000-7efc08db0000 ---p 00024000 00:1d6a 4611686019135190028      /nix/store/gpxl5qgg8kicmcvivwmybwjlpf7wh20l-graalvm17-ce-22.3.0/lib/libjava.so
7efc08db0000-7efc08db1000 r--p 00024000 00:1d6a 4611686019135190028      /nix/store/gpxl5qgg8kicmcvivwmybwjlpf7wh20l-graalvm17-ce-22.3.0/lib/libjava.so
7efc08db1000-7efc08db2000 rw-p 00025000 00:1d6a 4611686019135190028      /nix/store/gpxl5qgg8kicmcvivwmybwjlpf7wh20l-graalvm17-ce-22.3.0/lib/libjava.so
7efc08db2000-7efc08db3000 rw-p 00000000 00:00 0 
7efc08db3000-7efc08dba000 rw-p 0002f000 00:1d6a 4611686019135190028      /nix/store/gpxl5qgg8kicmcvivwmybwjlpf7wh20l-graalvm17-ce-22.3.0/lib/libjava.so
7efc08dba000-7efc08dc2000 rw-s 00000000 00:302 656                       /tmp/hsperfdata_runner/11217
7efc08dc2000-7efc08dc3000 ---p 00000000 00:00 0 
7efc08dc3000-7efc08dc4000 r--p 00000000 00:00 0 
7efc08dc4000-7efc08dc5000 rwxp 00000000 00:00 0 
7efc08dc5000-7efc08de0000 r-xp 00000000 00:1d6a 4611686019135190032      /nix/store/gpxl5qgg8kicmcvivwmybwjlpf7wh20l-graalvm17-ce-22.3.0/lib/libjimage.so
7efc08de0000-7efc08de1000 ---p 0001b000 00:1d6a 4611686019135190032      /nix/store/gpxl5qgg8kicmcvivwmybwjlpf7wh20l-graalvm17-ce-22.3.0/lib/libjimage.so
7efc08de1000-7efc08de3000 r--p 0001b000 00:1d6a 4611686019135190032      /nix/store/gpxl5qgg8kicmcvivwmybwjlpf7wh20l-graalvm17-ce-22.3.0/lib/libjimage.so
7efc08de3000-7efc08de4000 rw-p 0001d000 00:1d6a 4611686019135190032      /nix/store/gpxl5qgg8kicmcvivwmybwjlpf7wh20l-graalvm17-ce-22.3.0/lib/libjimage.so
7efc08de4000-7efc08de5000 rw-p 00024000 00:1d6a 4611686019135190032      /nix/store/gpxl5qgg8kicmcvivwmybwjlpf7wh20l-graalvm17-ce-22.3.0/lib/libjimage.so
7efc08de5000-7efc08de9000 ---p 00000000 00:00 0 
7efc08de9000-7efc08ee5000 rw-p 00000000 00:00 0 
7efc08ee5000-7efc08ef3000 r--p 00000000 00:1d6a 4611686019027979927      /nix/store/4nlgxhb09sdr51nc9hdm8az5b08vzkgx-glibc-2.35-163/lib/libm.so.6
7efc08ef3000-7efc08f66000 r-xp 0000e000 00:1d6a 4611686019027979927      /nix/store/4nlgxhb09sdr51nc9hdm8az5b08vzkgx-glibc-2.35-163/lib/libm.so.6
7efc08f66000-7efc08fc3000 r--p 00081000 00:1d6a 4611686019027979927      /nix/store/4nlgxhb09sdr51nc9hdm8az5b08vzkgx-glibc-2.35-163/lib/libm.so.6
7efc08fc3000-7efc08fc4000 r--p 000dd000 00:1d6a 4611686019027979927      /nix/store/4nlgxhb09sdr51nc9hdm8az5b08vzkgx-glibc-2.35-163/lib/libm.so.6
7efc08fc4000-7efc08fc5000 rw-p 000de000 00:1d6a 4611686019027979927      /nix/store/4nlgxhb09sdr51nc9hdm8az5b08vzkgx-glibc-2.35-163/lib/libm.so.6
7efc08fc5000-7efc08fc6000 r--p 00000000 00:1d6a 4611686019027979946      /nix/store/4nlgxhb09sdr51nc9hdm8az5b08vzkgx-glibc-2.35-163/lib/librt.so.1
7efc08fc6000-7efc08fc7000 r-xp 00001000 00:1d6a 4611686019027979946      /nix/store/4nlgxhb09sdr51nc9hdm8az5b08vzkgx-glibc-2.35-163/lib/librt.so.1
7efc08fc7000-7efc08fc8000 r--p 00002000 00:1d6a 4611686019027979946      /nix/store/4nlgxhb09sdr51nc9hdm8az5b08vzkgx-glibc-2.35-163/lib/librt.so.1
7efc08fc8000-7efc08fc9000 r--p 00002000 00:1d6a 4611686019027979946      /nix/store/4nlgxhb09sdr51nc9hdm8az5b08vzkgx-glibc-2.35-163/lib/librt.so.1
7efc08fc9000-7efc08fca000 rw-p 00003000 00:1d6a 4611686019027979946      /nix/store/4nlgxhb09sdr51nc9hdm8az5b08vzkgx-glibc-2.35-163/lib/librt.so.1
7efc08fca000-7efc0a0dd000 r-xp 00000000 00:1d6a 4611686019135360866      /nix/store/gpxl5qgg8kicmcvivwmybwjlpf7wh20l-graalvm17-ce-22.3.0/lib/server/libjvm.so
7efc0a0dd000-7efc0a0de000 ---p 01113000 00:1d6a 4611686019135360866      /nix/store/gpxl5qgg8kicmcvivwmybwjlpf7wh20l-graalvm17-ce-22.3.0/lib/server/libjvm.so
7efc0a0de000-7efc0a193000 r--p 01113000 00:1d6a 4611686019135360866      /nix/store/gpxl5qgg8kicmcvivwmybwjlpf7wh20l-graalvm17-ce-22.3.0/lib/server/libjvm.so
7efc0a193000-7efc0a1c7000 rw-p 011c8000 00:1d6a 4611686019135360866      /nix/store/gpxl5qgg8kicmcvivwmybwjlpf7wh20l-graalvm17-ce-22.3.0/lib/server/libjvm.so
7efc0a1c7000-7efc0a223000 rw-p 00000000 00:00 0 
7efc0a223000-7efc0a24b000 r--p 00000000 00:1d6a 4611686019027979918      /nix/store/4nlgxhb09sdr51nc9hdm8az5b08vzkgx-glibc-2.35-163/lib/libc.so.6
7efc0a24b000-7efc0a3c1000 r-xp 00028000 00:1d6a 4611686019027979918      /nix/store/4nlgxhb09sdr51nc9hdm8az5b08vzkgx-glibc-2.35-163/lib/libc.so.6
7efc0a3c1000-7efc0a419000 r--p 0019e000 00:1d6a 4611686019027979918      /nix/store/4nlgxhb09sdr51nc9hdm8az5b08vzkgx-glibc-2.35-163/lib/libc.so.6
7efc0a419000-7efc0a41d000 r--p 001f6000 00:1d6a 4611686019027979918      /nix/store/4nlgxhb09sdr51nc9hdm8az5b08vzkgx-glibc-2.35-163/lib/libc.so.6
7efc0a41d000-7efc0a41f000 rw-p 001fa000 00:1d6a 4611686019027979918      /nix/store/4nlgxhb09sdr51nc9hdm8az5b08vzkgx-glibc-2.35-163/lib/libc.so.6
7efc0a41f000-7efc0a42e000 rw-p 00000000 00:00 0 
7efc0a42e000-7efc0a42f000 r--p 00000000 00:1d6a 4611686019027979923      /nix/store/4nlgxhb09sdr51nc9hdm8az5b08vzkgx-glibc-2.35-163/lib/libdl.so.2
7efc0a42f000-7efc0a430000 r-xp 00001000 00:1d6a 4611686019027979923      /nix/store/4nlgxhb09sdr51nc9hdm8az5b08vzkgx-glibc-2.35-163/lib/libdl.so.2
7efc0a430000-7efc0a431000 r--p 00002000 00:1d6a 4611686019027979923      /nix/store/4nlgxhb09sdr51nc9hdm8az5b08vzkgx-glibc-2.35-163/lib/libdl.so.2
7efc0a431000-7efc0a432000 r--p 00002000 00:1d6a 4611686019027979923      /nix/store/4nlgxhb09sdr51nc9hdm8az5b08vzkgx-glibc-2.35-163/lib/libdl.so.2
7efc0a432000-7efc0a433000 rw-p 00003000 00:1d6a 4611686019027979923      /nix/store/4nlgxhb09sdr51nc9hdm8az5b08vzkgx-glibc-2.35-163/lib/libdl.so.2
7efc0a433000-7efc0a434000 r--p 00000000 00:1d6a 4611686019027979942      /nix/store/4nlgxhb09sdr51nc9hdm8az5b08vzkgx-glibc-2.35-163/lib/libpthread.so.0
7efc0a434000-7efc0a435000 r-xp 00001000 00:1d6a 4611686019027979942      /nix/store/4nlgxhb09sdr51nc9hdm8az5b08vzkgx-glibc-2.35-163/lib/libpthread.so.0
7efc0a435000-7efc0a436000 r--p 00002000 00:1d6a 4611686019027979942      /nix/store/4nlgxhb09sdr51nc9hdm8az5b08vzkgx-glibc-2.35-163/lib/libpthread.so.0
7efc0a436000-7efc0a437000 r--p 00002000 00:1d6a 4611686019027979942      /nix/store/4nlgxhb09sdr51nc9hdm8az5b08vzkgx-glibc-2.35-163/lib/libpthread.so.0
7efc0a437000-7efc0a438000 rw-p 00003000 00:1d6a 4611686019027979942      /nix/store/4nlgxhb09sdr51nc9hdm8az5b08vzkgx-glibc-2.35-163/lib/libpthread.so.0
7efc0a438000-7efc0a446000 r-xp 00000000 00:1d6a 4611686019135190033      /nix/store/gpxl5qgg8kicmcvivwmybwjlpf7wh20l-graalvm17-ce-22.3.0/lib/libjli.so
7efc0a446000-7efc0a447000 ---p 0000e000 00:1d6a 4611686019135190033      /nix/store/gpxl5qgg8kicmcvivwmybwjlpf7wh20l-graalvm17-ce-22.3.0/lib/libjli.so
7efc0a447000-7efc0a448000 r--p 0000e000 00:1d6a 4611686019135190033      /nix/store/gpxl5qgg8kicmcvivwmybwjlpf7wh20l-graalvm17-ce-22.3.0/lib/libjli.so
7efc0a448000-7efc0a449000 rw-p 0000f000 00:1d6a 4611686019135190033      /nix/store/gpxl5qgg8kicmcvivwmybwjlpf7wh20l-graalvm17-ce-22.3.0/lib/libjli.so
7efc0a449000-7efc0a44a000 rw-p 00012000 00:1d6a 4611686019135190033      /nix/store/gpxl5qgg8kicmcvivwmybwjlpf7wh20l-graalvm17-ce-22.3.0/lib/libjli.so
7efc0a44a000-7efc0a44d000 r--p 00000000 00:1d6a 4611686019106210071      /nix/store/026hln0aq1hyshaxsdvhg0kmcm6yf45r-zlib-1.2.13/lib/libz.so.1.2.13
7efc0a44d000-7efc0a45f000 r-xp 00003000 00:1d6a 4611686019106210071      /nix/store/026hln0aq1hyshaxsdvhg0kmcm6yf45r-zlib-1.2.13/lib/libz.so.1.2.13
7efc0a45f000-7efc0a466000 r--p 00015000 00:1d6a 4611686019106210071      /nix/store/026hln0aq1hyshaxsdvhg0kmcm6yf45r-zlib-1.2.13/lib/libz.so.1.2.13
7efc0a466000-7efc0a467000 r--p 0001b000 00:1d6a 4611686019106210071      /nix/store/026hln0aq1hyshaxsdvhg0kmcm6yf45r-zlib-1.2.13/lib/libz.so.1.2.13
7efc0a467000-7efc0a468000 rw-p 0001c000 00:1d6a 4611686019106210071      /nix/store/026hln0aq1hyshaxsdvhg0kmcm6yf45r-zlib-1.2.13/lib/libz.so.1.2.13
7efc0a468000-7efc0a46a000 rw-p 00000000 00:00 0 
7efc0a46a000-7efc0a46c000 r--p 00000000 00:1d6a 4611686019027979912      /nix/store/4nlgxhb09sdr51nc9hdm8az5b08vzkgx-glibc-2.35-163/lib/ld-linux-x86-64.so.2
7efc0a46c000-7efc0a493000 r-xp 00002000 00:1d6a 4611686019027979912      /nix/store/4nlgxhb09sdr51nc9hdm8az5b08vzkgx-glibc-2.35-163/lib/ld-linux-x86-64.so.2
7efc0a493000-7efc0a49f000 r--p 00029000 00:1d6a 4611686019027979912      /nix/store/4nlgxhb09sdr51nc9hdm8az5b08vzkgx-glibc-2.35-163/lib/ld-linux-x86-64.so.2
7efc0a49f000-7efc0a4a1000 r--p 00034000 00:1d6a 4611686019027979912      /nix/store/4nlgxhb09sdr51nc9hdm8az5b08vzkgx-glibc-2.35-163/lib/ld-linux-x86-64.so.2
7efc0a4a1000-7efc0a4a3000 rw-p 00036000 00:1d6a 4611686019027979912      /nix/store/4nlgxhb09sdr51nc9hdm8az5b08vzkgx-glibc-2.35-163/lib/ld-linux-x86-64.so.2
7ffdb057f000-7ffdb05a3000 rw-p 00000000 00:00 0                          [stack]
7ffdb05e4000-7ffdb05e8000 r--p 00000000 00:00 0                          [vvar]
7ffdb05e8000-7ffdb05ea000 r-xp 00000000 00:00 0                          [vdso]
ffffffffff600000-ffffffffff601000 --xp 00000000 00:00 0                  [vsyscall]


VM Arguments:
jvm_args: -XX:ThreadPriorityPolicy=1 -XX:+UnlockExperimentalVMOptions -XX:+EnableJVMCIProduct -XX:JVMCIThreadsPerNativeLibraryRuntime=1 -XX:-UnlockExperimentalVMOptions -Declipse.application=org.eclipse.jdt.ls.core.id1 -Dosgi.bundles.defaultStartLevel=4 -Declipse.product=org.eclipse.jdt.ls.core.product -Dlog.level=ALL -Xverify:none -XX:+UseParallelGC -XX:GCTimeRatio=4 -XX:AdaptiveSizePolicyWeight=90 -Dsun.zip.disableMemoryMapping=true -Xmx512m -Xms100m 
java_command: /nix/store/m6gcpi1ii6rghy04cjwjddcavv7i90df-jdt-language-server-1.9.0/share/java/plugins/org.eclipse.equinox.launcher_1.6.400.v20210924-0641.jar --add-modules=ALL-SYSTEM --add-opens java.base/java.util=ALL-UNNAMED --add-opens java.base/java.lang=ALL-UNNAMED -configuration /home/runner/.cache/jdt-language-server/config -data /home/runner/.cache/jdt-language-server/data/home/runner/Calculator
java_class_path (initial): /nix/store/m6gcpi1ii6rghy04cjwjddcavv7i90df-jdt-language-server-1.9.0/share/java/plugins/org.eclipse.equinox.launcher_1.6.400.v20210924-0641.jar
Launcher Type: SUN_STANDARD

[Global flags]
    uintx AdaptiveSizePolicyWeight                 = 90                                        {product} {command line}
     intx CICompilerCount                          = 2                                         {product} {ergonomic}
     bool EnableJVMCIProduct                       = true                                {JVMCI product} {jimage}
    uintx GCTimeRatio                              = 4                                         {product} {command line}
   size_t InitialHeapSize                          = 104857600                                 {product} {command line}
     uint JVMCIThreadsPerNativeLibraryRuntime      = 1                                   {JVMCI product} {jimage}
   size_t MaxHeapSize                              = 536870912                                 {product} {command line}
   size_t MaxNewSize                               = 178782208                                 {product} {ergonomic}
   size_t MinHeapDeltaBytes                        = 524288                                    {product} {ergonomic}
   size_t MinHeapSize                              = 104857600                                 {product} {command line}
   size_t NewSize                                  = 34603008                                  {product} {ergonomic}
    uintx NonNMethodCodeHeapSize                   = 5826188                                {pd product} {ergonomic}
    uintx NonProfiledCodeHeapSize                  = 122916026                              {pd product} {ergonomic}
   size_t OldSize                                  = 70254592                                  {product} {ergonomic}
    uintx ProfiledCodeHeapSize                     = 122916026                              {pd product} {ergonomic}
    uintx ReservedCodeCacheSize                    = 251658240                              {pd product} {ergonomic}
     bool SegmentedCodeCache                       = true                                      {product} {ergonomic}
   size_t SoftMaxHeapSize                          = 536870912                              {manageable} {ergonomic}
     intx ThreadPriorityPolicy                     = 1                                         {product} {jimage}
     bool UseCompressedClassPointers               = true                           {product lp64_product} {ergonomic}
     bool UseCompressedOops                        = true                           {product lp64_product} {ergonomic}
     bool UseParallelGC                            = true                                      {product} {command line}

Logging:
Log output configuration:
 #0: stdout all=warning uptime,level,tags
 #1: stderr all=off uptime,level,tags

Environment Variables:
JAVA_HOME=/nix/store/gpxl5qgg8kicmcvivwmybwjlpf7wh20l-graalvm17-ce-22.3.0
PATH=/nix/store/1d6ian3r8kdzspw8hacjhl3xkp40g1lj-binutils-wrapper-2.39/bin:/nix/store/dq0xwmsk1g0i2ayg6pb7y87na2knzylh-gcc-wrapper-11.3.0/bin:/nix/store/bap4d0lpcrhpwmpb8ayjcgkmvfj62lnq-bash-interactive-5.1-p16/bin:/nix/store/pr5n59mb4jzmfx6kanwxly0l07p861fg-patchelf-0.15.0/bin:/nix/store/1gf2flfqnpqbr1b4p4qz2f72y42bs56r-gcc-11.3.0/bin:/nix/store/57xv61c5zi8pphjbcwxxjlgc34p61ic9-glibc-2.35-163-bin/bin:/nix/store/a7gvj343m05j2s32xcnwr35v31ynlypr-coreutils-9.1/bin:/nix/store/039g378vc3pc3dvi9dzdlrd0i4q93qwf-binutils-2.39/bin:/nix/store/gpxl5qgg8kicmcvivwmybwjlpf7wh20l-graalvm17-ce-22.3.0/bin:/nix/store/6z9ag3ihc8mq2hzsw48lhbznvzny65nz-apache-maven-3.8.6/bin:/nix/store/m6gcpi1ii6rghy04cjwjddcavv7i90df-jdt-language-server-1.9.0/bin:/nix/store/84xs5alhs01zrbr4ywm05kxbjbp5590l-java-debug/bin:/nix/store/mydc6f4k2z73xlcz7ilif3v2lcaiqvza-findutils-4.9.0/bin:/nix/store/j9p3g8472iijd50vhdprx0nmk2fqn5gv-diffutils-3.8/bin:/nix/store/89zs7rms6x00xfq4dq6m7mjnhkr8a6r4-gnused-4.8/bin:/nix/store/86bp03jkmsl6f92w0yzg4s59g5mhxwmy-gnugrep-3.7/bin:/nix/store/hwcdqw4jrjnd37wxqgsd47hd0j8bnj09-gawk-5.1.1/bin:/nix/store/cfbhw8r8ags41vwqaz47r583d0p4h4a1-gnutar-1.34/bin:/nix/store/p3m1ndl1lapwrlh698bnb5lvvxh67378-gzip-1.12/bin:/nix/store/a8mhcagrsly7c7mpjrpsnaahk4aax056-bzip2-1.0.8-bin/bin:/nix/store/mblgz65m3zv9x548a3d5m96fj2pbwr09-gnumake-4.3/bin:/nix/store/dsd5gz46hdbdk2rfdimqddhq6m8m8fqs-bash-5.1-p16/bin:/nix/store/v7ljksji50mg3w61dykaa3n3y79n6nil-patch-2.7.6/bin:/nix/store/zlcnmqq14jz5x9439jf937mvayyl63da-xz-5.2.7-bin/bin:/nix/store/y6aj732zm9m87c82fpvf103a1xb22blp-file-5.43/bin:/nix/store/i4kzir3m7mrisxmf5xvlnkw01x4qaqr4-prybar-elisp-0.0.0-e0d9a52/bin:/nix/store/lwwivxf6h7x3cvxp9zv8sj0mv7dak99r-prybar-lua-0.0.0-e0d9a52/bin:/nix/store/gxj28g1cg4hq3qanmjv07156h800qr58-prybar-python3-0.0.0-e0d9a52/bin:/nix/store/hshkjnxrgidigf8x75vg6lqng2xlx9i3-prybar-sqlite-0.0.0-e0d9a52/bin:/nix/store/c4w01bpjgyy5ixmwdk8m1pw87zq4sl26-prybar-tcl-0.0.0-e0d9a52/bin:/nix/store/hpbvrlwd5viqmvcaisb3x0118i913a9n-st
LD_LIBRARY_PATH=/nix/store/a4pff549sk2idnkpzk5nsfps3mdkdnvm-cups-2.4.2-lib/lib:/nix/store/72mqxxhh3cy5yifh92wh2yb8cl2hikyy-cairo-1.16.0/lib:/nix/store/2k366jrbsra97gjfxwvrhvixjfxdach5-glib-2.74.1/lib:/nix/store/2j2znigd8ak37rlwh9khz0ry3clqlw1l-gtk+3-3.24.34/lib:/nix/store/hisqvx32cd57apbpcsnkpx6k3549wql1-libglvnd-1.4.0/lib:/nix/store/p36pgcv991mq5srvg765b78yqpxvk3qs-mesa-21.3.3-drivers/lib:/nix/store/mav4251if1ahjq5vkpwycyyvnmy459c4-pulseaudio-14.2/lib
DISPLAY=:0
LANG=en_US.UTF-8

Signal Handlers:
   SIGSEGV: crash_handler in libjvm.so, mask=11100100010111111101111111111110, flags=SA_RESTART|SA_SIGINFO
    SIGBUS: crash_handler in libjvm.so, mask=11100100010111111101111111111110, flags=SA_RESTART|SA_SIGINFO
    SIGFPE: crash_handler in libjvm.so, mask=11100100010111111101111111111110, flags=SA_RESTART|SA_SIGINFO
   SIGPIPE: IsolateEnterStub_IgnoreSIGPIPEStartupHook_noopSignalHandler_8f19bff2f35b5f630d83b364d6b2339320d4ec70_216e8361c6bc87a8f89f58cc10d3b2fd4415bf87 in libjvmcicompiler.so, mask=00000000000000000000000000000000, flags=SA_RESTART
  *** Handler was modified!
  *** Expected: javaSignalHandler in libjvm.so, mask=11100100110111111111111111111110, flags=SA_RESTART|SA_SIGINFO
   SIGXFSZ: javaSignalHandler in libjvm.so, mask=11100100010111111101111111111110, flags=SA_RESTART|SA_SIGINFO
    SIGILL: crash_handler in libjvm.so, mask=11100100010111111101111111111110, flags=SA_RESTART|SA_SIGINFO
   SIGUSR2: SR_handler in libjvm.so, mask=00000000000000000000000000000000, flags=SA_RESTART|SA_SIGINFO
    SIGHUP: UserHandler in libjvm.so, mask=11100100010111111101111111111110, flags=SA_RESTART|SA_SIGINFO
    SIGINT: UserHandler in libjvm.so, mask=11100100010111111101111111111110, flags=SA_RESTART|SA_SIGINFO
   SIGTERM: UserHandler in libjvm.so, mask=11100100010111111101111111111110, flags=SA_RESTART|SA_SIGINFO
   SIGQUIT: UserHandler in libjvm.so, mask=11100100010111111101111111111110, flags=SA_RESTART|SA_SIGINFO
  *** Handler was modified!
  *** Expected: javaSignalHandler in libjvm.so, mask=11100100110111111111111111111110, flags=SA_RESTART|SA_SIGINFO
   SIGTRAP: crash_handler in libjvm.so, mask=11100100010111111101111111111110, flags=SA_RESTART|SA_SIGINFO


---------------  S Y S T E M  ---------------

OS:
DISTRIB_ID=Ubuntu
DISTRIB_RELEASE=20.04
DISTRIB_CODENAME=focal
DISTRIB_DESCRIPTION="Ubuntu 20.04.2 LTS"
uname: Linux 5.15.0-1031-gcp #38~20.04.1-Ubuntu SMP Sun Mar 12 04:47:58 UTC 2023 x86_64
OS uptime: 0 days 11:35 hours
libc: glibc 2.35 NPTL 2.35 
rlimit (soft/hard): STACK 8192k/infinity , CORE infinity/infinity , NPROC infinity/infinity , NOFILE 5242/5242 , AS infinity/infinity , CPU infinity/infinity , DATA infinity/infinity , FSIZE infinity/infinity , MEMLOCK 64k/64k
load average: 12.88 12.85 14.05

/proc/meminfo:
MemTotal:       65852712 kB
MemFree:        13692336 kB
MemAvailable:   40364584 kB
Buffers:         3079324 kB
Cached:         22151516 kB
SwapCached:            0 kB
Active:         11032480 kB
Inactive:       35871280 kB
Active(anon):      15404 kB
Inactive(anon): 21507768 kB
Active(file):   11017076 kB
Inactive(file): 14363512 kB
Unevictable:       43084 kB
Mlocked:           43084 kB
SwapTotal:             0 kB
SwapFree:              0 kB
Dirty:             11212 kB
Writeback:             0 kB
AnonPages:      19974416 kB
Mapped:          2042484 kB
Shmem:             68844 kB
KReclaimable:    2018260 kB
Slab:            4189676 kB
SReclaimable:    2018260 kB
SUnreclaim:      2171416 kB
KernelStack:      406632 kB
PageTables:       184480 kB
NFS_Unstable:          0 kB
Bounce:                0 kB
WritebackTmp:          0 kB
CommitLimit:    32926356 kB
Committed_AS:   69090660 kB
VmallocTotal:   34359738367 kB
VmallocUsed:      458160 kB
VmallocChunk:          0 kB
Percpu:            81632 kB
HardwareCorrupted:     0 kB
AnonHugePages:   3182592 kB
ShmemHugePages:        0 kB
ShmemPmdMapped:        0 kB
FileHugePages:         0 kB
FilePmdMapped:         0 kB
HugePages_Total:       0
HugePages_Free:        0
HugePages_Rsvd:        0
HugePages_Surp:        0
Hugepagesize:       2048 kB
Hugetlb:               0 kB
DirectMap4k:     5743424 kB
DirectMap2M:    54022144 kB
DirectMap1G:     9437184 kB

/sys/kernel/mm/transparent_hugepage/enabled: always [madvise] never
/sys/kernel/mm/transparent_hugepage/defrag (defrag/compaction efforts parameter): always defer defer+madvise [madvise] never

Process Memory:
Virtual Size: 5474920K (peak: 5539624K)
Resident Set Size: 805932K (peak: 875356K) (anon: 613200K, file: 192732K, shmem: 0K)
Swapped out: 0K
C-Heap outstanding allocations: 40974K, retained: 15833K
glibc malloc tunables: (default)

/proc/sys/kernel/threads-max (system-wide limit on the number of threads): 514406
/proc/sys/vm/max_map_count (maximum number of memory map areas a process may have): 65530
/proc/sys/kernel/pid_max (system-wide limit on number of process identifiers): 4194304

container (cgroup) information:
container_type: cgroupv1
cpu_cpuset_cpus: 2-7
cpu_memory_nodes: 0
active_processor_count: 1
cpu_quota: 50000
cpu_period: 100000
cpu_shares: 512
memory_limit_in_bytes: 1048576 k
memory_and_swap_limit_in_bytes: 1048576 k
memory_soft_limit_in_bytes: 524288 k
memory_usage_in_bytes: 658644 k
memory_max_usage_in_bytes: 1048576 k
maximum number of tasks: 1000
current number of tasks: 58

KVM virtualization detected
Steal ticks since vm start: 0
Steal ticks percentage since vm start:  0.000

CPU: total 8 (initial active 1) (8 cores per cpu, 2 threads per core) family 23 model 49 stepping 0 microcode 0xffffffff, cx8, cmov, fxsr, ht, mmx, 3dnowpref, sse, sse2, sse3, ssse3, sse4a, sse4.1, sse4.2, popcnt, lzcnt, tsc, tscinvbit, avx, avx2, aes, clmul, bmi1, bmi2, adx, sha, fma, vzeroupper, clflush, clflushopt, hv
CPU Model and flags from /proc/cpuinfo:
model name	: AMD EPYC 7B12
flags		: fpu vme de pse tsc msr pae mce cx8 apic sep mtrr pge mca cmov pat pse36 clflush mmx fxsr sse sse2 ht syscall nx mmxext fxsr_opt pdpe1gb rdtscp lm constant_tsc rep_good nopl nonstop_tsc cpuid extd_apicid tsc_known_freq pni pclmulqdq ssse3 fma cx16 sse4_1 sse4_2 movbe popcnt aes xsave avx f16c rdrand hypervisor lahf_lm cmp_legacy cr8_legacy abm sse4a misalignsse 3dnowprefetch osvw topoext ssbd ibrs ibpb stibp vmmcall fsgsbase tsc_adjust bmi1 avx2 smep bmi2 rdseed adx smap clflushopt clwb sha_ni xsaveopt xsavec xgetbv1 clzero xsaveerptr arat npt nrip_save umip rdpid

Online cpus: 0-7
Offline cpus: 
BIOS frequency limitation: <Not Available>
Frequency switch latency (ns): <Not Available>
Available cpu frequencies: <Not Available>
Current governor: <Not Available>
Core performance/turbo boost: <Not Available>

Memory: 4k page, physical 1048576k(389924k free), swap 0k(0k free)
Page Sizes: 4k

vm_info: OpenJDK 64-Bit Server VM (17.0.5+8-jvmci-22.3-b08) for linux-amd64 JRE (17.0.5+8-jvmci-22.3-b08), built on Oct 19 2022 09:01:27 by "buildslave" with gcc 10.3.0

END.
