#
# A fatal error has been detected by the Java Runtime Environment:
#
#  Internal Error (jvmciRuntime.cpp:1609), pid=21, tid=38
#  fatal error: Fatal exception in JVMCI: Error calling jdk.vm.ci.services.Services.serializeSavedProperties
#
# JRE version: OpenJDK Runtime Environment GraalVM CE 22.3.0 (17.0.5+8) (build 17.0.5+8-jvmci-22.3-b08)
# Java VM: OpenJDK 64-Bit Server VM GraalVM CE 22.3.0 (17.0.5+8-jvmci-22.3-b08, mixed mode, sharing, tiered, jvmci, jvmci compiler, compressed oops, compressed class ptrs, parallel gc, linux-amd64)
# Problematic frame:
# V  [libjvm.so+0x972714]  JVMCIRuntime::fatal_exception(JVMCIEnv*, char const*)+0x74
#
# Core dump will be written. Default location: Core dumps may be processed with "/usr/share/apport/apport -p%p -s%s -c%c -d%d -P%P -u%u -g%g -- %E" (or dumping to /home/runner/Calculator/core.21)
#
# If you would like to submit a bug report, please visit:
#   https://github.com/oracle/graal/issues
#

---------------  S U M M A R Y ------------

Command Line: -XX:ThreadPriorityPolicy=1 -XX:+UnlockExperimentalVMOptions -XX:+EnableJVMCIProduct -XX:JVMCIThreadsPerNativeLibraryRuntime=1 -XX:-UnlockExperimentalVMOptions -Declipse.application=org.eclipse.jdt.ls.core.id1 -Dosgi.bundles.defaultStartLevel=4 -Declipse.product=org.eclipse.jdt.ls.core.product -Dlog.level=ALL -Xverify:none -XX:+UseParallelGC -XX:GCTimeRatio=4 -XX:AdaptiveSizePolicyWeight=90 -Dsun.zip.disableMemoryMapping=true -Xmx512m -Xms100m /nix/store/m6gcpi1ii6rghy04cjwjddcavv7i90df-jdt-language-server-1.9.0/share/java/plugins/org.eclipse.equinox.launcher_1.6.400.v20210924-0641.jar --add-modules=ALL-SYSTEM --add-opens java.base/java.util=ALL-UNNAMED --add-opens java.base/java.lang=ALL-UNNAMED -configuration /home/runner/.cache/jdt-language-server/config -data /home/runner/.cache/jdt-language-server/data/home/runner/Calculator

Host: AMD EPYC 7B12, 8 cores, 1G, Ubuntu 20.04.2 LTS
Time: Wed Mar 29 13:34:00 2023 UTC elapsed time: 507.438428 seconds (0d 0h 8m 27s)

---------------  T H R E A D  ---------------

Current thread (0x00007f2a880b21d0):  JavaThread "JVMCI-native CompilerThread0" daemon [_thread_in_vm, id=38, stack(0x00007f2a8ce1a000,0x00007f2a8d01a000)]


Current CompileTask:
JVMCI-native: 507438 9190       4       java.util.AbstractCollection::isEmpty (13 bytes)

Stack: [0x00007f2a8ce1a000,0x00007f2a8d01a000],  sp=0x00007f2a8d018380,  free space=2040k
Native frames: (J=compiled Java code, j=interpreted, Vv=VM code, C=native code)
V  [libjvm.so+0x972714]  JVMCIRuntime::fatal_exception(JVMCIEnv*, char const*)+0x74
V  [libjvm.so+0x93e2fe]  JVMCIEnv::copy_saved_properties()+0x14e
V  [libjvm.so+0x9732a9]  JVMCIRuntime::initialize(JVMCIEnv*)+0xb19
V  [libjvm.so+0x9738a2]  JVMCIRuntime::get_HotSpotJVMCIRuntime(JVMCIEnv*)+0x12
V  [libjvm.so+0x9749f2]  JVMCIRuntime::compile_method(JVMCIEnv*, JVMCICompiler*, methodHandle const&, int)+0xd2
V  [libjvm.so+0x5b0d20]  CompileBroker::invoke_compiler_on_method(CompileTask*)+0x1470
V  [libjvm.so+0x5b12e8]  CompileBroker::compiler_thread_loop()+0x528
V  [libjvm.so+0xd82460]  JavaThread::thread_main_inner()+0xd0
V  [libjvm.so+0xd85a40]  Thread::call_run()+0xc0
V  [libjvm.so+0xbdb1e1]  thread_native_entry(Thread*)+0xe1

Register to memory mapping:

RAX=0x00007f2a8ff77000 points into unknown readable memory: 0x0000000000000058 | 58 00 00 00 00 00 00 00
RBX=0x00007f2a91072398: <offset 0x0000000000ef5398> in /nix/store/gpxl5qgg8kicmcvivwmybwjlpf7wh20l-graalvm17-ce-22.3.0/lib/server/libjvm.so at 0x00007f2a9017d000
RCX=0x00007f2a9102a1e8: <offset 0x0000000000ead1e8> in /nix/store/gpxl5qgg8kicmcvivwmybwjlpf7wh20l-graalvm17-ce-22.3.0/lib/server/libjvm.so at 0x00007f2a9017d000
RDX=0x0000000000000649 is an unknown value
RSP=0x00007f2a8d018380 is pointing into the stack for thread: 0x00007f2a880b21d0
RBP=0x00007f2a8d0183a0 is pointing into the stack for thread: 0x00007f2a880b21d0
RSI=0x00007f2a91072c48: <offset 0x0000000000ef5c48> in /nix/store/gpxl5qgg8kicmcvivwmybwjlpf7wh20l-graalvm17-ce-22.3.0/lib/server/libjvm.so at 0x00007f2a9017d000
RDI=0x00000000e0000000 is an oop: java.lang.String 
{0x00000000e0000000} - klass: 'java/lang/String'
 - string: "resolution"
R8 =0x00007f2a91072398: <offset 0x0000000000ef5398> in /nix/store/gpxl5qgg8kicmcvivwmybwjlpf7wh20l-graalvm17-ce-22.3.0/lib/server/libjvm.so at 0x00007f2a9017d000
R9 =0x0000000000000003 is an unknown value
R10=0x00007f2a913c3da0: <offset 0x0000000001246da0> in /nix/store/gpxl5qgg8kicmcvivwmybwjlpf7wh20l-graalvm17-ce-22.3.0/lib/server/libjvm.so at 0x00007f2a9017d000
R11=0x000000080044f048 is pointing into metadata
R12=0x0 is NULL
R13=0x00007f2a880b21d0 is a thread
R14=0x00007f2a88000b80 points into unknown readable memory: 0x00007f2a912a3a38 | 38 3a 2a 91 2a 7f 00 00
R15=0x00007f2a913b1e40: <offset 0x0000000001234e40> in /nix/store/gpxl5qgg8kicmcvivwmybwjlpf7wh20l-graalvm17-ce-22.3.0/lib/server/libjvm.so at 0x00007f2a9017d000


Registers:
RAX=0x00007f2a8ff77000, RBX=0x00007f2a91072398, RCX=0x00007f2a9102a1e8, RDX=0x0000000000000649
RSP=0x00007f2a8d018380, RBP=0x00007f2a8d0183a0, RSI=0x00007f2a91072c48, RDI=0x00000000e0000000
R8 =0x00007f2a91072398, R9 =0x0000000000000003, R10=0x00007f2a913c3da0, R11=0x000000080044f048
R12=0x0000000000000000, R13=0x00007f2a880b21d0, R14=0x00007f2a88000b80, R15=0x00007f2a913b1e40
RIP=0x00007f2a90aef714, EFLAGS=0x0000000000010206, CSGSFS=0x002b000000000033, ERR=0x0000000000000006
  TRAPNO=0x000000000000000e

Top of Stack: (sp=0x00007f2a8d018380)
0x00007f2a8d018380:   00007f2a8d018940 00007f2a880b21d0
0x00007f2a8d018390:   00007f2a8e9088c8 0000000800c415a8
0x00007f2a8d0183a0:   00007f2a8d018500 00007f2a90abb2fe
0x00007f2a8d0183b0:   00007f2a8d0183e0 00007f2a8d018440 

Instructions: (pc=0x00007f2a90aef714)
0x00007f2a90aef614:   30 e8 f6 cf e8 ff 4c 89 e7 e8 2e 48 d1 ff 84 db
0x00007f2a90aef624:   75 2a 4d 85 ed 74 04 4d 8b 6d 00 48 83 c4 08 44
0x00007f2a90aef634:   89 f9 4c 89 f2 4c 89 ee 5b 4c 89 e7 41 5c 41 5d
0x00007f2a90aef644:   41 5e 41 5f 5d e9 e2 47 d1 ff 66 90 48 83 c4 08
0x00007f2a90aef654:   5b 41 5c 41 5d 41 5e 41 5f 5d c3 90 31 d2 be 08
0x00007f2a90aef664:   00 00 00 4c 89 ff e8 b1 78 a3 ff 49 89 c5 e9 37
0x00007f2a90aef674:   ff ff ff 66 0f 1f 84 00 00 00 00 00 48 8b 7a 08
0x00007f2a90aef684:   e9 6d ff ff ff 0f 1f 80 00 00 00 00 e8 5b 48 0a
0x00007f2a90aef694:   00 84 c0 75 89 e9 6a ff ff ff 66 90 55 48 89 e5
0x00007f2a90aef6a4:   41 56 41 55 41 54 49 89 fc 53 48 89 f3 66 48 8d
0x00007f2a90aef6b4:   3d 27 5e 85 00 66 66 48 e8 df 43 8d ff 4c 8b 28
0x00007f2a90aef6c4:   8b 05 be 72 8a 00 85 c0 75 14 ba 01 00 00 00 48
0x00007f2a90aef6d4:   8d 0d ae 72 8a 00 f0 0f b1 11 85 c0 74 4e be c8
0x00007f2a90aef6e4:   00 00 00 4c 89 ef e8 01 0b 41 00 48 8d 05 12 ac
0x00007f2a90aef6f4:   85 00 49 89 d8 48 8d 0d e8 aa 53 00 ba 49 06 00
0x00007f2a90aef704:   00 48 8d 35 3c 35 58 00 bf 00 00 00 e0 48 8b 00
0x00007f2a90aef714:   c6 00 58 31 c0 e8 e2 91 c6 ff 5b 41 5c 41 5d 41
0x00007f2a90aef724:   5e 5d e9 55 34 26 00 0f 1f 44 00 00 48 8d 05 81
0x00007f2a90aef734:   a3 8b 00 48 89 df 4c 8b 30 e8 9e 43 8d ff 48 89
0x00007f2a90aef744:   de 48 89 c2 49 8b 06 4c 89 f7 ff 50 08 4c 89 f7
0x00007f2a90aef754:   e8 a7 5c 27 00 4d 85 e4 74 12 be 01 00 00 00 4c
0x00007f2a90aef764:   89 e7 e8 35 43 fc ff eb 82 0f 1f 00 be 01 00 00
0x00007f2a90aef774:   00 4c 89 ef e8 d3 fd ff ff e9 6d ff ff ff 66 66
0x00007f2a90aef784:   2e 0f 1f 84 00 00 00 00 00 0f 1f 00 55 48 89 e5
0x00007f2a90aef794:   41 57 41 56 41 55 41 54 53 48 81 ec 08 02 00 00
0x00007f2a90aef7a4:   64 48 8b 04 25 28 00 00 00 48 89 45 c8 8b 07 83
0x00007f2a90aef7b4:   f8 02 0f 84 11 04 00 00 4c 8b 6f 18 49 89 ff 49
0x00007f2a90aef7c4:   89 f4 4d 85 ed 74 14 4c 89 ef e8 5d 57 22 00 41
0x00007f2a90aef7d4:   8b 07 83 f8 02 0f 84 19 04 00 00 48 8d 1d 9a 06
0x00007f2a90aef7e4:   8a 00 4c 8d 35 0b 3c 58 00 eb 38 90 48 85 d2 7f
0x00007f2a90aef7f4:   0d 48 8d 05 b4 c0 85 00 48 83 38 00 7e 0e 41 8b
0x00007f2a90aef804:   77 2c 4c 89 f7 31 c0 e8 a0 b2 f7 ff 49 8b 7f 18 


Stack slot to memory mapping:
stack at sp + 0 slots: 0x00007f2a8d018940 is pointing into the stack for thread: 0x00007f2a880b21d0
stack at sp + 1 slots: 0x00007f2a880b21d0 is a thread
stack at sp + 2 slots: 0x00007f2a8e9088c8 points into unknown readable memory: 0x6573001880c9ffff | ff ff c9 80 18 00 73 65
stack at sp + 3 slots: 0x0000000800c415a8 is a pointer to class: 
jdk.vm.ci.services.Services {0x0000000800c415a8}
 - instance size:     2
 - klass size:        65
 - access:            public final synchronized 
 - state:             fully_initialized
 - name:              'jdk/vm/ci/services/Services'
 - super:             'java/lang/Object'
 - sub:               
 - arrays:            NULL
 - methods:           Array<T>(0x00007f2a8d83abd0)
 - method ordering:   Array<T>(0x0000000800928960)
 - default_methods:   Array<T>(0x0000000000000000)
 - local interfaces:  Array<T>(0x00000008005ce810)
 - trans. interfaces: Array<T>(0x00000008005ce810)
 - constants:         constant pool [427] {0x00007f2a8d839cb0} for 'jdk/vm/ci/services/Services' cache=0x00007f2a8d83bea0
 - class loader data:  loader data: 0x00007f2a880283f0 of 'bootstrap'
 - source file:       'Services.java'
 - class annotations:       Array<T>(0x0000000000000000)
 - class type annotations:  Array<T>(0x0000000000000000)
 - field annotations:       Array<T>(0x0000000000000000)
 - field type annotations:  Array<T>(0x0000000000000000)
 - inner classes:     Array<T>(0x00007f2a8d83be70)
 - nest members:     Array<T>(0x00007f2a8d83be90)
 - permitted subclasses:     Array<T>(0x00000008005ce7a0)
 - java mirror:       a 'java/lang/Class'{0x00000000e014a928} = 'jdk/vm/ci/services/Services'
 - vtable length      5  (start addr: 0x0000000800c41778)
 - itable length      2 (start addr: 0x0000000800c417a0)
 - ---- static fields (3 words):
 - public static final 'IS_BUILDING_NATIVE_IMAGE' 'Z' @128 
 - public static final 'IS_IN_NATIVE_IMAGE' 'Z' @129 
 - private static volatile 'savedProperties' 'Ljava/util/Map;' @112 
 - static final 'JVMCI_ENABLED' 'Z' @130 
 - private static final 'servicesCache' 'Ljava/util/Map;' @116 
 - private static final 'MAX_UNICODE_IN_UTF8_LENGTH' 'I' @120 
 - private static final 'MAX_UTF8_PROPERTY_STRING_LENGTH' 'I' @124 
 - ---- non-static fields (0 words):
 - non-static oop maps: 
stack at sp + 4 slots: 0x00007f2a8d018500 is pointing into the stack for thread: 0x00007f2a880b21d0
stack at sp + 5 slots: 0x00007f2a90abb2fe: <offset 0x000000000093e2fe> in /nix/store/gpxl5qgg8kicmcvivwmybwjlpf7wh20l-graalvm17-ce-22.3.0/lib/server/libjvm.so at 0x00007f2a9017d000
stack at sp + 6 slots: 0x00007f2a8d0183e0 is pointing into the stack for thread: 0x00007f2a880b21d0
stack at sp + 7 slots: 0x00007f2a8d018440 is pointing into the stack for thread: 0x00007f2a880b21d0


---------------  P R O C E S S  ---------------

Threads class SMR info:
_java_thread_list=0x00007f29ec000b70, length=25, elements={
0x00007f2a88026690, 0x00007f2a880a64d0, 0x00007f2a880a7910, 0x00007f2a880ae040,
0x00007f2a880af3f0, 0x00007f2a880b07e0, 0x00007f2a880b21d0, 0x00007f2a880b36e0,
0x00007f2a880b4b30, 0x00007f2a880d7e40, 0x00007f2a881209d0, 0x00007f2a88302900,
0x00007f2a88335aa0, 0x00007f2a88337c20, 0x00007f2a88377690, 0x00007f2a2001a770,
0x00007f2a202a2380, 0x00007f2a203043d0, 0x00007f2a20480ab0, 0x00007f2a2064b850,
0x00007f2a8840d810, 0x00007f2a883a8ec0, 0x00007f29fc000ff0, 0x00007f29f4460130,
0x00007f29f007e940
}

Java Threads: ( => current thread )
  0x00007f2a88026690 JavaThread "main" [_thread_blocked, id=30, stack(0x00007f2a8ff98000,0x00007f2a90098000)]
  0x00007f2a880a64d0 JavaThread "Reference Handler" daemon [_thread_blocked, id=33, stack(0x00007f2a8d700000,0x00007f2a8d800000)]
  0x00007f2a880a7910 JavaThread "Finalizer" daemon [_thread_blocked, id=34, stack(0x00007f2a8d600000,0x00007f2a8d700000)]
  0x00007f2a880ae040 JavaThread "Signal Dispatcher" daemon [_thread_blocked, id=35, stack(0x00007f2a8d21a000,0x00007f2a8d31a000)]
  0x00007f2a880af3f0 JavaThread "Service Thread" daemon [_thread_blocked, id=36, stack(0x00007f2a8d11a000,0x00007f2a8d21a000)]
  0x00007f2a880b07e0 JavaThread "Monitor Deflation Thread" daemon [_thread_blocked, id=37, stack(0x00007f2a8d01a000,0x00007f2a8d11a000)]
=>0x00007f2a880b21d0 JavaThread "JVMCI-native CompilerThread0" daemon [_thread_in_vm, id=38, stack(0x00007f2a8ce1a000,0x00007f2a8d01a000)]
  0x00007f2a880b36e0 JavaThread "C1 CompilerThread0" daemon [_thread_blocked, id=39, stack(0x00007f2a8cc1a000,0x00007f2a8ce1a000)]
  0x00007f2a880b4b30 JavaThread "Sweeper thread" daemon [_thread_blocked, id=40, stack(0x00007f2a8cb1a000,0x00007f2a8cc1a000)]
  0x00007f2a880d7e40 JavaThread "Common-Cleaner" daemon [_thread_blocked, id=41, stack(0x00007f2a8ca1a000,0x00007f2a8cb1a000)]
  0x00007f2a881209d0 JavaThread "Notification Thread" daemon [_thread_blocked, id=42, stack(0x00007f2a8c91a000,0x00007f2a8ca1a000)]
  0x00007f2a88302900 JavaThread "Active Thread: Equinox Container: 969f4f9f-b5f5-45bf-8664-38b59518c71e" [_thread_blocked, id=46, stack(0x00007f2a8c600000,0x00007f2a8c700000)]
  0x00007f2a88335aa0 JavaThread "Framework Event Dispatcher: Equinox Container: 969f4f9f-b5f5-45bf-8664-38b59518c71e" daemon [_thread_blocked, id=47, stack(0x00007f2a8c400000,0x00007f2a8c500000)]
  0x00007f2a88337c20 JavaThread "Start Level: Equinox Container: 969f4f9f-b5f5-45bf-8664-38b59518c71e" daemon [_thread_blocked, id=48, stack(0x00007f2a8c200000,0x00007f2a8c300000)]
  0x00007f2a88377690 JavaThread "Refresh Thread: Equinox Container: 969f4f9f-b5f5-45bf-8664-38b59518c71e" daemon [_thread_blocked, id=49, stack(0x00007f2a8c000000,0x00007f2a8c100000)]
  0x00007f2a2001a770 JavaThread "SCR Component Actor" daemon [_thread_blocked, id=50, stack(0x00007f2a6f3b3000,0x00007f2a6f4b3000)]
  0x00007f2a202a2380 JavaThread "Worker-JM" [_thread_blocked, id=52, stack(0x00007f2a6cd00000,0x00007f2a6ce00000)]
  0x00007f2a203043d0 JavaThread "Worker-0" [_thread_blocked, id=53, stack(0x00007f2a6cb00000,0x00007f2a6cc00000)]
  0x00007f2a20480ab0 JavaThread "Java indexing" daemon [_thread_blocked, id=55, stack(0x00007f2a6c700000,0x00007f2a6c800000)]
  0x00007f2a2064b850 JavaThread "Bundle File Closer" daemon [_thread_blocked, id=56, stack(0x00007f2a6c500000,0x00007f2a6c600000)]
  0x00007f2a8840d810 JavaThread "pool-3-thread-1" [_thread_blocked, id=57, stack(0x00007f2a6c300000,0x00007f2a6c400000)]
  0x00007f2a883a8ec0 JavaThread "pool-2-thread-1" [_thread_in_native, id=59, stack(0x00007f2a36d00000,0x00007f2a36e00000)]
  0x00007f29fc000ff0 JavaThread "Worker-3" [_thread_blocked, id=60, stack(0x00007f2a6cf00000,0x00007f2a6d000000)]
  0x00007f29f4460130 JavaThread "Okio Watchdog" daemon [_thread_blocked, id=68, stack(0x00007f2a36100000,0x00007f2a36200000)]
  0x00007f29f007e940 JavaThread "Thread-4" [_thread_blocked, id=71, stack(0x00007f2a8c300000,0x00007f2a8c400000)]

Other Threads:
  0x00007f2a880a1c10 VMThread "VM Thread" [stack: 0x00007f2a8e0b1000,0x00007f2a8e1b1000] [id=32] _threads_hazard_ptr=0x00007f29ec000b70
  0x00007f2a88122370 WatcherThread [stack: 0x00007f2a8c81a000,0x00007f2a8c91a000] [id=43]
  0x00007f2a8803df30 GCTaskThread "GC Thread#0" [stack: 0x00007f2a8fb5b000,0x00007f2a8fc5b000] [id=31]

Threads with active compile tasks:
JVMCI-native CompilerThread0   507496 9190       4       java.util.AbstractCollection::isEmpty (13 bytes)

VM state: synchronizing (normal execution)

VM Mutex/Monitor currently owned by a thread:  ([mutex/lock_event])
[0x00007f2a88023840] Threads_lock - owner thread: 0x00007f2a880a1c10
[0x00007f2a88023ff0] Heap_lock - owner thread: 0x00007f2a20480ab0

OutOfMemory and StackOverflow Exception counts:
OutOfMemoryError java_heap_errors=2
LinkageErrors=66

Heap address: 0x00000000e0000000, size: 512 MB, Compressed Oops mode: 32-bit

CDS archive(s) mapped at: [0x0000000800000000-0x0000000800bc8000-0x0000000800bc8000), size 12353536, SharedBaseAddress: 0x0000000800000000, ArchiveRelocationMode: 0.
Compressed class space mapped at: 0x0000000800c00000-0x0000000840c00000, reserved size: 1073741824
Narrow klass base: 0x0000000800000000, Narrow klass shift: 0, Narrow klass range: 0x100000000

GC Precious Log:
 CPUs: 8 total, 1 available
 Memory: 1024M
 Large Page Support: Disabled
 NUMA Support: Disabled
 Compressed Oops: Enabled (32-bit)
 Alignments: Space 512K, Generation 512K, Heap 2M
 Heap Min Capacity: 100M
 Heap Initial Capacity: 100M
 Heap Max Capacity: 512M
 Pre-touch: Disabled
 Parallel Workers: 1

Heap:
 PSYoungGen      total 41984K, used 28672K [0x00000000f5580000, 0x00000000f8c80000, 0x0000000100000000)
  eden space 28672K, 100% used [0x00000000f5580000,0x00000000f7180000,0x00000000f7180000)
  from space 13312K, 0% used [0x00000000f7180000,0x00000000f7180000,0x00000000f7e80000)
  to   space 11264K, 0% used [0x00000000f8000000,0x00000000f8000000,0x00000000f8b00000)
 ParOldGen       total 349696K, used 349695K [0x00000000e0000000, 0x00000000f5580000, 0x00000000f5580000)
  object space 349696K, 99% used [0x00000000e0000000,0x00000000f557fff8,0x00000000f5580000)
 Metaspace       used 60323K, committed 61568K, reserved 1105920K
  class space    used 5957K, committed 6400K, reserved 1048576K

Card table byte_map: [0x00007f2a8fc5b000,0x00007f2a8fd5c000] _byte_map_base: 0x00007f2a8f55b000

Marking Bits: (ParMarkBitMap*) 0x00007f2a913ab4c0
 Begin Bits: [0x00007f2a8eaae000, 0x00007f2a8f2ae000)
 End Bits:   [0x00007f2a8f2ae000, 0x00007f2a8faae000)

Polling page: 0x00007f2a8ff75000

Metaspace:

Usage:
  Non-class:     53.09 MB used.
      Class:      5.82 MB used.
       Both:     58.91 MB used.

Virtual space:
  Non-class space:       56.00 MB reserved,      53.88 MB ( 96%) committed,  7 nodes.
      Class space:        1.00 GB reserved,       6.25 MB ( <1%) committed,  1 nodes.
             Both:        1.05 GB reserved,      60.12 MB (  6%) committed. 

Chunk freelists:
   Non-Class:  1.58 MB
       Class:  1.64 MB
        Both:  3.23 MB

MaxMetaspaceSize: unlimited
CompressedClassSpaceSize: 1.00 GB
Initial GC threshold: 21.00 MB
Current GC threshold: 100.00 MB
CDS: on
MetaspaceReclaimPolicy: balanced
 - commit_granule_bytes: 65536.
 - commit_granule_words: 8192.
 - virtual_space_node_default_size: 1048576.
 - enlarge_chunks_in_place: 1.
 - new_chunks_are_fully_committed: 0.
 - uncommit_free_chunks: 1.
 - use_allocation_guard: 0.
 - handle_deallocations: 1.


Internal statistics:

num_allocs_failed_limit: 6.
num_arena_births: 508.
num_arena_deaths: 148.
num_vsnodes_births: 8.
num_vsnodes_deaths: 0.
num_space_committed: 961.
num_space_uncommitted: 0.
num_chunks_returned_to_freelist: 209.
num_chunks_taken_from_freelist: 2854.
num_chunk_merges: 84.
num_chunk_splits: 1882.
num_chunks_enlarged: 1194.
num_purges: 2.
num_inconsistent_stats: 0.

CodeHeap 'non-profiled nmethods': size=120036Kb used=2594Kb max_used=2594Kb free=117442Kb
 bounds [0x00007f2a76f7a000, 0x00007f2a7720a000, 0x00007f2a7e4b3000]
CodeHeap 'profiled nmethods': size=120032Kb used=14582Kb max_used=16171Kb free=105449Kb
 bounds [0x00007f2a6fa42000, 0x00007f2a70a12000, 0x00007f2a76f7a000]
CodeHeap 'non-nmethods': size=5692Kb used=1378Kb max_used=1393Kb free=4314Kb
 bounds [0x00007f2a6f4b3000, 0x00007f2a6f723000, 0x00007f2a6fa42000]
 total_blobs=7847 nmethods=7130 adapters=629
 compilation: enabled
              stopped_count=0, restarted_count=0
 full_count=0

JVMCI Events (20 events):
Event: 68.976 Thread 0x00007f2a880b21d0 destroyed JavaVM[1]@0x00007f2a37a9e340 for JVMCI runtime 0
Event: 68.976 Thread 0x00007f2a880b21d0 compacted oop handles in JVMCI runtime 0 from 165 to 165
Event: 68.976 Thread 0x00007f2a880b21d0 releasing handles for JVMCI runtime 0: oop handles=165, metadata handles={total=1248, live=1225, blocks=39}
Event: 68.976 Thread 0x00007f2a880b21d0 detached from JVMCI runtime 0
Event: 186.932 Thread 0x00007f2a880b21d0 attached to JVMCI runtime 0
Event: 186.933 Thread 0x00007f2a880b21d0 created JavaVM[2]@0x00007f2a35b9e340 for JVMCI runtime 0
Event: 188.413 Thread 0x00007f2a880b21d0 initializing JVMCI runtime 0
Event: 188.413 Thread 0x00007f2a880b21d0 done waiting for JavaVM references initialization in JVMCI runtime 0
Event: 205.727 Thread 0x00007f2a880b21d0 initialized JVMCI runtime 0
Event: 207.189 Thread 0x00007f2a880b21d0 detaching from JVMCI runtime 0: releasing idle compiler thread (0 other threads still attached)
Event: 207.189 Thread 0x00007f2a880b21d0 shutting down HotSpotJVMCIRuntime for JVMCI runtime 0
Event: 209.955 Thread 0x00007f2a880b21d0 shut down JVMCI runtime 0
Event: 211.494 Thread 0x00007f2a880b21d0 destroyed JavaVM[2]@0x00007f2a35b9e340 for JVMCI runtime 0
Event: 211.494 Thread 0x00007f2a880b21d0 compacted oop handles in JVMCI runtime 0 from 50 to 50
Event: 211.494 Thread 0x00007f2a880b21d0 releasing handles for JVMCI runtime 0: oop handles=50, metadata handles={total=96, live=84, blocks=39}
Event: 211.494 Thread 0x00007f2a880b21d0 detached from JVMCI runtime 0
Event: 478.000 Thread 0x00007f2a880b21d0 attached to JVMCI runtime 0
Event: 478.001 Thread 0x00007f2a880b21d0 created JavaVM[3]@0x00007f2a35b9e340 for JVMCI runtime 0
Event: 480.894 Thread 0x00007f2a880b21d0 initializing JVMCI runtime 0
Event: 480.894 Thread 0x00007f2a880b21d0 done waiting for JavaVM references initialization in JVMCI runtime 0

Compilation events (20 events):
Event: 67.449 Thread 0x00007f2a880b21d0 nmethod 9130 0x00007f2a77201f10 code [0x00007f2a772020a0, 0x00007f2a77202190]
Event: 79.562 Thread 0x00007f2a880b36e0 9181  s    3       org.eclipse.jdt.internal.core.search.processing.JobManager::currentJob (35 bytes)
Event: 79.562 Thread 0x00007f2a880b36e0 nmethod 9181 0x00007f2a6fdcea10 code [0x00007f2a6fdcebe0, 0x00007f2a6fdcf530]
Event: 90.871 Thread 0x00007f2a880b36e0 9182       3       org.eclipse.jdt.internal.core.JavaModelOperation::isCanceled (17 bytes)
Event: 92.059 Thread 0x00007f2a880b36e0 nmethod 9182 0x00007f2a702f6c90 code [0x00007f2a702f6e60, 0x00007f2a702f7320]
Event: 186.932 Thread 0x00007f2a880b21d0 9183       4       java.lang.Thread::interrupted (23 bytes)
Event: 205.742 Thread 0x00007f2a880b21d0 nmethod 9183 0x00007f2a77202510 code [0x00007f2a77202680, 0x00007f2a772026e8]
Event: 205.742 Thread 0x00007f2a880b21d0 9184       4       java.util.concurrent.locks.AbstractQueuedSynchronizer$ConditionObject::signal (34 bytes)
Event: 205.744 Thread 0x00007f2a880b21d0 nmethod 9184 0x00007f2a77202810 code [0x00007f2a77202980, 0x00007f2a77202a68]
Event: 217.522 Thread 0x00007f2a880b36e0 9185       3       java.util.concurrent.Executors$RunnableAdapter::call (14 bytes)
Event: 219.124 Thread 0x00007f2a880b36e0 nmethod 9185 0x00007f2a701dbf90 code [0x00007f2a701dc140, 0x00007f2a701dc480]
Event: 353.957 Thread 0x00007f2a880b36e0 9187   !   3       org.eclipse.core.internal.jobs.JobListeners::doNotify (112 bytes)
Event: 353.958 Thread 0x00007f2a880b36e0 nmethod 9187 0x00007f2a6fbb6d90 code [0x00007f2a6fbb7020, 0x00007f2a6fbb82d0]
Event: 353.958 Thread 0x00007f2a880b36e0 9186       3       org.eclipse.core.internal.jobs.JobChangeEvent::<init> (32 bytes)
Event: 353.958 Thread 0x00007f2a880b36e0 nmethod 9186 0x00007f2a709f3410 code [0x00007f2a709f35c0, 0x00007f2a709f3770]
Event: 374.387 Thread 0x00007f2a880b36e0 9188       3       java.util.concurrent.ThreadPoolExecutor::runStateAtLeast (11 bytes)
Event: 374.388 Thread 0x00007f2a880b36e0 nmethod 9188 0x00007f2a70037f90 code [0x00007f2a70038120, 0x00007f2a70038270]
Event: 385.577 Thread 0x00007f2a880b36e0 9189       3       java.util.concurrent.locks.AbstractQueuedSynchronizer::acquire (20 bytes)
Event: 386.988 Thread 0x00007f2a880b36e0 nmethod 9189 0x00007f2a70132f10 code [0x00007f2a701330c0, 0x00007f2a70133490]
Event: 478.000 Thread 0x00007f2a880b21d0 9190       4       java.util.AbstractCollection::isEmpty (13 bytes)

GC Heap History (20 events):
Event: 493.390 GC heap before
{Heap before GC invocations=426 (full 313):
 PSYoungGen      total 41984K, used 28672K [0x00000000f5580000, 0x00000000f8c80000, 0x0000000100000000)
  eden space 28672K, 100% used [0x00000000f5580000,0x00000000f7180000,0x00000000f7180000)
  from space 13312K, 0% used [0x00000000f7180000,0x00000000f7180000,0x00000000f7e80000)
  to   space 11264K, 0% used [0x00000000f8000000,0x00000000f8000000,0x00000000f8b00000)
 ParOldGen       total 349696K, used 349692K [0x00000000e0000000, 0x00000000f5580000, 0x00000000f5580000)
  object space 349696K, 99% used [0x00000000e0000000,0x00000000f557f148,0x00000000f5580000)
 Metaspace       used 60323K, committed 61568K, reserved 1105920K
  class space    used 5957K, committed 6400K, reserved 1048576K
}
Event: 494.704 GC heap after
{Heap after GC invocations=426 (full 313):
 PSYoungGen      total 39936K, used 28671K [0x00000000f5580000, 0x00000000f8c80000, 0x0000000100000000)
  eden space 28672K, 99% used [0x00000000f5580000,0x00000000f717ffc0,0x00000000f7180000)
  from space 11264K, 0% used [0x00000000f8000000,0x00000000f8000000,0x00000000f8b00000)
  to   space 13312K, 0% used [0x00000000f7180000,0x00000000f7180000,0x00000000f7e80000)
 ParOldGen       total 349696K, used 349692K [0x00000000e0000000, 0x00000000f5580000, 0x00000000f5580000)
  object space 349696K, 99% used [0x00000000e0000000,0x00000000f557f148,0x00000000f5580000)
 Metaspace       used 60323K, committed 61568K, reserved 1105920K
  class space    used 5957K, committed 6400K, reserved 1048576K
}
Event: 494.709 GC heap before
{Heap before GC invocations=427 (full 314):
 PSYoungGen      total 39936K, used 28672K [0x00000000f5580000, 0x00000000f8c80000, 0x0000000100000000)
  eden space 28672K, 100% used [0x00000000f5580000,0x00000000f7180000,0x00000000f7180000)
  from space 11264K, 0% used [0x00000000f8000000,0x00000000f8000000,0x00000000f8b00000)
  to   space 13312K, 0% used [0x00000000f7180000,0x00000000f7180000,0x00000000f7e80000)
 ParOldGen       total 349696K, used 349692K [0x00000000e0000000, 0x00000000f5580000, 0x00000000f5580000)
  object space 349696K, 99% used [0x00000000e0000000,0x00000000f557f148,0x00000000f5580000)
 Metaspace       used 60323K, committed 61568K, reserved 1105920K
  class space    used 5957K, committed 6400K, reserved 1048576K
}
Event: 496.018 GC heap after
{Heap after GC invocations=427 (full 314):
 PSYoungGen      total 41984K, used 28671K [0x00000000f5580000, 0x00000000f8c80000, 0x0000000100000000)
  eden space 28672K, 99% used [0x00000000f5580000,0x00000000f717ffc0,0x00000000f7180000)
  from space 13312K, 0% used [0x00000000f7180000,0x00000000f7180000,0x00000000f7e80000)
  to   space 11264K, 0% used [0x00000000f8000000,0x00000000f8000000,0x00000000f8b00000)
 ParOldGen       total 349696K, used 349692K [0x00000000e0000000, 0x00000000f5580000, 0x00000000f5580000)
  object space 349696K, 99% used [0x00000000e0000000,0x00000000f557f148,0x00000000f5580000)
 Metaspace       used 60323K, committed 61568K, reserved 1105920K
  class space    used 5957K, committed 6400K, reserved 1048576K
}
Event: 496.018 GC heap before
{Heap before GC invocations=428 (full 315):
 PSYoungGen      total 41984K, used 28671K [0x00000000f5580000, 0x00000000f8c80000, 0x0000000100000000)
  eden space 28672K, 99% used [0x00000000f5580000,0x00000000f717ffd8,0x00000000f7180000)
  from space 13312K, 0% used [0x00000000f7180000,0x00000000f7180000,0x00000000f7e80000)
  to   space 11264K, 0% used [0x00000000f8000000,0x00000000f8000000,0x00000000f8b00000)
 ParOldGen       total 349696K, used 349692K [0x00000000e0000000, 0x00000000f5580000, 0x00000000f5580000)
  object space 349696K, 99% used [0x00000000e0000000,0x00000000f557f148,0x00000000f5580000)
 Metaspace       used 60323K, committed 61568K, reserved 1105920K
  class space    used 5957K, committed 6400K, reserved 1048576K
}
Event: 497.280 GC heap after
{Heap after GC invocations=428 (full 315):
 PSYoungGen      total 39936K, used 28671K [0x00000000f5580000, 0x00000000f8c80000, 0x0000000100000000)
  eden space 28672K, 99% used [0x00000000f5580000,0x00000000f717ffd8,0x00000000f7180000)
  from space 11264K, 0% used [0x00000000f8000000,0x00000000f8000000,0x00000000f8b00000)
  to   space 13312K, 0% used [0x00000000f7180000,0x00000000f7180000,0x00000000f7e80000)
 ParOldGen       total 349696K, used 349692K [0x00000000e0000000, 0x00000000f5580000, 0x00000000f5580000)
  object space 349696K, 99% used [0x00000000e0000000,0x00000000f557f148,0x00000000f5580000)
 Metaspace       used 60323K, committed 61568K, reserved 1105920K
  class space    used 5957K, committed 6400K, reserved 1048576K
}
Event: 497.297 GC heap before
{Heap before GC invocations=429 (full 316):
 PSYoungGen      total 39936K, used 28672K [0x00000000f5580000, 0x00000000f8c80000, 0x0000000100000000)
  eden space 28672K, 100% used [0x00000000f5580000,0x00000000f7180000,0x00000000f7180000)
  from space 11264K, 0% used [0x00000000f8000000,0x00000000f8000000,0x00000000f8b00000)
  to   space 13312K, 0% used [0x00000000f7180000,0x00000000f7180000,0x00000000f7e80000)
 ParOldGen       total 349696K, used 349695K [0x00000000e0000000, 0x00000000f5580000, 0x00000000f5580000)
  object space 349696K, 99% used [0x00000000e0000000,0x00000000f557fff8,0x00000000f5580000)
 Metaspace       used 60323K, committed 61568K, reserved 1105920K
  class space    used 5957K, committed 6400K, reserved 1048576K
}
Event: 498.599 GC heap after
{Heap after GC invocations=429 (full 316):
 PSYoungGen      total 41984K, used 28672K [0x00000000f5580000, 0x00000000f8c80000, 0x0000000100000000)
  eden space 28672K, 100% used [0x00000000f5580000,0x00000000f7180000,0x00000000f7180000)
  from space 13312K, 0% used [0x00000000f7180000,0x00000000f7180000,0x00000000f7e80000)
  to   space 11264K, 0% used [0x00000000f8000000,0x00000000f8000000,0x00000000f8b00000)
 ParOldGen       total 349696K, used 349695K [0x00000000e0000000, 0x00000000f5580000, 0x00000000f5580000)
  object space 349696K, 99% used [0x00000000e0000000,0x00000000f557ff38,0x00000000f5580000)
 Metaspace       used 60323K, committed 61568K, reserved 1105920K
  class space    used 5957K, committed 6400K, reserved 1048576K
}
Event: 498.599 GC heap before
{Heap before GC invocations=430 (full 317):
 PSYoungGen      total 41984K, used 28672K [0x00000000f5580000, 0x00000000f8c80000, 0x0000000100000000)
  eden space 28672K, 100% used [0x00000000f5580000,0x00000000f7180000,0x00000000f7180000)
  from space 13312K, 0% used [0x00000000f7180000,0x00000000f7180000,0x00000000f7e80000)
  to   space 11264K, 0% used [0x00000000f8000000,0x00000000f8000000,0x00000000f8b00000)
 ParOldGen       total 349696K, used 349695K [0x00000000e0000000, 0x00000000f5580000, 0x00000000f5580000)
  object space 349696K, 99% used [0x00000000e0000000,0x00000000f557ff48,0x00000000f5580000)
 Metaspace       used 60323K, committed 61568K, reserved 1105920K
  class space    used 5957K, committed 6400K, reserved 1048576K
}
Event: 500.014 GC heap after
{Heap after GC invocations=430 (full 317):
 PSYoungGen      total 39936K, used 28672K [0x00000000f5580000, 0x00000000f8c80000, 0x0000000100000000)
  eden space 28672K, 100% used [0x00000000f5580000,0x00000000f7180000,0x00000000f7180000)
  from space 11264K, 0% used [0x00000000f8000000,0x00000000f8000000,0x00000000f8b00000)
  to   space 13312K, 0% used [0x00000000f7180000,0x00000000f7180000,0x00000000f7e80000)
 ParOldGen       total 349696K, used 349695K [0x00000000e0000000, 0x00000000f5580000, 0x00000000f5580000)
  object space 349696K, 99% used [0x00000000e0000000,0x00000000f557ff48,0x00000000f5580000)
 Metaspace       used 60323K, committed 61568K, reserved 1105920K
  class space    used 5957K, committed 6400K, reserved 1048576K
}
Event: 500.014 GC heap before
{Heap before GC invocations=431 (full 318):
 PSYoungGen      total 39936K, used 28672K [0x00000000f5580000, 0x00000000f8c80000, 0x0000000100000000)
  eden space 28672K, 100% used [0x00000000f5580000,0x00000000f7180000,0x00000000f7180000)
  from space 11264K, 0% used [0x00000000f8000000,0x00000000f8000000,0x00000000f8b00000)
  to   space 13312K, 0% used [0x00000000f7180000,0x00000000f7180000,0x00000000f7e80000)
 ParOldGen       total 349696K, used 349695K [0x00000000e0000000, 0x00000000f5580000, 0x00000000f5580000)
  object space 349696K, 99% used [0x00000000e0000000,0x00000000f557ff48,0x00000000f5580000)
 Metaspace       used 60323K, committed 61568K, reserved 1105920K
  class space    used 5957K, committed 6400K, reserved 1048576K
}
Event: 501.552 GC heap after
{Heap after GC invocations=431 (full 318):
 PSYoungGen      total 41984K, used 28672K [0x00000000f5580000, 0x00000000f8c80000, 0x0000000100000000)
  eden space 28672K, 100% used [0x00000000f5580000,0x00000000f7180000,0x00000000f7180000)
  from space 13312K, 0% used [0x00000000f7180000,0x00000000f7180000,0x00000000f7e80000)
  to   space 11264K, 0% used [0x00000000f8000000,0x00000000f8000000,0x00000000f8b00000)
 ParOldGen       total 349696K, used 349695K [0x00000000e0000000, 0x00000000f5580000, 0x00000000f5580000)
  object space 349696K, 99% used [0x00000000e0000000,0x00000000f557ff48,0x00000000f5580000)
 Metaspace       used 60323K, committed 61568K, reserved 1105920K
  class space    used 5957K, committed 6400K, reserved 1048576K
}
Event: 501.557 GC heap before
{Heap before GC invocations=432 (full 319):
 PSYoungGen      total 41984K, used 28672K [0x00000000f5580000, 0x00000000f8c80000, 0x0000000100000000)
  eden space 28672K, 100% used [0x00000000f5580000,0x00000000f7180000,0x00000000f7180000)
  from space 13312K, 0% used [0x00000000f7180000,0x00000000f7180000,0x00000000f7e80000)
  to   space 11264K, 0% used [0x00000000f8000000,0x00000000f8000000,0x00000000f8b00000)
 ParOldGen       total 349696K, used 349695K [0x00000000e0000000, 0x00000000f5580000, 0x00000000f5580000)
  object space 349696K, 99% used [0x00000000e0000000,0x00000000f557ff48,0x00000000f5580000)
 Metaspace       used 60323K, committed 61568K, reserved 1105920K
  class space    used 5957K, committed 6400K, reserved 1048576K
}
Event: 503.230 GC heap after
{Heap after GC invocations=432 (full 319):
 PSYoungGen      total 39936K, used 28672K [0x00000000f5580000, 0x00000000f8c80000, 0x0000000100000000)
  eden space 28672K, 100% used [0x00000000f5580000,0x00000000f7180000,0x00000000f7180000)
  from space 11264K, 0% used [0x00000000f8000000,0x00000000f8000000,0x00000000f8b00000)
  to   space 13312K, 0% used [0x00000000f7180000,0x00000000f7180000,0x00000000f7e80000)
 ParOldGen       total 349696K, used 349694K [0x00000000e0000000, 0x00000000f5580000, 0x00000000f5580000)
  object space 349696K, 99% used [0x00000000e0000000,0x00000000f557f988,0x00000000f5580000)
 Metaspace       used 60323K, committed 61568K, reserved 1105920K
  class space    used 5957K, committed 6400K, reserved 1048576K
}
Event: 503.236 GC heap before
{Heap before GC invocations=433 (full 320):
 PSYoungGen      total 39936K, used 28672K [0x00000000f5580000, 0x00000000f8c80000, 0x0000000100000000)
  eden space 28672K, 100% used [0x00000000f5580000,0x00000000f7180000,0x00000000f7180000)
  from space 11264K, 0% used [0x00000000f8000000,0x00000000f8000000,0x00000000f8b00000)
  to   space 13312K, 0% used [0x00000000f7180000,0x00000000f7180000,0x00000000f7e80000)
 ParOldGen       total 349696K, used 349695K [0x00000000e0000000, 0x00000000f5580000, 0x00000000f5580000)
  object space 349696K, 99% used [0x00000000e0000000,0x00000000f557ffc8,0x00000000f5580000)
 Metaspace       used 60323K, committed 61568K, reserved 1105920K
  class space    used 5957K, committed 6400K, reserved 1048576K
}
Event: 504.609 GC heap after
{Heap after GC invocations=433 (full 320):
 PSYoungGen      total 41984K, used 28672K [0x00000000f5580000, 0x00000000f8c80000, 0x0000000100000000)
  eden space 28672K, 100% used [0x00000000f5580000,0x00000000f7180000,0x00000000f7180000)
  from space 13312K, 0% used [0x00000000f7180000,0x00000000f7180000,0x00000000f7e80000)
  to   space 11264K, 0% used [0x00000000f8000000,0x00000000f8000000,0x00000000f8b00000)
 ParOldGen       total 349696K, used 349695K [0x00000000e0000000, 0x00000000f5580000, 0x00000000f5580000)
  object space 349696K, 99% used [0x00000000e0000000,0x00000000f557fc58,0x00000000f5580000)
 Metaspace       used 60323K, committed 61568K, reserved 1105920K
  class space    used 5957K, committed 6400K, reserved 1048576K
}
Event: 504.610 GC heap before
{Heap before GC invocations=434 (full 321):
 PSYoungGen      total 41984K, used 28672K [0x00000000f5580000, 0x00000000f8c80000, 0x0000000100000000)
  eden space 28672K, 100% used [0x00000000f5580000,0x00000000f7180000,0x00000000f7180000)
  from space 13312K, 0% used [0x00000000f7180000,0x00000000f7180000,0x00000000f7e80000)
  to   space 11264K, 0% used [0x00000000f8000000,0x00000000f8000000,0x00000000f8b00000)
 ParOldGen       total 349696K, used 349695K [0x00000000e0000000, 0x00000000f5580000, 0x00000000f5580000)
  object space 349696K, 99% used [0x00000000e0000000,0x00000000f557fda8,0x00000000f5580000)
 Metaspace       used 60323K, committed 61568K, reserved 1105920K
  class space    used 5957K, committed 6400K, reserved 1048576K
}
Event: 506.025 GC heap after
{Heap after GC invocations=434 (full 321):
 PSYoungGen      total 39936K, used 28672K [0x00000000f5580000, 0x00000000f8c80000, 0x0000000100000000)
  eden space 28672K, 100% used [0x00000000f5580000,0x00000000f7180000,0x00000000f7180000)
  from space 11264K, 0% used [0x00000000f8000000,0x00000000f8000000,0x00000000f8b00000)
  to   space 13312K, 0% used [0x00000000f7180000,0x00000000f7180000,0x00000000f7e80000)
 ParOldGen       total 349696K, used 349695K [0x00000000e0000000, 0x00000000f5580000, 0x00000000f5580000)
  object space 349696K, 99% used [0x00000000e0000000,0x00000000f557fc58,0x00000000f5580000)
 Metaspace       used 60323K, committed 61568K, reserved 1105920K
  class space    used 5957K, committed 6400K, reserved 1048576K
}
Event: 506.025 GC heap before
{Heap before GC invocations=435 (full 322):
 PSYoungGen      total 39936K, used 28672K [0x00000000f5580000, 0x00000000f8c80000, 0x0000000100000000)
  eden space 28672K, 100% used [0x00000000f5580000,0x00000000f7180000,0x00000000f7180000)
  from space 11264K, 0% used [0x00000000f8000000,0x00000000f8000000,0x00000000f8b00000)
  to   space 13312K, 0% used [0x00000000f7180000,0x00000000f7180000,0x00000000f7e80000)
 ParOldGen       total 349696K, used 349695K [0x00000000e0000000, 0x00000000f5580000, 0x00000000f5580000)
  object space 349696K, 99% used [0x00000000e0000000,0x00000000f557fc58,0x00000000f5580000)
 Metaspace       used 60323K, committed 61568K, reserved 1105920K
  class space    used 5957K, committed 6400K, reserved 1048576K
}
Event: 507.413 GC heap after
{Heap after GC invocations=435 (full 322):
 PSYoungGen      total 41984K, used 28672K [0x00000000f5580000, 0x00000000f8c80000, 0x0000000100000000)
  eden space 28672K, 100% used [0x00000000f5580000,0x00000000f7180000,0x00000000f7180000)
  from space 13312K, 0% used [0x00000000f7180000,0x00000000f7180000,0x00000000f7e80000)
  to   space 11264K, 0% used [0x00000000f8000000,0x00000000f8000000,0x00000000f8b00000)
 ParOldGen       total 349696K, used 349695K [0x00000000e0000000, 0x00000000f5580000, 0x00000000f5580000)
  object space 349696K, 99% used [0x00000000e0000000,0x00000000f557fc58,0x00000000f5580000)
 Metaspace       used 60323K, committed 61568K, reserved 1105920K
  class space    used 5957K, committed 6400K, reserved 1048576K
}

Dll operation events (9 events):
Event: 0.002 Loaded shared library /nix/store/gpxl5qgg8kicmcvivwmybwjlpf7wh20l-graalvm17-ce-22.3.0/lib/libjava.so
Event: 0.009 Loaded shared library /nix/store/gpxl5qgg8kicmcvivwmybwjlpf7wh20l-graalvm17-ce-22.3.0/lib/libjsvml.so
Event: 0.269 Loaded shared library /nix/store/gpxl5qgg8kicmcvivwmybwjlpf7wh20l-graalvm17-ce-22.3.0/lib/libnio.so
Event: 0.273 Loaded shared library /nix/store/gpxl5qgg8kicmcvivwmybwjlpf7wh20l-graalvm17-ce-22.3.0/lib/libjvmcicompiler.so
Event: 0.349 Loaded shared library /nix/store/gpxl5qgg8kicmcvivwmybwjlpf7wh20l-graalvm17-ce-22.3.0/lib/libzip.so
Event: 0.949 Loaded shared library /nix/store/gpxl5qgg8kicmcvivwmybwjlpf7wh20l-graalvm17-ce-22.3.0/lib/libjimage.so
Event: 1.652 Loaded shared library /nix/store/gpxl5qgg8kicmcvivwmybwjlpf7wh20l-graalvm17-ce-22.3.0/lib/libnet.so
Event: 4.960 Loaded shared library /home/runner/.cache/jdt-language-server/config/org.eclipse.equinox.launcher/org.eclipse.equinox.launcher.gtk.linux.x86_64_1.2.400.v20211117-0650/eclipse_11600.so
Event: 14.349 Loaded shared library /nix/store/gpxl5qgg8kicmcvivwmybwjlpf7wh20l-graalvm17-ce-22.3.0/lib/libextnet.so

Deoptimization events (20 events):
Event: 65.853 Thread 0x00007f2a20480ab0 DEOPT PACKING pc=0x00007f2a703e86dd sp=0x00007f2a6c7fe530
Event: 65.853 Thread 0x00007f2a20480ab0 DEOPT UNPACKING pc=0x00007f2a6f505325 sp=0x00007f2a6c7fda20 mode 0
Event: 65.854 Thread 0x00007f2a20480ab0 DEOPT PACKING pc=0x00007f2a703e86dd sp=0x00007f2a6c7fe530
Event: 65.854 Thread 0x00007f2a20480ab0 DEOPT UNPACKING pc=0x00007f2a6f505325 sp=0x00007f2a6c7fda20 mode 0
Event: 65.856 Thread 0x00007f2a20480ab0 DEOPT PACKING pc=0x00007f2a703e86dd sp=0x00007f2a6c7fe530
Event: 65.856 Thread 0x00007f2a20480ab0 DEOPT UNPACKING pc=0x00007f2a6f505325 sp=0x00007f2a6c7fda20 mode 0
Event: 65.857 Thread 0x00007f2a20480ab0 DEOPT PACKING pc=0x00007f2a703e86dd sp=0x00007f2a6c7fe530
Event: 65.857 Thread 0x00007f2a20480ab0 DEOPT UNPACKING pc=0x00007f2a6f505325 sp=0x00007f2a6c7fda20 mode 0
Event: 65.859 Thread 0x00007f2a20480ab0 DEOPT PACKING pc=0x00007f2a703e86dd sp=0x00007f2a6c7fe530
Event: 65.859 Thread 0x00007f2a20480ab0 DEOPT UNPACKING pc=0x00007f2a6f505325 sp=0x00007f2a6c7fda20 mode 0
Event: 65.861 Thread 0x00007f2a20480ab0 DEOPT PACKING pc=0x00007f2a703e86dd sp=0x00007f2a6c7fe530
Event: 65.861 Thread 0x00007f2a20480ab0 DEOPT UNPACKING pc=0x00007f2a6f505325 sp=0x00007f2a6c7fda20 mode 0
Event: 374.387 Thread 0x00007f29e8003c10 Uncommon trap: trap_request=0xffffffed fr.pc=0x00007f2a772026db relative=0x000000000000005b
Event: 374.387 Thread 0x00007f29e8003c10 Uncommon trap: reason=null_assert_or_unreached0 action=reinterpret pc=0x00007f2a772026db method=java.lang.Thread.interrupted()Z @ 8 jvmci
Event: 374.387 Thread 0x00007f29e8003c10 DEOPT PACKING pc=0x00007f2a772026db sp=0x00007f2a365fe650
Event: 374.387 Thread 0x00007f29e8003c10 DEOPT UNPACKING pc=0x00007f2a6f505325 sp=0x00007f2a365fdae0 mode 3
Event: 501.556 Thread 0x00007f2a880b21d0 Uncommon trap: trap_request=0xffffff8f fr.pc=0x00007f2a771d725f relative=0x0000000000000a7f
Event: 501.556 Thread 0x00007f2a880b21d0 Uncommon trap: reason=constraint action=none pc=0x00007f2a771d725f method=java.io.DataOutputStream.writeUTF(Ljava/lang/String;Ljava/io/DataOutput;)I @ 116 jvmci
Event: 501.557 Thread 0x00007f2a880b21d0 DEOPT PACKING pc=0x00007f2a771d725f sp=0x00007f2a8d017ff0
Event: 501.557 Thread 0x00007f2a880b21d0 DEOPT UNPACKING pc=0x00007f2a6f505325 sp=0x00007f2a8d017440 mode 3

Classes unloaded (20 events):
Event: 74.052 Thread 0x00007f2a880a1c10 Unloading class 0x0000000800f04000 'jdk/internal/reflect/GeneratedConstructorAccessor10'
Event: 74.052 Thread 0x00007f2a880a1c10 Unloading class 0x0000000800d99000 'java/lang/invoke/LambdaForm$MH+0x0000000800d99000'
Event: 74.052 Thread 0x00007f2a880a1c10 Unloading class 0x0000000800d98c00 'java/lang/invoke/LambdaForm$MH+0x0000000800d98c00'
Event: 74.052 Thread 0x00007f2a880a1c10 Unloading class 0x0000000800d98800 'java/lang/invoke/LambdaForm$MH+0x0000000800d98800'
Event: 74.052 Thread 0x00007f2a880a1c10 Unloading class 0x0000000800d98400 'java/lang/invoke/LambdaForm$MH+0x0000000800d98400'
Event: 74.052 Thread 0x00007f2a880a1c10 Unloading class 0x0000000800d98000 'jdk/internal/reflect/GeneratedConstructorAccessor3'
Event: 74.052 Thread 0x00007f2a880a1c10 Unloading class 0x0000000800d06800 'java/lang/invoke/LambdaForm$MH+0x0000000800d06800'
Event: 74.052 Thread 0x00007f2a880a1c10 Unloading class 0x0000000800d06000 'java/lang/invoke/LambdaForm$MH+0x0000000800d06000'
Event: 74.052 Thread 0x00007f2a880a1c10 Unloading class 0x0000000800d05c00 'java/lang/invoke/LambdaForm$MH+0x0000000800d05c00'
Event: 74.052 Thread 0x00007f2a880a1c10 Unloading class 0x0000000800d05800 'java/lang/invoke/LambdaForm$MH+0x0000000800d05800'
Event: 74.052 Thread 0x00007f2a880a1c10 Unloading class 0x0000000800d05000 'java/lang/invoke/LambdaForm$MH+0x0000000800d05000'
Event: 74.052 Thread 0x00007f2a880a1c10 Unloading class 0x0000000800d04c00 'java/lang/invoke/LambdaForm$MH+0x0000000800d04c00'
Event: 74.052 Thread 0x00007f2a880a1c10 Unloading class 0x0000000800d04800 'java/lang/invoke/LambdaForm$MH+0x0000000800d04800'
Event: 74.052 Thread 0x00007f2a880a1c10 Unloading class 0x0000000800d04000 'java/lang/invoke/LambdaForm$MH+0x0000000800d04000'
Event: 74.052 Thread 0x00007f2a880a1c10 Unloading class 0x0000000800c1d000 'jdk/internal/reflect/GeneratedMethodAccessor5'
Event: 74.052 Thread 0x00007f2a880a1c10 Unloading class 0x0000000800c1cc00 'jdk/internal/reflect/GeneratedMethodAccessor4'
Event: 74.052 Thread 0x00007f2a880a1c10 Unloading class 0x0000000800c1c800 'jdk/internal/reflect/GeneratedMethodAccessor3'
Event: 74.052 Thread 0x00007f2a880a1c10 Unloading class 0x0000000800c1c400 'jdk/internal/reflect/GeneratedMethodAccessor2'
Event: 74.052 Thread 0x00007f2a880a1c10 Unloading class 0x0000000800c1c000 'jdk/internal/reflect/GeneratedMethodAccessor1'
Event: 74.052 Thread 0x00007f2a880a1c10 Unloading class 0x0000000800c01c00 'java/lang/invoke/LambdaForm$DMH+0x0000000800c01c00'

Classes redefined (0 events):
No events

Internal exceptions (20 events):
Event: 35.869 Thread 0x00007f2a0c001270 Exception <a 'java/lang/NoSuchMethodError'{0x00000000f6321b70}: static [J.<clinit>()V> (0x00000000f6321b70) 
thrown [src/hotspot/share/prims/jni.cpp, line 1107]
Event: 36.612 Thread 0x00007f2a10001580 Exception <a 'java/lang/NoSuchMethodError'{0x00000000f55f6ac0}: 'java.lang.Object java.lang.invoke.DirectMethodHandle$Holder.newInvokeSpecial(java.lang.Object, java.lang.Object, java.lang.Object, int, java.lang.Object)'> (0x00000000f55f6ac0) 
thrown [src/hotspot/share/interpreter/linkResolver.cpp, line 758]
Event: 36.612 Thread 0x00007f2a10001580 Exception <a 'java/lang/NoSuchMethodError'{0x00000000f55fa9c8}: 'java.lang.Object java.lang.invoke.DirectMethodHandle$Holder.invokeSpecial(java.lang.Object, java.lang.Object, java.lang.Object, java.lang.Object, int, java.lang.Object)'> (0x00000000f55fa9c8) 
thrown [src/hotspot/share/interpreter/linkResolver.cpp, line 758]
Event: 36.613 Thread 0x00007f2a10001580 Exception <a 'java/lang/NoSuchMethodError'{0x00000000f55fe208}: 'java.lang.Object java.lang.invoke.Invokers$Holder.linkToTargetMethod(java.lang.Object, java.lang.Object, int, java.lang.Object, java.lang.Object)'> (0x00000000f55fe208) 
thrown [src/hotspot/share/interpreter/linkResolver.cpp, line 758]
Event: 39.367 Thread 0x00007f2a203043d0 Exception <a 'java/lang/NoSuchMethodError'{0x00000000f59efc48}: 'java.lang.Object java.lang.invoke.DirectMethodHandle$Holder.invokeStatic(java.lang.Object, java.lang.Object, java.lang.Object, long)'> (0x00000000f59efc48) 
thrown [src/hotspot/share/interpreter/linkResolver.cpp, line 758]
Event: 39.367 Thread 0x00007f2a203043d0 Exception <a 'java/lang/NoSuchMethodError'{0x00000000f59f7f68}: 'java.lang.Object java.lang.invoke.DirectMethodHandle$Holder.newInvokeSpecial(java.lang.Object, java.lang.Object, java.lang.Object, long)'> (0x00000000f59f7f68) 
thrown [src/hotspot/share/interpreter/linkResolver.cpp, line 758]
Event: 39.447 Thread 0x00007f2a203043d0 Exception <a 'java/lang/NoSuchMethodError'{0x00000000f59fc758}: 'java.lang.Object java.lang.invoke.DirectMethodHandle$Holder.invokeSpecial(java.lang.Object, java.lang.Object, java.lang.Object, java.lang.Object, long)'> (0x00000000f59fc758) 
thrown [src/hotspot/share/interpreter/linkResolver.cpp, line 758]
Event: 39.448 Thread 0x00007f2a203043d0 Exception <a 'java/lang/NoSuchMethodError'{0x00000000f5b1b2e0}: 'java.lang.Object java.lang.invoke.Invokers$Holder.linkToTargetMethod(java.lang.Object, java.lang.Object, long, java.lang.Object)'> (0x00000000f5b1b2e0) 
thrown [src/hotspot/share/interpreter/linkResolver.cpp, line 758]
Event: 41.591 Thread 0x00007f2a883a8ec0 Implicit null exception at 0x00007f2a770c2ec3 to 0x00007f2a770c301f
Event: 41.606 Thread 0x00007f2a203043d0 Exception <a 'java/io/FileNotFoundException'{0x00000000f55de910}> (0x00000000f55de910) 
thrown [src/hotspot/share/prims/jni.cpp, line 516]
Event: 42.077 Thread 0x00007f2a10001580 Exception <a 'java/lang/NoSuchMethodError'{0x00000000f58b8d18}: 'java.lang.Object java.lang.invoke.DirectMethodHandle$Holder.newInvokeSpecial(java.lang.Object, java.lang.Object, int, java.lang.Object, java.lang.Object)'> (0x00000000f58b8d18) 
thrown [src/hotspot/share/interpreter/linkResolver.cpp, line 758]
Event: 42.077 Thread 0x00007f2a10001580 Exception <a 'java/lang/NoSuchMethodError'{0x00000000f58c1f48}: 'java.lang.Object java.lang.invoke.DirectMethodHandle$Holder.invokeSpecial(java.lang.Object, java.lang.Object, java.lang.Object, int, java.lang.Object, java.lang.Object)'> (0x00000000f58c1f48) 
thrown [src/hotspot/share/interpreter/linkResolver.cpp, line 758]
Event: 45.579 Thread 0x00007f29f007e940 Implicit null exception at 0x00007f2a770ca5e9 to 0x00007f2a770ca79b
Event: 48.269 Thread 0x00007f29f007dd50 Exception <a 'java/lang/NoSuchMethodError'{0x00000000f5dbb108}: 'java.lang.Object java.lang.invoke.DirectMethodHandle$Holder.invokeStatic(java.lang.Object, int, java.lang.Object, java.lang.Object, java.lang.Object, java.lang.Object)'> (0x00000000f5dbb108) 
thrown [src/hotspot/share/interpreter/linkResolver.cpp, line 758]
Event: 48.364 Thread 0x00007f29f007dd50 Exception <a 'java/lang/NoSuchMethodError'{0x00000000f5dc3628}: 'java.lang.Object java.lang.invoke.DirectMethodHandle$Holder.newInvokeSpecial(java.lang.Object, int, java.lang.Object, java.lang.Object, java.lang.Object)'> (0x00000000f5dc3628) 
thrown [src/hotspot/share/interpreter/linkResolver.cpp, line 758]
Event: 49.172 Thread 0x00007f29f007dd50 Exception <a 'java/lang/NoSuchMethodError'{0x00000000f6501390}: 'void java.lang.invoke.DirectMethodHandle$Holder.invokeSpecial(java.lang.Object, java.lang.Object, int)'> (0x00000000f6501390) 
thrown [src/hotspot/share/interpreter/linkResolver.cpp, line 758]
Event: 50.357 Thread 0x00007f29f007dd50 Exception <a 'java/lang/NoSuchMethodError'{0x00000000f59e6c88}: 'int java.lang.invoke.DirectMethodHandle$Holder.invokeSpecialIFC(java.lang.Object, java.lang.Object, java.lang.Object, java.lang.Object)'> (0x00000000f59e6c88) 
thrown [src/hotspot/share/interpreter/linkResolver.cpp, line 758]
Event: 501.556 Thread 0x00007f2a880b21d0 Exception <a 'java/lang/OutOfMemoryError'{0x00000000e0004f40}> (0x00000000e0004f40) 
thrown [src/hotspot/share/gc/shared/memAllocator.cpp, line 138]
Event: 501.556 Thread 0x00007f2a880b21d0 Implicit null exception at 0x00007f2a771d6ecc to 0x00007f2a771d7244
Event: 507.413 Thread 0x00007f2a880b21d0 Exception <a 'java/lang/OutOfMemoryError'{0x00000000e0004400}> (0x00000000e0004400) 
thrown [src/hotspot/share/gc/shared/memAllocator.cpp, line 136]

VM Operations (20 events):
Event: 492.075 Executing VM operation: ParallelGCFailedAllocation done
Event: 492.075 Executing VM operation: ParallelGCFailedAllocation
Event: 493.389 Executing VM operation: ParallelGCFailedAllocation done
Event: 493.389 Executing VM operation: ParallelGCFailedAllocation
Event: 494.704 Executing VM operation: ParallelGCFailedAllocation done
Event: 494.704 Executing VM operation: ParallelGCFailedAllocation
Event: 496.018 Executing VM operation: ParallelGCFailedAllocation done
Event: 496.018 Executing VM operation: ParallelGCFailedAllocation
Event: 497.281 Executing VM operation: ParallelGCFailedAllocation done
Event: 497.297 Executing VM operation: ParallelGCFailedAllocation
Event: 498.599 Executing VM operation: ParallelGCFailedAllocation done
Event: 498.599 Executing VM operation: ParallelGCFailedAllocation
Event: 501.552 Executing VM operation: ParallelGCFailedAllocation done
Event: 501.557 Executing VM operation: ParallelGCFailedAllocation
Event: 503.230 Executing VM operation: ParallelGCFailedAllocation done
Event: 503.231 Executing VM operation: ParallelGCFailedAllocation
Event: 504.610 Executing VM operation: ParallelGCFailedAllocation done
Event: 504.610 Executing VM operation: ParallelGCFailedAllocation
Event: 507.413 Executing VM operation: ParallelGCFailedAllocation done
Event: 507.413 Executing VM operation: ParallelGCFailedAllocation

Events (20 events):
Event: 205.793 Thread 0x00007f2a880b4b30 flushing nmethod 0x00007f2a70401f10
Event: 205.793 Thread 0x00007f2a880b4b30 flushing nmethod 0x00007f2a70402290
Event: 205.793 Thread 0x00007f2a880b4b30 flushing nmethod 0x00007f2a70405190
Event: 205.793 Thread 0x00007f2a880b4b30 flushing nmethod 0x00007f2a70407f10
Event: 205.793 Thread 0x00007f2a880b4b30 flushing nmethod 0x00007f2a70412210
Event: 205.794 Thread 0x00007f2a880b4b30 flushing nmethod 0x00007f2a704c9210
Event: 205.797 Thread 0x00007f2a880b4b30 flushing nmethod 0x00007f2a709f3410
Event: 205.797 Thread 0x00007f2a880b4b30 flushing nmethod 0x00007f2a70a01b10
Event: 205.797 Thread 0x00007f2a880b4b30 flushing nmethod 0x00007f2a70a02290
Event: 205.797 Thread 0x00007f2a880b4b30 flushing nmethod 0x00007f2a70a02790
Event: 239.586 Thread 0x00007f2a10001580 Thread exited: 0x00007f2a10001580
Event: 356.892 loading class java/io/InterruptedIOException
Event: 371.670 loading class java/io/InterruptedIOException done
Event: 371.670 loading class javax/net/ssl/SSLException
Event: 371.670 loading class javax/net/ssl/SSLException done
Event: 371.670 loading class java/lang/AssertionError
Event: 371.670 loading class java/lang/AssertionError done
Event: 374.387 Thread 0x00007f29f445a7f0 Thread exited: 0x00007f29f445a7f0
Event: 384.159 Thread 0x00007f29e8003c10 Thread exited: 0x00007f29e8003c10
Event: 419.663 Thread 0x00007f29f445ad70 Thread exited: 0x00007f29f445ad70


Dynamic libraries:
e0000000-f5580000 rw-p 00000000 00:00 0 
f5580000-f8c80000 rw-p 00000000 00:00 0 
f8c80000-100000000 ---p 00000000 00:00 0 
800000000-800449000 rw-p 00001000 00:13d6 4611686019135357769            /nix/store/gpxl5qgg8kicmcvivwmybwjlpf7wh20l-graalvm17-ce-22.3.0/lib/server/classes.jsa
800449000-800bc8000 r--p 0044a000 00:13d6 4611686019135357769            /nix/store/gpxl5qgg8kicmcvivwmybwjlpf7wh20l-graalvm17-ce-22.3.0/lib/server/classes.jsa
800bc8000-800c00000 ---p 00000000 00:00 0 
800c00000-800c20000 rw-p 00000000 00:00 0 
800c20000-800c40000 rw-p 00000000 00:00 0 
800c40000-800cc0000 rw-p 00000000 00:00 0 
800cc0000-800d00000 rw-p 00000000 00:00 0 
800d00000-800dc0000 rw-p 00000000 00:00 0 
800dc0000-800e00000 rw-p 00000000 00:00 0 
800e00000-800f40000 rw-p 00000000 00:00 0 
800f40000-800fc0000 rw-p 00000000 00:00 0 
800fc0000-801000000 rw-p 00000000 00:00 0 
801000000-8011c0000 rw-p 00000000 00:00 0 
8011c0000-8011d0000 rw-p 00000000 00:00 0 
8011d0000-801200000 ---p 00000000 00:00 0 
801200000-801270000 rw-p 00000000 00:00 0 
801270000-840c00000 ---p 00000000 00:00 0 
562149fe5000-562149fe6000 r-xp 00000000 00:13d6 4611686019099417844      /nix/store/gpxl5qgg8kicmcvivwmybwjlpf7wh20l-graalvm17-ce-22.3.0/bin/.java-wrapped
562149fe7000-562149fe8000 r--p 00001000 00:13d6 4611686019099417844      /nix/store/gpxl5qgg8kicmcvivwmybwjlpf7wh20l-graalvm17-ce-22.3.0/bin/.java-wrapped
562149fe8000-562149fe9000 rw-p 00002000 00:13d6 4611686019099417844      /nix/store/gpxl5qgg8kicmcvivwmybwjlpf7wh20l-graalvm17-ce-22.3.0/bin/.java-wrapped
562149fe9000-562149fea000 rw-p 00004000 00:13d6 4611686019099417844      /nix/store/gpxl5qgg8kicmcvivwmybwjlpf7wh20l-graalvm17-ce-22.3.0/bin/.java-wrapped
562149fea000-562149feb000 rw-p 00005000 00:13d6 4611686019099417844      /nix/store/gpxl5qgg8kicmcvivwmybwjlpf7wh20l-graalvm17-ce-22.3.0/bin/.java-wrapped
56214b31c000-56214b364000 rw-p 00000000 00:00 0                          [heap]
7f29c8000000-7f29c81da000 rw-p 00000000 00:00 0 
7f29c81da000-7f29cc000000 ---p 00000000 00:00 0 
7f29cc000000-7f29cc07d000 rw-p 00000000 00:00 0 
7f29cc07d000-7f29d0000000 ---p 00000000 00:00 0 
7f29d0000000-7f29d0021000 rw-p 00000000 00:00 0 
7f29d0021000-7f29d4000000 ---p 00000000 00:00 0 
7f29d4000000-7f29d4021000 rw-p 00000000 00:00 0 
7f29d4021000-7f29d8000000 ---p 00000000 00:00 0 
7f29d8000000-7f29d8021000 rw-p 00000000 00:00 0 
7f29d8021000-7f29dc000000 ---p 00000000 00:00 0 
7f29dd400000-7f29ddaa0000 rw-p 00000000 00:00 0 
7f29ddaa0000-7f29ddc00000 ---p 00000000 00:00 0 
7f29de4b3000-7f29e8000000 r--s 00000000 00:13d6 4611686019135192581      /nix/store/gpxl5qgg8kicmcvivwmybwjlpf7wh20l-graalvm17-ce-22.3.0/lib/modules
7f29e8000000-7f29e8021000 rw-p 00000000 00:00 0 
7f29e8021000-7f29ec000000 ---p 00000000 00:00 0 
7f29ec000000-7f29ec021000 rw-p 00000000 00:00 0 
7f29ec021000-7f29f0000000 ---p 00000000 00:00 0 
7f29f0000000-7f29f01a7000 rw-p 00000000 00:00 0 
7f29f01a7000-7f29f4000000 ---p 00000000 00:00 0 
7f29f4000000-7f29f4546000 rw-p 00000000 00:00 0 
7f29f4546000-7f29f8000000 ---p 00000000 00:00 0 
7f29f8000000-7f29f8021000 rw-p 00000000 00:00 0 
7f29f8021000-7f29fc000000 ---p 00000000 00:00 0 
7f29fc000000-7f29fc138000 rw-p 00000000 00:00 0 
7f29fc138000-7f2a00000000 ---p 00000000 00:00 0 
7f2a00000000-7f2a0006b000 rw-p 00000000 00:00 0 
7f2a0006b000-7f2a04000000 ---p 00000000 00:00 0 
7f2a04000000-7f2a04021000 rw-p 00000000 00:00 0 
7f2a04021000-7f2a08000000 ---p 00000000 00:00 0 
7f2a08000000-7f2a08374000 rw-p 00000000 00:00 0 
7f2a08374000-7f2a0c000000 ---p 00000000 00:00 0 
7f2a0c000000-7f2a0c058000 rw-p 00000000 00:00 0 
7f2a0c058000-7f2a10000000 ---p 00000000 00:00 0 
7f2a10000000-7f2a10021000 rw-p 00000000 00:00 0 
7f2a10021000-7f2a14000000 ---p 00000000 00:00 0 
7f2a14000000-7f2a14021000 rw-p 00000000 00:00 0 
7f2a14021000-7f2a18000000 ---p 00000000 00:00 0 
7f2a18000000-7f2a18021000 rw-p 00000000 00:00 0 
7f2a18021000-7f2a1c000000 ---p 00000000 00:00 0 
7f2a1d400000-7f2a1d980000 rw-p 00000000 00:00 0 
7f2a1d980000-7f2a1db00000 rw-p 00000000 00:00 0 
7f2a1db00000-7f2a1db40000 rw-p 00000000 00:00 0 
7f2a1db40000-7f2a1dc00000 ---p 00000000 00:00 0 
7f2a1dc00000-7f2a1dfc0000 rw-p 00000000 00:00 0 
7f2a1dfc0000-7f2a1e000000 rw-p 00000000 00:00 0 
7f2a1e000000-7f2a1e100000 rw-p 00000000 00:00 0 
7f2a1e100000-7f2a1e200000 rw-p 00000000 00:00 0 
7f2a1e200000-7f2a1e400000 rw-p 00000000 00:00 0 
7f2a1e400000-7f2a1e4c0000 rw-p 00000000 00:00 0 
7f2a1e4c0000-7f2a1e500000 rw-p 00000000 00:00 0 
7f2a1e500000-7f2a1e700000 rw-p 00000000 00:00 0 
7f2a1e700000-7f2a1e7c0000 rw-p 00000000 00:00 0 
7f2a1e7c0000-7f2a1e900000 rw-p 00000000 00:00 0 
7f2a1e900000-7f2a1ea00000 rw-p 00000000 00:00 0 
7f2a1ea00000-7f2a1eb80000 rw-p 00000000 00:00 0 
7f2a1eb80000-7f2a1ec00000 rw-p 00000000 00:00 0 
7f2a1ec00000-7f2a1ed00000 rw-p 00000000 00:00 0 
7f2a1ed00000-7f2a1ee00000 rw-p 00000000 00:00 0 
7f2a1ee00000-7f2a1f400000 rw-p 00000000 00:00 0 
7f2a1f400000-7f2a1f500000 rw-p 00000000 00:00 0 
7f2a1f500000-7f2a1f600000 rw-p 00000000 00:00 0 
7f2a1f600000-7f2a1f900000 rw-p 00000000 00:00 0 
7f2a1f900000-7f2a1fa00000 rw-p 00000000 00:00 0 
7f2a1fa00000-7f2a1fc00000 rw-p 00000000 00:00 0 
7f2a1fc00000-7f2a1fc10000 r-xp 00000000 00:13d3 353                      /home/runner/.cache/jdt-language-server/config/org.eclipse.equinox.launcher/org.eclipse.equinox.launcher.gtk.linux.x86_64_1.2.400.v20211117-0650/eclipse_11600.so
7f2a1fc10000-7f2a1fe0f000 ---p 00010000 00:13d3 353                      /home/runner/.cache/jdt-language-server/config/org.eclipse.equinox.launcher/org.eclipse.equinox.launcher.gtk.linux.x86_64_1.2.400.v20211117-0650/eclipse_11600.so
7f2a1fe0f000-7f2a1fe10000 r--p 0000f000 00:13d3 353                      /home/runner/.cache/jdt-language-server/config/org.eclipse.equinox.launcher/org.eclipse.equinox.launcher.gtk.linux.x86_64_1.2.400.v20211117-0650/eclipse_11600.so
7f2a1fe10000-7f2a1fe11000 rw-p 00010000 00:13d3 353                      /home/runner/.cache/jdt-language-server/config/org.eclipse.equinox.launcher/org.eclipse.equinox.launcher.gtk.linux.x86_64_1.2.400.v20211117-0650/eclipse_11600.so
7f2a20000000-7f2a208ba000 rw-p 00000000 00:00 0 
7f2a208ba000-7f2a24000000 ---p 00000000 00:00 0 
7f2a24000000-7f2a24035000 rw-p 00000000 00:00 0 
7f2a24035000-7f2a28000000 ---p 00000000 00:00 0 
7f2a28000000-7f2a28021000 rw-p 00000000 00:00 0 
7f2a28021000-7f2a2c000000 ---p 00000000 00:00 0 
7f2a2c000000-7f2a2c021000 rw-p 00000000 00:00 0 
7f2a2c021000-7f2a30000000 ---p 00000000 00:00 0 
7f2a30000000-7f2a30021000 rw-p 00000000 00:00 0 
7f2a30021000-7f2a34000000 ---p 00000000 00:00 0 
7f2a34f00000-7f2a35000000 ---p 00000000 00:00 0 
7f2a35000000-7f2a355af000 r--p 01122000 00:13d6 4611686019135190040      /nix/store/gpxl5qgg8kicmcvivwmybwjlpf7wh20l-graalvm17-ce-22.3.0/lib/libjvmcicompiler.so
7f2a355af000-7f2a35700000 r--p 00000000 00:00 0 
7f2a35700000-7f2a3573d000 rw-p 00000000 00:00 0 
7f2a3573d000-7f2a35c5d000 rw-p 0185f000 00:13d6 4611686019135190040      /nix/store/gpxl5qgg8kicmcvivwmybwjlpf7wh20l-graalvm17-ce-22.3.0/lib/libjvmcicompiler.so
7f2a35c5d000-7f2a36044000 r--p 01d7f000 00:13d6 4611686019135190040      /nix/store/gpxl5qgg8kicmcvivwmybwjlpf7wh20l-graalvm17-ce-22.3.0/lib/libjvmcicompiler.so
7f2a36100000-7f2a36104000 ---p 00000000 00:00 0 
7f2a36104000-7f2a36200000 rw-p 00000000 00:00 0 
7f2a36300000-7f2a36304000 ---p 00000000 00:00 0 
7f2a36304000-7f2a36400000 rw-p 00000000 00:00 0 
7f2a36500000-7f2a36504000 ---p 00000000 00:00 0 
7f2a36504000-7f2a36600000 rw-p 00000000 00:00 0 
7f2a36700000-7f2a36704000 ---p 00000000 00:00 0 
7f2a36704000-7f2a36800000 rw-p 00000000 00:00 0 
7f2a36900000-7f2a36904000 ---p 00000000 00:00 0 
7f2a36904000-7f2a36a00000 rw-p 00000000 00:00 0 
7f2a36b00000-7f2a36b04000 ---p 00000000 00:00 0 
7f2a36b04000-7f2a36c00000 rw-p 00000000 00:00 0 
7f2a36d00000-7f2a36d04000 ---p 00000000 00:00 0 
7f2a36d04000-7f2a36e00000 rw-p 00000000 00:00 0 
7f2a37a68000-7f2a37f00000 rw-p 00000000 00:00 0 
7f2a38000000-7f2a38021000 rw-p 00000000 00:00 0 
7f2a38021000-7f2a3c000000 ---p 00000000 00:00 0 
7f2a3c000000-7f2a3c021000 rw-p 00000000 00:00 0 
7f2a3c021000-7f2a40000000 ---p 00000000 00:00 0 
7f2a40000000-7f2a40039000 rw-p 00000000 00:00 0 
7f2a40039000-7f2a44000000 ---p 00000000 00:00 0 
7f2a44000000-7f2a44021000 rw-p 00000000 00:00 0 
7f2a44021000-7f2a48000000 ---p 00000000 00:00 0 
7f2a48000000-7f2a480cc000 rw-p 00000000 00:00 0 
7f2a480cc000-7f2a4c000000 ---p 00000000 00:00 0 
7f2a4c000000-7f2a4cb27000 rw-p 00000000 00:00 0 
7f2a4cb27000-7f2a50000000 ---p 00000000 00:00 0 
7f2a50000000-7f2a50021000 rw-p 00000000 00:00 0 
7f2a50021000-7f2a54000000 ---p 00000000 00:00 0 
7f2a54000000-7f2a54021000 rw-p 00000000 00:00 0 
7f2a54021000-7f2a58000000 ---p 00000000 00:00 0 
7f2a58000000-7f2a58021000 rw-p 00000000 00:00 0 
7f2a58021000-7f2a5c000000 ---p 00000000 00:00 0 
7f2a5c000000-7f2a5c021000 rw-p 00000000 00:00 0 
7f2a5c021000-7f2a60000000 ---p 00000000 00:00 0 
7f2a60000000-7f2a60021000 rw-p 00000000 00:00 0 
7f2a60021000-7f2a64000000 ---p 00000000 00:00 0 
7f2a64000000-7f2a64021000 rw-p 00000000 00:00 0 
7f2a64021000-7f2a68000000 ---p 00000000 00:00 0 
7f2a68000000-7f2a68052000 rw-p 00000000 00:00 0 
7f2a68052000-7f2a6c000000 ---p 00000000 00:00 0 
7f2a6c100000-7f2a6c104000 ---p 00000000 00:00 0 
7f2a6c104000-7f2a6c200000 rw-p 00000000 00:00 0 
7f2a6c300000-7f2a6c304000 ---p 00000000 00:00 0 
7f2a6c304000-7f2a6c400000 rw-p 00000000 00:00 0 
7f2a6c500000-7f2a6c504000 ---p 00000000 00:00 0 
7f2a6c504000-7f2a6c600000 rw-p 00000000 00:00 0 
7f2a6c700000-7f2a6c704000 ---p 00000000 00:00 0 
7f2a6c704000-7f2a6c800000 rw-p 00000000 00:00 0 
7f2a6c900000-7f2a6c904000 ---p 00000000 00:00 0 
7f2a6c904000-7f2a6ca00000 rw-p 00000000 00:00 0 
7f2a6cb00000-7f2a6cb04000 ---p 00000000 00:00 0 
7f2a6cb04000-7f2a6cc00000 rw-p 00000000 00:00 0 
7f2a6cd00000-7f2a6cd04000 ---p 00000000 00:00 0 
7f2a6cd04000-7f2a6ce00000 rw-p 00000000 00:00 0 
7f2a6cf00000-7f2a6cf04000 ---p 00000000 00:00 0 
7f2a6cf04000-7f2a6d000000 rw-p 00000000 00:00 0 
7f2a6d000000-7f2a6f16a000 r-xp 00000000 00:13d6 4611686019135190040      /nix/store/gpxl5qgg8kicmcvivwmybwjlpf7wh20l-graalvm17-ce-22.3.0/lib/libjvmcicompiler.so
7f2a6f16a000-7f2a6f369000 ---p 0216a000 00:13d6 4611686019135190040      /nix/store/gpxl5qgg8kicmcvivwmybwjlpf7wh20l-graalvm17-ce-22.3.0/lib/libjvmcicompiler.so
7f2a6f369000-7f2a6f36a000 r--p 02169000 00:13d6 4611686019135190040      /nix/store/gpxl5qgg8kicmcvivwmybwjlpf7wh20l-graalvm17-ce-22.3.0/lib/libjvmcicompiler.so
7f2a6f36a000-7f2a6f36c000 rw-p 0216a000 00:13d6 4611686019135190040      /nix/store/gpxl5qgg8kicmcvivwmybwjlpf7wh20l-graalvm17-ce-22.3.0/lib/libjvmcicompiler.so
7f2a6f36c000-7f2a6f36d000 rw-p 00000000 00:00 0 
7f2a6f36d000-7f2a6f372000 rw-p 023c3000 00:13d6 4611686019135190040      /nix/store/gpxl5qgg8kicmcvivwmybwjlpf7wh20l-graalvm17-ce-22.3.0/lib/libjvmcicompiler.so
7f2a6f3b3000-7f2a6f3b7000 ---p 00000000 00:00 0 
7f2a6f3b7000-7f2a6f4b3000 rw-p 00000000 00:00 0 
7f2a6f4b3000-7f2a6f723000 rwxp 00000000 00:00 0 
7f2a6f723000-7f2a6fa42000 ---p 00000000 00:00 0 
7f2a6fa42000-7f2a70a12000 rwxp 00000000 00:00 0 
7f2a70a12000-7f2a76f7a000 ---p 00000000 00:00 0 
7f2a76f7a000-7f2a7720a000 rwxp 00000000 00:00 0 
7f2a7720a000-7f2a7e4b3000 ---p 00000000 00:00 0 
7f2a7e4b3000-7f2a88000000 r--s 00000000 00:13d6 4611686019135192581      /nix/store/gpxl5qgg8kicmcvivwmybwjlpf7wh20l-graalvm17-ce-22.3.0/lib/modules
7f2a88000000-7f2a88601000 rw-p 00000000 00:00 0 
7f2a88601000-7f2a8c000000 ---p 00000000 00:00 0 
7f2a8c000000-7f2a8c004000 ---p 00000000 00:00 0 
7f2a8c004000-7f2a8c100000 rw-p 00000000 00:00 0 
7f2a8c200000-7f2a8c204000 ---p 00000000 00:00 0 
7f2a8c204000-7f2a8c300000 rw-p 00000000 00:00 0 
7f2a8c300000-7f2a8c304000 ---p 00000000 00:00 0 
7f2a8c304000-7f2a8c400000 rw-p 00000000 00:00 0 
7f2a8c400000-7f2a8c404000 ---p 00000000 00:00 0 
7f2a8c404000-7f2a8c500000 rw-p 00000000 00:00 0 
7f2a8c500000-7f2a8c504000 ---p 00000000 00:00 0 
7f2a8c504000-7f2a8c600000 rw-p 00000000 00:00 0 
7f2a8c600000-7f2a8c604000 ---p 00000000 00:00 0 
7f2a8c604000-7f2a8c700000 rw-p 00000000 00:00 0 
7f2a8c818000-7f2a8c819000 ---p 00000000 00:00 0 
7f2a8c819000-7f2a8c91a000 rw-p 00000000 00:00 0 
7f2a8c91a000-7f2a8c91e000 ---p 00000000 00:00 0 
7f2a8c91e000-7f2a8ca1a000 rw-p 00000000 00:00 0 
7f2a8ca1a000-7f2a8ca1e000 ---p 00000000 00:00 0 
7f2a8ca1e000-7f2a8cb1a000 rw-p 00000000 00:00 0 
7f2a8cb1a000-7f2a8cb1e000 ---p 00000000 00:00 0 
7f2a8cb1e000-7f2a8cc1a000 rw-p 00000000 00:00 0 
7f2a8cc1a000-7f2a8cc1e000 ---p 00000000 00:00 0 
7f2a8cc1e000-7f2a8ce1a000 rw-p 00000000 00:00 0 
7f2a8ce1a000-7f2a8ce1e000 ---p 00000000 00:00 0 
7f2a8ce1e000-7f2a8d01a000 rw-p 00000000 00:00 0 
7f2a8d01a000-7f2a8d01e000 ---p 00000000 00:00 0 
7f2a8d01e000-7f2a8d11a000 rw-p 00000000 00:00 0 
7f2a8d11a000-7f2a8d11e000 ---p 00000000 00:00 0 
7f2a8d11e000-7f2a8d21a000 rw-p 00000000 00:00 0 
7f2a8d21a000-7f2a8d21e000 ---p 00000000 00:00 0 
7f2a8d21e000-7f2a8d31a000 rw-p 00000000 00:00 0 
7f2a8d31a000-7f2a8d600000 r--p 00000000 00:1360 28444448                 /usr/lib/locale/locale-archive
7f2a8d600000-7f2a8d604000 ---p 00000000 00:00 0 
7f2a8d604000-7f2a8d700000 rw-p 00000000 00:00 0 
7f2a8d700000-7f2a8d704000 ---p 00000000 00:00 0 
7f2a8d704000-7f2a8dc00000 rw-p 00000000 00:00 0 
7f2a8dc00000-7f2a8df00000 rw-p 00000000 00:00 0 
7f2a8df00000-7f2a8e000000 rw-p 00000000 00:00 0 
7f2a8e047000-7f2a8e049000 r-xp 00000000 00:13d6 4611686019135190017      /nix/store/gpxl5qgg8kicmcvivwmybwjlpf7wh20l-graalvm17-ce-22.3.0/lib/libextnet.so
7f2a8e049000-7f2a8e04a000 r--p 00001000 00:13d6 4611686019135190017      /nix/store/gpxl5qgg8kicmcvivwmybwjlpf7wh20l-graalvm17-ce-22.3.0/lib/libextnet.so
7f2a8e04a000-7f2a8e04b000 rw-p 00002000 00:13d6 4611686019135190017      /nix/store/gpxl5qgg8kicmcvivwmybwjlpf7wh20l-graalvm17-ce-22.3.0/lib/libextnet.so
7f2a8e04b000-7f2a8e04c000 rw-p 00004000 00:13d6 4611686019135190017      /nix/store/gpxl5qgg8kicmcvivwmybwjlpf7wh20l-graalvm17-ce-22.3.0/lib/libextnet.so
7f2a8e04c000-7f2a8e050000 ---p 00000000 00:00 0 
7f2a8e050000-7f2a8e06e000 rw-p 00000000 00:00 0 
7f2a8e06e000-7f2a8e075000 r-xp 00000000 00:13d6 4611686019135192580      /nix/store/gpxl5qgg8kicmcvivwmybwjlpf7wh20l-graalvm17-ce-22.3.0/lib/libzip.so
7f2a8e075000-7f2a8e076000 ---p 00007000 00:13d6 4611686019135192580      /nix/store/gpxl5qgg8kicmcvivwmybwjlpf7wh20l-graalvm17-ce-22.3.0/lib/libzip.so
7f2a8e076000-7f2a8e077000 r--p 00007000 00:13d6 4611686019135192580      /nix/store/gpxl5qgg8kicmcvivwmybwjlpf7wh20l-graalvm17-ce-22.3.0/lib/libzip.so
7f2a8e077000-7f2a8e078000 rw-p 00008000 00:13d6 4611686019135192580      /nix/store/gpxl5qgg8kicmcvivwmybwjlpf7wh20l-graalvm17-ce-22.3.0/lib/libzip.so
7f2a8e078000-7f2a8e07a000 rw-p 0000b000 00:13d6 4611686019135192580      /nix/store/gpxl5qgg8kicmcvivwmybwjlpf7wh20l-graalvm17-ce-22.3.0/lib/libzip.so
7f2a8e07a000-7f2a8e08f000 r-xp 00000000 00:13d6 4611686019135192570      /nix/store/gpxl5qgg8kicmcvivwmybwjlpf7wh20l-graalvm17-ce-22.3.0/lib/libnet.so
7f2a8e08f000-7f2a8e090000 ---p 00015000 00:13d6 4611686019135192570      /nix/store/gpxl5qgg8kicmcvivwmybwjlpf7wh20l-graalvm17-ce-22.3.0/lib/libnet.so
7f2a8e090000-7f2a8e091000 r--p 00015000 00:13d6 4611686019135192570      /nix/store/gpxl5qgg8kicmcvivwmybwjlpf7wh20l-graalvm17-ce-22.3.0/lib/libnet.so
7f2a8e091000-7f2a8e092000 rw-p 00016000 00:13d6 4611686019135192570      /nix/store/gpxl5qgg8kicmcvivwmybwjlpf7wh20l-graalvm17-ce-22.3.0/lib/libnet.so
7f2a8e092000-7f2a8e095000 rw-p 0001b000 00:13d6 4611686019135192570      /nix/store/gpxl5qgg8kicmcvivwmybwjlpf7wh20l-graalvm17-ce-22.3.0/lib/libnet.so
7f2a8e095000-7f2a8e0a8000 r-xp 00000000 00:13d6 4611686019135192571      /nix/store/gpxl5qgg8kicmcvivwmybwjlpf7wh20l-graalvm17-ce-22.3.0/lib/libnio.so
7f2a8e0a8000-7f2a8e0a9000 r--p 00012000 00:13d6 4611686019135192571      /nix/store/gpxl5qgg8kicmcvivwmybwjlpf7wh20l-graalvm17-ce-22.3.0/lib/libnio.so
7f2a8e0a9000-7f2a8e0aa000 rw-p 00013000 00:13d6 4611686019135192571      /nix/store/gpxl5qgg8kicmcvivwmybwjlpf7wh20l-graalvm17-ce-22.3.0/lib/libnio.so
7f2a8e0aa000-7f2a8e0af000 rw-p 00019000 00:13d6 4611686019135192571      /nix/store/gpxl5qgg8kicmcvivwmybwjlpf7wh20l-graalvm17-ce-22.3.0/lib/libnio.so
7f2a8e0af000-7f2a8e0b0000 ---p 00000000 00:00 0 
7f2a8e0b0000-7f2a8e1b1000 rw-p 00000000 00:00 0 
7f2a8e1b1000-7f2a8e27f000 r-xp 00000000 00:13d6 4611686019135190036      /nix/store/gpxl5qgg8kicmcvivwmybwjlpf7wh20l-graalvm17-ce-22.3.0/lib/libjsvml.so
7f2a8e27f000-7f2a8e280000 r--p 000cd000 00:13d6 4611686019135190036      /nix/store/gpxl5qgg8kicmcvivwmybwjlpf7wh20l-graalvm17-ce-22.3.0/lib/libjsvml.so
7f2a8e280000-7f2a8e281000 rw-p 000ce000 00:13d6 4611686019135190036      /nix/store/gpxl5qgg8kicmcvivwmybwjlpf7wh20l-graalvm17-ce-22.3.0/lib/libjsvml.so
7f2a8e281000-7f2a8fb59000 rw-p 00000000 00:00 0 
7f2a8fb59000-7f2a8fb5a000 ---p 00000000 00:00 0 
7f2a8fb5a000-7f2a8fd05000 rw-p 00000000 00:00 0 
7f2a8fd05000-7f2a8fd22000 rw-p 00000000 00:00 0 
7f2a8fd22000-7f2a8fd5b000 ---p 00000000 00:00 0 
7f2a8fd5b000-7f2a8fd62000 rw-p 00000000 00:00 0 
7f2a8fd62000-7f2a8fe47000 ---p 00000000 00:00 0 
7f2a8fe47000-7f2a8fe67000 rw-p 00000000 00:00 0 
7f2a8fe67000-7f2a8ff32000 ---p 00000000 00:00 0 
7f2a8ff32000-7f2a8ff37000 rw-p 00000000 00:00 0 
7f2a8ff37000-7f2a8ff3e000 ---p 00000000 00:00 0 
7f2a8ff3e000-7f2a8ff62000 r-xp 00000000 00:13d6 4611686019135190028      /nix/store/gpxl5qgg8kicmcvivwmybwjlpf7wh20l-graalvm17-ce-22.3.0/lib/libjava.so
7f2a8ff62000-7f2a8ff63000 ---p 00024000 00:13d6 4611686019135190028      /nix/store/gpxl5qgg8kicmcvivwmybwjlpf7wh20l-graalvm17-ce-22.3.0/lib/libjava.so
7f2a8ff63000-7f2a8ff64000 r--p 00024000 00:13d6 4611686019135190028      /nix/store/gpxl5qgg8kicmcvivwmybwjlpf7wh20l-graalvm17-ce-22.3.0/lib/libjava.so
7f2a8ff64000-7f2a8ff65000 rw-p 00025000 00:13d6 4611686019135190028      /nix/store/gpxl5qgg8kicmcvivwmybwjlpf7wh20l-graalvm17-ce-22.3.0/lib/libjava.so
7f2a8ff65000-7f2a8ff66000 rw-p 00000000 00:00 0 
7f2a8ff66000-7f2a8ff6d000 rw-p 0002f000 00:13d6 4611686019135190028      /nix/store/gpxl5qgg8kicmcvivwmybwjlpf7wh20l-graalvm17-ce-22.3.0/lib/libjava.so
7f2a8ff6d000-7f2a8ff75000 rw-s 00000000 00:fdd 350                       /tmp/hsperfdata_runner/21
7f2a8ff75000-7f2a8ff76000 ---p 00000000 00:00 0 
7f2a8ff76000-7f2a8ff77000 r--p 00000000 00:00 0 
7f2a8ff77000-7f2a8ff78000 rwxp 00000000 00:00 0 
7f2a8ff78000-7f2a8ff93000 r-xp 00000000 00:13d6 4611686019135190032      /nix/store/gpxl5qgg8kicmcvivwmybwjlpf7wh20l-graalvm17-ce-22.3.0/lib/libjimage.so
7f2a8ff93000-7f2a8ff94000 ---p 0001b000 00:13d6 4611686019135190032      /nix/store/gpxl5qgg8kicmcvivwmybwjlpf7wh20l-graalvm17-ce-22.3.0/lib/libjimage.so
7f2a8ff94000-7f2a8ff96000 r--p 0001b000 00:13d6 4611686019135190032      /nix/store/gpxl5qgg8kicmcvivwmybwjlpf7wh20l-graalvm17-ce-22.3.0/lib/libjimage.so
7f2a8ff96000-7f2a8ff97000 rw-p 0001d000 00:13d6 4611686019135190032      /nix/store/gpxl5qgg8kicmcvivwmybwjlpf7wh20l-graalvm17-ce-22.3.0/lib/libjimage.so
7f2a8ff97000-7f2a8ff98000 rw-p 00024000 00:13d6 4611686019135190032      /nix/store/gpxl5qgg8kicmcvivwmybwjlpf7wh20l-graalvm17-ce-22.3.0/lib/libjimage.so
7f2a8ff98000-7f2a8ff9c000 ---p 00000000 00:00 0 
7f2a8ff9c000-7f2a90098000 rw-p 00000000 00:00 0 
7f2a90098000-7f2a900a6000 r--p 00000000 00:13d6 4611686019027979927      /nix/store/4nlgxhb09sdr51nc9hdm8az5b08vzkgx-glibc-2.35-163/lib/libm.so.6
7f2a900a6000-7f2a90119000 r-xp 0000e000 00:13d6 4611686019027979927      /nix/store/4nlgxhb09sdr51nc9hdm8az5b08vzkgx-glibc-2.35-163/lib/libm.so.6
7f2a90119000-7f2a90176000 r--p 00081000 00:13d6 4611686019027979927      /nix/store/4nlgxhb09sdr51nc9hdm8az5b08vzkgx-glibc-2.35-163/lib/libm.so.6
7f2a90176000-7f2a90177000 r--p 000dd000 00:13d6 4611686019027979927      /nix/store/4nlgxhb09sdr51nc9hdm8az5b08vzkgx-glibc-2.35-163/lib/libm.so.6
7f2a90177000-7f2a90178000 rw-p 000de000 00:13d6 4611686019027979927      /nix/store/4nlgxhb09sdr51nc9hdm8az5b08vzkgx-glibc-2.35-163/lib/libm.so.6
7f2a90178000-7f2a90179000 r--p 00000000 00:13d6 4611686019027979946      /nix/store/4nlgxhb09sdr51nc9hdm8az5b08vzkgx-glibc-2.35-163/lib/librt.so.1
7f2a90179000-7f2a9017a000 r-xp 00001000 00:13d6 4611686019027979946      /nix/store/4nlgxhb09sdr51nc9hdm8az5b08vzkgx-glibc-2.35-163/lib/librt.so.1
7f2a9017a000-7f2a9017b000 r--p 00002000 00:13d6 4611686019027979946      /nix/store/4nlgxhb09sdr51nc9hdm8az5b08vzkgx-glibc-2.35-163/lib/librt.so.1
7f2a9017b000-7f2a9017c000 r--p 00002000 00:13d6 4611686019027979946      /nix/store/4nlgxhb09sdr51nc9hdm8az5b08vzkgx-glibc-2.35-163/lib/librt.so.1
7f2a9017c000-7f2a9017d000 rw-p 00003000 00:13d6 4611686019027979946      /nix/store/4nlgxhb09sdr51nc9hdm8az5b08vzkgx-glibc-2.35-163/lib/librt.so.1
7f2a9017d000-7f2a91290000 r-xp 00000000 00:13d6 4611686019135360866      /nix/store/gpxl5qgg8kicmcvivwmybwjlpf7wh20l-graalvm17-ce-22.3.0/lib/server/libjvm.so
7f2a91290000-7f2a91291000 ---p 01113000 00:13d6 4611686019135360866      /nix/store/gpxl5qgg8kicmcvivwmybwjlpf7wh20l-graalvm17-ce-22.3.0/lib/server/libjvm.so
7f2a91291000-7f2a91346000 r--p 01113000 00:13d6 4611686019135360866      /nix/store/gpxl5qgg8kicmcvivwmybwjlpf7wh20l-graalvm17-ce-22.3.0/lib/server/libjvm.so
7f2a91346000-7f2a9137a000 rw-p 011c8000 00:13d6 4611686019135360866      /nix/store/gpxl5qgg8kicmcvivwmybwjlpf7wh20l-graalvm17-ce-22.3.0/lib/server/libjvm.so
7f2a9137a000-7f2a913d6000 rw-p 00000000 00:00 0 
7f2a913d6000-7f2a913fe000 r--p 00000000 00:13d6 4611686019027979918      /nix/store/4nlgxhb09sdr51nc9hdm8az5b08vzkgx-glibc-2.35-163/lib/libc.so.6
7f2a913fe000-7f2a91574000 r-xp 00028000 00:13d6 4611686019027979918      /nix/store/4nlgxhb09sdr51nc9hdm8az5b08vzkgx-glibc-2.35-163/lib/libc.so.6
7f2a91574000-7f2a915cc000 r--p 0019e000 00:13d6 4611686019027979918      /nix/store/4nlgxhb09sdr51nc9hdm8az5b08vzkgx-glibc-2.35-163/lib/libc.so.6
7f2a915cc000-7f2a915d0000 r--p 001f6000 00:13d6 4611686019027979918      /nix/store/4nlgxhb09sdr51nc9hdm8az5b08vzkgx-glibc-2.35-163/lib/libc.so.6
7f2a915d0000-7f2a915d2000 rw-p 001fa000 00:13d6 4611686019027979918      /nix/store/4nlgxhb09sdr51nc9hdm8az5b08vzkgx-glibc-2.35-163/lib/libc.so.6
7f2a915d2000-7f2a915e1000 rw-p 00000000 00:00 0 
7f2a915e1000-7f2a915e2000 r--p 00000000 00:13d6 4611686019027979923      /nix/store/4nlgxhb09sdr51nc9hdm8az5b08vzkgx-glibc-2.35-163/lib/libdl.so.2
7f2a915e2000-7f2a915e3000 r-xp 00001000 00:13d6 4611686019027979923      /nix/store/4nlgxhb09sdr51nc9hdm8az5b08vzkgx-glibc-2.35-163/lib/libdl.so.2
7f2a915e3000-7f2a915e4000 r--p 00002000 00:13d6 4611686019027979923      /nix/store/4nlgxhb09sdr51nc9hdm8az5b08vzkgx-glibc-2.35-163/lib/libdl.so.2
7f2a915e4000-7f2a915e5000 r--p 00002000 00:13d6 4611686019027979923      /nix/store/4nlgxhb09sdr51nc9hdm8az5b08vzkgx-glibc-2.35-163/lib/libdl.so.2
7f2a915e5000-7f2a915e6000 rw-p 00003000 00:13d6 4611686019027979923      /nix/store/4nlgxhb09sdr51nc9hdm8az5b08vzkgx-glibc-2.35-163/lib/libdl.so.2
7f2a915e6000-7f2a915e7000 r--p 00000000 00:13d6 4611686019027979942      /nix/store/4nlgxhb09sdr51nc9hdm8az5b08vzkgx-glibc-2.35-163/lib/libpthread.so.0
7f2a915e7000-7f2a915e8000 r-xp 00001000 00:13d6 4611686019027979942      /nix/store/4nlgxhb09sdr51nc9hdm8az5b08vzkgx-glibc-2.35-163/lib/libpthread.so.0
7f2a915e8000-7f2a915e9000 r--p 00002000 00:13d6 4611686019027979942      /nix/store/4nlgxhb09sdr51nc9hdm8az5b08vzkgx-glibc-2.35-163/lib/libpthread.so.0
7f2a915e9000-7f2a915ea000 r--p 00002000 00:13d6 4611686019027979942      /nix/store/4nlgxhb09sdr51nc9hdm8az5b08vzkgx-glibc-2.35-163/lib/libpthread.so.0
7f2a915ea000-7f2a915eb000 rw-p 00003000 00:13d6 4611686019027979942      /nix/store/4nlgxhb09sdr51nc9hdm8az5b08vzkgx-glibc-2.35-163/lib/libpthread.so.0
7f2a915eb000-7f2a915f9000 r-xp 00000000 00:13d6 4611686019135190033      /nix/store/gpxl5qgg8kicmcvivwmybwjlpf7wh20l-graalvm17-ce-22.3.0/lib/libjli.so
7f2a915f9000-7f2a915fa000 ---p 0000e000 00:13d6 4611686019135190033      /nix/store/gpxl5qgg8kicmcvivwmybwjlpf7wh20l-graalvm17-ce-22.3.0/lib/libjli.so
7f2a915fa000-7f2a915fb000 r--p 0000e000 00:13d6 4611686019135190033      /nix/store/gpxl5qgg8kicmcvivwmybwjlpf7wh20l-graalvm17-ce-22.3.0/lib/libjli.so
7f2a915fb000-7f2a915fc000 rw-p 0000f000 00:13d6 4611686019135190033      /nix/store/gpxl5qgg8kicmcvivwmybwjlpf7wh20l-graalvm17-ce-22.3.0/lib/libjli.so
7f2a915fc000-7f2a915fd000 rw-p 00012000 00:13d6 4611686019135190033      /nix/store/gpxl5qgg8kicmcvivwmybwjlpf7wh20l-graalvm17-ce-22.3.0/lib/libjli.so
7f2a915fd000-7f2a91600000 r--p 00000000 00:13d6 4611686019106210071      /nix/store/026hln0aq1hyshaxsdvhg0kmcm6yf45r-zlib-1.2.13/lib/libz.so.1.2.13
7f2a91600000-7f2a91612000 r-xp 00003000 00:13d6 4611686019106210071      /nix/store/026hln0aq1hyshaxsdvhg0kmcm6yf45r-zlib-1.2.13/lib/libz.so.1.2.13
7f2a91612000-7f2a91619000 r--p 00015000 00:13d6 4611686019106210071      /nix/store/026hln0aq1hyshaxsdvhg0kmcm6yf45r-zlib-1.2.13/lib/libz.so.1.2.13
7f2a91619000-7f2a9161a000 r--p 0001b000 00:13d6 4611686019106210071      /nix/store/026hln0aq1hyshaxsdvhg0kmcm6yf45r-zlib-1.2.13/lib/libz.so.1.2.13
7f2a9161a000-7f2a9161b000 rw-p 0001c000 00:13d6 4611686019106210071      /nix/store/026hln0aq1hyshaxsdvhg0kmcm6yf45r-zlib-1.2.13/lib/libz.so.1.2.13
7f2a9161b000-7f2a9161d000 rw-p 00000000 00:00 0 
7f2a9161d000-7f2a9161f000 r--p 00000000 00:13d6 4611686019027979912      /nix/store/4nlgxhb09sdr51nc9hdm8az5b08vzkgx-glibc-2.35-163/lib/ld-linux-x86-64.so.2
7f2a9161f000-7f2a91646000 r-xp 00002000 00:13d6 4611686019027979912      /nix/store/4nlgxhb09sdr51nc9hdm8az5b08vzkgx-glibc-2.35-163/lib/ld-linux-x86-64.so.2
7f2a91646000-7f2a91652000 r--p 00029000 00:13d6 4611686019027979912      /nix/store/4nlgxhb09sdr51nc9hdm8az5b08vzkgx-glibc-2.35-163/lib/ld-linux-x86-64.so.2
7f2a91652000-7f2a91654000 r--p 00034000 00:13d6 4611686019027979912      /nix/store/4nlgxhb09sdr51nc9hdm8az5b08vzkgx-glibc-2.35-163/lib/ld-linux-x86-64.so.2
7f2a91654000-7f2a91656000 rw-p 00036000 00:13d6 4611686019027979912      /nix/store/4nlgxhb09sdr51nc9hdm8az5b08vzkgx-glibc-2.35-163/lib/ld-linux-x86-64.so.2
7ffda4464000-7ffda4488000 rw-p 00000000 00:00 0                          [stack]
7ffda4566000-7ffda456a000 r--p 00000000 00:00 0                          [vvar]
7ffda456a000-7ffda456c000 r-xp 00000000 00:00 0                          [vdso]
ffffffffff600000-ffffffffff601000 --xp 00000000 00:00 0                  [vsyscall]


VM Arguments:
jvm_args: -XX:ThreadPriorityPolicy=1 -XX:+UnlockExperimentalVMOptions -XX:+EnableJVMCIProduct -XX:JVMCIThreadsPerNativeLibraryRuntime=1 -XX:-UnlockExperimentalVMOptions -Declipse.application=org.eclipse.jdt.ls.core.id1 -Dosgi.bundles.defaultStartLevel=4 -Declipse.product=org.eclipse.jdt.ls.core.product -Dlog.level=ALL -Xverify:none -XX:+UseParallelGC -XX:GCTimeRatio=4 -XX:AdaptiveSizePolicyWeight=90 -Dsun.zip.disableMemoryMapping=true -Xmx512m -Xms100m 
java_command: /nix/store/m6gcpi1ii6rghy04cjwjddcavv7i90df-jdt-language-server-1.9.0/share/java/plugins/org.eclipse.equinox.launcher_1.6.400.v20210924-0641.jar --add-modules=ALL-SYSTEM --add-opens java.base/java.util=ALL-UNNAMED --add-opens java.base/java.lang=ALL-UNNAMED -configuration /home/runner/.cache/jdt-language-server/config -data /home/runner/.cache/jdt-language-server/data/home/runner/Calculator
java_class_path (initial): /nix/store/m6gcpi1ii6rghy04cjwjddcavv7i90df-jdt-language-server-1.9.0/share/java/plugins/org.eclipse.equinox.launcher_1.6.400.v20210924-0641.jar
Launcher Type: SUN_STANDARD

[Global flags]
    uintx AdaptiveSizePolicyWeight                 = 90                                        {product} {command line}
     intx CICompilerCount                          = 2                                         {product} {ergonomic}
     bool EnableJVMCIProduct                       = true                                {JVMCI product} {jimage}
    uintx GCTimeRatio                              = 4                                         {product} {command line}
   size_t InitialHeapSize                          = 104857600                                 {product} {command line}
     uint JVMCIThreadsPerNativeLibraryRuntime      = 1                                   {JVMCI product} {jimage}
   size_t MaxHeapSize                              = 536870912                                 {product} {command line}
   size_t MaxNewSize                               = 178782208                                 {product} {ergonomic}
   size_t MinHeapDeltaBytes                        = 524288                                    {product} {ergonomic}
   size_t MinHeapSize                              = 104857600                                 {product} {command line}
   size_t NewSize                                  = 34603008                                  {product} {ergonomic}
    uintx NonNMethodCodeHeapSize                   = 5826188                                {pd product} {ergonomic}
    uintx NonProfiledCodeHeapSize                  = 122916026                              {pd product} {ergonomic}
   size_t OldSize                                  = 70254592                                  {product} {ergonomic}
    uintx ProfiledCodeHeapSize                     = 122916026                              {pd product} {ergonomic}
    uintx ReservedCodeCacheSize                    = 251658240                              {pd product} {ergonomic}
     bool SegmentedCodeCache                       = true                                      {product} {ergonomic}
   size_t SoftMaxHeapSize                          = 536870912                              {manageable} {ergonomic}
     intx ThreadPriorityPolicy                     = 1                                         {product} {jimage}
     bool UseCompressedClassPointers               = true                           {product lp64_product} {ergonomic}
     bool UseCompressedOops                        = true                           {product lp64_product} {ergonomic}
     bool UseParallelGC                            = true                                      {product} {command line}

Logging:
Log output configuration:
 #0: stdout all=warning uptime,level,tags
 #1: stderr all=off uptime,level,tags

Environment Variables:
JAVA_HOME=/nix/store/gpxl5qgg8kicmcvivwmybwjlpf7wh20l-graalvm17-ce-22.3.0
PATH=/nix/store/1d6ian3r8kdzspw8hacjhl3xkp40g1lj-binutils-wrapper-2.39/bin:/nix/store/dq0xwmsk1g0i2ayg6pb7y87na2knzylh-gcc-wrapper-11.3.0/bin:/nix/store/bap4d0lpcrhpwmpb8ayjcgkmvfj62lnq-bash-interactive-5.1-p16/bin:/nix/store/pr5n59mb4jzmfx6kanwxly0l07p861fg-patchelf-0.15.0/bin:/nix/store/1gf2flfqnpqbr1b4p4qz2f72y42bs56r-gcc-11.3.0/bin:/nix/store/57xv61c5zi8pphjbcwxxjlgc34p61ic9-glibc-2.35-163-bin/bin:/nix/store/a7gvj343m05j2s32xcnwr35v31ynlypr-coreutils-9.1/bin:/nix/store/039g378vc3pc3dvi9dzdlrd0i4q93qwf-binutils-2.39/bin:/nix/store/gpxl5qgg8kicmcvivwmybwjlpf7wh20l-graalvm17-ce-22.3.0/bin:/nix/store/6z9ag3ihc8mq2hzsw48lhbznvzny65nz-apache-maven-3.8.6/bin:/nix/store/m6gcpi1ii6rghy04cjwjddcavv7i90df-jdt-language-server-1.9.0/bin:/nix/store/84xs5alhs01zrbr4ywm05kxbjbp5590l-java-debug/bin:/nix/store/mydc6f4k2z73xlcz7ilif3v2lcaiqvza-findutils-4.9.0/bin:/nix/store/j9p3g8472iijd50vhdprx0nmk2fqn5gv-diffutils-3.8/bin:/nix/store/89zs7rms6x00xfq4dq6m7mjnhkr8a6r4-gnused-4.8/bin:/nix/store/86bp03jkmsl6f92w0yzg4s59g5mhxwmy-gnugrep-3.7/bin:/nix/store/hwcdqw4jrjnd37wxqgsd47hd0j8bnj09-gawk-5.1.1/bin:/nix/store/cfbhw8r8ags41vwqaz47r583d0p4h4a1-gnutar-1.34/bin:/nix/store/p3m1ndl1lapwrlh698bnb5lvvxh67378-gzip-1.12/bin:/nix/store/a8mhcagrsly7c7mpjrpsnaahk4aax056-bzip2-1.0.8-bin/bin:/nix/store/mblgz65m3zv9x548a3d5m96fj2pbwr09-gnumake-4.3/bin:/nix/store/dsd5gz46hdbdk2rfdimqddhq6m8m8fqs-bash-5.1-p16/bin:/nix/store/v7ljksji50mg3w61dykaa3n3y79n6nil-patch-2.7.6/bin:/nix/store/zlcnmqq14jz5x9439jf937mvayyl63da-xz-5.2.7-bin/bin:/nix/store/y6aj732zm9m87c82fpvf103a1xb22blp-file-5.43/bin:/nix/store/i4kzir3m7mrisxmf5xvlnkw01x4qaqr4-prybar-elisp-0.0.0-e0d9a52/bin:/nix/store/lwwivxf6h7x3cvxp9zv8sj0mv7dak99r-prybar-lua-0.0.0-e0d9a52/bin:/nix/store/gxj28g1cg4hq3qanmjv07156h800qr58-prybar-python3-0.0.0-e0d9a52/bin:/nix/store/hshkjnxrgidigf8x75vg6lqng2xlx9i3-prybar-sqlite-0.0.0-e0d9a52/bin:/nix/store/c4w01bpjgyy5ixmwdk8m1pw87zq4sl26-prybar-tcl-0.0.0-e0d9a52/bin:/nix/store/hpbvrlwd5viqmvcaisb3x0118i913a9n-st
LD_LIBRARY_PATH=/nix/store/a4pff549sk2idnkpzk5nsfps3mdkdnvm-cups-2.4.2-lib/lib:/nix/store/72mqxxhh3cy5yifh92wh2yb8cl2hikyy-cairo-1.16.0/lib:/nix/store/2k366jrbsra97gjfxwvrhvixjfxdach5-glib-2.74.1/lib:/nix/store/2j2znigd8ak37rlwh9khz0ry3clqlw1l-gtk+3-3.24.34/lib:/nix/store/hisqvx32cd57apbpcsnkpx6k3549wql1-libglvnd-1.4.0/lib:/nix/store/p36pgcv991mq5srvg765b78yqpxvk3qs-mesa-21.3.3-drivers/lib:/nix/store/mav4251if1ahjq5vkpwycyyvnmy459c4-pulseaudio-14.2/lib
DISPLAY=:0
LANG=en_US.UTF-8

Signal Handlers:
   SIGSEGV: crash_handler in libjvm.so, mask=11100100010111111101111111111110, flags=SA_RESTART|SA_SIGINFO
    SIGBUS: crash_handler in libjvm.so, mask=11100100010111111101111111111110, flags=SA_RESTART|SA_SIGINFO
    SIGFPE: crash_handler in libjvm.so, mask=11100100010111111101111111111110, flags=SA_RESTART|SA_SIGINFO
   SIGPIPE: IsolateEnterStub_IgnoreSIGPIPEStartupHook_noopSignalHandler_8f19bff2f35b5f630d83b364d6b2339320d4ec70_216e8361c6bc87a8f89f58cc10d3b2fd4415bf87 in libjvmcicompiler.so, mask=00000000000000000000000000000000, flags=SA_RESTART
  *** Handler was modified!
  *** Expected: javaSignalHandler in libjvm.so, mask=11100100110111111111111111111110, flags=SA_RESTART|SA_SIGINFO
   SIGXFSZ: javaSignalHandler in libjvm.so, mask=11100100010111111101111111111110, flags=SA_RESTART|SA_SIGINFO
    SIGILL: crash_handler in libjvm.so, mask=11100100010111111101111111111110, flags=SA_RESTART|SA_SIGINFO
   SIGUSR2: SR_handler in libjvm.so, mask=00000000000000000000000000000000, flags=SA_RESTART|SA_SIGINFO
    SIGHUP: UserHandler in libjvm.so, mask=11100100010111111101111111111110, flags=SA_RESTART|SA_SIGINFO
    SIGINT: UserHandler in libjvm.so, mask=11100100010111111101111111111110, flags=SA_RESTART|SA_SIGINFO
   SIGTERM: UserHandler in libjvm.so, mask=11100100010111111101111111111110, flags=SA_RESTART|SA_SIGINFO
   SIGQUIT: UserHandler in libjvm.so, mask=11100100010111111101111111111110, flags=SA_RESTART|SA_SIGINFO
  *** Handler was modified!
  *** Expected: javaSignalHandler in libjvm.so, mask=11100100110111111111111111111110, flags=SA_RESTART|SA_SIGINFO
   SIGTRAP: crash_handler in libjvm.so, mask=11100100010111111101111111111110, flags=SA_RESTART|SA_SIGINFO


---------------  S Y S T E M  ---------------

OS:
DISTRIB_ID=Ubuntu
DISTRIB_RELEASE=20.04
DISTRIB_CODENAME=focal
DISTRIB_DESCRIPTION="Ubuntu 20.04.2 LTS"
uname: Linux 5.15.0-1031-gcp #38~20.04.1-Ubuntu SMP Sun Mar 12 04:47:58 UTC 2023 x86_64
OS uptime: 0 days 1:23 hours
libc: glibc 2.35 NPTL 2.35 
rlimit (soft/hard): STACK 8192k/infinity , CORE infinity/infinity , NPROC infinity/infinity , NOFILE 5242/5242 , AS infinity/infinity , CPU infinity/infinity , DATA infinity/infinity , FSIZE infinity/infinity , MEMLOCK 64k/64k
load average: 31.22 27.36 22.80

/proc/meminfo:
MemTotal:       65852712 kB
MemFree:        28247604 kB
MemAvailable:   44663564 kB
Buffers:         1871228 kB
Cached:         13649888 kB
SwapCached:            0 kB
Active:          5491480 kB
Inactive:       28697472 kB
Active(anon):      16148 kB
Inactive(anon): 18326320 kB
Active(file):    5475332 kB
Inactive(file): 10371152 kB
Unevictable:       43188 kB
Mlocked:           43188 kB
SwapTotal:             0 kB
SwapFree:              0 kB
Dirty:             10192 kB
Writeback:             0 kB
AnonPages:      18103448 kB
Mapped:          1885836 kB
Shmem:             57448 kB
KReclaimable:    1296076 kB
Slab:            2369220 kB
SReclaimable:    1296076 kB
SUnreclaim:      1073144 kB
KernelStack:      404500 kB
PageTables:       220212 kB
NFS_Unstable:          0 kB
Bounce:                0 kB
WritebackTmp:          0 kB
CommitLimit:    32926356 kB
Committed_AS:   66726964 kB
VmallocTotal:   34359738367 kB
VmallocUsed:      439764 kB
VmallocChunk:          0 kB
Percpu:            51104 kB
HardwareCorrupted:     0 kB
AnonHugePages:   1978368 kB
ShmemHugePages:        0 kB
ShmemPmdMapped:        0 kB
FileHugePages:         0 kB
FilePmdMapped:         0 kB
HugePages_Total:       0
HugePages_Free:        0
HugePages_Rsvd:        0
HugePages_Surp:        0
Hugepagesize:       2048 kB
Hugetlb:               0 kB
DirectMap4k:     2800448 kB
DirectMap2M:    34945024 kB
DirectMap1G:    31457280 kB

/sys/kernel/mm/transparent_hugepage/enabled: always [madvise] never
/sys/kernel/mm/transparent_hugepage/defrag (defrag/compaction efforts parameter): always defer defer+madvise [madvise] never

Process Memory:
Virtual Size: 4788312K (peak: 4823868K)
Resident Set Size: 747992K (peak: 778984K) (anon: 554332K, file: 193660K, shmem: 0K)
Swapped out: 0K
C-Heap outstanding allocations: 43919K, retained: 13976K
glibc malloc tunables: (default)

/proc/sys/kernel/threads-max (system-wide limit on the number of threads): 514406
/proc/sys/vm/max_map_count (maximum number of memory map areas a process may have): 65530
/proc/sys/kernel/pid_max (system-wide limit on number of process identifiers): 4194304

container (cgroup) information:
container_type: cgroupv1
cpu_cpuset_cpus: 2-7
cpu_memory_nodes: 0
active_processor_count: 1
cpu_quota: 50000
cpu_period: 100000
cpu_shares: 512
memory_limit_in_bytes: 1048576 k
memory_and_swap_limit_in_bytes: 1048576 k
memory_soft_limit_in_bytes: 524288 k
memory_usage_in_bytes: 599084 k
memory_max_usage_in_bytes: 630628 k
maximum number of tasks: 1000
current number of tasks: 45

KVM virtualization detected
Steal ticks since vm start: 0
Steal ticks percentage since vm start:  0.000

CPU: total 8 (initial active 1) (8 cores per cpu, 2 threads per core) family 23 model 49 stepping 0 microcode 0xffffffff, cx8, cmov, fxsr, ht, mmx, 3dnowpref, sse, sse2, sse3, ssse3, sse4a, sse4.1, sse4.2, popcnt, lzcnt, tsc, tscinvbit, avx, avx2, aes, clmul, bmi1, bmi2, adx, sha, fma, vzeroupper, clflush, clflushopt, hv
CPU Model and flags from /proc/cpuinfo:
model name	: AMD EPYC 7B12
flags		: fpu vme de pse tsc msr pae mce cx8 apic sep mtrr pge mca cmov pat pse36 clflush mmx fxsr sse sse2 ht syscall nx mmxext fxsr_opt pdpe1gb rdtscp lm constant_tsc rep_good nopl nonstop_tsc cpuid extd_apicid tsc_known_freq pni pclmulqdq ssse3 fma cx16 sse4_1 sse4_2 movbe popcnt aes xsave avx f16c rdrand hypervisor lahf_lm cmp_legacy cr8_legacy abm sse4a misalignsse 3dnowprefetch osvw topoext ssbd ibrs ibpb stibp vmmcall fsgsbase tsc_adjust bmi1 avx2 smep bmi2 rdseed adx smap clflushopt clwb sha_ni xsaveopt xsavec xgetbv1 clzero xsaveerptr arat npt nrip_save umip rdpid

Online cpus: 0-7
Offline cpus: 
BIOS frequency limitation: <Not Available>
Frequency switch latency (ns): <Not Available>
Available cpu frequencies: <Not Available>
Current governor: <Not Available>
Core performance/turbo boost: <Not Available>

Memory: 4k page, physical 1048576k(449484k free), swap 0k(0k free)
Page Sizes: 4k

vm_info: OpenJDK 64-Bit Server VM (17.0.5+8-jvmci-22.3-b08) for linux-amd64 JRE (17.0.5+8-jvmci-22.3-b08), built on Oct 19 2022 09:01:27 by "buildslave" with gcc 10.3.0

END.
