#
# A fatal error has been detected by the Java Runtime Environment:
#
#  Internal Error (jvmciRuntime.cpp:1609), pid=332, tid=346
#  fatal error: Fatal exception in JVMCI: Error calling jdk.vm.ci.services.Services.serializeSavedProperties
#
# JRE version: OpenJDK Runtime Environment GraalVM CE 22.3.0 (17.0.5+8) (build 17.0.5+8-jvmci-22.3-b08)
# Java VM: OpenJDK 64-Bit Server VM GraalVM CE 22.3.0 (17.0.5+8-jvmci-22.3-b08, mixed mode, sharing, tiered, jvmci, jvmci compiler, compressed oops, compressed class ptrs, parallel gc, linux-amd64)
# Problematic frame:
# V  [libjvm.so+0x972714]  JVMCIRuntime::fatal_exception(JVMCIEnv*, char const*)+0x74
#
# Core dump will be written. Default location: Core dumps may be processed with "/usr/share/apport/apport -p%p -s%s -c%c -d%d -P%P -u%u -g%g -- %E" (or dumping to /home/runner/AimTrainerIO/core.332)
#
# If you would like to submit a bug report, please visit:
#   https://github.com/oracle/graal/issues
#

---------------  S U M M A R Y ------------

Command Line: -XX:ThreadPriorityPolicy=1 -XX:+UnlockExperimentalVMOptions -XX:+EnableJVMCIProduct -XX:JVMCIThreadsPerNativeLibraryRuntime=1 -XX:-UnlockExperimentalVMOptions -Declipse.application=org.eclipse.jdt.ls.core.id1 -Dosgi.bundles.defaultStartLevel=4 -Declipse.product=org.eclipse.jdt.ls.core.product -Dlog.level=ALL -Xverify:none -XX:+UseParallelGC -XX:GCTimeRatio=4 -XX:AdaptiveSizePolicyWeight=90 -Dsun.zip.disableMemoryMapping=true -Xmx512m -Xms100m /nix/store/m6gcpi1ii6rghy04cjwjddcavv7i90df-jdt-language-server-1.9.0/share/java/plugins/org.eclipse.equinox.launcher_1.6.400.v20210924-0641.jar --add-modules=ALL-SYSTEM --add-opens java.base/java.util=ALL-UNNAMED --add-opens java.base/java.lang=ALL-UNNAMED -configuration /home/runner/.cache/jdt-language-server/config -data /home/runner/.cache/jdt-language-server/data/home/runner/AimTrainerIO

Host: AMD EPYC 7B12, 4 cores, 1G, Ubuntu 20.04.2 LTS
Time: Thu Apr 20 12:48:42 2023 UTC elapsed time: 451.392267 seconds (0d 0h 7m 31s)

---------------  T H R E A D  ---------------

Current thread (0x00007ff3440b2210):  JavaThread "JVMCI-native CompilerThread0" daemon [_thread_in_vm, id=346, stack(0x00007ff348918000,0x00007ff348b18000)]


Current CompileTask:
JVMCI-native: 451397 11823   !   4       org.eclipse.jdt.ls.core.internal.CancellableProgressMonitor::isCanceled (33 bytes)

Stack: [0x00007ff348918000,0x00007ff348b18000],  sp=0x00007ff348b16380,  free space=2040k
Native frames: (J=compiled Java code, j=interpreted, Vv=VM code, C=native code)
V  [libjvm.so+0x972714]  JVMCIRuntime::fatal_exception(JVMCIEnv*, char const*)+0x74
V  [libjvm.so+0x93e2fe]  JVMCIEnv::copy_saved_properties()+0x14e
V  [libjvm.so+0x9732a9]  JVMCIRuntime::initialize(JVMCIEnv*)+0xb19
V  [libjvm.so+0x9738a2]  JVMCIRuntime::get_HotSpotJVMCIRuntime(JVMCIEnv*)+0x12
V  [libjvm.so+0x9749f2]  JVMCIRuntime::compile_method(JVMCIEnv*, JVMCICompiler*, methodHandle const&, int)+0xd2
V  [libjvm.so+0x5b0d20]  CompileBroker::invoke_compiler_on_method(CompileTask*)+0x1470
V  [libjvm.so+0x5b12e8]  CompileBroker::compiler_thread_loop()+0x528
V  [libjvm.so+0xd82460]  JavaThread::thread_main_inner()+0xd0
V  [libjvm.so+0xd85a40]  Thread::call_run()+0xc0
V  [libjvm.so+0xbdb1e1]  thread_native_entry(Thread*)+0xe1

Register to memory mapping:

RAX=0x00007ff34b9fd000 points into unknown readable memory: 0x0000000000000058 | 58 00 00 00 00 00 00 00
RBX=0x00007ff34caf8398: <offset 0x0000000000ef5398> in /nix/store/gpxl5qgg8kicmcvivwmybwjlpf7wh20l-graalvm17-ce-22.3.0/lib/server/libjvm.so at 0x00007ff34bc03000
RCX=0x00007ff34cab01e8: <offset 0x0000000000ead1e8> in /nix/store/gpxl5qgg8kicmcvivwmybwjlpf7wh20l-graalvm17-ce-22.3.0/lib/server/libjvm.so at 0x00007ff34bc03000
RDX=0x0000000000000649 is an unknown value
RSP=0x00007ff348b16380 is pointing into the stack for thread: 0x00007ff3440b2210
RBP=0x00007ff348b163a0 is pointing into the stack for thread: 0x00007ff3440b2210
RSI=0x00007ff34caf8c48: <offset 0x0000000000ef5c48> in /nix/store/gpxl5qgg8kicmcvivwmybwjlpf7wh20l-graalvm17-ce-22.3.0/lib/server/libjvm.so at 0x00007ff34bc03000
RDI=0x00000000e0000000 is an oop: [B 
{0x00000000e0000000} - klass: {type array byte}
 - length: 30
R8 =0x00007ff34caf8398: <offset 0x0000000000ef5398> in /nix/store/gpxl5qgg8kicmcvivwmybwjlpf7wh20l-graalvm17-ce-22.3.0/lib/server/libjvm.so at 0x00007ff34bc03000
R9 =0x0000000000000003 is an unknown value
R10=0x00007ff34ce49da0: <offset 0x0000000001246da0> in /nix/store/gpxl5qgg8kicmcvivwmybwjlpf7wh20l-graalvm17-ce-22.3.0/lib/server/libjvm.so at 0x00007ff34bc03000
R11=0x000000080044f048 is pointing into metadata
R12=0x0 is NULL
R13=0x00007ff3440b2210 is a thread
R14=0x00007ff344000b80 points into unknown readable memory: 0x00007ff34cd29a38 | 38 9a d2 4c f3 7f 00 00
R15=0x00007ff34ce37e40: <offset 0x0000000001234e40> in /nix/store/gpxl5qgg8kicmcvivwmybwjlpf7wh20l-graalvm17-ce-22.3.0/lib/server/libjvm.so at 0x00007ff34bc03000


Registers:
RAX=0x00007ff34b9fd000, RBX=0x00007ff34caf8398, RCX=0x00007ff34cab01e8, RDX=0x0000000000000649
RSP=0x00007ff348b16380, RBP=0x00007ff348b163a0, RSI=0x00007ff34caf8c48, RDI=0x00000000e0000000
R8 =0x00007ff34caf8398, R9 =0x0000000000000003, R10=0x00007ff34ce49da0, R11=0x000000080044f048
R12=0x0000000000000000, R13=0x00007ff3440b2210, R14=0x00007ff344000b80, R15=0x00007ff34ce37e40
RIP=0x00007ff34c575714, EFLAGS=0x0000000000010206, CSGSFS=0x002b000000000033, ERR=0x0000000000000006
  TRAPNO=0x000000000000000e

Top of Stack: (sp=0x00007ff348b16380)
0x00007ff348b16380:   00007ff348b16940 00007ff3440b2210
0x00007ff348b16390:   00007ff34a38e8c8 0000000800c417a0
0x00007ff348b163a0:   00007ff348b16500 00007ff34c5412fe
0x00007ff348b163b0:   00007ff348b163e0 00007ff348b16440 

Instructions: (pc=0x00007ff34c575714)
0x00007ff34c575614:   30 e8 f6 cf e8 ff 4c 89 e7 e8 2e 48 d1 ff 84 db
0x00007ff34c575624:   75 2a 4d 85 ed 74 04 4d 8b 6d 00 48 83 c4 08 44
0x00007ff34c575634:   89 f9 4c 89 f2 4c 89 ee 5b 4c 89 e7 41 5c 41 5d
0x00007ff34c575644:   41 5e 41 5f 5d e9 e2 47 d1 ff 66 90 48 83 c4 08
0x00007ff34c575654:   5b 41 5c 41 5d 41 5e 41 5f 5d c3 90 31 d2 be 08
0x00007ff34c575664:   00 00 00 4c 89 ff e8 b1 78 a3 ff 49 89 c5 e9 37
0x00007ff34c575674:   ff ff ff 66 0f 1f 84 00 00 00 00 00 48 8b 7a 08
0x00007ff34c575684:   e9 6d ff ff ff 0f 1f 80 00 00 00 00 e8 5b 48 0a
0x00007ff34c575694:   00 84 c0 75 89 e9 6a ff ff ff 66 90 55 48 89 e5
0x00007ff34c5756a4:   41 56 41 55 41 54 49 89 fc 53 48 89 f3 66 48 8d
0x00007ff34c5756b4:   3d 27 5e 85 00 66 66 48 e8 df 43 8d ff 4c 8b 28
0x00007ff34c5756c4:   8b 05 be 72 8a 00 85 c0 75 14 ba 01 00 00 00 48
0x00007ff34c5756d4:   8d 0d ae 72 8a 00 f0 0f b1 11 85 c0 74 4e be c8
0x00007ff34c5756e4:   00 00 00 4c 89 ef e8 01 0b 41 00 48 8d 05 12 ac
0x00007ff34c5756f4:   85 00 49 89 d8 48 8d 0d e8 aa 53 00 ba 49 06 00
0x00007ff34c575704:   00 48 8d 35 3c 35 58 00 bf 00 00 00 e0 48 8b 00
0x00007ff34c575714:   c6 00 58 31 c0 e8 e2 91 c6 ff 5b 41 5c 41 5d 41
0x00007ff34c575724:   5e 5d e9 55 34 26 00 0f 1f 44 00 00 48 8d 05 81
0x00007ff34c575734:   a3 8b 00 48 89 df 4c 8b 30 e8 9e 43 8d ff 48 89
0x00007ff34c575744:   de 48 89 c2 49 8b 06 4c 89 f7 ff 50 08 4c 89 f7
0x00007ff34c575754:   e8 a7 5c 27 00 4d 85 e4 74 12 be 01 00 00 00 4c
0x00007ff34c575764:   89 e7 e8 35 43 fc ff eb 82 0f 1f 00 be 01 00 00
0x00007ff34c575774:   00 4c 89 ef e8 d3 fd ff ff e9 6d ff ff ff 66 66
0x00007ff34c575784:   2e 0f 1f 84 00 00 00 00 00 0f 1f 00 55 48 89 e5
0x00007ff34c575794:   41 57 41 56 41 55 41 54 53 48 81 ec 08 02 00 00
0x00007ff34c5757a4:   64 48 8b 04 25 28 00 00 00 48 89 45 c8 8b 07 83
0x00007ff34c5757b4:   f8 02 0f 84 11 04 00 00 4c 8b 6f 18 49 89 ff 49
0x00007ff34c5757c4:   89 f4 4d 85 ed 74 14 4c 89 ef e8 5d 57 22 00 41
0x00007ff34c5757d4:   8b 07 83 f8 02 0f 84 19 04 00 00 48 8d 1d 9a 06
0x00007ff34c5757e4:   8a 00 4c 8d 35 0b 3c 58 00 eb 38 90 48 85 d2 7f
0x00007ff34c5757f4:   0d 48 8d 05 b4 c0 85 00 48 83 38 00 7e 0e 41 8b
0x00007ff34c575804:   77 2c 4c 89 f7 31 c0 e8 a0 b2 f7 ff 49 8b 7f 18 


Stack slot to memory mapping:
stack at sp + 0 slots: 0x00007ff348b16940 is pointing into the stack for thread: 0x00007ff3440b2210
stack at sp + 1 slots: 0x00007ff3440b2210 is a thread
stack at sp + 2 slots: 0x00007ff34a38e8c8 points into unknown readable memory: 0x6573001880c9ffff | ff ff c9 80 18 00 73 65
stack at sp + 3 slots: 0x0000000800c417a0 is a pointer to class: 
jdk.vm.ci.services.Services {0x0000000800c417a0}
 - instance size:     2
 - klass size:        65
 - access:            public final synchronized 
 - state:             fully_initialized
 - name:              'jdk/vm/ci/services/Services'
 - super:             'java/lang/Object'
 - sub:               
 - arrays:            NULL
 - methods:           Array<T>(0x00007ff349443588)
 - method ordering:   Array<T>(0x0000000800928960)
 - default_methods:   Array<T>(0x0000000000000000)
 - local interfaces:  Array<T>(0x00000008005ce810)
 - trans. interfaces: Array<T>(0x00000008005ce810)
 - constants:         constant pool [427] {0x00007ff349442668} for 'jdk/vm/ci/services/Services' cache=0x00007ff349444858
 - class loader data:  loader data: 0x00007ff3440283f0 of 'bootstrap'
 - source file:       'Services.java'
 - class annotations:       Array<T>(0x0000000000000000)
 - class type annotations:  Array<T>(0x0000000000000000)
 - field annotations:       Array<T>(0x0000000000000000)
 - field type annotations:  Array<T>(0x0000000000000000)
 - inner classes:     Array<T>(0x00007ff349444828)
 - nest members:     Array<T>(0x00007ff349444848)
 - permitted subclasses:     Array<T>(0x00000008005ce7a0)
 - java mirror:       a 'java/lang/Class'{0x00000000e017c6c8} = 'jdk/vm/ci/services/Services'
 - vtable length      5  (start addr: 0x0000000800c41970)
 - itable length      2 (start addr: 0x0000000800c41998)
 - ---- static fields (3 words):
 - public static final 'IS_BUILDING_NATIVE_IMAGE' 'Z' @128 
 - public static final 'IS_IN_NATIVE_IMAGE' 'Z' @129 
 - private static volatile 'savedProperties' 'Ljava/util/Map;' @112 
 - static final 'JVMCI_ENABLED' 'Z' @130 
 - private static final 'servicesCache' 'Ljava/util/Map;' @116 
 - private static final 'MAX_UNICODE_IN_UTF8_LENGTH' 'I' @120 
 - private static final 'MAX_UTF8_PROPERTY_STRING_LENGTH' 'I' @124 
 - ---- non-static fields (0 words):
 - non-static oop maps: 
stack at sp + 4 slots: 0x00007ff348b16500 is pointing into the stack for thread: 0x00007ff3440b2210
stack at sp + 5 slots: 0x00007ff34c5412fe: <offset 0x000000000093e2fe> in /nix/store/gpxl5qgg8kicmcvivwmybwjlpf7wh20l-graalvm17-ce-22.3.0/lib/server/libjvm.so at 0x00007ff34bc03000
stack at sp + 6 slots: 0x00007ff348b163e0 is pointing into the stack for thread: 0x00007ff3440b2210
stack at sp + 7 slots: 0x00007ff348b16440 is pointing into the stack for thread: 0x00007ff3440b2210


---------------  P R O C E S S  ---------------

Threads class SMR info:
_java_thread_list=0x000055f8ac961830, length=29, elements={
0x00007ff344026690, 0x00007ff3440a64d0, 0x00007ff3440a7910, 0x00007ff3440ae080,
0x00007ff3440af430, 0x00007ff3440b0820, 0x00007ff3440b2210, 0x00007ff3440b3720,
0x00007ff3440b4b70, 0x00007ff3440d7ea0, 0x00007ff344127740, 0x00007ff34430acf0,
0x00007ff34433e930, 0x00007ff344340830, 0x00007ff34439fc70, 0x00007ff2dc0170d0,
0x00007ff2dc2a0e50, 0x00007ff2cc0010d0, 0x00007ff2dc47f820, 0x00007ff2dc5ef3f0,
0x00007ff34438ea40, 0x00007ff3443af280, 0x000055f8ac95f020, 0x00007ff2d8185180,
0x00007ff2d8054e60, 0x00007ff2d818b090, 0x00007ff2d818b610, 0x00007ff2d818c410,
0x000055f8ac923fe0
}

Java Threads: ( => current thread )
  0x00007ff344026690 JavaThread "main" [_thread_blocked, id=338, stack(0x00007ff34ba1e000,0x00007ff34bb1e000)]
  0x00007ff3440a64d0 JavaThread "Reference Handler" daemon [_thread_blocked, id=341, stack(0x00007ff3491fe000,0x00007ff3492fe000)]
  0x00007ff3440a7910 JavaThread "Finalizer" daemon [_thread_blocked, id=342, stack(0x00007ff3490fe000,0x00007ff3491fe000)]
  0x00007ff3440ae080 JavaThread "Signal Dispatcher" daemon [_thread_blocked, id=343, stack(0x00007ff348d18000,0x00007ff348e18000)]
  0x00007ff3440af430 JavaThread "Service Thread" daemon [_thread_blocked, id=344, stack(0x00007ff348c18000,0x00007ff348d18000)]
  0x00007ff3440b0820 JavaThread "Monitor Deflation Thread" daemon [_thread_blocked, id=345, stack(0x00007ff348b18000,0x00007ff348c18000)]
=>0x00007ff3440b2210 JavaThread "JVMCI-native CompilerThread0" daemon [_thread_in_vm, id=346, stack(0x00007ff348918000,0x00007ff348b18000)]
  0x00007ff3440b3720 JavaThread "C1 CompilerThread0" daemon [_thread_blocked, id=347, stack(0x00007ff348718000,0x00007ff348918000)]
  0x00007ff3440b4b70 JavaThread "Sweeper thread" daemon [_thread_blocked, id=348, stack(0x00007ff348618000,0x00007ff348718000)]
  0x00007ff3440d7ea0 JavaThread "Common-Cleaner" daemon [_thread_blocked, id=350, stack(0x00007ff348518000,0x00007ff348618000)]
  0x00007ff344127740 JavaThread "Notification Thread" daemon [_thread_blocked, id=352, stack(0x00007ff348418000,0x00007ff348518000)]
  0x00007ff34430acf0 JavaThread "Active Thread: Equinox Container: 13b89cfa-c069-4c90-b133-7036a66cdba9" [_thread_blocked, id=365, stack(0x00007ff32b3b3000,0x00007ff32b4b3000)]
  0x00007ff34433e930 JavaThread "Framework Event Dispatcher: Equinox Container: 13b89cfa-c069-4c90-b133-7036a66cdba9" daemon [_thread_blocked, id=366, stack(0x00007ff328f00000,0x00007ff329000000)]
  0x00007ff344340830 JavaThread "Start Level: Equinox Container: 13b89cfa-c069-4c90-b133-7036a66cdba9" daemon [_thread_blocked, id=367, stack(0x00007ff328d00000,0x00007ff328e00000)]
  0x00007ff34439fc70 JavaThread "Refresh Thread: Equinox Container: 13b89cfa-c069-4c90-b133-7036a66cdba9" daemon [_thread_blocked, id=376, stack(0x00007ff328b00000,0x00007ff328c00000)]
  0x00007ff2dc0170d0 JavaThread "SCR Component Actor" daemon [_thread_blocked, id=377, stack(0x00007ff328a00000,0x00007ff328b00000)]
  0x00007ff2dc2a0e50 JavaThread "Worker-JM" [_thread_blocked, id=387, stack(0x00007ff328700000,0x00007ff328800000)]
  0x00007ff2cc0010d0 JavaThread "Worker-1: Compacting resource model" [_thread_blocked, id=397, stack(0x00007ff328300000,0x00007ff328400000)]
  0x00007ff2dc47f820 JavaThread "Java indexing" daemon [_thread_blocked, id=398, stack(0x00007ff328200000,0x00007ff328300000)]
  0x00007ff2dc5ef3f0 JavaThread "Bundle File Closer" daemon [_thread_blocked, id=399, stack(0x00007ff328100000,0x00007ff328200000)]
  0x00007ff34438ea40 JavaThread "pool-3-thread-1" [_thread_blocked, id=408, stack(0x00007ff2f2d00000,0x00007ff2f2e00000)]
  0x00007ff3443af280 JavaThread "pool-2-thread-1" [_thread_blocked, id=410, stack(0x00007ff328900000,0x00007ff328a00000)]
  0x000055f8ac95f020 JavaThread "Worker-5: Publish Diagnostics" [_thread_blocked, id=577, stack(0x00007ff2f2a00000,0x00007ff2f2b00000)]
  0x00007ff2d8185180 JavaThread "Thread-80" [_thread_blocked, id=804, stack(0x00007ff2f1f00000,0x00007ff2f2000000)]
  0x00007ff2d8054e60 JavaThread "Thread-81" [_thread_blocked, id=805, stack(0x00007ff2f1e00000,0x00007ff2f1f00000)]
  0x00007ff2d818b090 JavaThread "Thread-82" [_thread_blocked, id=806, stack(0x00007ff2f1700000,0x00007ff2f1800000)]
  0x00007ff2d818b610 JavaThread "Thread-83" [_thread_blocked, id=815, stack(0x00007ff2f1d00000,0x00007ff2f1e00000)]
  0x00007ff2d818c410 JavaThread "Thread-84" [_thread_blocked, id=824, stack(0x00007ff2f1900000,0x00007ff2f1a00000)]
  0x000055f8ac923fe0 JavaThread "Worker-6" [_thread_blocked, id=1584, stack(0x00007ff328e00000,0x00007ff328f00000)]

Other Threads:
  0x00007ff3440a1c10 VMThread "VM Thread" [stack: 0x00007ff349300000,0x00007ff349400000] [id=340] _threads_hazard_ptr=0x000055f8ac961830
  0x00007ff3441290e0 WatcherThread [stack: 0x00007ff348318000,0x00007ff348418000] [id=353]
  0x00007ff34403df30 GCTaskThread "GC Thread#0" [stack: 0x00007ff34b5e1000,0x00007ff34b6e1000] [id=339]

Threads with active compile tasks:
JVMCI-native CompilerThread0   451553 11823   !   4       org.eclipse.jdt.ls.core.internal.CancellableProgressMonitor::isCanceled (33 bytes)

VM state: synchronizing (normal execution)

VM Mutex/Monitor currently owned by a thread:  ([mutex/lock_event])
[0x00007ff344023840] Threads_lock - owner thread: 0x00007ff3440a1c10
[0x00007ff344023ff0] Heap_lock - owner thread: 0x00007ff2dc47f820

OutOfMemory and StackOverflow Exception counts:
OutOfMemoryError java_heap_errors=1
LinkageErrors=67

Heap address: 0x00000000e0000000, size: 512 MB, Compressed Oops mode: 32-bit

CDS archive(s) mapped at: [0x0000000800000000-0x0000000800bc8000-0x0000000800bc8000), size 12353536, SharedBaseAddress: 0x0000000800000000, ArchiveRelocationMode: 0.
Compressed class space mapped at: 0x0000000800c00000-0x0000000840c00000, reserved size: 1073741824
Narrow klass base: 0x0000000800000000, Narrow klass shift: 0, Narrow klass range: 0x100000000

GC Precious Log:
 CPUs: 4 total, 1 available
 Memory: 1024M
 Large Page Support: Disabled
 NUMA Support: Disabled
 Compressed Oops: Enabled (32-bit)
 Alignments: Space 512K, Generation 512K, Heap 2M
 Heap Min Capacity: 100M
 Heap Initial Capacity: 100M
 Heap Max Capacity: 512M
 Pre-touch: Disabled
 Parallel Workers: 1

Heap:
 PSYoungGen      total 58880K, used 46079K [0x00000000f5580000, 0x00000000f9d80000, 0x0000000100000000)
  eden space 46080K, 99% used [0x00000000f5580000,0x00000000f827fff8,0x00000000f8280000)
  from space 12800K, 0% used [0x00000000f9000000,0x00000000f9000000,0x00000000f9c80000)
  to   space 13312K, 0% used [0x00000000f8280000,0x00000000f8280000,0x00000000f8f80000)
 ParOldGen       total 349696K, used 349695K [0x00000000e0000000, 0x00000000f5580000, 0x00000000f5580000)
  object space 349696K, 99% used [0x00000000e0000000,0x00000000f557ffc0,0x00000000f5580000)
 Metaspace       used 65020K, committed 66048K, reserved 1114112K
  class space    used 6165K, committed 6656K, reserved 1048576K

Card table byte_map: [0x00007ff34b6e1000,0x00007ff34b7e2000] _byte_map_base: 0x00007ff34afe1000

Marking Bits: (ParMarkBitMap*) 0x00007ff34ce314c0
 Begin Bits: [0x00007ff34a534000, 0x00007ff34ad34000)
 End Bits:   [0x00007ff34ad34000, 0x00007ff34b534000)

Polling page: 0x00007ff34b9fb000

Metaspace:

Usage:
  Non-class:     57.48 MB used.
      Class:      6.02 MB used.
       Both:     63.50 MB used.

Virtual space:
  Non-class space:       64.00 MB reserved,      58.00 MB ( 91%) committed,  8 nodes.
      Class space:        1.00 GB reserved,       6.50 MB ( <1%) committed,  1 nodes.
             Both:        1.06 GB reserved,      64.50 MB (  6%) committed. 

Chunk freelists:
   Non-Class:  1.99 MB
       Class:  1.61 MB
        Both:  3.60 MB

MaxMetaspaceSize: unlimited
CompressedClassSpaceSize: 1.00 GB
Initial GC threshold: 21.00 MB
Current GC threshold: 107.44 MB
CDS: on
MetaspaceReclaimPolicy: balanced
 - commit_granule_bytes: 65536.
 - commit_granule_words: 8192.
 - virtual_space_node_default_size: 1048576.
 - enlarge_chunks_in_place: 1.
 - new_chunks_are_fully_committed: 0.
 - uncommit_free_chunks: 1.
 - use_allocation_guard: 0.
 - handle_deallocations: 1.


Internal statistics:

num_allocs_failed_limit: 6.
num_arena_births: 540.
num_arena_deaths: 152.
num_vsnodes_births: 9.
num_vsnodes_deaths: 0.
num_space_committed: 1029.
num_space_uncommitted: 0.
num_chunks_returned_to_freelist: 214.
num_chunks_taken_from_freelist: 3093.
num_chunk_merges: 87.
num_chunk_splits: 2028.
num_chunks_enlarged: 1280.
num_purges: 20.
num_inconsistent_stats: 0.

CodeHeap 'non-profiled nmethods': size=120036Kb used=2925Kb max_used=2925Kb free=117110Kb
 bounds [0x00007ff332f7a000, 0x00007ff33325a000, 0x00007ff33a4b3000]
CodeHeap 'profiled nmethods': size=120032Kb used=21537Kb max_used=21537Kb free=98494Kb
 bounds [0x00007ff32ba42000, 0x00007ff32cf52000, 0x00007ff332f7a000]
CodeHeap 'non-nmethods': size=5692Kb used=1387Kb max_used=1402Kb free=4304Kb
 bounds [0x00007ff32b4b3000, 0x00007ff32b723000, 0x00007ff32ba42000]
 total_blobs=10174 nmethods=9453 adapters=627
 compilation: enabled
              stopped_count=0, restarted_count=0
 full_count=0

JVMCI Events (20 events):
Event: 295.565 Thread 0x00007ff3440b2210 releasing handles for JVMCI runtime 0: oop handles=138, metadata handles={total=1248, live=1127, blocks=39}
Event: 295.565 Thread 0x00007ff3440b2210 detached from JVMCI runtime 0
Event: 348.969 Thread 0x00007ff3440b2210 attached to JVMCI runtime 0
Event: 348.970 Thread 0x00007ff3440b2210 created JavaVM[2]@0x00007ff2f119e340 for JVMCI runtime 0
Event: 350.629 Thread 0x00007ff3440b2210 initializing JVMCI runtime 0
Event: 350.629 Thread 0x00007ff3440b2210 done waiting for JavaVM references initialization in JVMCI runtime 0
Event: 352.227 Thread 0x00007ff3440b2210 initialized JVMCI runtime 0
Event: 398.812 Thread 0x00007ff3440b2210 compacted oop handles in JVMCI runtime 0 from 78 to 76
Event: 400.208 Thread 0x00007ff3440b2210 detaching from JVMCI runtime 0: releasing idle compiler thread (0 other threads still attached)
Event: 400.208 Thread 0x00007ff3440b2210 shutting down HotSpotJVMCIRuntime for JVMCI runtime 0
Event: 401.616 Thread 0x00007ff3440b2210 compacted oop handles in JVMCI runtime 0 from 78 to 37
Event: 401.616 Thread 0x00007ff3440b2210 shut down JVMCI runtime 0
Event: 401.619 Thread 0x00007ff3440b2210 destroyed JavaVM[2]@0x00007ff2f119e340 for JVMCI runtime 0
Event: 401.619 Thread 0x00007ff3440b2210 compacted oop handles in JVMCI runtime 0 from 37 to 37
Event: 401.619 Thread 0x00007ff3440b2210 releasing handles for JVMCI runtime 0: oop handles=37, metadata handles={total=147, live=142, blocks=39}
Event: 401.619 Thread 0x00007ff3440b2210 detached from JVMCI runtime 0
Event: 438.025 Thread 0x00007ff3440b2210 attached to JVMCI runtime 0
Event: 438.027 Thread 0x00007ff3440b2210 created JavaVM[3]@0x00007ff2f119e340 for JVMCI runtime 0
Event: 439.478 Thread 0x00007ff3440b2210 initializing JVMCI runtime 0
Event: 439.478 Thread 0x00007ff3440b2210 done waiting for JavaVM references initialization in JVMCI runtime 0

Compilation events (20 events):
Event: 290.996 Thread 0x00007ff3440b2210 nmethod 11676 0x00007ff333251b90 code [0x00007ff333251d00, 0x00007ff333251d40]
Event: 290.996 Thread 0x00007ff3440b2210 11399       4       org.eclipse.jface.text.CopyOnWriteTextStore::getLength (10 bytes)
Event: 290.997 Thread 0x00007ff3440b2210 nmethod 11399 0x00007ff333251e90 code [0x00007ff333252000, 0x00007ff333252070]
Event: 290.997 Thread 0x00007ff3440b2210 11744       4       org.eclipse.jdt.internal.compiler.lookup.TypeBinding::signature (5 bytes)
Event: 292.404 Thread 0x00007ff3440b2210 nmethod 11744 0x00007ff333252190 code [0x00007ff333252300, 0x00007ff333252360]
Event: 292.404 Thread 0x00007ff3440b2210 10146       4       org.eclipse.jdt.internal.compiler.env.ITypeAnnotationWalker$1::toThrows (2 bytes)
Event: 292.404 Thread 0x00007ff3440b2210 nmethod 10146 0x00007ff333252490 code [0x00007ff333252600, 0x00007ff333252640]
Event: 292.404 Thread 0x00007ff3440b2210 11203       4       org.eclipse.osgi.framework.util.ArrayMap::getValue (11 bytes)
Event: 292.408 Thread 0x00007ff3440b2210 nmethod 11203 0x00007ff333252790 code [0x00007ff333252900, 0x00007ff333252970]
Event: 348.969 Thread 0x00007ff3440b2210 11819       4       org.eclipse.jdt.internal.core.JavaProject::equals (35 bytes)
Event: 358.180 Thread 0x00007ff3440b3720 11821       3       org.eclipse.core.runtime.jobs.Job::getRule (5 bytes)
Event: 359.693 Thread 0x00007ff3440b3720 nmethod 11821 0x00007ff32cf49f90 code [0x00007ff32cf4a120, 0x00007ff32cf4a230]
Event: 368.749 Thread 0x00007ff3440b3720 11822       3       java.util.concurrent.ThreadPoolExecutor::runStateAtLeast (11 bytes)
Event: 368.750 Thread 0x00007ff3440b3720 nmethod 11822 0x00007ff32cf4a310 code [0x00007ff32cf4a4a0, 0x00007ff32cf4a5f0]
Event: 368.750 Thread 0x00007ff3440b2210 nmethod 11819 0x00007ff333252a90 code [0x00007ff333252c40, 0x00007ff333252ef0]
Event: 368.750 Thread 0x00007ff3440b2210 11820 %     4       java.io.DataOutputStream::writeUTF @ 10 (411 bytes)
Event: 398.812 Thread 0x00007ff3440b2210 nmethod 11820% 0x00007ff333253190 code [0x00007ff333253400, 0x00007ff333254910]
Event: 398.813 Thread 0x00007ff3440b2210 11818       4       org.eclipse.jdt.internal.core.util.LRUCache::privateRemoveEntry (79 bytes)
Event: 398.858 Thread 0x00007ff3440b2210 nmethod 11818 0x00007ff333255290 code [0x00007ff333255400, 0x00007ff3332554d8]
Event: 438.025 Thread 0x00007ff3440b2210 11823   !   4       org.eclipse.jdt.ls.core.internal.CancellableProgressMonitor::isCanceled (33 bytes)

GC Heap History (20 events):
Event: 434.792 GC heap before
{Heap before GC invocations=299 (full 216):
 PSYoungGen      total 58880K, used 46080K [0x00000000f5580000, 0x00000000f9d80000, 0x0000000100000000)
  eden space 46080K, 100% used [0x00000000f5580000,0x00000000f8280000,0x00000000f8280000)
  from space 12800K, 0% used [0x00000000f9000000,0x00000000f9000000,0x00000000f9c80000)
  to   space 13312K, 0% used [0x00000000f8280000,0x00000000f8280000,0x00000000f8f80000)
 ParOldGen       total 349696K, used 349693K [0x00000000e0000000, 0x00000000f5580000, 0x00000000f5580000)
  object space 349696K, 99% used [0x00000000e0000000,0x00000000f557f578,0x00000000f5580000)
 Metaspace       used 65020K, committed 66048K, reserved 1114112K
  class space    used 6165K, committed 6656K, reserved 1048576K
}
Event: 436.583 GC heap after
{Heap after GC invocations=299 (full 216):
 PSYoungGen      total 59392K, used 46079K [0x00000000f5580000, 0x00000000f9d80000, 0x0000000100000000)
  eden space 46080K, 99% used [0x00000000f5580000,0x00000000f827ffb8,0x00000000f8280000)
  from space 13312K, 0% used [0x00000000f8280000,0x00000000f8280000,0x00000000f8f80000)
  to   space 12800K, 0% used [0x00000000f9000000,0x00000000f9000000,0x00000000f9c80000)
 ParOldGen       total 349696K, used 349693K [0x00000000e0000000, 0x00000000f5580000, 0x00000000f5580000)
  object space 349696K, 99% used [0x00000000e0000000,0x00000000f557f418,0x00000000f5580000)
 Metaspace       used 65020K, committed 66048K, reserved 1114112K
  class space    used 6165K, committed 6656K, reserved 1048576K
}
Event: 436.590 GC heap before
{Heap before GC invocations=300 (full 217):
 PSYoungGen      total 59392K, used 46079K [0x00000000f5580000, 0x00000000f9d80000, 0x0000000100000000)
  eden space 46080K, 99% used [0x00000000f5580000,0x00000000f827fff0,0x00000000f8280000)
  from space 13312K, 0% used [0x00000000f8280000,0x00000000f8280000,0x00000000f8f80000)
  to   space 12800K, 0% used [0x00000000f9000000,0x00000000f9000000,0x00000000f9c80000)
 ParOldGen       total 349696K, used 349693K [0x00000000e0000000, 0x00000000f5580000, 0x00000000f5580000)
  object space 349696K, 99% used [0x00000000e0000000,0x00000000f557f418,0x00000000f5580000)
 Metaspace       used 65020K, committed 66048K, reserved 1114112K
  class space    used 6165K, committed 6656K, reserved 1048576K
}
Event: 438.025 GC heap after
{Heap after GC invocations=300 (full 217):
 PSYoungGen      total 58880K, used 46079K [0x00000000f5580000, 0x00000000f9d80000, 0x0000000100000000)
  eden space 46080K, 99% used [0x00000000f5580000,0x00000000f827fff0,0x00000000f8280000)
  from space 12800K, 0% used [0x00000000f9000000,0x00000000f9000000,0x00000000f9c80000)
  to   space 13312K, 0% used [0x00000000f8280000,0x00000000f8280000,0x00000000f8f80000)
 ParOldGen       total 349696K, used 349692K [0x00000000e0000000, 0x00000000f5580000, 0x00000000f5580000)
  object space 349696K, 99% used [0x00000000e0000000,0x00000000f557f3c8,0x00000000f5580000)
 Metaspace       used 65020K, committed 66048K, reserved 1114112K
  class space    used 6165K, committed 6656K, reserved 1048576K
}
Event: 438.028 GC heap before
{Heap before GC invocations=301 (full 218):
 PSYoungGen      total 58880K, used 46079K [0x00000000f5580000, 0x00000000f9d80000, 0x0000000100000000)
  eden space 46080K, 99% used [0x00000000f5580000,0x00000000f827fff0,0x00000000f8280000)
  from space 12800K, 0% used [0x00000000f9000000,0x00000000f9000000,0x00000000f9c80000)
  to   space 13312K, 0% used [0x00000000f8280000,0x00000000f8280000,0x00000000f8f80000)
 ParOldGen       total 349696K, used 349695K [0x00000000e0000000, 0x00000000f5580000, 0x00000000f5580000)
  object space 349696K, 99% used [0x00000000e0000000,0x00000000f557fff8,0x00000000f5580000)
 Metaspace       used 65020K, committed 66048K, reserved 1114112K
  class space    used 6165K, committed 6656K, reserved 1048576K
}
Event: 439.478 GC heap after
{Heap after GC invocations=301 (full 218):
 PSYoungGen      total 59392K, used 46079K [0x00000000f5580000, 0x00000000f9d80000, 0x0000000100000000)
  eden space 46080K, 99% used [0x00000000f5580000,0x00000000f827ffd8,0x00000000f8280000)
  from space 13312K, 0% used [0x00000000f8280000,0x00000000f8280000,0x00000000f8f80000)
  to   space 12800K, 0% used [0x00000000f9000000,0x00000000f9000000,0x00000000f9c80000)
 ParOldGen       total 349696K, used 349695K [0x00000000e0000000, 0x00000000f5580000, 0x00000000f5580000)
  object space 349696K, 99% used [0x00000000e0000000,0x00000000f557fdb0,0x00000000f5580000)
 Metaspace       used 65020K, committed 66048K, reserved 1114112K
  class space    used 6165K, committed 6656K, reserved 1048576K
}
Event: 439.478 GC heap before
{Heap before GC invocations=302 (full 219):
 PSYoungGen      total 59392K, used 46079K [0x00000000f5580000, 0x00000000f9d80000, 0x0000000100000000)
  eden space 46080K, 99% used [0x00000000f5580000,0x00000000f827fff8,0x00000000f8280000)
  from space 13312K, 0% used [0x00000000f8280000,0x00000000f8280000,0x00000000f8f80000)
  to   space 12800K, 0% used [0x00000000f9000000,0x00000000f9000000,0x00000000f9c80000)
 ParOldGen       total 349696K, used 349695K [0x00000000e0000000, 0x00000000f5580000, 0x00000000f5580000)
  object space 349696K, 99% used [0x00000000e0000000,0x00000000f557fdb0,0x00000000f5580000)
 Metaspace       used 65020K, committed 66048K, reserved 1114112K
  class space    used 6165K, committed 6656K, reserved 1048576K
}
Event: 441.215 GC heap after
{Heap after GC invocations=302 (full 219):
 PSYoungGen      total 58880K, used 46079K [0x00000000f5580000, 0x00000000f9d80000, 0x0000000100000000)
  eden space 46080K, 99% used [0x00000000f5580000,0x00000000f827fff8,0x00000000f8280000)
  from space 12800K, 0% used [0x00000000f9000000,0x00000000f9000000,0x00000000f9c80000)
  to   space 13312K, 0% used [0x00000000f8280000,0x00000000f8280000,0x00000000f8f80000)
 ParOldGen       total 349696K, used 349695K [0x00000000e0000000, 0x00000000f5580000, 0x00000000f5580000)
  object space 349696K, 99% used [0x00000000e0000000,0x00000000f557fdb0,0x00000000f5580000)
 Metaspace       used 65020K, committed 66048K, reserved 1114112K
  class space    used 6165K, committed 6656K, reserved 1048576K
}
Event: 441.220 GC heap before
{Heap before GC invocations=303 (full 220):
 PSYoungGen      total 58880K, used 46079K [0x00000000f5580000, 0x00000000f9d80000, 0x0000000100000000)
  eden space 46080K, 99% used [0x00000000f5580000,0x00000000f827fff8,0x00000000f8280000)
  from space 12800K, 0% used [0x00000000f9000000,0x00000000f9000000,0x00000000f9c80000)
  to   space 13312K, 0% used [0x00000000f8280000,0x00000000f8280000,0x00000000f8f80000)
 ParOldGen       total 349696K, used 349695K [0x00000000e0000000, 0x00000000f5580000, 0x00000000f5580000)
  object space 349696K, 99% used [0x00000000e0000000,0x00000000f557fff8,0x00000000f5580000)
 Metaspace       used 65020K, committed 66048K, reserved 1114112K
  class space    used 6165K, committed 6656K, reserved 1048576K
}
Event: 442.908 GC heap after
{Heap after GC invocations=303 (full 220):
 PSYoungGen      total 59392K, used 46079K [0x00000000f5580000, 0x00000000f9d80000, 0x0000000100000000)
  eden space 46080K, 99% used [0x00000000f5580000,0x00000000f827ffd8,0x00000000f8280000)
  from space 13312K, 0% used [0x00000000f8280000,0x00000000f8280000,0x00000000f8f80000)
  to   space 12800K, 0% used [0x00000000f9000000,0x00000000f9000000,0x00000000f9c80000)
 ParOldGen       total 349696K, used 349695K [0x00000000e0000000, 0x00000000f5580000, 0x00000000f5580000)
  object space 349696K, 99% used [0x00000000e0000000,0x00000000f557fea0,0x00000000f5580000)
 Metaspace       used 65020K, committed 66048K, reserved 1114112K
  class space    used 6165K, committed 6656K, reserved 1048576K
}
Event: 442.910 GC heap before
{Heap before GC invocations=304 (full 221):
 PSYoungGen      total 59392K, used 46080K [0x00000000f5580000, 0x00000000f9d80000, 0x0000000100000000)
  eden space 46080K, 100% used [0x00000000f5580000,0x00000000f8280000,0x00000000f8280000)
  from space 13312K, 0% used [0x00000000f8280000,0x00000000f8280000,0x00000000f8f80000)
  to   space 12800K, 0% used [0x00000000f9000000,0x00000000f9000000,0x00000000f9c80000)
 ParOldGen       total 349696K, used 349695K [0x00000000e0000000, 0x00000000f5580000, 0x00000000f5580000)
  object space 349696K, 99% used [0x00000000e0000000,0x00000000f557fea0,0x00000000f5580000)
 Metaspace       used 65020K, committed 66048K, reserved 1114112K
  class space    used 6165K, committed 6656K, reserved 1048576K
}
Event: 444.308 GC heap after
{Heap after GC invocations=304 (full 221):
 PSYoungGen      total 58880K, used 46080K [0x00000000f5580000, 0x00000000f9d80000, 0x0000000100000000)
  eden space 46080K, 100% used [0x00000000f5580000,0x00000000f8280000,0x00000000f8280000)
  from space 12800K, 0% used [0x00000000f9000000,0x00000000f9000000,0x00000000f9c80000)
  to   space 13312K, 0% used [0x00000000f8280000,0x00000000f8280000,0x00000000f8f80000)
 ParOldGen       total 349696K, used 349695K [0x00000000e0000000, 0x00000000f5580000, 0x00000000f5580000)
  object space 349696K, 99% used [0x00000000e0000000,0x00000000f557fe80,0x00000000f5580000)
 Metaspace       used 65020K, committed 66048K, reserved 1114112K
  class space    used 6165K, committed 6656K, reserved 1048576K
}
Event: 444.309 GC heap before
{Heap before GC invocations=305 (full 222):
 PSYoungGen      total 58880K, used 46080K [0x00000000f5580000, 0x00000000f9d80000, 0x0000000100000000)
  eden space 46080K, 100% used [0x00000000f5580000,0x00000000f8280000,0x00000000f8280000)
  from space 12800K, 0% used [0x00000000f9000000,0x00000000f9000000,0x00000000f9c80000)
  to   space 13312K, 0% used [0x00000000f8280000,0x00000000f8280000,0x00000000f8f80000)
 ParOldGen       total 349696K, used 349696K [0x00000000e0000000, 0x00000000f5580000, 0x00000000f5580000)
  object space 349696K, 100% used [0x00000000e0000000,0x00000000f5580000,0x00000000f5580000)
 Metaspace       used 65020K, committed 66048K, reserved 1114112K
  class space    used 6165K, committed 6656K, reserved 1048576K
}
Event: 445.963 GC heap after
{Heap after GC invocations=305 (full 222):
 PSYoungGen      total 59392K, used 46080K [0x00000000f5580000, 0x00000000f9d80000, 0x0000000100000000)
  eden space 46080K, 100% used [0x00000000f5580000,0x00000000f8280000,0x00000000f8280000)
  from space 13312K, 0% used [0x00000000f8280000,0x00000000f8280000,0x00000000f8f80000)
  to   space 12800K, 0% used [0x00000000f9000000,0x00000000f9000000,0x00000000f9c80000)
 ParOldGen       total 349696K, used 349695K [0x00000000e0000000, 0x00000000f5580000, 0x00000000f5580000)
  object space 349696K, 99% used [0x00000000e0000000,0x00000000f557fe80,0x00000000f5580000)
 Metaspace       used 65020K, committed 66048K, reserved 1114112K
  class space    used 6165K, committed 6656K, reserved 1048576K
}
Event: 445.963 GC heap before
{Heap before GC invocations=306 (full 223):
 PSYoungGen      total 59392K, used 46080K [0x00000000f5580000, 0x00000000f9d80000, 0x0000000100000000)
  eden space 46080K, 100% used [0x00000000f5580000,0x00000000f8280000,0x00000000f8280000)
  from space 13312K, 0% used [0x00000000f8280000,0x00000000f8280000,0x00000000f8f80000)
  to   space 12800K, 0% used [0x00000000f9000000,0x00000000f9000000,0x00000000f9c80000)
 ParOldGen       total 349696K, used 349696K [0x00000000e0000000, 0x00000000f5580000, 0x00000000f5580000)
  object space 349696K, 100% used [0x00000000e0000000,0x00000000f5580000,0x00000000f5580000)
 Metaspace       used 65020K, committed 66048K, reserved 1114112K
  class space    used 6165K, committed 6656K, reserved 1048576K
}
Event: 447.638 GC heap after
{Heap after GC invocations=306 (full 223):
 PSYoungGen      total 58880K, used 46080K [0x00000000f5580000, 0x00000000f9d80000, 0x0000000100000000)
  eden space 46080K, 100% used [0x00000000f5580000,0x00000000f8280000,0x00000000f8280000)
  from space 12800K, 0% used [0x00000000f9000000,0x00000000f9000000,0x00000000f9c80000)
  to   space 13312K, 0% used [0x00000000f8280000,0x00000000f8280000,0x00000000f8f80000)
 ParOldGen       total 349696K, used 349695K [0x00000000e0000000, 0x00000000f5580000, 0x00000000f5580000)
  object space 349696K, 99% used [0x00000000e0000000,0x00000000f557fe80,0x00000000f5580000)
 Metaspace       used 65020K, committed 66048K, reserved 1114112K
  class space    used 6165K, committed 6656K, reserved 1048576K
}
Event: 447.639 GC heap before
{Heap before GC invocations=307 (full 224):
 PSYoungGen      total 58880K, used 46080K [0x00000000f5580000, 0x00000000f9d80000, 0x0000000100000000)
  eden space 46080K, 100% used [0x00000000f5580000,0x00000000f8280000,0x00000000f8280000)
  from space 12800K, 0% used [0x00000000f9000000,0x00000000f9000000,0x00000000f9c80000)
  to   space 13312K, 0% used [0x00000000f8280000,0x00000000f8280000,0x00000000f8f80000)
 ParOldGen       total 349696K, used 349695K [0x00000000e0000000, 0x00000000f5580000, 0x00000000f5580000)
  object space 349696K, 99% used [0x00000000e0000000,0x00000000f557fef8,0x00000000f5580000)
 Metaspace       used 65020K, committed 66048K, reserved 1114112K
  class space    used 6165K, committed 6656K, reserved 1048576K
}
Event: 449.281 GC heap after
{Heap after GC invocations=307 (full 224):
 PSYoungGen      total 59392K, used 46079K [0x00000000f5580000, 0x00000000f9d80000, 0x0000000100000000)
  eden space 46080K, 99% used [0x00000000f5580000,0x00000000f827ffe0,0x00000000f8280000)
  from space 13312K, 0% used [0x00000000f8280000,0x00000000f8280000,0x00000000f8f80000)
  to   space 12800K, 0% used [0x00000000f9000000,0x00000000f9000000,0x00000000f9c80000)
 ParOldGen       total 349696K, used 349695K [0x00000000e0000000, 0x00000000f5580000, 0x00000000f5580000)
  object space 349696K, 99% used [0x00000000e0000000,0x00000000f557fe98,0x00000000f5580000)
 Metaspace       used 65020K, committed 66048K, reserved 1114112K
  class space    used 6165K, committed 6656K, reserved 1048576K
}
Event: 449.281 GC heap before
{Heap before GC invocations=308 (full 225):
 PSYoungGen      total 59392K, used 46079K [0x00000000f5580000, 0x00000000f9d80000, 0x0000000100000000)
  eden space 46080K, 99% used [0x00000000f5580000,0x00000000f827ffe0,0x00000000f8280000)
  from space 13312K, 0% used [0x00000000f8280000,0x00000000f8280000,0x00000000f8f80000)
  to   space 12800K, 0% used [0x00000000f9000000,0x00000000f9000000,0x00000000f9c80000)
 ParOldGen       total 349696K, used 349695K [0x00000000e0000000, 0x00000000f5580000, 0x00000000f5580000)
  object space 349696K, 99% used [0x00000000e0000000,0x00000000f557fe98,0x00000000f5580000)
 Metaspace       used 65020K, committed 66048K, reserved 1114112K
  class space    used 6165K, committed 6656K, reserved 1048576K
}
Event: 451.343 GC heap after
{Heap after GC invocations=308 (full 225):
 PSYoungGen      total 58880K, used 46079K [0x00000000f5580000, 0x00000000f9d80000, 0x0000000100000000)
  eden space 46080K, 99% used [0x00000000f5580000,0x00000000f827ffe0,0x00000000f8280000)
  from space 12800K, 0% used [0x00000000f9000000,0x00000000f9000000,0x00000000f9c80000)
  to   space 13312K, 0% used [0x00000000f8280000,0x00000000f8280000,0x00000000f8f80000)
 ParOldGen       total 349696K, used 349695K [0x00000000e0000000, 0x00000000f5580000, 0x00000000f5580000)
  object space 349696K, 99% used [0x00000000e0000000,0x00000000f557fe98,0x00000000f5580000)
 Metaspace       used 65020K, committed 66048K, reserved 1114112K
  class space    used 6165K, committed 6656K, reserved 1048576K
}

Dll operation events (9 events):
Event: 0.007 Loaded shared library /nix/store/gpxl5qgg8kicmcvivwmybwjlpf7wh20l-graalvm17-ce-22.3.0/lib/libjava.so
Event: 0.029 Loaded shared library /nix/store/gpxl5qgg8kicmcvivwmybwjlpf7wh20l-graalvm17-ce-22.3.0/lib/libjsvml.so
Event: 0.560 Loaded shared library /nix/store/gpxl5qgg8kicmcvivwmybwjlpf7wh20l-graalvm17-ce-22.3.0/lib/libnio.so
Event: 0.569 Loaded shared library /nix/store/gpxl5qgg8kicmcvivwmybwjlpf7wh20l-graalvm17-ce-22.3.0/lib/libzip.so
Event: 0.575 Loaded shared library /nix/store/gpxl5qgg8kicmcvivwmybwjlpf7wh20l-graalvm17-ce-22.3.0/lib/libjvmcicompiler.so
Event: 1.160 Loaded shared library /nix/store/gpxl5qgg8kicmcvivwmybwjlpf7wh20l-graalvm17-ce-22.3.0/lib/libjimage.so
Event: 1.780 Loaded shared library /nix/store/gpxl5qgg8kicmcvivwmybwjlpf7wh20l-graalvm17-ce-22.3.0/lib/libnet.so
Event: 5.322 Loaded shared library /home/runner/.cache/jdt-language-server/config/org.eclipse.equinox.launcher/org.eclipse.equinox.launcher.gtk.linux.x86_64_1.2.400.v20211117-0650/eclipse_11600.so
Event: 15.993 Loaded shared library /nix/store/gpxl5qgg8kicmcvivwmybwjlpf7wh20l-graalvm17-ce-22.3.0/lib/libextnet.so

Deoptimization events (20 events):
Event: 120.607 Thread 0x00007ff2cc0010d0 DEOPT PACKING pc=0x00007ff32cde9760 sp=0x00007ff3283fd9d0
Event: 120.607 Thread 0x00007ff2cc0010d0 DEOPT UNPACKING pc=0x00007ff32b505325 sp=0x00007ff3283fcea0 mode 0
Event: 122.161 Thread 0x00007ff2d8174680 DEOPT PACKING pc=0x00007ff32cde9760 sp=0x00007ff2f1bfd940
Event: 122.161 Thread 0x00007ff2d8174680 DEOPT UNPACKING pc=0x00007ff32b505325 sp=0x00007ff2f1bfce10 mode 0
Event: 146.952 Thread 0x000055f8ac95f020 DEOPT PACKING pc=0x00007ff32cde9760 sp=0x00007ff2f2afd9d0
Event: 146.952 Thread 0x000055f8ac95f020 DEOPT UNPACKING pc=0x00007ff32b505325 sp=0x00007ff2f2afcea0 mode 0
Event: 148.899 Thread 0x000055f8ac95f020 DEOPT PACKING pc=0x00007ff32cde9760 sp=0x00007ff2f2afdb50
Event: 148.899 Thread 0x000055f8ac95f020 DEOPT UNPACKING pc=0x00007ff32b505325 sp=0x00007ff2f2afd020 mode 0
Event: 177.649 Thread 0x00007ff2cc0010d0 Uncommon trap: trap_request=0xffffffcd fr.pc=0x00007ff3332315fa relative=0x00000000000000fa
Event: 177.649 Thread 0x00007ff2cc0010d0 Uncommon trap: reason=intrinsic_or_type_checked_inlining action=reinterpret pc=0x00007ff3332315fa method=org.eclipse.jdt.internal.core.JavaElement.setParent(Lorg/eclipse/jdt/internal/core/JavaElement;)V @ 0 jvmci
Event: 177.649 Thread 0x00007ff2cc0010d0 DEOPT PACKING pc=0x00007ff3332315fa sp=0x00007ff3283fd1e0
Event: 177.649 Thread 0x00007ff2cc0010d0 DEOPT UNPACKING pc=0x00007ff32b505325 sp=0x00007ff3283fc678 mode 3
Event: 192.085 Thread 0x00007ff2cc0010d0 Uncommon trap: trap_request=0xffffffcd fr.pc=0x00007ff33323834c relative=0x000000000000008c
Event: 192.085 Thread 0x00007ff2cc0010d0 Uncommon trap: reason=intrinsic_or_type_checked_inlining action=reinterpret pc=0x00007ff33323834c method=org.eclipse.jdt.internal.core.JavaElement.getJavaProject()Lorg/eclipse/jdt/core/IJavaProject; @ 0 jvmci
Event: 192.085 Thread 0x00007ff2cc0010d0 DEOPT PACKING pc=0x00007ff33323834c sp=0x00007ff3283fe300
Event: 192.085 Thread 0x00007ff2cc0010d0 DEOPT UNPACKING pc=0x00007ff32b505325 sp=0x00007ff3283fd7a8 mode 3
Event: 199.083 Thread 0x000055f8ac95f020 DEOPT PACKING pc=0x00007ff32c5efbb8 sp=0x00007ff2f2afe0d0
Event: 199.086 Thread 0x000055f8ac95f020 DEOPT UNPACKING pc=0x00007ff32b505325 sp=0x00007ff2f2afd568 mode 0
Event: 219.721 Thread 0x00007ff2dc47f820 DEOPT PACKING pc=0x00007ff32cc1ab9b sp=0x00007ff3282fe4b0
Event: 219.721 Thread 0x00007ff2dc47f820 DEOPT UNPACKING pc=0x00007ff32b505325 sp=0x00007ff3282fd968 mode 0

Classes unloaded (20 events):
Event: 166.890 Thread 0x00007ff3440a1c10 Unloading class 0x000000080110d000 'jdk/internal/reflect/GeneratedSerializationConstructorAccessor11'
Event: 166.890 Thread 0x00007ff3440a1c10 Unloading class 0x000000080110cc00 'jdk/internal/reflect/GeneratedSerializationConstructorAccessor10'
Event: 166.890 Thread 0x00007ff3440a1c10 Unloading class 0x000000080110c800 'jdk/internal/reflect/GeneratedSerializationConstructorAccessor9'
Event: 166.890 Thread 0x00007ff3440a1c10 Unloading class 0x000000080110c400 'jdk/internal/reflect/GeneratedSerializationConstructorAccessor8'
Event: 166.890 Thread 0x00007ff3440a1c10 Unloading class 0x0000000801104c00 'jdk/internal/reflect/GeneratedSerializationConstructorAccessor7'
Event: 166.890 Thread 0x00007ff3440a1c10 Unloading class 0x0000000801104800 'jdk/internal/reflect/GeneratedSerializationConstructorAccessor6'
Event: 166.890 Thread 0x00007ff3440a1c10 Unloading class 0x0000000801104400 'jdk/internal/reflect/GeneratedSerializationConstructorAccessor5'
Event: 166.890 Thread 0x00007ff3440a1c10 Unloading class 0x0000000801104000 'jdk/internal/reflect/GeneratedSerializationConstructorAccessor4'
Event: 166.890 Thread 0x00007ff3440a1c10 Unloading class 0x00000008010c8000 'jdk/internal/reflect/GeneratedSerializationConstructorAccessor3'
Event: 166.890 Thread 0x00007ff3440a1c10 Unloading class 0x0000000801098400 'jdk/internal/reflect/GeneratedSerializationConstructorAccessor2'
Event: 166.890 Thread 0x00007ff3440a1c10 Unloading class 0x0000000801098000 'jdk/internal/reflect/GeneratedSerializationConstructorAccessor1'
Event: 174.948 Thread 0x00007ff3440a1c10 Unloading class 0x00000008010ecc00 'jdk/internal/reflect/GeneratedMethodAccessor10'
Event: 174.948 Thread 0x00007ff3440a1c10 Unloading class 0x00000008010ec800 'jdk/internal/reflect/GeneratedMethodAccessor9'
Event: 174.948 Thread 0x00007ff3440a1c10 Unloading class 0x00000008010ec000 'jdk/internal/reflect/GeneratedMethodAccessor7'
Event: 195.017 Thread 0x00007ff3440a1c10 Unloading class 0x000000080110d400 'jdk/internal/reflect/GeneratedMethodAccessor11'
Event: 202.836 Thread 0x00007ff3440a1c10 Unloading class 0x000000080110d800 'jdk/internal/reflect/GeneratedMethodAccessor12'
Event: 218.781 Thread 0x00007ff3440a1c10 Unloading class 0x0000000801238800 'jdk/internal/reflect/GeneratedConstructorAccessor47'
Event: 218.781 Thread 0x00007ff3440a1c10 Unloading class 0x0000000801185800 'jdk/internal/reflect/GeneratedMethodAccessor16'
Event: 218.781 Thread 0x00007ff3440a1c10 Unloading class 0x000000080110c000 'jdk/internal/reflect/GeneratedConstructorAccessor36'
Event: 218.781 Thread 0x00007ff3440a1c10 Unloading class 0x00000008010ec400 'jdk/internal/reflect/GeneratedMethodAccessor8'

Classes redefined (0 events):
No events

Internal exceptions (20 events):
Event: 72.336 Thread 0x00007ff2d81752e0 Exception <a 'java/lang/ArrayIndexOutOfBoundsException'{0x00000000f85fa7c0}: Index 36 out of bounds for length 36> (0x00000000f85fa7c0) 
thrown [src/hotspot/share/interpreter/interpreterRuntime.cpp, line 428]
Event: 72.336 Thread 0x00007ff2d81752e0 Exception <a 'java/lang/ArrayIndexOutOfBoundsException'{0x00000000f85fab30}: Index 36 out of bounds for length 36> (0x00000000f85fab30) 
thrown [src/hotspot/share/interpreter/interpreterRuntime.cpp, line 428]
Event: 72.336 Thread 0x00007ff2d81752e0 Exception <a 'java/lang/ArrayIndexOutOfBoundsException'{0x00000000f85faea0}: Index 37 out of bounds for length 36> (0x00000000f85faea0) 
thrown [src/hotspot/share/interpreter/interpreterRuntime.cpp, line 428]
Event: 72.897 Thread 0x00007ff2d81752e0 Exception <a 'java/lang/ArrayIndexOutOfBoundsException'{0x00000000f5e7dd90}: Index 31 out of bounds for length 31> (0x00000000f5e7dd90) 
thrown [src/hotspot/share/interpreter/interpreterRuntime.cpp, line 428]
Event: 72.897 Thread 0x00007ff2d81752e0 Exception <a 'java/lang/ArrayIndexOutOfBoundsException'{0x00000000f5e7e100}: Index 31 out of bounds for length 31> (0x00000000f5e7e100) 
thrown [src/hotspot/share/interpreter/interpreterRuntime.cpp, line 428]
Event: 72.897 Thread 0x00007ff2d81752e0 Exception <a 'java/lang/ArrayIndexOutOfBoundsException'{0x00000000f5e7e470}: Index 32 out of bounds for length 31> (0x00000000f5e7e470) 
thrown [src/hotspot/share/interpreter/interpreterRuntime.cpp, line 428]
Event: 77.057 Thread 0x00007ff2d8174680 Exception <a 'java/lang/ArrayIndexOutOfBoundsException'{0x00000000f66cb738}: Index 38 out of bounds for length 38> (0x00000000f66cb738) 
thrown [src/hotspot/share/interpreter/interpreterRuntime.cpp, line 428]
Event: 77.057 Thread 0x00007ff2d8174680 Exception <a 'java/lang/ArrayIndexOutOfBoundsException'{0x00000000f66cbaa8}: Index 38 out of bounds for length 38> (0x00000000f66cbaa8) 
thrown [src/hotspot/share/interpreter/interpreterRuntime.cpp, line 428]
Event: 77.057 Thread 0x00007ff2d8174680 Exception <a 'java/lang/ArrayIndexOutOfBoundsException'{0x00000000f66cbe18}: Index 39 out of bounds for length 38> (0x00000000f66cbe18) 
thrown [src/hotspot/share/interpreter/interpreterRuntime.cpp, line 428]
Event: 85.688 Thread 0x00007ff2d817bc00 Exception <a 'java/lang/ArrayIndexOutOfBoundsException'{0x00000000f6c0d1d0}: Index 42 out of bounds for length 42> (0x00000000f6c0d1d0) 
thrown [src/hotspot/share/interpreter/interpreterRuntime.cpp, line 428]
Event: 85.688 Thread 0x00007ff2d817bc00 Exception <a 'java/lang/ArrayIndexOutOfBoundsException'{0x00000000f6c0d540}: Index 42 out of bounds for length 42> (0x00000000f6c0d540) 
thrown [src/hotspot/share/interpreter/interpreterRuntime.cpp, line 428]
Event: 85.688 Thread 0x00007ff2d817bc00 Exception <a 'java/lang/ArrayIndexOutOfBoundsException'{0x00000000f6c0d8b0}: Index 43 out of bounds for length 42> (0x00000000f6c0d8b0) 
thrown [src/hotspot/share/interpreter/interpreterRuntime.cpp, line 428]
Event: 94.291 Thread 0x00007ff2d8054e60 Exception <a 'java/io/FileNotFoundException'{0x00000000f7b02e30}> (0x00000000f7b02e30) 
thrown [src/hotspot/share/prims/jni.cpp, line 516]
Event: 94.479 Thread 0x00007ff2d8174680 Exception <a 'java/lang/ArrayIndexOutOfBoundsException'{0x00000000f7ef0f18}: Index 50 out of bounds for length 50> (0x00000000f7ef0f18) 
thrown [src/hotspot/share/interpreter/interpreterRuntime.cpp, line 428]
Event: 94.481 Thread 0x00007ff2d8174680 Exception <a 'java/lang/ArrayIndexOutOfBoundsException'{0x00000000f7ef1288}: Index 50 out of bounds for length 50> (0x00000000f7ef1288) 
thrown [src/hotspot/share/interpreter/interpreterRuntime.cpp, line 428]
Event: 94.481 Thread 0x00007ff2d8174680 Exception <a 'java/lang/ArrayIndexOutOfBoundsException'{0x00000000f7ef15f8}: Index 51 out of bounds for length 50> (0x00000000f7ef15f8) 
thrown [src/hotspot/share/interpreter/interpreterRuntime.cpp, line 428]
Event: 112.113 Thread 0x00007ff2d8174680 Exception <a 'java/lang/ArrayIndexOutOfBoundsException'{0x00000000f809d068}: Index 53 out of bounds for length 53> (0x00000000f809d068) 
thrown [src/hotspot/share/interpreter/interpreterRuntime.cpp, line 428]
Event: 112.114 Thread 0x00007ff2d8174680 Exception <a 'java/lang/ArrayIndexOutOfBoundsException'{0x00000000f809d3d8}: Index 53 out of bounds for length 53> (0x00000000f809d3d8) 
thrown [src/hotspot/share/interpreter/interpreterRuntime.cpp, line 428]
Event: 113.705 Thread 0x00007ff2d8174680 Exception <a 'java/lang/ArrayIndexOutOfBoundsException'{0x00000000f7f87ce0}: Index 54 out of bounds for length 53> (0x00000000f7f87ce0) 
thrown [src/hotspot/share/interpreter/interpreterRuntime.cpp, line 428]
Event: 451.344 Thread 0x00007ff3440b2210 Exception <a 'java/lang/OutOfMemoryError'{0x00000000e0012c00}> (0x00000000e0012c00) 
thrown [src/hotspot/share/gc/shared/memAllocator.cpp, line 136]

VM Operations (20 events):
Event: 433.499 Executing VM operation: ParallelGCFailedAllocation
Event: 434.792 Executing VM operation: ParallelGCFailedAllocation done
Event: 434.792 Executing VM operation: ParallelGCFailedAllocation
Event: 436.583 Executing VM operation: ParallelGCFailedAllocation done
Event: 436.583 Executing VM operation: ParallelGCFailedAllocation
Event: 438.025 Executing VM operation: ParallelGCFailedAllocation done
Event: 438.026 Executing VM operation: ParallelGCFailedAllocation
Event: 439.478 Executing VM operation: ParallelGCFailedAllocation done
Event: 439.478 Executing VM operation: ParallelGCFailedAllocation
Event: 441.218 Executing VM operation: ParallelGCFailedAllocation done
Event: 441.219 Executing VM operation: ParallelGCFailedAllocation
Event: 442.908 Executing VM operation: ParallelGCFailedAllocation done
Event: 442.910 Executing VM operation: ParallelGCFailedAllocation
Event: 444.309 Executing VM operation: ParallelGCFailedAllocation done
Event: 444.309 Executing VM operation: ParallelGCFailedAllocation
Event: 445.963 Executing VM operation: ParallelGCFailedAllocation done
Event: 445.963 Executing VM operation: ParallelGCFailedAllocation
Event: 447.638 Executing VM operation: ParallelGCFailedAllocation done
Event: 447.639 Executing VM operation: ParallelGCFailedAllocation
Event: 451.343 Executing VM operation: ParallelGCFailedAllocation done

Events (20 events):
Event: 136.278 Thread 0x00007ff2f8004170 Thread exited: 0x00007ff2f8004170
Event: 136.278 Thread 0x00007ff2ec0346e0 Thread exited: 0x00007ff2ec0346e0
Event: 136.278 Thread 0x00007ff2d4001a00 Thread exited: 0x00007ff2d4001a00
Event: 136.279 Thread 0x00007ff2e4007680 Thread exited: 0x00007ff2e4007680
Event: 136.279 Thread 0x00007ff2ec037b40 Thread exited: 0x00007ff2ec037b40
Event: 146.972 Thread 0x00007ff2d817bc00 Thread added: 0x00007ff2d817bc00
Event: 146.972 Protecting memory [0x00007ff328e00000,0x00007ff328e04000] with protection modes 0
Event: 148.897 Thread 0x00007ff2d817bc00 Thread exited: 0x00007ff2d817bc00
Event: 196.510 Thread 0x00007ff2d817bc00 Thread added: 0x00007ff2d817bc00
Event: 196.526 Thread 0x00007ff2dc302730 Thread exited: 0x00007ff2dc302730
Event: 196.527 Thread 0x00007ff2dc073d90 Thread exited: 0x00007ff2dc073d90
Event: 196.532 Thread 0x000055f8ac6187d0 Thread exited: 0x000055f8ac6187d0
Event: 196.532 Thread 0x00007ff2d0001940 Thread exited: 0x00007ff2d0001940
Event: 196.542 Protecting memory [0x00007ff328e00000,0x00007ff328e04000] with protection modes 0
Event: 196.542 Thread 0x00007ff2d8174680 Thread added: 0x00007ff2d8174680
Event: 196.542 Protecting memory [0x00007ff2f2900000,0x00007ff2f2904000] with protection modes 0
Event: 210.805 Thread 0x00007ff2d8174680 Thread exited: 0x00007ff2d8174680
Event: 212.491 Thread 0x00007ff2d817bc00 Thread exited: 0x00007ff2d817bc00
Event: 330.217 Thread 0x000055f8ac923fe0 Thread added: 0x000055f8ac923fe0
Event: 330.218 Protecting memory [0x00007ff328e00000,0x00007ff328e04000] with protection modes 0


Dynamic libraries:
e0000000-f5580000 rw-p 00000000 00:00 0 
f5580000-f9d80000 rw-p 00000000 00:00 0 
f9d80000-100000000 ---p 00000000 00:00 0 
800000000-800449000 rw-p 00001000 00:1e29 4611686019135357769            /nix/store/gpxl5qgg8kicmcvivwmybwjlpf7wh20l-graalvm17-ce-22.3.0/lib/server/classes.jsa
800449000-800bc8000 r--p 0044a000 00:1e29 4611686019135357769            /nix/store/gpxl5qgg8kicmcvivwmybwjlpf7wh20l-graalvm17-ce-22.3.0/lib/server/classes.jsa
800bc8000-800c00000 ---p 00000000 00:00 0 
800c00000-800c20000 rw-p 00000000 00:00 0 
800c20000-800c40000 rw-p 00000000 00:00 0 
800c40000-800cc0000 rw-p 00000000 00:00 0 
800cc0000-800d00000 rw-p 00000000 00:00 0 
800d00000-800dc0000 rw-p 00000000 00:00 0 
800dc0000-800e00000 rw-p 00000000 00:00 0 
800e00000-800f40000 rw-p 00000000 00:00 0 
800f40000-801000000 rw-p 00000000 00:00 0 
801000000-801280000 rw-p 00000000 00:00 0 
801280000-840c00000 ---p 00000000 00:00 0 
55f8ab3ba000-55f8ab3bb000 r-xp 00000000 00:1e29 4611686019099417844      /nix/store/gpxl5qgg8kicmcvivwmybwjlpf7wh20l-graalvm17-ce-22.3.0/bin/.java-wrapped
55f8ab3bc000-55f8ab3bd000 r--p 00001000 00:1e29 4611686019099417844      /nix/store/gpxl5qgg8kicmcvivwmybwjlpf7wh20l-graalvm17-ce-22.3.0/bin/.java-wrapped
55f8ab3bd000-55f8ab3be000 rw-p 00002000 00:1e29 4611686019099417844      /nix/store/gpxl5qgg8kicmcvivwmybwjlpf7wh20l-graalvm17-ce-22.3.0/bin/.java-wrapped
55f8ab3be000-55f8ab3bf000 rw-p 00004000 00:1e29 4611686019099417844      /nix/store/gpxl5qgg8kicmcvivwmybwjlpf7wh20l-graalvm17-ce-22.3.0/bin/.java-wrapped
55f8ab3bf000-55f8ab3c0000 rw-p 00005000 00:1e29 4611686019099417844      /nix/store/gpxl5qgg8kicmcvivwmybwjlpf7wh20l-graalvm17-ce-22.3.0/bin/.java-wrapped
55f8ac5f0000-55f8ac991000 rw-p 00000000 00:00 0                          [heap]
7ff2bbc00000-7ff2bbc60000 rw-p 00000000 00:00 0 
7ff2bbc60000-7ff2bbd80000 rw-p 00000000 00:00 0 
7ff2bbd80000-7ff2bbe10000 rw-p 00000000 00:00 0 
7ff2bbe10000-7ff2bc400000 ---p 00000000 00:00 0 
7ff2bdc00000-7ff2bdf80000 rw-p 00000000 00:00 0 
7ff2bdf80000-7ff2bdff0000 rw-p 00000000 00:00 0 
7ff2bdff0000-7ff2be000000 ---p 00000000 00:00 0 
7ff2be000000-7ff2be400000 rw-p 00000000 00:00 0 
7ff2be4b3000-7ff2c8000000 r--s 00000000 00:1e29 4611686019135192581      /nix/store/gpxl5qgg8kicmcvivwmybwjlpf7wh20l-graalvm17-ce-22.3.0/lib/modules
7ff2c8000000-7ff2c8021000 rw-p 00000000 00:00 0 
7ff2c8021000-7ff2cc000000 ---p 00000000 00:00 0 
7ff2cc000000-7ff2cc0ac000 rw-p 00000000 00:00 0 
7ff2cc0ac000-7ff2d0000000 ---p 00000000 00:00 0 
7ff2d0000000-7ff2d01cc000 rw-p 00000000 00:00 0 
7ff2d01cc000-7ff2d4000000 ---p 00000000 00:00 0 
7ff2d4000000-7ff2d4021000 rw-p 00000000 00:00 0 
7ff2d4021000-7ff2d8000000 ---p 00000000 00:00 0 
7ff2d8000000-7ff2d81a7000 rw-p 00000000 00:00 0 
7ff2d81a7000-7ff2dc000000 ---p 00000000 00:00 0 
7ff2dc000000-7ff2dc8ba000 rw-p 00000000 00:00 0 
7ff2dc8ba000-7ff2e0000000 ---p 00000000 00:00 0 
7ff2e0800000-7ff2e0980000 rw-p 00000000 00:00 0 
7ff2e0980000-7ff2e0a00000 rw-p 00000000 00:00 0 
7ff2e0a00000-7ff2e0c20000 rw-p 00000000 00:00 0 
7ff2e0c20000-7ff2e0e00000 rw-p 00000000 00:00 0 
7ff2e0e00000-7ff2e1000000 rw-p 00000000 00:00 0 
7ff2e1400000-7ff2e1500000 rw-p 00000000 00:00 0 
7ff2e1500000-7ff2e1600000 rw-p 00000000 00:00 0 
7ff2e1600000-7ff2e1c00000 rw-p 00000000 00:00 0 
7ff2e2000000-7ff2e2100000 rw-p 00000000 00:00 0 
7ff2e2100000-7ff2e22c0000 rw-p 00000000 00:00 0 
7ff2e22c0000-7ff2e2300000 rw-p 00000000 00:00 0 
7ff2e2300000-7ff2e2500000 rw-p 00000000 00:00 0 
7ff2e2500000-7ff2e2600000 rw-p 00000000 00:00 0 
7ff2e2600000-7ff2e2800000 rw-p 00000000 00:00 0 
7ff2e2800000-7ff2e2900000 rw-p 00000000 00:00 0 
7ff2e2900000-7ff2e2a00000 rw-p 00000000 00:00 0 
7ff2e2a00000-7ff2e3000000 rw-p 00000000 00:00 0 
7ff2e3000000-7ff2e3100000 rw-p 00000000 00:00 0 
7ff2e3100000-7ff2e3200000 rw-p 00000000 00:00 0 
7ff2e3200000-7ff2e3500000 rw-p 00000000 00:00 0 
7ff2e3500000-7ff2e3600000 rw-p 00000000 00:00 0 
7ff2e3600000-7ff2e3800000 rw-p 00000000 00:00 0 
7ff2e3800000-7ff2e3810000 r-xp 00000000 00:1d0d 410                      /home/runner/.cache/jdt-language-server/config/org.eclipse.equinox.launcher/org.eclipse.equinox.launcher.gtk.linux.x86_64_1.2.400.v20211117-0650/eclipse_11600.so
7ff2e3810000-7ff2e3a0f000 ---p 00010000 00:1d0d 410                      /home/runner/.cache/jdt-language-server/config/org.eclipse.equinox.launcher/org.eclipse.equinox.launcher.gtk.linux.x86_64_1.2.400.v20211117-0650/eclipse_11600.so
7ff2e3a0f000-7ff2e3a10000 r--p 0000f000 00:1d0d 410                      /home/runner/.cache/jdt-language-server/config/org.eclipse.equinox.launcher/org.eclipse.equinox.launcher.gtk.linux.x86_64_1.2.400.v20211117-0650/eclipse_11600.so
7ff2e3a10000-7ff2e3a11000 rw-p 00010000 00:1d0d 410                      /home/runner/.cache/jdt-language-server/config/org.eclipse.equinox.launcher/org.eclipse.equinox.launcher.gtk.linux.x86_64_1.2.400.v20211117-0650/eclipse_11600.so
7ff2e4000000-7ff2e4021000 rw-p 00000000 00:00 0 
7ff2e4021000-7ff2e8000000 ---p 00000000 00:00 0 
7ff2e8000000-7ff2e84c7000 rw-p 00000000 00:00 0 
7ff2e84c7000-7ff2ec000000 ---p 00000000 00:00 0 
7ff2ec000000-7ff2ec043000 rw-p 00000000 00:00 0 
7ff2ec043000-7ff2f0000000 ---p 00000000 00:00 0 
7ff2f0500000-7ff2f0600000 ---p 00000000 00:00 0 
7ff2f0600000-7ff2f0baf000 r--p 01122000 00:1e29 4611686019135190040      /nix/store/gpxl5qgg8kicmcvivwmybwjlpf7wh20l-graalvm17-ce-22.3.0/lib/libjvmcicompiler.so
7ff2f0baf000-7ff2f0d00000 r--p 00000000 00:00 0 
7ff2f0d00000-7ff2f0d3d000 rw-p 00000000 00:00 0 
7ff2f0d3d000-7ff2f125d000 rw-p 0185f000 00:1e29 4611686019135190040      /nix/store/gpxl5qgg8kicmcvivwmybwjlpf7wh20l-graalvm17-ce-22.3.0/lib/libjvmcicompiler.so
7ff2f125d000-7ff2f1644000 r--p 01d7f000 00:1e29 4611686019135190040      /nix/store/gpxl5qgg8kicmcvivwmybwjlpf7wh20l-graalvm17-ce-22.3.0/lib/libjvmcicompiler.so
7ff2f1700000-7ff2f1704000 ---p 00000000 00:00 0 
7ff2f1704000-7ff2f1800000 rw-p 00000000 00:00 0 
7ff2f1900000-7ff2f1904000 ---p 00000000 00:00 0 
7ff2f1904000-7ff2f1a00000 rw-p 00000000 00:00 0 
7ff2f1b00000-7ff2f1b04000 ---p 00000000 00:00 0 
7ff2f1b04000-7ff2f1c00000 rw-p 00000000 00:00 0 
7ff2f1d00000-7ff2f1d04000 ---p 00000000 00:00 0 
7ff2f1d04000-7ff2f1e00000 rw-p 00000000 00:00 0 
7ff2f1e00000-7ff2f1e04000 ---p 00000000 00:00 0 
7ff2f1e04000-7ff2f1f00000 rw-p 00000000 00:00 0 
7ff2f1f00000-7ff2f1f04000 ---p 00000000 00:00 0 
7ff2f1f04000-7ff2f2000000 rw-p 00000000 00:00 0 
7ff2f2000000-7ff2f2004000 ---p 00000000 00:00 0 
7ff2f2004000-7ff2f2100000 rw-p 00000000 00:00 0 
7ff2f2100000-7ff2f2104000 ---p 00000000 00:00 0 
7ff2f2104000-7ff2f2200000 rw-p 00000000 00:00 0 
7ff2f2200000-7ff2f2204000 ---p 00000000 00:00 0 
7ff2f2204000-7ff2f2300000 rw-p 00000000 00:00 0 
7ff2f2300000-7ff2f2304000 ---p 00000000 00:00 0 
7ff2f2304000-7ff2f2400000 rw-p 00000000 00:00 0 
7ff2f2400000-7ff2f2404000 ---p 00000000 00:00 0 
7ff2f2404000-7ff2f2500000 rw-p 00000000 00:00 0 
7ff2f2500000-7ff2f2504000 ---p 00000000 00:00 0 
7ff2f2504000-7ff2f2600000 rw-p 00000000 00:00 0 
7ff2f2700000-7ff2f2704000 ---p 00000000 00:00 0 
7ff2f2704000-7ff2f2800000 rw-p 00000000 00:00 0 
7ff2f2800000-7ff2f2804000 ---p 00000000 00:00 0 
7ff2f2804000-7ff2f2900000 rw-p 00000000 00:00 0 
7ff2f2900000-7ff2f2904000 ---p 00000000 00:00 0 
7ff2f2904000-7ff2f2a00000 rw-p 00000000 00:00 0 
7ff2f2a00000-7ff2f2a04000 ---p 00000000 00:00 0 
7ff2f2a04000-7ff2f2b00000 rw-p 00000000 00:00 0 
7ff2f2b00000-7ff2f2b04000 ---p 00000000 00:00 0 
7ff2f2b04000-7ff2f2c00000 rw-p 00000000 00:00 0 
7ff2f2d00000-7ff2f2d04000 ---p 00000000 00:00 0 
7ff2f2d04000-7ff2f2e00000 rw-p 00000000 00:00 0 
7ff2f3a68000-7ff2f3f00000 rw-p 00000000 00:00 0 
7ff2f4000000-7ff2f4039000 rw-p 00000000 00:00 0 
7ff2f4039000-7ff2f8000000 ---p 00000000 00:00 0 
7ff2f8000000-7ff2f8021000 rw-p 00000000 00:00 0 
7ff2f8021000-7ff2fc000000 ---p 00000000 00:00 0 
7ff2fc000000-7ff2fc021000 rw-p 00000000 00:00 0 
7ff2fc021000-7ff300000000 ---p 00000000 00:00 0 
7ff300000000-7ff300036000 rw-p 00000000 00:00 0 
7ff300036000-7ff304000000 ---p 00000000 00:00 0 
7ff304000000-7ff3040ee000 rw-p 00000000 00:00 0 
7ff3040ee000-7ff308000000 ---p 00000000 00:00 0 
7ff308000000-7ff308bdc000 rw-p 00000000 00:00 0 
7ff308bdc000-7ff30c000000 ---p 00000000 00:00 0 
7ff30c000000-7ff30c058000 rw-p 00000000 00:00 0 
7ff30c058000-7ff310000000 ---p 00000000 00:00 0 
7ff310000000-7ff31002a000 rw-p 00000000 00:00 0 
7ff31002a000-7ff314000000 ---p 00000000 00:00 0 
7ff314000000-7ff314021000 rw-p 00000000 00:00 0 
7ff314021000-7ff318000000 ---p 00000000 00:00 0 
7ff318000000-7ff31807a000 rw-p 00000000 00:00 0 
7ff31807a000-7ff31c000000 ---p 00000000 00:00 0 
7ff31c000000-7ff31c021000 rw-p 00000000 00:00 0 
7ff31c021000-7ff320000000 ---p 00000000 00:00 0 
7ff320000000-7ff320021000 rw-p 00000000 00:00 0 
7ff320021000-7ff324000000 ---p 00000000 00:00 0 
7ff324000000-7ff3240b6000 rw-p 00000000 00:00 0 
7ff3240b6000-7ff328004000 ---p 00000000 00:00 0 
7ff328004000-7ff328100000 rw-p 00000000 00:00 0 
7ff328100000-7ff328104000 ---p 00000000 00:00 0 
7ff328104000-7ff328200000 rw-p 00000000 00:00 0 
7ff328200000-7ff328204000 ---p 00000000 00:00 0 
7ff328204000-7ff328300000 rw-p 00000000 00:00 0 
7ff328300000-7ff328304000 ---p 00000000 00:00 0 
7ff328304000-7ff328400000 rw-p 00000000 00:00 0 
7ff328500000-7ff328504000 ---p 00000000 00:00 0 
7ff328504000-7ff328600000 rw-p 00000000 00:00 0 
7ff328700000-7ff328704000 ---p 00000000 00:00 0 
7ff328704000-7ff328800000 rw-p 00000000 00:00 0 
7ff328800000-7ff328804000 ---p 00000000 00:00 0 
7ff328804000-7ff328900000 rw-p 00000000 00:00 0 
7ff328900000-7ff328904000 ---p 00000000 00:00 0 
7ff328904000-7ff328a00000 rw-p 00000000 00:00 0 
7ff328a00000-7ff328a04000 ---p 00000000 00:00 0 
7ff328a04000-7ff328b00000 rw-p 00000000 00:00 0 
7ff328b00000-7ff328b04000 ---p 00000000 00:00 0 
7ff328b04000-7ff328c00000 rw-p 00000000 00:00 0 
7ff328d00000-7ff328d04000 ---p 00000000 00:00 0 
7ff328d04000-7ff328e00000 rw-p 00000000 00:00 0 
7ff328e00000-7ff328e04000 ---p 00000000 00:00 0 
7ff328e04000-7ff328f00000 rw-p 00000000 00:00 0 
7ff328f00000-7ff328f04000 ---p 00000000 00:00 0 
7ff328f04000-7ff329000000 rw-p 00000000 00:00 0 
7ff329000000-7ff32b16a000 r-xp 00000000 00:1e29 4611686019135190040      /nix/store/gpxl5qgg8kicmcvivwmybwjlpf7wh20l-graalvm17-ce-22.3.0/lib/libjvmcicompiler.so
7ff32b16a000-7ff32b369000 ---p 0216a000 00:1e29 4611686019135190040      /nix/store/gpxl5qgg8kicmcvivwmybwjlpf7wh20l-graalvm17-ce-22.3.0/lib/libjvmcicompiler.so
7ff32b369000-7ff32b36a000 r--p 02169000 00:1e29 4611686019135190040      /nix/store/gpxl5qgg8kicmcvivwmybwjlpf7wh20l-graalvm17-ce-22.3.0/lib/libjvmcicompiler.so
7ff32b36a000-7ff32b36c000 rw-p 0216a000 00:1e29 4611686019135190040      /nix/store/gpxl5qgg8kicmcvivwmybwjlpf7wh20l-graalvm17-ce-22.3.0/lib/libjvmcicompiler.so
7ff32b36c000-7ff32b36d000 rw-p 00000000 00:00 0 
7ff32b36d000-7ff32b372000 rw-p 023c3000 00:1e29 4611686019135190040      /nix/store/gpxl5qgg8kicmcvivwmybwjlpf7wh20l-graalvm17-ce-22.3.0/lib/libjvmcicompiler.so
7ff32b3b3000-7ff32b3b7000 ---p 00000000 00:00 0 
7ff32b3b7000-7ff32b4b3000 rw-p 00000000 00:00 0 
7ff32b4b3000-7ff32b723000 rwxp 00000000 00:00 0 
7ff32b723000-7ff32ba42000 ---p 00000000 00:00 0 
7ff32ba42000-7ff32cf52000 rwxp 00000000 00:00 0 
7ff32cf52000-7ff332f7a000 ---p 00000000 00:00 0 
7ff332f7a000-7ff33325a000 rwxp 00000000 00:00 0 
7ff33325a000-7ff33a4b3000 ---p 00000000 00:00 0 
7ff33a4b3000-7ff344000000 r--s 00000000 00:1e29 4611686019135192581      /nix/store/gpxl5qgg8kicmcvivwmybwjlpf7wh20l-graalvm17-ce-22.3.0/lib/modules
7ff344000000-7ff34460a000 rw-p 00000000 00:00 0 
7ff34460a000-7ff348000000 ---p 00000000 00:00 0 
7ff3480de000-7ff3480e2000 ---p 00000000 00:00 0 
7ff3480e2000-7ff3481de000 rw-p 00000000 00:00 0 
7ff3481de000-7ff3481e2000 ---p 00000000 00:00 0 
7ff3481e2000-7ff348200000 rw-p 00000000 00:00 0 
7ff348205000-7ff348209000 ---p 00000000 00:00 0 
7ff348209000-7ff348305000 rw-p 00000000 00:00 0 
7ff348305000-7ff348307000 r-xp 00000000 00:1e29 4611686019135190017      /nix/store/gpxl5qgg8kicmcvivwmybwjlpf7wh20l-graalvm17-ce-22.3.0/lib/libextnet.so
7ff348307000-7ff348308000 r--p 00001000 00:1e29 4611686019135190017      /nix/store/gpxl5qgg8kicmcvivwmybwjlpf7wh20l-graalvm17-ce-22.3.0/lib/libextnet.so
7ff348308000-7ff348309000 rw-p 00002000 00:1e29 4611686019135190017      /nix/store/gpxl5qgg8kicmcvivwmybwjlpf7wh20l-graalvm17-ce-22.3.0/lib/libextnet.so
7ff348309000-7ff34830a000 rw-p 00004000 00:1e29 4611686019135190017      /nix/store/gpxl5qgg8kicmcvivwmybwjlpf7wh20l-graalvm17-ce-22.3.0/lib/libextnet.so
7ff34830a000-7ff348311000 r-xp 00000000 00:1e29 4611686019135192580      /nix/store/gpxl5qgg8kicmcvivwmybwjlpf7wh20l-graalvm17-ce-22.3.0/lib/libzip.so
7ff348311000-7ff348312000 ---p 00007000 00:1e29 4611686019135192580      /nix/store/gpxl5qgg8kicmcvivwmybwjlpf7wh20l-graalvm17-ce-22.3.0/lib/libzip.so
7ff348312000-7ff348313000 r--p 00007000 00:1e29 4611686019135192580      /nix/store/gpxl5qgg8kicmcvivwmybwjlpf7wh20l-graalvm17-ce-22.3.0/lib/libzip.so
7ff348313000-7ff348314000 rw-p 00008000 00:1e29 4611686019135192580      /nix/store/gpxl5qgg8kicmcvivwmybwjlpf7wh20l-graalvm17-ce-22.3.0/lib/libzip.so
7ff348314000-7ff348316000 rw-p 0000b000 00:1e29 4611686019135192580      /nix/store/gpxl5qgg8kicmcvivwmybwjlpf7wh20l-graalvm17-ce-22.3.0/lib/libzip.so
7ff348316000-7ff348317000 ---p 00000000 00:00 0 
7ff348317000-7ff348418000 rw-p 00000000 00:00 0 
7ff348418000-7ff34841c000 ---p 00000000 00:00 0 
7ff34841c000-7ff348518000 rw-p 00000000 00:00 0 
7ff348518000-7ff34851c000 ---p 00000000 00:00 0 
7ff34851c000-7ff348618000 rw-p 00000000 00:00 0 
7ff348618000-7ff34861c000 ---p 00000000 00:00 0 
7ff34861c000-7ff348718000 rw-p 00000000 00:00 0 
7ff348718000-7ff34871c000 ---p 00000000 00:00 0 
7ff34871c000-7ff348918000 rw-p 00000000 00:00 0 
7ff348918000-7ff34891c000 ---p 00000000 00:00 0 
7ff34891c000-7ff348b18000 rw-p 00000000 00:00 0 
7ff348b18000-7ff348b1c000 ---p 00000000 00:00 0 
7ff348b1c000-7ff348c18000 rw-p 00000000 00:00 0 
7ff348c18000-7ff348c1c000 ---p 00000000 00:00 0 
7ff348c1c000-7ff348d18000 rw-p 00000000 00:00 0 
7ff348d18000-7ff348d1c000 ---p 00000000 00:00 0 
7ff348d1c000-7ff348e18000 rw-p 00000000 00:00 0 
7ff348e18000-7ff3490fe000 r--p 00000000 00:1933 28444448                 /usr/lib/locale/locale-archive
7ff3490fe000-7ff349102000 ---p 00000000 00:00 0 
7ff349102000-7ff3491fe000 rw-p 00000000 00:00 0 
7ff3491fe000-7ff349202000 ---p 00000000 00:00 0 
7ff349202000-7ff3492fe000 rw-p 00000000 00:00 0 
7ff3492fe000-7ff3492ff000 ---p 00000000 00:00 0 
7ff3492ff000-7ff349800000 rw-p 00000000 00:00 0 
7ff349800000-7ff349b00000 rw-p 00000000 00:00 0 
7ff349b00000-7ff349c00000 rw-p 00000000 00:00 0 
7ff349c02000-7ff349c17000 r-xp 00000000 00:1e29 4611686019135192570      /nix/store/gpxl5qgg8kicmcvivwmybwjlpf7wh20l-graalvm17-ce-22.3.0/lib/libnet.so
7ff349c17000-7ff349c18000 ---p 00015000 00:1e29 4611686019135192570      /nix/store/gpxl5qgg8kicmcvivwmybwjlpf7wh20l-graalvm17-ce-22.3.0/lib/libnet.so
7ff349c18000-7ff349c19000 r--p 00015000 00:1e29 4611686019135192570      /nix/store/gpxl5qgg8kicmcvivwmybwjlpf7wh20l-graalvm17-ce-22.3.0/lib/libnet.so
7ff349c19000-7ff349c1a000 rw-p 00016000 00:1e29 4611686019135192570      /nix/store/gpxl5qgg8kicmcvivwmybwjlpf7wh20l-graalvm17-ce-22.3.0/lib/libnet.so
7ff349c1a000-7ff349c1d000 rw-p 0001b000 00:1e29 4611686019135192570      /nix/store/gpxl5qgg8kicmcvivwmybwjlpf7wh20l-graalvm17-ce-22.3.0/lib/libnet.so
7ff349c1d000-7ff349c30000 r-xp 00000000 00:1e29 4611686019135192571      /nix/store/gpxl5qgg8kicmcvivwmybwjlpf7wh20l-graalvm17-ce-22.3.0/lib/libnio.so
7ff349c30000-7ff349c31000 r--p 00012000 00:1e29 4611686019135192571      /nix/store/gpxl5qgg8kicmcvivwmybwjlpf7wh20l-graalvm17-ce-22.3.0/lib/libnio.so
7ff349c31000-7ff349c32000 rw-p 00013000 00:1e29 4611686019135192571      /nix/store/gpxl5qgg8kicmcvivwmybwjlpf7wh20l-graalvm17-ce-22.3.0/lib/libnio.so
7ff349c32000-7ff349c37000 rw-p 00019000 00:1e29 4611686019135192571      /nix/store/gpxl5qgg8kicmcvivwmybwjlpf7wh20l-graalvm17-ce-22.3.0/lib/libnio.so
7ff349c37000-7ff349d05000 r-xp 00000000 00:1e29 4611686019135190036      /nix/store/gpxl5qgg8kicmcvivwmybwjlpf7wh20l-graalvm17-ce-22.3.0/lib/libjsvml.so
7ff349d05000-7ff349d06000 r--p 000cd000 00:1e29 4611686019135190036      /nix/store/gpxl5qgg8kicmcvivwmybwjlpf7wh20l-graalvm17-ce-22.3.0/lib/libjsvml.so
7ff349d06000-7ff349d07000 rw-p 000ce000 00:1e29 4611686019135190036      /nix/store/gpxl5qgg8kicmcvivwmybwjlpf7wh20l-graalvm17-ce-22.3.0/lib/libjsvml.so
7ff349d07000-7ff34b5df000 rw-p 00000000 00:00 0 
7ff34b5df000-7ff34b5e0000 ---p 00000000 00:00 0 
7ff34b5e0000-7ff34b78b000 rw-p 00000000 00:00 0 
7ff34b78b000-7ff34b7b0000 rw-p 00000000 00:00 0 
7ff34b7b0000-7ff34b7e1000 ---p 00000000 00:00 0 
7ff34b7e1000-7ff34b7e8000 rw-p 00000000 00:00 0 
7ff34b7e8000-7ff34b8cd000 ---p 00000000 00:00 0 
7ff34b8cd000-7ff34b8f8000 rw-p 00000000 00:00 0 
7ff34b8f8000-7ff34b9b8000 ---p 00000000 00:00 0 
7ff34b9b8000-7ff34b9bd000 rw-p 00000000 00:00 0 
7ff34b9bd000-7ff34b9c4000 ---p 00000000 00:00 0 
7ff34b9c4000-7ff34b9e8000 r-xp 00000000 00:1e29 4611686019135190028      /nix/store/gpxl5qgg8kicmcvivwmybwjlpf7wh20l-graalvm17-ce-22.3.0/lib/libjava.so
7ff34b9e8000-7ff34b9e9000 ---p 00024000 00:1e29 4611686019135190028      /nix/store/gpxl5qgg8kicmcvivwmybwjlpf7wh20l-graalvm17-ce-22.3.0/lib/libjava.so
7ff34b9e9000-7ff34b9ea000 r--p 00024000 00:1e29 4611686019135190028      /nix/store/gpxl5qgg8kicmcvivwmybwjlpf7wh20l-graalvm17-ce-22.3.0/lib/libjava.so
7ff34b9ea000-7ff34b9eb000 rw-p 00025000 00:1e29 4611686019135190028      /nix/store/gpxl5qgg8kicmcvivwmybwjlpf7wh20l-graalvm17-ce-22.3.0/lib/libjava.so
7ff34b9eb000-7ff34b9ec000 rw-p 00000000 00:00 0 
7ff34b9ec000-7ff34b9f3000 rw-p 0002f000 00:1e29 4611686019135190028      /nix/store/gpxl5qgg8kicmcvivwmybwjlpf7wh20l-graalvm17-ce-22.3.0/lib/libjava.so
7ff34b9f3000-7ff34b9fb000 rw-s 00000000 00:1929 407                      /tmp/hsperfdata_runner/332
7ff34b9fb000-7ff34b9fc000 ---p 00000000 00:00 0 
7ff34b9fc000-7ff34b9fd000 r--p 00000000 00:00 0 
7ff34b9fd000-7ff34b9fe000 rwxp 00000000 00:00 0 
7ff34b9fe000-7ff34ba19000 r-xp 00000000 00:1e29 4611686019135190032      /nix/store/gpxl5qgg8kicmcvivwmybwjlpf7wh20l-graalvm17-ce-22.3.0/lib/libjimage.so
7ff34ba19000-7ff34ba1a000 ---p 0001b000 00:1e29 4611686019135190032      /nix/store/gpxl5qgg8kicmcvivwmybwjlpf7wh20l-graalvm17-ce-22.3.0/lib/libjimage.so
7ff34ba1a000-7ff34ba1c000 r--p 0001b000 00:1e29 4611686019135190032      /nix/store/gpxl5qgg8kicmcvivwmybwjlpf7wh20l-graalvm17-ce-22.3.0/lib/libjimage.so
7ff34ba1c000-7ff34ba1d000 rw-p 0001d000 00:1e29 4611686019135190032      /nix/store/gpxl5qgg8kicmcvivwmybwjlpf7wh20l-graalvm17-ce-22.3.0/lib/libjimage.so
7ff34ba1d000-7ff34ba1e000 rw-p 00024000 00:1e29 4611686019135190032      /nix/store/gpxl5qgg8kicmcvivwmybwjlpf7wh20l-graalvm17-ce-22.3.0/lib/libjimage.so
7ff34ba1e000-7ff34ba22000 ---p 00000000 00:00 0 
7ff34ba22000-7ff34bb1e000 rw-p 00000000 00:00 0 
7ff34bb1e000-7ff34bb2c000 r--p 00000000 00:1e29 4611686019027979927      /nix/store/4nlgxhb09sdr51nc9hdm8az5b08vzkgx-glibc-2.35-163/lib/libm.so.6
7ff34bb2c000-7ff34bb9f000 r-xp 0000e000 00:1e29 4611686019027979927      /nix/store/4nlgxhb09sdr51nc9hdm8az5b08vzkgx-glibc-2.35-163/lib/libm.so.6
7ff34bb9f000-7ff34bbfc000 r--p 00081000 00:1e29 4611686019027979927      /nix/store/4nlgxhb09sdr51nc9hdm8az5b08vzkgx-glibc-2.35-163/lib/libm.so.6
7ff34bbfc000-7ff34bbfd000 r--p 000dd000 00:1e29 4611686019027979927      /nix/store/4nlgxhb09sdr51nc9hdm8az5b08vzkgx-glibc-2.35-163/lib/libm.so.6
7ff34bbfd000-7ff34bbfe000 rw-p 000de000 00:1e29 4611686019027979927      /nix/store/4nlgxhb09sdr51nc9hdm8az5b08vzkgx-glibc-2.35-163/lib/libm.so.6
7ff34bbfe000-7ff34bbff000 r--p 00000000 00:1e29 4611686019027979946      /nix/store/4nlgxhb09sdr51nc9hdm8az5b08vzkgx-glibc-2.35-163/lib/librt.so.1
7ff34bbff000-7ff34bc00000 r-xp 00001000 00:1e29 4611686019027979946      /nix/store/4nlgxhb09sdr51nc9hdm8az5b08vzkgx-glibc-2.35-163/lib/librt.so.1
7ff34bc00000-7ff34bc01000 r--p 00002000 00:1e29 4611686019027979946      /nix/store/4nlgxhb09sdr51nc9hdm8az5b08vzkgx-glibc-2.35-163/lib/librt.so.1
7ff34bc01000-7ff34bc02000 r--p 00002000 00:1e29 4611686019027979946      /nix/store/4nlgxhb09sdr51nc9hdm8az5b08vzkgx-glibc-2.35-163/lib/librt.so.1
7ff34bc02000-7ff34bc03000 rw-p 00003000 00:1e29 4611686019027979946      /nix/store/4nlgxhb09sdr51nc9hdm8az5b08vzkgx-glibc-2.35-163/lib/librt.so.1
7ff34bc03000-7ff34cd16000 r-xp 00000000 00:1e29 4611686019135360866      /nix/store/gpxl5qgg8kicmcvivwmybwjlpf7wh20l-graalvm17-ce-22.3.0/lib/server/libjvm.so
7ff34cd16000-7ff34cd17000 ---p 01113000 00:1e29 4611686019135360866      /nix/store/gpxl5qgg8kicmcvivwmybwjlpf7wh20l-graalvm17-ce-22.3.0/lib/server/libjvm.so
7ff34cd17000-7ff34cdcc000 r--p 01113000 00:1e29 4611686019135360866      /nix/store/gpxl5qgg8kicmcvivwmybwjlpf7wh20l-graalvm17-ce-22.3.0/lib/server/libjvm.so
7ff34cdcc000-7ff34ce00000 rw-p 011c8000 00:1e29 4611686019135360866      /nix/store/gpxl5qgg8kicmcvivwmybwjlpf7wh20l-graalvm17-ce-22.3.0/lib/server/libjvm.so
7ff34ce00000-7ff34ce5c000 rw-p 00000000 00:00 0 
7ff34ce5c000-7ff34ce84000 r--p 00000000 00:1e29 4611686019027979918      /nix/store/4nlgxhb09sdr51nc9hdm8az5b08vzkgx-glibc-2.35-163/lib/libc.so.6
7ff34ce84000-7ff34cffa000 r-xp 00028000 00:1e29 4611686019027979918      /nix/store/4nlgxhb09sdr51nc9hdm8az5b08vzkgx-glibc-2.35-163/lib/libc.so.6
7ff34cffa000-7ff34d052000 r--p 0019e000 00:1e29 4611686019027979918      /nix/store/4nlgxhb09sdr51nc9hdm8az5b08vzkgx-glibc-2.35-163/lib/libc.so.6
7ff34d052000-7ff34d056000 r--p 001f6000 00:1e29 4611686019027979918      /nix/store/4nlgxhb09sdr51nc9hdm8az5b08vzkgx-glibc-2.35-163/lib/libc.so.6
7ff34d056000-7ff34d058000 rw-p 001fa000 00:1e29 4611686019027979918      /nix/store/4nlgxhb09sdr51nc9hdm8az5b08vzkgx-glibc-2.35-163/lib/libc.so.6
7ff34d058000-7ff34d067000 rw-p 00000000 00:00 0 
7ff34d067000-7ff34d068000 r--p 00000000 00:1e29 4611686019027979923      /nix/store/4nlgxhb09sdr51nc9hdm8az5b08vzkgx-glibc-2.35-163/lib/libdl.so.2
7ff34d068000-7ff34d069000 r-xp 00001000 00:1e29 4611686019027979923      /nix/store/4nlgxhb09sdr51nc9hdm8az5b08vzkgx-glibc-2.35-163/lib/libdl.so.2
7ff34d069000-7ff34d06a000 r--p 00002000 00:1e29 4611686019027979923      /nix/store/4nlgxhb09sdr51nc9hdm8az5b08vzkgx-glibc-2.35-163/lib/libdl.so.2
7ff34d06a000-7ff34d06b000 r--p 00002000 00:1e29 4611686019027979923      /nix/store/4nlgxhb09sdr51nc9hdm8az5b08vzkgx-glibc-2.35-163/lib/libdl.so.2
7ff34d06b000-7ff34d06c000 rw-p 00003000 00:1e29 4611686019027979923      /nix/store/4nlgxhb09sdr51nc9hdm8az5b08vzkgx-glibc-2.35-163/lib/libdl.so.2
7ff34d06c000-7ff34d06d000 r--p 00000000 00:1e29 4611686019027979942      /nix/store/4nlgxhb09sdr51nc9hdm8az5b08vzkgx-glibc-2.35-163/lib/libpthread.so.0
7ff34d06d000-7ff34d06e000 r-xp 00001000 00:1e29 4611686019027979942      /nix/store/4nlgxhb09sdr51nc9hdm8az5b08vzkgx-glibc-2.35-163/lib/libpthread.so.0
7ff34d06e000-7ff34d06f000 r--p 00002000 00:1e29 4611686019027979942      /nix/store/4nlgxhb09sdr51nc9hdm8az5b08vzkgx-glibc-2.35-163/lib/libpthread.so.0
7ff34d06f000-7ff34d070000 r--p 00002000 00:1e29 4611686019027979942      /nix/store/4nlgxhb09sdr51nc9hdm8az5b08vzkgx-glibc-2.35-163/lib/libpthread.so.0
7ff34d070000-7ff34d071000 rw-p 00003000 00:1e29 4611686019027979942      /nix/store/4nlgxhb09sdr51nc9hdm8az5b08vzkgx-glibc-2.35-163/lib/libpthread.so.0
7ff34d071000-7ff34d07f000 r-xp 00000000 00:1e29 4611686019135190033      /nix/store/gpxl5qgg8kicmcvivwmybwjlpf7wh20l-graalvm17-ce-22.3.0/lib/libjli.so
7ff34d07f000-7ff34d080000 ---p 0000e000 00:1e29 4611686019135190033      /nix/store/gpxl5qgg8kicmcvivwmybwjlpf7wh20l-graalvm17-ce-22.3.0/lib/libjli.so
7ff34d080000-7ff34d081000 r--p 0000e000 00:1e29 4611686019135190033      /nix/store/gpxl5qgg8kicmcvivwmybwjlpf7wh20l-graalvm17-ce-22.3.0/lib/libjli.so
7ff34d081000-7ff34d082000 rw-p 0000f000 00:1e29 4611686019135190033      /nix/store/gpxl5qgg8kicmcvivwmybwjlpf7wh20l-graalvm17-ce-22.3.0/lib/libjli.so
7ff34d082000-7ff34d083000 rw-p 00012000 00:1e29 4611686019135190033      /nix/store/gpxl5qgg8kicmcvivwmybwjlpf7wh20l-graalvm17-ce-22.3.0/lib/libjli.so
7ff34d083000-7ff34d086000 r--p 00000000 00:1e29 4611686019106210071      /nix/store/026hln0aq1hyshaxsdvhg0kmcm6yf45r-zlib-1.2.13/lib/libz.so.1.2.13
7ff34d086000-7ff34d098000 r-xp 00003000 00:1e29 4611686019106210071      /nix/store/026hln0aq1hyshaxsdvhg0kmcm6yf45r-zlib-1.2.13/lib/libz.so.1.2.13
7ff34d098000-7ff34d09f000 r--p 00015000 00:1e29 4611686019106210071      /nix/store/026hln0aq1hyshaxsdvhg0kmcm6yf45r-zlib-1.2.13/lib/libz.so.1.2.13
7ff34d09f000-7ff34d0a0000 r--p 0001b000 00:1e29 4611686019106210071      /nix/store/026hln0aq1hyshaxsdvhg0kmcm6yf45r-zlib-1.2.13/lib/libz.so.1.2.13
7ff34d0a0000-7ff34d0a1000 rw-p 0001c000 00:1e29 4611686019106210071      /nix/store/026hln0aq1hyshaxsdvhg0kmcm6yf45r-zlib-1.2.13/lib/libz.so.1.2.13
7ff34d0a1000-7ff34d0a3000 rw-p 00000000 00:00 0 
7ff34d0a3000-7ff34d0a5000 r--p 00000000 00:1e29 4611686019027979912      /nix/store/4nlgxhb09sdr51nc9hdm8az5b08vzkgx-glibc-2.35-163/lib/ld-linux-x86-64.so.2
7ff34d0a5000-7ff34d0cc000 r-xp 00002000 00:1e29 4611686019027979912      /nix/store/4nlgxhb09sdr51nc9hdm8az5b08vzkgx-glibc-2.35-163/lib/ld-linux-x86-64.so.2
7ff34d0cc000-7ff34d0d8000 r--p 00029000 00:1e29 4611686019027979912      /nix/store/4nlgxhb09sdr51nc9hdm8az5b08vzkgx-glibc-2.35-163/lib/ld-linux-x86-64.so.2
7ff34d0d8000-7ff34d0da000 r--p 00034000 00:1e29 4611686019027979912      /nix/store/4nlgxhb09sdr51nc9hdm8az5b08vzkgx-glibc-2.35-163/lib/ld-linux-x86-64.so.2
7ff34d0da000-7ff34d0dc000 rw-p 00036000 00:1e29 4611686019027979912      /nix/store/4nlgxhb09sdr51nc9hdm8az5b08vzkgx-glibc-2.35-163/lib/ld-linux-x86-64.so.2
7ffd1ef43000-7ffd1ef67000 rw-p 00000000 00:00 0                          [stack]
7ffd1efdc000-7ffd1efe0000 r--p 00000000 00:00 0                          [vvar]
7ffd1efe0000-7ffd1efe2000 r-xp 00000000 00:00 0                          [vdso]
ffffffffff600000-ffffffffff601000 --xp 00000000 00:00 0                  [vsyscall]


VM Arguments:
jvm_args: -XX:ThreadPriorityPolicy=1 -XX:+UnlockExperimentalVMOptions -XX:+EnableJVMCIProduct -XX:JVMCIThreadsPerNativeLibraryRuntime=1 -XX:-UnlockExperimentalVMOptions -Declipse.application=org.eclipse.jdt.ls.core.id1 -Dosgi.bundles.defaultStartLevel=4 -Declipse.product=org.eclipse.jdt.ls.core.product -Dlog.level=ALL -Xverify:none -XX:+UseParallelGC -XX:GCTimeRatio=4 -XX:AdaptiveSizePolicyWeight=90 -Dsun.zip.disableMemoryMapping=true -Xmx512m -Xms100m 
java_command: /nix/store/m6gcpi1ii6rghy04cjwjddcavv7i90df-jdt-language-server-1.9.0/share/java/plugins/org.eclipse.equinox.launcher_1.6.400.v20210924-0641.jar --add-modules=ALL-SYSTEM --add-opens java.base/java.util=ALL-UNNAMED --add-opens java.base/java.lang=ALL-UNNAMED -configuration /home/runner/.cache/jdt-language-server/config -data /home/runner/.cache/jdt-language-server/data/home/runner/AimTrainerIO
java_class_path (initial): /nix/store/m6gcpi1ii6rghy04cjwjddcavv7i90df-jdt-language-server-1.9.0/share/java/plugins/org.eclipse.equinox.launcher_1.6.400.v20210924-0641.jar
Launcher Type: SUN_STANDARD

[Global flags]
    uintx AdaptiveSizePolicyWeight                 = 90                                        {product} {command line}
     intx CICompilerCount                          = 2                                         {product} {ergonomic}
     bool EnableJVMCIProduct                       = true                                {JVMCI product} {jimage}
    uintx GCTimeRatio                              = 4                                         {product} {command line}
   size_t InitialHeapSize                          = 104857600                                 {product} {command line}
     uint JVMCIThreadsPerNativeLibraryRuntime      = 1                                   {JVMCI product} {jimage}
   size_t MaxHeapSize                              = 536870912                                 {product} {command line}
   size_t MaxNewSize                               = 178782208                                 {product} {ergonomic}
   size_t MinHeapDeltaBytes                        = 524288                                    {product} {ergonomic}
   size_t MinHeapSize                              = 104857600                                 {product} {command line}
   size_t NewSize                                  = 34603008                                  {product} {ergonomic}
    uintx NonNMethodCodeHeapSize                   = 5826188                                {pd product} {ergonomic}
    uintx NonProfiledCodeHeapSize                  = 122916026                              {pd product} {ergonomic}
   size_t OldSize                                  = 70254592                                  {product} {ergonomic}
    uintx ProfiledCodeHeapSize                     = 122916026                              {pd product} {ergonomic}
    uintx ReservedCodeCacheSize                    = 251658240                              {pd product} {ergonomic}
     bool SegmentedCodeCache                       = true                                      {product} {ergonomic}
   size_t SoftMaxHeapSize                          = 536870912                              {manageable} {ergonomic}
     intx ThreadPriorityPolicy                     = 1                                         {product} {jimage}
     bool UseCompressedClassPointers               = true                           {product lp64_product} {ergonomic}
     bool UseCompressedOops                        = true                           {product lp64_product} {ergonomic}
     bool UseParallelGC                            = true                                      {product} {command line}

Logging:
Log output configuration:
 #0: stdout all=warning uptime,level,tags
 #1: stderr all=off uptime,level,tags

Environment Variables:
JAVA_HOME=/nix/store/gpxl5qgg8kicmcvivwmybwjlpf7wh20l-graalvm17-ce-22.3.0
PATH=/nix/store/1d6ian3r8kdzspw8hacjhl3xkp40g1lj-binutils-wrapper-2.39/bin:/nix/store/dq0xwmsk1g0i2ayg6pb7y87na2knzylh-gcc-wrapper-11.3.0/bin:/nix/store/bap4d0lpcrhpwmpb8ayjcgkmvfj62lnq-bash-interactive-5.1-p16/bin:/nix/store/pr5n59mb4jzmfx6kanwxly0l07p861fg-patchelf-0.15.0/bin:/nix/store/1gf2flfqnpqbr1b4p4qz2f72y42bs56r-gcc-11.3.0/bin:/nix/store/57xv61c5zi8pphjbcwxxjlgc34p61ic9-glibc-2.35-163-bin/bin:/nix/store/a7gvj343m05j2s32xcnwr35v31ynlypr-coreutils-9.1/bin:/nix/store/039g378vc3pc3dvi9dzdlrd0i4q93qwf-binutils-2.39/bin:/nix/store/gpxl5qgg8kicmcvivwmybwjlpf7wh20l-graalvm17-ce-22.3.0/bin:/nix/store/6z9ag3ihc8mq2hzsw48lhbznvzny65nz-apache-maven-3.8.6/bin:/nix/store/m6gcpi1ii6rghy04cjwjddcavv7i90df-jdt-language-server-1.9.0/bin:/nix/store/84xs5alhs01zrbr4ywm05kxbjbp5590l-java-debug/bin:/nix/store/mydc6f4k2z73xlcz7ilif3v2lcaiqvza-findutils-4.9.0/bin:/nix/store/j9p3g8472iijd50vhdprx0nmk2fqn5gv-diffutils-3.8/bin:/nix/store/89zs7rms6x00xfq4dq6m7mjnhkr8a6r4-gnused-4.8/bin:/nix/store/86bp03jkmsl6f92w0yzg4s59g5mhxwmy-gnugrep-3.7/bin:/nix/store/hwcdqw4jrjnd37wxqgsd47hd0j8bnj09-gawk-5.1.1/bin:/nix/store/cfbhw8r8ags41vwqaz47r583d0p4h4a1-gnutar-1.34/bin:/nix/store/p3m1ndl1lapwrlh698bnb5lvvxh67378-gzip-1.12/bin:/nix/store/a8mhcagrsly7c7mpjrpsnaahk4aax056-bzip2-1.0.8-bin/bin:/nix/store/mblgz65m3zv9x548a3d5m96fj2pbwr09-gnumake-4.3/bin:/nix/store/dsd5gz46hdbdk2rfdimqddhq6m8m8fqs-bash-5.1-p16/bin:/nix/store/v7ljksji50mg3w61dykaa3n3y79n6nil-patch-2.7.6/bin:/nix/store/zlcnmqq14jz5x9439jf937mvayyl63da-xz-5.2.7-bin/bin:/nix/store/y6aj732zm9m87c82fpvf103a1xb22blp-file-5.43/bin:/nix/store/i4kzir3m7mrisxmf5xvlnkw01x4qaqr4-prybar-elisp-0.0.0-e0d9a52/bin:/nix/store/lwwivxf6h7x3cvxp9zv8sj0mv7dak99r-prybar-lua-0.0.0-e0d9a52/bin:/nix/store/gxj28g1cg4hq3qanmjv07156h800qr58-prybar-python3-0.0.0-e0d9a52/bin:/nix/store/hshkjnxrgidigf8x75vg6lqng2xlx9i3-prybar-sqlite-0.0.0-e0d9a52/bin:/nix/store/c4w01bpjgyy5ixmwdk8m1pw87zq4sl26-prybar-tcl-0.0.0-e0d9a52/bin:/nix/store/hpbvrlwd5viqmvcaisb3x0118i913a9n-st
LD_LIBRARY_PATH=/nix/store/a4pff549sk2idnkpzk5nsfps3mdkdnvm-cups-2.4.2-lib/lib:/nix/store/72mqxxhh3cy5yifh92wh2yb8cl2hikyy-cairo-1.16.0/lib:/nix/store/2k366jrbsra97gjfxwvrhvixjfxdach5-glib-2.74.1/lib:/nix/store/2j2znigd8ak37rlwh9khz0ry3clqlw1l-gtk+3-3.24.34/lib:/nix/store/hisqvx32cd57apbpcsnkpx6k3549wql1-libglvnd-1.4.0/lib:/nix/store/p36pgcv991mq5srvg765b78yqpxvk3qs-mesa-21.3.3-drivers/lib:/nix/store/mav4251if1ahjq5vkpwycyyvnmy459c4-pulseaudio-14.2/lib
DISPLAY=:0
LANG=en_US.UTF-8

Signal Handlers:
   SIGSEGV: crash_handler in libjvm.so, mask=11100100010111111101111111111110, flags=SA_RESTART|SA_SIGINFO
    SIGBUS: crash_handler in libjvm.so, mask=11100100010111111101111111111110, flags=SA_RESTART|SA_SIGINFO
    SIGFPE: crash_handler in libjvm.so, mask=11100100010111111101111111111110, flags=SA_RESTART|SA_SIGINFO
   SIGPIPE: IsolateEnterStub_IgnoreSIGPIPEStartupHook_noopSignalHandler_8f19bff2f35b5f630d83b364d6b2339320d4ec70_216e8361c6bc87a8f89f58cc10d3b2fd4415bf87 in libjvmcicompiler.so, mask=00000000000000000000000000000000, flags=SA_RESTART
  *** Handler was modified!
  *** Expected: javaSignalHandler in libjvm.so, mask=11100100110111111111111111111110, flags=SA_RESTART|SA_SIGINFO
   SIGXFSZ: javaSignalHandler in libjvm.so, mask=11100100010111111101111111111110, flags=SA_RESTART|SA_SIGINFO
    SIGILL: crash_handler in libjvm.so, mask=11100100010111111101111111111110, flags=SA_RESTART|SA_SIGINFO
   SIGUSR2: SR_handler in libjvm.so, mask=00000000000000000000000000000000, flags=SA_RESTART|SA_SIGINFO
    SIGHUP: UserHandler in libjvm.so, mask=11100100010111111101111111111110, flags=SA_RESTART|SA_SIGINFO
    SIGINT: UserHandler in libjvm.so, mask=11100100010111111101111111111110, flags=SA_RESTART|SA_SIGINFO
   SIGTERM: UserHandler in libjvm.so, mask=11100100010111111101111111111110, flags=SA_RESTART|SA_SIGINFO
   SIGQUIT: UserHandler in libjvm.so, mask=11100100010111111101111111111110, flags=SA_RESTART|SA_SIGINFO
  *** Handler was modified!
  *** Expected: javaSignalHandler in libjvm.so, mask=11100100110111111111111111111110, flags=SA_RESTART|SA_SIGINFO
   SIGTRAP: crash_handler in libjvm.so, mask=11100100010111111101111111111110, flags=SA_RESTART|SA_SIGINFO


---------------  S Y S T E M  ---------------

OS:
DISTRIB_ID=Ubuntu
DISTRIB_RELEASE=20.04
DISTRIB_CODENAME=focal
DISTRIB_DESCRIPTION="Ubuntu 20.04.2 LTS"
uname: Linux 5.15.0-1032-gcp #40~20.04.1-Ubuntu SMP Tue Apr 11 02:49:52 UTC 2023 x86_64
OS uptime: 0 days 1:20 hours
libc: glibc 2.35 NPTL 2.35 
rlimit (soft/hard): STACK 8192k/infinity , CORE infinity/infinity , NPROC infinity/infinity , NOFILE 5242/5242 , AS infinity/infinity , CPU infinity/infinity , DATA infinity/infinity , FSIZE infinity/infinity , MEMLOCK 64k/64k
load average: 11.93 15.07 12.94

/proc/meminfo:
MemTotal:       32872688 kB
MemFree:         5614064 kB
MemAvailable:   20690272 kB
Buffers:         1388280 kB
Cached:         12611080 kB
SwapCached:            0 kB
Active:          4665472 kB
Inactive:       18766808 kB
Active(anon):      16312 kB
Inactive(anon):  9313008 kB
Active(file):    4649160 kB
Inactive(file):  9453800 kB
Unevictable:       42516 kB
Mlocked:           42516 kB
SwapTotal:             0 kB
SwapFree:              0 kB
Dirty:             11796 kB
Writeback:           168 kB
AnonPages:       9255536 kB
Mapped:          2427764 kB
Shmem:             39136 kB
KReclaimable:    1439084 kB
Slab:            2693152 kB
SReclaimable:    1439084 kB
SUnreclaim:      1254068 kB
KernelStack:      499552 kB
PageTables:       228032 kB
NFS_Unstable:          0 kB
Bounce:                0 kB
WritebackTmp:          0 kB
CommitLimit:    16436344 kB
Committed_AS:   58962160 kB
VmallocTotal:   34359738367 kB
VmallocUsed:      532984 kB
VmallocChunk:          0 kB
Percpu:            26976 kB
HardwareCorrupted:     0 kB
AnonHugePages:    161792 kB
ShmemHugePages:        0 kB
ShmemPmdMapped:        0 kB
FileHugePages:         0 kB
FilePmdMapped:         0 kB
HugePages_Total:       0
HugePages_Free:        0
HugePages_Rsvd:        0
HugePages_Surp:        0
Hugepagesize:       2048 kB
Hugetlb:               0 kB
DirectMap4k:     2157368 kB
DirectMap2M:    28248064 kB
DirectMap1G:     5242880 kB

/sys/kernel/mm/transparent_hugepage/enabled: always [madvise] never
/sys/kernel/mm/transparent_hugepage/defrag (defrag/compaction efforts parameter): always defer defer+madvise [madvise] never

Process Memory:
Virtual Size: 3895264K (peak: 3933344K)
Resident Set Size: 778328K (peak: 820256K) (anon: 583572K, file: 194756K, shmem: 0K)
Swapped out: 0K
C-Heap outstanding allocations: 45194K, retained: 9133K
glibc malloc tunables: (default)

/proc/sys/kernel/threads-max (system-wide limit on the number of threads): 256750
/proc/sys/vm/max_map_count (maximum number of memory map areas a process may have): 65530
/proc/sys/kernel/pid_max (system-wide limit on number of process identifiers): 4194304

container (cgroup) information:
container_type: cgroupv1
cpu_cpuset_cpus: 1-3
cpu_memory_nodes: 0
active_processor_count: 1
cpu_quota: 50000
cpu_period: 100000
cpu_shares: 512
memory_limit_in_bytes: 1048576 k
memory_and_swap_limit_in_bytes: 1048576 k
memory_soft_limit_in_bytes: 524288 k
memory_usage_in_bytes: 997464 k
memory_max_usage_in_bytes: 1048576 k
maximum number of tasks: 1000
current number of tasks: 77

KVM virtualization detected
Steal ticks since vm start: 0
Steal ticks percentage since vm start:  0.000

CPU: total 4 (initial active 1) (4 cores per cpu, 2 threads per core) family 23 model 49 stepping 0 microcode 0xffffffff, cx8, cmov, fxsr, ht, mmx, 3dnowpref, sse, sse2, sse3, ssse3, sse4a, sse4.1, sse4.2, popcnt, lzcnt, tsc, tscinvbit, avx, avx2, aes, clmul, bmi1, bmi2, adx, sha, fma, vzeroupper, clflush, clflushopt, hv
CPU Model and flags from /proc/cpuinfo:
model name	: AMD EPYC 7B12
flags		: fpu vme de pse tsc msr pae mce cx8 apic sep mtrr pge mca cmov pat pse36 clflush mmx fxsr sse sse2 ht syscall nx mmxext fxsr_opt pdpe1gb rdtscp lm constant_tsc rep_good nopl nonstop_tsc cpuid extd_apicid tsc_known_freq pni pclmulqdq ssse3 fma cx16 sse4_1 sse4_2 movbe popcnt aes xsave avx f16c rdrand hypervisor lahf_lm cmp_legacy cr8_legacy abm sse4a misalignsse 3dnowprefetch osvw topoext ssbd ibrs ibpb stibp vmmcall fsgsbase tsc_adjust bmi1 avx2 smep bmi2 rdseed adx smap clflushopt clwb sha_ni xsaveopt xsavec xgetbv1 clzero xsaveerptr arat npt nrip_save umip rdpid

Online cpus: 0-3
Offline cpus: 
BIOS frequency limitation: <Not Available>
Frequency switch latency (ns): <Not Available>
Available cpu frequencies: <Not Available>
Current governor: <Not Available>
Core performance/turbo boost: <Not Available>

Memory: 4k page, physical 1048576k(51108k free), swap 0k(0k free)
Page Sizes: 4k

vm_info: OpenJDK 64-Bit Server VM (17.0.5+8-jvmci-22.3-b08) for linux-amd64 JRE (17.0.5+8-jvmci-22.3-b08), built on Oct 19 2022 09:01:27 by "buildslave" with gcc 10.3.0

END.
